Log file open, 04/20/16 09:33:27
LogInit:Display: Running engine for game: Macbeth
LogPlatformFile: Not using cached read wrapper
LogInit:Display: RandInit(1639883302) SRandInit(1639883304).
LogTaskGraph: Started task graph with 4 named threads and 7 total threads.
LogStats: Stats thread started at 0.072410
LogConfig:Warning: Failed to saved backup for config[Input]
LogConfig:Warning: Failed to saved backup for config[Editor]
[2016.04.20-08.33.30:714][  0]LogInit: Version: 4.10.4-2872498+++depot+UE4-Releases+4.10
[2016.04.20-08.33.30:714][  0]LogInit: API Version: 2758231
[2016.04.20-08.33.30:714][  0]LogInit: Compiled (64-bit): Feb 18 2016 15:47:04
[2016.04.20-08.33.30:714][  0]LogInit: Compiled with Visual C++: 19.00.23026.00
[2016.04.20-08.33.30:714][  0]LogInit: Build Configuration: Development
[2016.04.20-08.33.30:714][  0]LogInit: Branch Name: ++depot+UE4-Releases+4.10
[2016.04.20-08.33.30:714][  0]LogInit: Command line:  
[2016.04.20-08.33.30:714][  0]LogInit: Base directory: C:/Program Files/Epic Games/4.10/Engine/Binaries/Win64/
[2016.04.20-08.33.30:714][  0]LogInit: Rocket: 1
[2016.04.20-08.33.33:704][  0]LogInit: Using libcurl 7.41.0
[2016.04.20-08.33.33:704][  0]LogInit:  - built for x86_64-pc-win32
[2016.04.20-08.33.33:704][  0]LogInit:  - supports SSL with WinSSL
[2016.04.20-08.33.33:704][  0]LogInit:  - other features:
[2016.04.20-08.33.33:704][  0]LogInit:      CURL_VERSION_SSL
[2016.04.20-08.33.33:704][  0]LogInit:      CURL_VERSION_IPV6
[2016.04.20-08.33.33:772][  0]LogInit:      CURL_VERSION_ASYNCHDNS
[2016.04.20-08.33.33:772][  0]LogInit:      CURL_VERSION_LARGEFILE
[2016.04.20-08.33.33:772][  0]LogInit:      CURL_VERSION_IDN
[2016.04.20-08.33.33:859][  0]LogInit:  CurlRequestOptions (configurable via config and command line):
[2016.04.20-08.33.33:859][  0]LogInit:  - bVerifyPeer = true  - Libcurl will verify peer certificate
[2016.04.20-08.33.33:859][  0]LogInit:  - bUseHttpProxy = false  - Libcurl will NOT use HTTP proxy
[2016.04.20-08.33.33:859][  0]LogInit:  - bDontReuseConnections = false  - Libcurl will reuse connections
[2016.04.20-08.33.33:872][  0]LogInit:  - CertBundlePath = nullptr  - Libcurl will use whatever was configured at build time.
[2016.04.20-08.33.34:909][  0]LogInit: Presizing for 0 objects not considered by GC, pre-allocating 0 bytes.
[2016.04.20-08.33.35:833][  0]LogInit: Object subsystem initialized
[2016.04.20-08.33.36:742][  0]LogInit: Selected Device Profile: [Windows]
[2016.04.20-08.33.36:742][  0]LogInit: Applying CVar settings loaded from the selected device profile: [Windows]
[2016.04.20-08.33.37:023][  0]LogInit: Computer: CAA112-04
[2016.04.20-08.33.37:023][  0]LogInit: User: 14024586
[2016.04.20-08.33.37:023][  0]LogInit: CPU Page size=4096, Cores=4
[2016.04.20-08.33.37:023][  0]LogInit: High frequency timer resolution =3.312919 MHz
[2016.04.20-08.33.37:023][  0]LogMemory: Memory total: Physical=16.0GB (16GB approx)
[2016.04.20-08.33.37:023][  0]LogMemory: Platform Memory Stats for Windows
[2016.04.20-08.33.37:023][  0]LogMemory: Process Physical Memory: 57.35 MB used, 57.35 MB peak
[2016.04.20-08.33.37:023][  0]LogMemory: Process Virtual Memory: 57.66 MB used, 57.66 MB peak
[2016.04.20-08.33.37:023][  0]LogMemory: Physical Memory: 2965.33 MB used, 16337.51 MB total
[2016.04.20-08.33.37:023][  0]LogMemory: Virtual Memory: 347.91 MB used, 8388608.00 MB total
[2016.04.20-08.33.41:801][  0]LogTextLocalizationManager: No specific translations for ('en-GB') exist, so ('en') translations will be used.
[2016.04.20-08.33.46:679][  0]LogD3D11RHI: Found D3D11 adapter 0: NVIDIA GeForce GTX 970 (Feature Level 11_0)
[2016.04.20-08.33.46:679][  0]LogD3D11RHI: Adapter has 4007MB of dedicated video memory, 0MB of dedicated system memory, and 7912MB of shared system memory, 1 output[s]
[2016.04.20-08.33.46:679][  0]LogD3D11RHI: Chosen D3D11 Adapter Id = 0
[2016.04.20-08.33.46:726][  0]LogD3D11RHI: !Direct3DDevice
[2016.04.20-08.33.46:744][  0]LogRHI: Texture pool is 1361 MB (70% of 1945 MB)
[2016.04.20-08.33.46:756][  0]LogD3D11RHI: Async texture creation enabled
[2016.04.20-08.33.48:511][  0]LogShaderCompilers: Guid format shader working directory is -17 characters bigger than the processId version (../../../../../../Users/14024586/Documents/Unreal Projects/Macbeth/Intermediate/Shaders/WorkingDirectory/6744/).
[2016.04.20-08.33.48:512][  0]LogShaderCompilers: Cleaned the shader compiler working directory 'C:/Users/14024586/AppData/Local/Temp/UnrealShaderWorkingDir/E5CEFF504584D407BE0CD19D5FE1E0F5/'.
[2016.04.20-08.33.48:512][  0]LogShaderCompilers:Display: Using Local Shader Compiler.
[2016.04.20-08.34.06:001][  0]LogTemp:Display: Loaded TP AllDesktopTargetPlatform
[2016.04.20-08.34.06:013][  0]LogTemp:Display: Loaded TP WindowsClientTargetPlatform
[2016.04.20-08.34.06:025][  0]LogTemp:Display: Loaded TP WindowsNoEditorTargetPlatform
[2016.04.20-08.34.06:035][  0]LogTemp:Display: Loaded TP WindowsServerTargetPlatform
[2016.04.20-08.34.06:126][  0]LogTemp:Display: Loaded TP WindowsTargetPlatform
[2016.04.20-08.34.06:221][  0]LogTemp:Display: Loaded TP AndroidTargetPlatform
[2016.04.20-08.34.06:242][  0]LogTemp:Display: Loaded TP Android_ASTCTargetPlatform
[2016.04.20-08.34.06:320][  0]LogTemp:Display: Loaded TP Android_ATCTargetPlatform
[2016.04.20-08.34.06:365][  0]LogTemp:Display: Loaded TP Android_DXTTargetPlatform
[2016.04.20-08.34.06:369][  0]LogTemp:Display: Loaded TP Android_ETC1TargetPlatform
[2016.04.20-08.34.06:380][  0]LogTemp:Display: Loaded TP Android_ETC2TargetPlatform
[2016.04.20-08.34.06:545][  0]LogTemp:Display: Loaded TP Android_MultiTargetPlatform
[2016.04.20-08.34.06:545][  0]LogTemp:Display: Loaded TP Android_PVRTCTargetPlatform
[2016.04.20-08.34.06:597][  0]LogTemp:Display: Loaded TP HTML5TargetPlatform
[2016.04.20-08.34.06:750][  0]LogTemp:Display: Loaded TP IOSTargetPlatform
[2016.04.20-08.34.06:806][  0]LogTemp:Display: Loaded TP LinuxNoEditorTargetPlatform
[2016.04.20-08.34.06:881][  0]LogTemp:Display: Loaded TP LinuxServerTargetPlatform
[2016.04.20-08.34.07:006][  0]LogTemp:Display: Loaded TP LinuxTargetPlatform
[2016.04.20-08.34.07:006][  0]LogTargetPlatformManager:Display: Building Assets For Windows
[2016.04.20-08.34.09:162][  0]LogDerivedDataCache:Display: Max Cache Size: 512 MB
[2016.04.20-08.34.11:721][  0]LogDerivedDataCache: Loaded boot cache 2.53s 41MB C:/Users/14024586/AppData/Local/UnrealEngine/4.10/DerivedDataCache/Boot.ddc.
[2016.04.20-08.34.11:721][  0]LogDerivedDataCache:Display: Loaded Boot cache: C:/Users/14024586/AppData/Local/UnrealEngine/4.10/DerivedDataCache/Boot.ddc
[2016.04.20-08.34.11:721][  0]LogDerivedDataCache: FDerivedDataBackendGraph:  Pak pak cache file ../../../../../../Users/14024586/Documents/Unreal Projects/Macbeth/DerivedDataCache/DDC.ddp not found, will not use a pak cache.
[2016.04.20-08.34.11:721][  0]LogDerivedDataCache: Unable to find inner node Pak for hierarchical cache Hierarchy.
[2016.04.20-08.34.11:721][  0]LogDerivedDataCache: FDerivedDataBackendGraph:  CompressedPak pak cache file ../../../../../../Users/14024586/Documents/Unreal Projects/Macbeth/DerivedDataCache/Compressed.ddp not found, will not use a pak cache.
[2016.04.20-08.34.11:721][  0]LogDerivedDataCache: Unable to find inner node CompressedPak for hierarchical cache Hierarchy.
[2016.04.20-08.34.11:975][  0]LogDerivedDataCache:Display: Pak cache opened for reading ../../../Engine/DerivedDataCache/Compressed.ddp.
[2016.04.20-08.34.12:041][  0]LogDerivedDataCache: Using Local data cache path C:/Users/14024586/AppData/Local/UnrealEngine/Common/DerivedDataCache: Writable
[2016.04.20-08.34.29:398][  0]LogInit: Selected Device Profile: [Windows]
[2016.04.20-08.34.29:485][  0]LogContentStreaming: Texture pool size is 0.000000MB
[2016.04.20-08.34.32:561][  0]LogMeshUtilities: No automatic mesh reduction module available
[2016.04.20-08.34.32:561][  0]LogMeshUtilities: No automatic mesh merging module available
[2016.04.20-08.34.46:729][  0]LogInit: WinSock: version 1.1 (2.2), MaxSocks=32767, MaxUdp=65467
[2016.04.20-08.35.35:645][  0]UdpMessaging: Initializing bridge on interface 0.0.0.0:0 to multicast group 230.0.0.1:6666.
[2016.04.20-08.35.38:077][  0]LogAssetRegistry: FAssetRegistry took 0.0352 seconds to start up
[2016.04.20-08.35.41:182][  0]LogConfig:Warning: Failed to saved backup for config[TranslationPickerSettings]
[2016.04.20-08.35.46:086][  0]LogConfig:Warning: Failed to saved backup for config[SourceControlSettings]
[2016.04.20-08.35.46:195][  0]SourceControl: Info Source control is disabled
[2016.04.20-08.35.46:233][  0]SourceControl: Info Source control is disabled
[2016.04.20-08.35.46:634][  0]SourceControl: Info Source control is disabled
[2016.04.20-08.35.46:988][  0]SourceControl: Info Source control is disabled
[2016.04.20-08.35.52:959][  0]LogObj: 28633 objects as part of root set at end of initial load.
[2016.04.20-08.35.52:959][  0]LogUObjectAllocator: 6099744 out of 0 bytes used by permanent object pool.
[2016.04.20-08.35.54:557][  0]LogEngine: Initializing Engine...
[2016.04.20-08.35.54:992][  0]LogHMD: Can't find Oculus library dev build: is proper Runtime installed? Version: 0.8.0.0
[2016.04.20-08.35.55:272][  0]LogHMD: SteamVR failed to initialize.  Err: 110
[2016.04.20-08.35.58:497][  0]LogAIModule: Creating AISystem for world NewWorld
[2016.04.20-08.35.58:797][  0]LogInit: XAudio2 using 'LG ULTRAWIDE-4 (NVIDIA High Definition Audio)' : 2 channels at 48 kHz using 16 bits per sample (channel mask 0x3)
[2016.04.20-08.35.58:877][  0]LogInit: FAudioDevice initialized.
[2016.04.20-08.35.58:908][  0]LogDerivedDataCache: Saved boot cache 0.03s 41MB C:/Users/14024586/AppData/Local/UnrealEngine/4.10/DerivedDataCache/Boot.ddc.
[2016.04.20-08.35.58:914][  0]LogInit: Texture streaming: Enabled
[2016.04.20-08.35.58:988][  0]LogAnalytics: Creating configured Analytics provider AnalyticsET
[2016.04.20-08.35.58:988][  0]LogAnalytics: [UEEditor.Rocket.Release] APIServer = http://et2.epicgames.com/ET2/. AppVersion = 4.10.4-2872498+++depot+UE4-Releases+4.10
[2016.04.20-08.35.58:988][  0]LogAnalytics: [UEEditor.Rocket.Release] SetUserId 2de706504eb9964a45b9249fd3fce68e|c2bfe4e9fb7a40ceb4034fb7d67d2b3c|2b8cb7de-0a1c-4858-b9a3-b01f8330b6a2
[2016.04.20-08.35.59:009][  0]LogAnalytics: [UEEditor.Rocket.Release] AnalyticsET::StartSession
[2016.04.20-08.35.59:127][  0]LogInit: Transaction tracking system initialized
[2016.04.20-08.36.00:122][  0]BlueprintLog: New page: Editor Load
[2016.04.20-08.36.04:457][  0]LocalizationService: Info Localization service is disabled
[2016.04.20-08.36.10:261][  0]LogConsoleResponse:Display: 
[2016.04.20-08.36.13:953][  0]LogFileCache: Scanning file cache for directory 'C:/Users/14024586/Documents/Unreal Projects/Macbeth/Content/' took 0.07s
[2016.04.20-08.36.13:953][  0]LogCook:Display: Done creating registry. It took  0.00s.
[2016.04.20-08.36.20:663][  0]SourceControl: Info Source control is disabled
[2016.04.20-08.36.20:801][  0]Cmd: MAP LOAD FILE="../../../../../../Users/14024586/Documents/Unreal Projects/Macbeth/Content/ThirdPersonBP/Maps/ThirdPersonExampleMap.umap" TEMPLATE=0 SHOWPROGRESS=1 FEATURELEVEL=3
[2016.04.20-08.36.20:904][  0]LightingResults: New page: Lighting Build
[2016.04.20-08.36.21:491][  0]MapCheck: New page: Map Check
[2016.04.20-08.36.21:491][  0]LightingResults: New page: Lighting Build
[2016.04.20-08.36.22:491][  0]LogParticles: Destroying 0 GPU particle simulations for FXSystem 0x000000002314EAC0
[2016.04.20-08.36.58:787][  0]LogAIModule: Creating AISystem for world ThirdPersonExampleMap
[2016.04.20-08.37.47:979][  0]LogMaterial:Warning: Material /Game/Assets/Flowers/Grass.Grass needed to have new flag set bUsedWithInstancedStaticMeshes !
[2016.04.20-08.37.48:125][  0]LogMaterial: Missing cached shader map for material Grass, compiling. 
[2016.04.20-08.37.48:284][  0]MapCheck:Warning: Warning Grass Material /Game/Assets/Flowers/Grass.Grass was missing the usage flag bUsedWithInstancedStaticMeshes. If the material asset is not re-saved, it may not render correctly when run outside the editor. Fix
[2016.04.20-08.37.48:285][  0]LogMaterial: 0.000249 seconds spent updating 1 materials, 1 interfaces, 0 instances, 0 with static permutations.
[2016.04.20-08.37.49:051][  0]LogEditorServer: Finished looking for orphan Actors (0.000 secs)
[2016.04.20-08.37.49:165][  0]Cmd: MAP CHECKDEP NOCLEARLOG
[2016.04.20-08.37.49:258][  0]MapCheck: Info Map check complete: 0 Error(s), 1 Warning(s), took 92.39ms to complete.
[2016.04.20-08.37.49:344][  0]LogFileHelpers: Loading map 'ThirdPersonExampleMap' took 88.538
[2016.04.20-08.37.55:845][  0]LogCollectionManager: Loaded 0 collections in 0.004535 seconds
[2016.04.20-08.37.57:440][  0]LogFileCache: Scanning file cache for directory 'C:/Users/14024586/Documents/Unreal Projects/Macbeth/Saved/Collections/' took 0.01s
[2016.04.20-08.37.57:440][  0]LogFileCache: Scanning file cache for directory 'C:/Users/14024586/Documents/Unreal Projects/Macbeth/Content/Developers/14024586/Collections/' took 0.01s
[2016.04.20-08.37.57:440][  0]LogFileCache: Scanning file cache for directory 'C:/Users/14024586/Documents/Unreal Projects/Macbeth/Content/Collections/' took 0.01s
[2016.04.20-08.37.57:440][  0]LogCollectionManager: Rebuilt the GUID cache for 0 collections in 0.000002 seconds
[2016.04.20-08.37.57:603][  0]LogContentBrowser: Native class hierarchy populated in 0.0607 seconds. Added 1893 classes and 338 folders.
[2016.04.20-08.37.57:879][  0]LogContentBrowser: Native class hierarchy updated for 'WidgetCarousel' in 0.0004 seconds. Added 0 classes and 0 folders.
[2016.04.20-08.38.02:812][  0]LogContentBrowser: Native class hierarchy updated for 'AddContentDialog' in 0.0005 seconds. Added 0 classes and 0 folders.
[2016.04.20-08.38.04:536][  0]LogContentBrowser: Native class hierarchy updated for 'SceneOutliner' in 0.0010 seconds. Added 1 classes and 2 folders.
[2016.04.20-08.38.10:232][  0]LogCrashTracker: Crashtracker disabled due to settings.
[2016.04.20-08.38.12:154][  0]LogUObjectGlobals:Warning: Failed to find object 'Class None.'
[2016.04.20-08.38.12:635][  0]LogLoad: Full Startup: 289.83 seconds (BP compile: 3.65 seconds)
[2016.04.20-08.38.12:979][  0]LogOcInput: Can't find Oculus library dev build: is proper Runtime installed? Version: 0.8.0.0
[2016.04.20-08.38.16:472][  0]LogContentStreaming: Texture pool size now 1000 MB
[2016.04.20-08.38.17:845][  0]LogRenderer: Reallocating scene render targets to support 812x524 (Frame:2).
[2016.04.20-08.38.18:523][  1]Cmd: UpdateLandscapeEditorData -warnings
[2016.04.20-08.38.22:050][  6]LogAssetRegistry: Asset discovery search completed in 163.8934 seconds
[2016.04.20-08.38.22:050][  6]LogCollectionManager: Rebuilt the object cache for 0 collections in 0.000001 seconds (found 0 objects)
[2016.04.20-08.38.22:050][  6]LogCollectionManager: Fixed up redirectors for 0 collections in 0.000030 seconds (updated 0 objects)
[2016.04.20-08.56.53:015][444]Cmd: QUIT_EDITOR
[2016.04.20-08.56.53:243][444]LogExit: Preparing to exit.
[2016.04.20-08.56.54:096][444]LogExit: Editor shut down
[2016.04.20-08.56.54:096][444]LogExit: Transaction tracking system shut down
[2016.04.20-08.56.54:134][444]LogParticles: Destroying 0 GPU particle simulations for FXSystem 0x000000002ABEB7E0
[2016.04.20-08.56.54:136][444]LogParticles: Destroying 0 GPU particle simulations for FXSystem 0x00000000282CFB00
[2016.04.20-08.56.54:524][444]LogParticles: Destroying 0 GPU particle simulations for FXSystem 0x0000000038BC1940
[2016.04.20-08.56.54:524][444]LogParticles: Destroying 0 GPU particle simulations for FXSystem 0x0000000038BC1760
[2016.04.20-08.56.54:524][444]LogExit: Object subsystem successfully closed.
[2016.04.20-08.56.54:611][444]LogD3D11RHI: Shutdown
[2016.04.20-08.56.54:611][444]LogD3D11RHI: CleanupD3DDevice
[2016.04.20-08.56.54:665][444]LogD3D11RHI: ~FD3D11DynamicRHI
[2016.04.20-08.56.54:932][444]LogModuleManager: Shutting down and abandoning module CrashTracker (198)
[2016.04.20-08.56.54:932][444]LogModuleManager: Shutting down and abandoning module SceneOutliner (197)
[2016.04.20-08.56.54:932][444]LogModuleManager: Shutting down and abandoning module SuperSearch (196)
[2016.04.20-08.56.54:933][444]LogModuleManager: Shutting down and abandoning module WidgetCarousel (195)
[2016.04.20-08.56.54:933][444]LogModuleManager: Shutting down and abandoning module AddContentDialog (194)
[2016.04.20-08.56.54:934][444]LogModuleManager: Shutting down and abandoning module EditorWidgets (193)
[2016.04.20-08.56.54:934][444]LogModuleManager: Shutting down and abandoning module CollectionManager (192)
[2016.04.20-08.56.54:934][444]LogModuleManager: Shutting down and abandoning module StatsViewer (191)
[2016.04.20-08.56.54:934][444]LogModuleManager: Shutting down and abandoning module FoliageEdit (190)
[2016.04.20-08.56.54:934][444]LogModuleManager: Shutting down and abandoning module LandscapeEditor (189)
[2016.04.20-08.56.54:949][444]LogModuleManager: Shutting down and abandoning module ActorPickerMode (188)
[2016.04.20-08.56.54:949][444]LogModuleManager: Shutting down and abandoning module GeometryMode (187)
[2016.04.20-08.56.54:949][444]LogModuleManager: Shutting down and abandoning module TextureAlignMode (186)
[2016.04.20-08.56.54:949][444]LogModuleManager: Shutting down and abandoning module BspMode (185)
[2016.04.20-08.56.54:949][444]LogModuleManager: Shutting down and abandoning module PlacementMode (184)
[2016.04.20-08.56.54:949][444]LogModuleManager: Shutting down and abandoning module AutomationWorker (183)
[2016.04.20-08.56.54:949][444]LogModuleManager: Shutting down and abandoning module CharacterAI (182)
[2016.04.20-08.56.54:949][444]LogModuleManager: Shutting down and abandoning module SmartSnapping (181)
[2016.04.20-08.56.54:949][444]LogModuleManager: Shutting down and abandoning module ViewportSnapping (180)
[2016.04.20-08.56.54:949][444]LogModuleManager: Shutting down and abandoning module LogVisualizer (179)
[2016.04.20-08.56.54:950][444]LogModuleManager: Shutting down and abandoning module GameProjectGeneration (178)
[2016.04.20-08.56.54:970][444]LogModuleManager: Shutting down and abandoning module IntroTutorials (177)
[2016.04.20-08.56.54:970][444]LogModuleManager: Shutting down and abandoning module EditorLiveStreaming (176)
[2016.04.20-08.56.54:970][444]LogModuleManager: Shutting down and abandoning module IOSPlatformEditor (175)
[2016.04.20-08.56.54:970][444]LogModuleManager: Shutting down and abandoning module HTML5PlatformEditor (174)
[2016.04.20-08.56.54:970][444]LogModuleManager: Shutting down and abandoning module AndroidDeviceDetection (173)
[2016.04.20-08.56.55:649][444]LogModuleManager: Shutting down and abandoning module AndroidPlatformEditor (172)
[2016.04.20-08.56.55:649][444]LogModuleManager: Shutting down and abandoning module IOSRuntimeSettings (171)
[2016.04.20-08.56.55:649][444]LogModuleManager: Shutting down and abandoning module AndroidRuntimeSettings (170)
[2016.04.20-08.56.55:649][444]LogModuleManager: Shutting down and abandoning module MergeActors (169)
[2016.04.20-08.56.55:649][444]LogModuleManager: Shutting down and abandoning module SizeMap (168)
[2016.04.20-08.56.55:649][444]LogModuleManager: Shutting down and abandoning module TreeMap (167)
[2016.04.20-08.56.55:649][444]LogModuleManager: Shutting down and abandoning module ReferenceViewer (166)
[2016.04.20-08.56.55:649][444]LogModuleManager: Shutting down and abandoning module LocalizationService (165)
[2016.04.20-08.56.55:649][444]LogModuleManager: Shutting down and abandoning module LocalizationDashboard (164)
[2016.04.20-08.56.55:661][444]LogModuleManager: Shutting down and abandoning module HardwareTargeting (163)
[2016.04.20-08.56.55:661][444]LogModuleManager: Shutting down and abandoning module DeviceProfileEditor (162)
[2016.04.20-08.56.55:661][444]LogModuleManager: Shutting down and abandoning module UndoHistory (161)
[2016.04.20-08.56.55:661][444]LogModuleManager: Shutting down and abandoning module GameplayTagsEditor (160)
[2016.04.20-08.56.55:662][444]LogModuleManager: Shutting down and abandoning module UserFeedback (159)
[2016.04.20-08.56.55:662][444]LogModuleManager: Shutting down and abandoning module XmlParser (158)
[2016.04.20-08.56.55:662][444]LogModuleManager: Shutting down and abandoning module Blutility (157)
[2016.04.20-08.56.55:662][444]LogModuleManager: Shutting down and abandoning module ProjectTargetPlatformEditor (156)
[2016.04.20-08.56.55:662][444]LogModuleManager: Shutting down and abandoning module ProjectSettingsViewer (155)
[2016.04.20-08.56.55:662][444]LogModuleManager: Shutting down and abandoning module InputBindingEditor (154)
[2016.04.20-08.56.55:672][444]LogModuleManager: Shutting down and abandoning module EditorSettingsViewer (153)
[2016.04.20-08.56.55:672][444]LogModuleManager: Shutting down and abandoning module SettingsEditor (152)
[2016.04.20-08.56.55:672][444]LogModuleManager: Shutting down and abandoning module ProjectLauncher (151)
[2016.04.20-08.56.55:677][444]LogModuleManager: Shutting down and abandoning module SessionFrontend (150)
[2016.04.20-08.56.55:677][444]LogModuleManager: Shutting down and abandoning module ProfilerClient (149)
[2016.04.20-08.56.55:678][444]LogModuleManager: Shutting down and abandoning module TargetDeviceServices (148)
[2016.04.20-08.56.55:678][444]LogModuleManager: Shutting down and abandoning module DeviceManager (147)
[2016.04.20-08.56.55:678][444]LogModuleManager: Shutting down and abandoning module AutomationController (146)
[2016.04.20-08.56.55:678][444]LogModuleManager: Shutting down and abandoning module AutomationWindow (145)
[2016.04.20-08.56.55:685][444]LogModuleManager: Shutting down and abandoning module Layers (144)
[2016.04.20-08.56.55:712][444]LogModuleManager: Shutting down and abandoning module ComponentVisualizers (143)
[2016.04.20-08.56.55:712][444]LogModuleManager: Shutting down and abandoning module DetailCustomizations (142)
[2016.04.20-08.56.55:712][444]LogModuleManager: Shutting down and abandoning module PackagesDialog (141)
[2016.04.20-08.56.55:712][444]LogModuleManager: Shutting down and abandoning module Persona (140)
[2016.04.20-08.56.55:725][444]LogModuleManager: Shutting down and abandoning module Kismet (139)
[2016.04.20-08.56.55:725][444]LogModuleManager: Shutting down and abandoning module GraphEditor (138)
[2016.04.20-08.56.55:752][444]LogModuleManager: Shutting down and abandoning module ClassViewer (137)
[2016.04.20-08.56.55:752][444]LogModuleManager: Shutting down and abandoning module Toolbox (136)
[2016.04.20-08.56.55:752][444]LogModuleManager: Shutting down and abandoning module ModuleUI (135)
[2016.04.20-08.56.55:757][444]LogModuleManager: Shutting down and abandoning module MovieSceneTools (134)
[2016.04.20-08.56.55:757][444]LogModuleManager: Shutting down and abandoning module OutputLog (133)
[2016.04.20-08.56.55:757][444]LogModuleManager: Shutting down and abandoning module GammaUI (132)
[2016.04.20-08.56.55:766][444]LogModuleManager: Shutting down and abandoning module Documentation (131)
[2016.04.20-08.56.55:766][444]LogModuleManager: Shutting down and abandoning module GameLiveStreaming (130)
[2016.04.20-08.56.55:766][444]LogModuleManager: Shutting down and abandoning module StreamingPauseRendering (129)
[2016.04.20-08.56.55:766][444]LogModuleManager: Shutting down and abandoning module AnalyticsET (128)
[2016.04.20-08.56.55:766][444]LogModuleManager: Shutting down and abandoning module Analytics (127)
[2016.04.20-08.56.55:766][444]LogModuleManager: Shutting down and abandoning module AITestSuite (126)
[2016.04.20-08.56.55:766][444]LogModuleManager: Shutting down and abandoning module GameplayDebugger (125)
[2016.04.20-08.56.55:766][444]LogModuleManager: Shutting down and abandoning module AIModule (124)
[2016.04.20-08.56.55:766][444]LogModuleManager: Shutting down and abandoning module ProfilerService (123)
[2016.04.20-08.56.55:825][444]LogModuleManager: Shutting down and abandoning module TaskGraph (122)
[2016.04.20-08.56.55:834][444]LogModuleManager: Shutting down and abandoning module SlateRemote (121)
[2016.04.20-08.56.55:834][444]LogModuleManager: Shutting down and abandoning module SteamVRController (120)
[2016.04.20-08.56.55:834][444]LogModuleManager: Shutting down and abandoning module SteamVR (119)
[2016.04.20-08.56.55:834][444]LogModuleManager: Shutting down and abandoning module ProceduralMeshComponent (118)
[2016.04.20-08.56.55:834][444]LogModuleManager: Shutting down and abandoning module OculusLibrary (117)
[2016.04.20-08.56.55:834][444]LogModuleManager: Shutting down and abandoning module OculusInput (116)
[2016.04.20-08.56.55:834][444]LogModuleManager: Shutting down and abandoning module LeapMotionController (115)
[2016.04.20-08.56.55:842][444]LogModuleManager: Shutting down and abandoning module CustomMeshComponent (114)
[2016.04.20-08.56.55:842][444]LogModuleManager: Shutting down and abandoning module CableComponent (113)
[2016.04.20-08.56.55:842][444]LogModuleManager: Shutting down and abandoning module ArchVisCharacter (112)
[2016.04.20-08.56.55:842][444]LogModuleManager: Shutting down and abandoning module MessagingDebugger (111)
[2016.04.20-08.56.55:849][444]LogModuleManager: Shutting down and abandoning module MediaPlayerEditor (110)
[2016.04.20-08.56.55:858][444]LogModuleManager: Shutting down and abandoning module HTML5Networking (109)
[2016.04.20-08.56.55:858][444]LogModuleManager: Shutting down and abandoning module SpeedTreeImporter (108)
[2016.04.20-08.56.55:858][444]LogModuleManager: Shutting down and abandoning module PluginBrowser (107)
[2016.04.20-08.56.55:864][444]LogModuleManager: Shutting down and abandoning module EpicSurvey (106)
[2016.04.20-08.56.55:864][444]LogModuleManager: Shutting down and abandoning module DesktopPlatform (105)
[2016.04.20-08.56.55:864][444]LogModuleManager: Shutting down and abandoning module VisualStudioSourceCodeAccess (104)
[2016.04.20-08.56.55:864][444]LogModuleManager: Shutting down and abandoning module UObjectPlugin (103)
[2016.04.20-08.56.55:864][444]LogModuleManager: Shutting down and abandoning module SubversionSourceControl (102)
[2016.04.20-08.56.55:864][444]LogModuleManager: Shutting down and abandoning module PerforceSourceControl (101)
[2016.04.20-08.56.55:864][444]LogModuleManager: Shutting down and abandoning module SourceControl (100)
[2016.04.20-08.56.55:871][444]LogModuleManager: Shutting down and abandoning module GitSourceControl (99)
[2016.04.20-08.56.55:871][444]LogModuleManager: Shutting down and abandoning module LightPropagationVolumeEditor (98)
[2016.04.20-08.56.55:871][444]LogModuleManager: Shutting down and abandoning module PaperTiledImporter (97)
[2016.04.20-08.56.55:871][444]LogModuleManager: Shutting down and abandoning module PaperSpriteSheetImporter (96)
[2016.04.20-08.56.55:871][444]LogModuleManager: Shutting down and abandoning module MeshPaint (95)
[2016.04.20-08.56.55:871][444]LogModuleManager: Shutting down and abandoning module SlateReflector (94)
[2016.04.20-08.56.55:880][444]LogModuleManager: Shutting down and abandoning module HotReload (93)
[2016.04.20-08.56.55:880][444]LogModuleManager: Shutting down and abandoning module MainFrame (92)
[2016.04.20-08.56.55:880][444]LogModuleManager: Shutting down and abandoning module LevelEditor (91)
[2016.04.20-08.56.55:891][444]LogModuleManager: Shutting down and abandoning module DirectoryWatcher (90)
[2016.04.20-08.56.55:891][444]LogModuleManager: Shutting down and abandoning module AssetRegistry (89)
[2016.04.20-08.56.56:009][444]LogModuleManager: Shutting down and abandoning module ContentBrowser (88)
[2016.04.20-08.56.56:010][444]LogModuleManager: Shutting down and abandoning module Paper2DEditor (87)
[2016.04.20-08.56.56:016][444]LogModuleManager: Shutting down and abandoning module UdpMessaging (86)
[2016.04.20-08.56.56:116][444]LogModuleManager: Shutting down and abandoning module LightPropagationVolumeRuntime (85)
[2016.04.20-08.56.56:116][444]LogModuleManager: Shutting down and abandoning module Paper2D (84)
[2016.04.20-08.56.56:116][444]LogModuleManager: Shutting down and abandoning module WindowsMoviePlayer (83)
[2016.04.20-08.56.56:119][444]LogModuleManager: Shutting down and abandoning module Media (82)
[2016.04.20-08.56.56:119][444]LogModuleManager: Shutting down and abandoning module WmfMedia (81)
[2016.04.20-08.56.56:130][444]LogModuleManager: Shutting down and abandoning module OnlineBlueprintSupport (80)
[2016.04.20-08.56.56:130][444]LogModuleManager: Shutting down and abandoning module GameplayTasksEditor (79)
[2016.04.20-08.56.56:130][444]LogModuleManager: Shutting down and abandoning module PropertyEditor (78)
[2016.04.20-08.56.56:131][444]LogModuleManager: Shutting down and abandoning module BehaviorTreeEditor (77)
[2016.04.20-08.56.56:148][444]LogModuleManager: Shutting down and abandoning module FunctionalTesting (76)
[2016.04.20-08.56.56:148][444]LogModuleManager: Shutting down and abandoning module CollisionAnalyzer (75)
[2016.04.20-08.56.56:148][444]LogModuleManager: Shutting down and abandoning module WorkspaceMenuStructure (74)
[2016.04.20-08.56.56:148][444]LogModuleManager: Shutting down and abandoning module MessageLog (73)
[2016.04.20-08.56.56:148][444]LogModuleManager: Shutting down and abandoning module Sequencer (72)
[2016.04.20-08.56.56:148][444]LogModuleManager: Shutting down and abandoning module AssetTools (71)
[2016.04.20-08.56.56:174][444]LogModuleManager: Shutting down and abandoning module UMGEditor (70)
[2016.04.20-08.56.56:196][444]LogModuleManager: Shutting down and abandoning module UMG (69)
[2016.04.20-08.56.56:207][444]LogModuleManager: Shutting down and abandoning module Slate (68)
[2016.04.20-08.56.56:207][444]LogModuleManager: Shutting down and abandoning module EditorStyle (67)
[2016.04.20-08.56.56:209][444]LogModuleManager: Shutting down and abandoning module SessionServices (66)
[2016.04.20-08.56.56:209][444]LogModuleManager: Shutting down and abandoning module SourceCodeAccess (65)
[2016.04.20-08.56.56:209][444]LogModuleManager: Shutting down and abandoning module HeadMountedDisplay (64)
[2016.04.20-08.56.56:209][444]LogModuleManager: Shutting down and abandoning module XAudio2 (63)
[2016.04.20-08.56.56:209][444]LogModuleManager: Shutting down and abandoning module Networking (61)
[2016.04.20-08.56.56:209][444]LogModuleManager: Shutting down and abandoning module Core (60)
[2016.04.20-08.56.56:209][444]LogModuleManager: Shutting down and abandoning module KismetCompiler (59)
[2016.04.20-08.56.56:209][444]LogModuleManager: Shutting down and abandoning module PhysXFormats (58)
[2016.04.20-08.56.56:209][444]LogModuleManager: Shutting down and abandoning module MeshUtilities (57)
[2016.04.20-08.56.56:241][444]LogModuleManager: Shutting down and abandoning module DerivedDataCache (56)
[2016.04.20-08.56.56:334][444]LogDerivedDataCache: Shutdown
[2016.04.20-08.56.56:334][444]LogModuleManager: Shutting down and abandoning module ShaderFormatOpenGL (55)
[2016.04.20-08.56.56:367][444]LogModuleManager: Shutting down and abandoning module ShaderFormatD3D (54)
[2016.04.20-08.56.56:367][444]LogModuleManager: Shutting down and abandoning module MetalShaderFormat (53)
[2016.04.20-08.56.56:399][444]LogModuleManager: Shutting down and abandoning module TextureFormatUncompressed (52)
[2016.04.20-08.56.56:399][444]LogModuleManager: Shutting down and abandoning module TextureFormatPVR (51)
[2016.04.20-08.56.56:399][444]LogModuleManager: Shutting down and abandoning module TextureFormatIntelISPCTexComp (50)
[2016.04.20-08.56.56:399][444]LogModuleManager: Shutting down and abandoning module TextureFormatDXT (49)
[2016.04.20-08.56.56:399][444]LogModuleManager: Shutting down and abandoning module ImageWrapper (48)
[2016.04.20-08.56.56:399][444]LogModuleManager: Shutting down and abandoning module TextureFormatASTC (47)
[2016.04.20-08.56.56:399][444]LogModuleManager: Shutting down and abandoning module TextureFormatAndroid (46)
[2016.04.20-08.56.56:399][444]LogModuleManager: Shutting down and abandoning module AudioFormatOpus (45)
[2016.04.20-08.56.56:399][444]LogModuleManager: Shutting down and abandoning module AudioFormatOgg (44)
[2016.04.20-08.56.56:399][444]LogModuleManager: Shutting down and abandoning module AudioFormatADPCM (43)
[2016.04.20-08.56.56:399][444]LogModuleManager: Shutting down and abandoning module LinuxTargetPlatform (42)
[2016.04.20-08.56.56:399][444]LogModuleManager: Shutting down and abandoning module LinuxServerTargetPlatform (41)
[2016.04.20-08.56.56:399][444]LogModuleManager: Shutting down and abandoning module LinuxNoEditorTargetPlatform (40)
[2016.04.20-08.56.56:399][444]LogModuleManager: Shutting down and abandoning module Messaging (39)
[2016.04.20-08.56.56:399][444]LogModuleManager: Shutting down and abandoning module IOSTargetPlatform (38)
[2016.04.20-08.56.56:399][444]LogModuleManager: Shutting down and abandoning module HTML5TargetPlatform (37)
[2016.04.20-08.56.56:399][444]LogModuleManager: Shutting down and abandoning module Android_PVRTCTargetPlatform (36)
[2016.04.20-08.56.56:399][444]LogModuleManager: Shutting down and abandoning module Android_MultiTargetPlatform (35)
[2016.04.20-08.56.56:399][444]LogModuleManager: Shutting down and abandoning module Android_ETC2TargetPlatform (34)
[2016.04.20-08.56.56:399][444]LogModuleManager: Shutting down and abandoning module Android_ETC1TargetPlatform (33)
[2016.04.20-08.56.56:399][444]LogModuleManager: Shutting down and abandoning module Android_DXTTargetPlatform (32)
[2016.04.20-08.56.56:399][444]LogModuleManager: Shutting down and abandoning module Android_ATCTargetPlatform (31)
[2016.04.20-08.56.56:399][444]LogModuleManager: Shutting down and abandoning module Android_ASTCTargetPlatform (30)
[2016.04.20-08.56.56:399][444]LogModuleManager: Shutting down and abandoning module AndroidTargetPlatform (29)
[2016.04.20-08.56.56:400][444]LogModuleManager: Shutting down and abandoning module WindowsTargetPlatform (28)
[2016.04.20-08.56.56:400][444]LogModuleManager: Shutting down and abandoning module WindowsServerTargetPlatform (27)
[2016.04.20-08.56.56:400][444]LogModuleManager: Shutting down and abandoning module WindowsNoEditorTargetPlatform (26)
[2016.04.20-08.56.56:400][444]LogModuleManager: Shutting down and abandoning module WindowsClientTargetPlatform (25)
[2016.04.20-08.56.56:400][444]LogModuleManager: Shutting down and abandoning module AllDesktopTargetPlatform (24)
[2016.04.20-08.56.56:400][444]LogModuleManager: Shutting down and abandoning module TargetPlatform (23)
[2016.04.20-08.56.56:400][444]LogModuleManager: Shutting down and abandoning module InputCore (22)
[2016.04.20-08.56.56:400][444]LogModuleManager: Shutting down and abandoning module Settings (21)
[2016.04.20-08.56.56:400][444]LogModuleManager: Shutting down and abandoning module OnlineSubsystem (19)
[2016.04.20-08.56.56:400][444]LogModuleManager: Shutting down and abandoning module HTTP (18)
[2016.04.20-08.56.58:400][444]LogModuleManager: Shutting down and abandoning module XMPP (17)
[2016.04.20-08.56.58:429][444]LogModuleManager: Shutting down and abandoning module OculusRift (16)
[2016.04.20-08.56.58:472][444]LogModuleManager: Shutting down and abandoning module ExampleDeviceProfileSelector (15)
[2016.04.20-08.56.58:472][444]LogModuleManager: Shutting down and abandoning module TextureCompressor (14)
[2016.04.20-08.56.58:472][444]LogModuleManager: Shutting down and abandoning module ShaderCore (13)
[2016.04.20-08.56.58:472][444]LogModuleManager: Shutting down and abandoning module Landscape (12)
[2016.04.20-08.56.58:472][444]LogModuleManager: Shutting down and abandoning module SlateRHIRenderer (11)
[2016.04.20-08.56.58:473][444]LogModuleManager: Shutting down and abandoning module OpenGLDrv (10)
[2016.04.20-08.56.58:495][444]LogModuleManager: Shutting down and abandoning module D3D11RHI (9)
[2016.04.20-08.56.58:495][444]LogModuleManager: Shutting down and abandoning module AnimGraphRuntime (8)
[2016.04.20-08.56.58:505][444]LogModuleManager: Shutting down and abandoning module Renderer (7)
[2016.04.20-08.56.58:505][444]LogModuleManager: Shutting down and abandoning module Engine (6)
[2016.04.20-08.56.58:505][444]LogModuleManager: Shutting down and abandoning module CoreUObject (5)
[2016.04.20-08.56.58:505][444]LogModuleManager: Shutting down and abandoning module NetworkFile (4)
[2016.04.20-08.56.58:512][444]LogModuleManager: Shutting down and abandoning module StreamingFile (3)
[2016.04.20-08.56.58:512][444]LogModuleManager: Shutting down and abandoning module SandboxFile (2)
[2016.04.20-08.56.58:512][444]LogModuleManager: Shutting down and abandoning module PakFile (1)
[2016.04.20-08.56.58:514][444]LogExit: Exiting.
[2016.04.20-08.56.58:516][444]Log file closed, 04/20/16 09:56:58
