Log file open, 04/27/16 18:07:57
LogInit:Display: Running engine for game: Macbeth
LogPlatformFile: Not using cached read wrapper
LogInit:Display: RandInit(-467157950) SRandInit(-467157948).
LogTaskGraph: Started task graph with 4 named threads and 7 total threads.
LogStats: Stats thread started at 0.070353
LogInit: Version: 4.11.1-2934540+++UE4+Release-4.11
LogInit: API Version: 2927265
LogInit: Compiled (64-bit): Apr  6 2016 02:14:16
LogInit: Compiled with Visual C++: 19.00.23026.00
LogInit: Build Configuration: Development
LogInit: Branch Name: ++UE4+Release-4.11
LogInit: Command line: 
LogInit: Base directory: C:/Program Files/Epic Games/4.11/Engine/Binaries/Win64/
LogInit: Installed Engine Build: 1
LogInit: Using libcurl 7.41.0
LogInit:  - built for x86_64-pc-win32
LogInit:  - supports SSL with WinSSL
LogInit:  - other features:
LogInit:      CURL_VERSION_SSL
LogInit:      CURL_VERSION_IPV6
LogInit:      CURL_VERSION_ASYNCHDNS
LogInit:      CURL_VERSION_LARGEFILE
LogInit:      CURL_VERSION_IDN
LogInit:  CurlRequestOptions (configurable via config and command line):
LogInit:  - bVerifyPeer = true  - Libcurl will verify peer certificate
LogInit:  - bUseHttpProxy = false  - Libcurl will NOT use HTTP proxy
LogInit:  - bDontReuseConnections = false  - Libcurl will reuse connections
LogInit:  - CertBundlePath = nullptr  - Libcurl will use whatever was configured at build time.
LogInit: Presizing for max 16777216 objects, including 0 objects not considered by GC, pre-allocating 0 bytes for permanent pool.
LogInit: Object subsystem initialized
[2016.04.27-17.07.57:211][  0]LogInit: Selected Device Profile: [Windows]
[2016.04.27-17.07.57:211][  0]LogInit: Applying CVar settings loaded from the selected device profile: [Windows]
[2016.04.27-17.07.57:227][  0]LogInit: Computer: MULLENIX-PC
[2016.04.27-17.07.57:227][  0]LogInit: User: MullenIX
[2016.04.27-17.07.57:227][  0]LogInit: CPU Page size=65536, Cores=4
[2016.04.27-17.07.57:227][  0]LogInit: High frequency timer resolution =2.610712 MHz
[2016.04.27-17.07.57:227][  0]LogMemory: Memory total: Physical=12.0GB (12GB approx)
[2016.04.27-17.07.57:227][  0]LogMemory: Platform Memory Stats for Windows
[2016.04.27-17.07.57:227][  0]LogMemory: Process Physical Memory: 314.12 MB used, 314.12 MB peak
[2016.04.27-17.07.57:227][  0]LogMemory: Process Virtual Memory: 316.75 MB used, 316.75 MB peak
[2016.04.27-17.07.57:227][  0]LogMemory: Physical Memory: 4855.87 MB used, 12278.99 MB total
[2016.04.27-17.07.57:227][  0]LogMemory: Virtual Memory: 621.01 MB used, 8388608.00 MB total
[2016.04.27-17.07.57:267][  0]LogTextLocalizationManager: No specific translations for ('en-GB') exist, so ('en') translations will be used.
[2016.04.27-17.07.57:738][  0]LogD3D11RHI: D3D11 adapters:
[2016.04.27-17.07.57:763][  0]LogD3D11RHI:    0. 'NVIDIA GeForce GTX 670' (Feature Level 11_0)
[2016.04.27-17.07.57:763][  0]LogD3D11RHI:       1989MB of dedicated video memory, 0MB of dedicated system memory, and 2048MB of shared system memory, 1 output[s]
[2016.04.27-17.07.57:763][  0]LogD3D11RHI: Chosen D3D11 Adapter: 0
[2016.04.27-17.07.57:769][  0]LogD3D11RHI: Creating new Direct3DDevice
[2016.04.27-17.07.57:769][  0]LogD3D11RHI:     Adapter Name: NVIDIA GeForce GTX 670
[2016.04.27-17.07.57:769][  0]LogD3D11RHI:   Driver Version: 10.18.13.6472 (internal 10.18.13.6472)
[2016.04.27-17.07.57:769][  0]LogD3D11RHI:      Driver Date: 3-21-2016
[2016.04.27-17.07.57:769][  0]LogRHI: Texture pool is 1361 MB (70% of 1945 MB)
[2016.04.27-17.07.57:780][  0]LogD3D11RHI: Async texture creation enabled
[2016.04.27-17.07.57:796][  0]LogShaderCompilers: Guid format shader working directory is -7 characters bigger than the processId version (F:/University/Year 2/Experimental Games/Macbeth/Macbeth/Intermediate/Shaders/WorkingDirectory/14136/).
[2016.04.27-17.07.57:796][  0]LogShaderCompilers: Cleaned the shader compiler working directory 'C:/Users/MULLEN~1/AppData/Local/Temp/UnrealShaderWorkingDir/54463670467829B76E8DA1B1E17C8ED1/'.
[2016.04.27-17.07.57:796][  0]LogShaderCompilers:Display: Using Local Shader Compiler.
[2016.04.27-17.07.59:046][  0]LogTemp:Display: Loaded TP AllDesktopTargetPlatform
[2016.04.27-17.07.59:050][  0]LogTemp:Display: Loaded TP WindowsClientTargetPlatform
[2016.04.27-17.07.59:054][  0]LogTemp:Display: Loaded TP WindowsNoEditorTargetPlatform
[2016.04.27-17.07.59:059][  0]LogTemp:Display: Loaded TP WindowsServerTargetPlatform
[2016.04.27-17.07.59:063][  0]LogTemp:Display: Loaded TP WindowsTargetPlatform
[2016.04.27-17.07.59:067][  0]LogTemp:Display: Loaded TP AndroidTargetPlatform
[2016.04.27-17.07.59:070][  0]LogTemp:Display: Loaded TP Android_ASTCTargetPlatform
[2016.04.27-17.07.59:073][  0]LogTemp:Display: Loaded TP Android_ATCTargetPlatform
[2016.04.27-17.07.59:077][  0]LogTemp:Display: Loaded TP Android_DXTTargetPlatform
[2016.04.27-17.07.59:080][  0]LogTemp:Display: Loaded TP Android_ETC1TargetPlatform
[2016.04.27-17.07.59:084][  0]LogTemp:Display: Loaded TP Android_ETC2TargetPlatform
[2016.04.27-17.07.59:090][  0]LogTemp:Display: Loaded TP Android_MultiTargetPlatform
[2016.04.27-17.07.59:090][  0]LogTemp:Display: Loaded TP Android_PVRTCTargetPlatform
[2016.04.27-17.07.59:091][  0]LogTemp:Display: Loaded TP HTML5TargetPlatform
[2016.04.27-17.07.59:107][  0]LogTemp:Display: Loaded TP IOSTargetPlatform
[2016.04.27-17.07.59:110][  0]LogTemp:Display: Loaded TP TVOSTargetPlatform
[2016.04.27-17.07.59:113][  0]LogTemp:Display: Loaded TP LinuxNoEditorTargetPlatform
[2016.04.27-17.07.59:116][  0]LogTemp:Display: Loaded TP LinuxServerTargetPlatform
[2016.04.27-17.07.59:120][  0]LogTemp:Display: Loaded TP LinuxTargetPlatform
[2016.04.27-17.07.59:120][  0]LogTargetPlatformManager:Display: Building Assets For Windows
[2016.04.27-17.07.59:191][  0]LogDerivedDataCache:Display: Max Cache Size: 512 MB
[2016.04.27-17.07.59:248][  0]LogDerivedDataCache: Loaded boot cache 0.06s 46MB C:/Users/Mullen IX/AppData/Local/UnrealEngine/4.11/DerivedDataCache/Boot.ddc.
[2016.04.27-17.07.59:248][  0]LogDerivedDataCache:Display: Loaded Boot cache: C:/Users/Mullen IX/AppData/Local/UnrealEngine/4.11/DerivedDataCache/Boot.ddc
[2016.04.27-17.07.59:249][  0]LogDerivedDataCache: FDerivedDataBackendGraph:  Pak pak cache file F:/University/Year 2/Experimental Games/Macbeth/Macbeth/DerivedDataCache/DDC.ddp not found, will not use a pak cache.
[2016.04.27-17.07.59:249][  0]LogDerivedDataCache: Unable to find inner node Pak for hierarchical cache Hierarchy.
[2016.04.27-17.07.59:249][  0]LogDerivedDataCache: FDerivedDataBackendGraph:  CompressedPak pak cache file F:/University/Year 2/Experimental Games/Macbeth/Macbeth/DerivedDataCache/Compressed.ddp not found, will not use a pak cache.
[2016.04.27-17.07.59:249][  0]LogDerivedDataCache: Unable to find inner node CompressedPak for hierarchical cache Hierarchy.
[2016.04.27-17.07.59:270][  0]LogDerivedDataCache:Display: Pak cache opened for reading ../../../Engine/DerivedDataCache/Compressed.ddp.
[2016.04.27-17.07.59:282][  0]LogDerivedDataCache: Using Local data cache path C:/Users/Mullen IX/AppData/Local/UnrealEngine/Common/DerivedDataCache: Writable
[2016.04.27-17.07.59:497][  0]LogInit: Selected Device Profile: [Windows]
[2016.04.27-17.07.59:498][  0]LogContentStreaming: Texture pool size is 0.00 MB
[2016.04.27-17.07.59:531][  0]LogMaterial: Uniform references updated for custom material expression Custom.
[2016.04.27-17.07.59:703][  0]LogMeshUtilities: No automatic mesh reduction module available
[2016.04.27-17.07.59:703][  0]LogMeshUtilities: No automatic mesh merging module available
[2016.04.27-17.07.59:703][  0]LogMeshUtilities: No distributed automatic mesh merging module available
[2016.04.27-17.07.59:979][  0]LogUObjectArray: 27678 objects as part of root set at end of initial load.
[2016.04.27-17.07.59:979][  0]LogUObjectAllocator: 5591392 out of 0 bytes used by permanent object pool.
[2016.04.27-17.07.59:979][  0]LogUObjectArray: CloseDisregardForGC: 0/0 objects in disregard for GC pool
[2016.04.27-17.07.59:985][  0]LogInit: WinSock: version 1.1 (2.2), MaxSocks=32767, MaxUdp=65467
[2016.04.27-17.08.00:074][  0]LogSlate: SlateFontCache - WITH_FREETYPE: 1, WITH_HARFBUZZ: 1
[2016.04.27-17.08.00:074][  0]LogSlate: SlateFontCache - WITH_FREETYPE: 1, WITH_HARFBUZZ: 1
[2016.04.27-17.08.00:195][  0]LogStreaming:Warning: Failed to read file '../../../Engine/Content/Editor/Slate/Common/Selection_16x.png' error.
[2016.04.27-17.08.00:195][  0]LogSlate: Could not find file for Slate resource: ../../../Engine/Content/Editor/Slate/Common/Selection_16x.png
[2016.04.27-17.08.00:195][  0]LogStreaming:Warning: Failed to read file '../../../Engine/Content/Editor/Slate/Common/Selection_16x.png' error.
[2016.04.27-17.08.00:195][  0]LogSlate: Could not find file for Slate resource: ../../../Engine/Content/Editor/Slate/Common/Selection_16x.png
[2016.04.27-17.08.00:195][  0]LogStreaming:Warning: Failed to read file '../../../Engine/Content/Editor/Slate/Common/Selection_16x.png' error.
[2016.04.27-17.08.00:195][  0]LogSlate: Could not find file for Slate resource: ../../../Engine/Content/Editor/Slate/Common/Selection_16x.png
[2016.04.27-17.08.00:857][  0]LogSubstanceCoreModule: Substance CPU Engine Loaded, Max Texture Size 2048
[2016.04.27-17.08.00:865][  0]LogUdpMessaging: Initializing bridge on interface 0.0.0.0:0 to multicast group 230.0.0.1:6666.
[2016.04.27-17.08.00:964][  0]LogAssetRegistry: FAssetRegistry took 0.0201 seconds to start up
[2016.04.27-17.08.01:241][  0]SourceControl: Info Source control is disabled
[2016.04.27-17.08.01:242][  0]SourceControl: Info Source control is disabled
[2016.04.27-17.08.01:249][  0]SourceControl: Info Source control is disabled
[2016.04.27-17.08.01:256][  0]SourceControl: Info Source control is disabled
[2016.04.27-17.08.01:705][  0]LogEngine: Initializing Engine...
[2016.04.27-17.08.01:706][  0]LogHMD: SteamVR failed to initialize.  Err: 110
[2016.04.27-17.08.01:706][  0]LogHMD: SteamVR failed to initialize.  Err: 110
[2016.04.27-17.08.01:877][  0]LogAIModule: Creating AISystem for world NewWorld
[2016.04.27-17.08.01:890][  0]LogInit: XAudio2 using 'Speakers (Realtek High Definition Audio)' : 2 channels at 48 kHz using 32 bits per sample (channel mask 0x3)
[2016.04.27-17.08.01:905][  0]LogInit: FAudioDevice initialized.
[2016.04.27-17.08.01:933][  0]LogDerivedDataCache: Saved boot cache 0.03s 46MB C:/Users/Mullen IX/AppData/Local/UnrealEngine/4.11/DerivedDataCache/Boot.ddc.
[2016.04.27-17.08.01:942][  0]LogInit: Texture streaming: Enabled
[2016.04.27-17.08.01:962][  0]LogInit: Transaction tracking system initialized
[2016.04.27-17.08.01:982][  0]BlueprintLog: New page: Editor Load
[2016.04.27-17.08.02:052][  0]LocalizationService: Info Localization service is disabled
[2016.04.27-17.08.02:112][  0]LogConsoleResponse:Display: 
[2016.04.27-17.08.02:227][  0]LogCook:Display: Max memory allowance for cook 8192mb
[2016.04.27-17.08.02:227][  0]LogCook:Display: Mobile HDR setting 1
[2016.04.27-17.08.02:227][  0]LogCook:Display: Done creating registry. It took  0.00s.
[2016.04.27-17.08.02:274][  0]LogFileCache: Scanning file cache for directory 'F:/University/Year 2/Experimental Games/Macbeth/Macbeth/Content/' took 0.02s
[2016.04.27-17.08.02:274][  0]SourceControl: Info Source control is disabled
[2016.04.27-17.08.02:274][  0]Cmd: MAP LOAD FILE="F:/University/Year 2/Experimental Games/Macbeth/Macbeth/Content/ThirdPersonBP/Maps/ThirdPersonExampleMap.umap" TEMPLATE=0 SHOWPROGRESS=1 FEATURELEVEL=3
[2016.04.27-17.08.02:275][  0]LightingResults: New page: Lighting Build
[2016.04.27-17.08.02:278][  0]MapCheck: New page: Map Check
[2016.04.27-17.08.02:278][  0]LightingResults: New page: Lighting Build
[2016.04.27-17.08.03:359][  0]LogAIModule: Creating AISystem for world ThirdPersonExampleMap
[2016.04.27-17.08.03:532][  0]LogMaterial:Warning: Material /Game/Assets/Rocks/Rocks_Mat.Rocks_Mat needed to have new flag set bUsedWithInstancedStaticMeshes !
[2016.04.27-17.08.03:534][  0]LogMaterial: Missing cached shader map for material Rocks_Mat, compiling. 
[2016.04.27-17.08.03:575][  0]MapCheck:Warning: Warning Rocks_Mat Material /Game/Assets/Rocks/Rocks_Mat.Rocks_Mat was missing the usage flag bUsedWithInstancedStaticMeshes. If the material asset is not re-saved, it may not render correctly when run outside the editor. Fix
[2016.04.27-17.08.03:575][  0]LogMaterial: 0.00 seconds spent updating 1 materials, 1 interfaces, 0 instances, 0 with static permutations.
[2016.04.27-17.08.03:594][  0]LogMaterial:Warning: Material /Game/Assets/Flowers/Grass.Grass needed to have new flag set bUsedWithInstancedStaticMeshes !
[2016.04.27-17.08.03:597][  0]LogMaterial: Missing cached shader map for material Grass, compiling. 
[2016.04.27-17.08.03:627][  0]MapCheck:Warning: Warning Grass Material /Game/Assets/Flowers/Grass.Grass was missing the usage flag bUsedWithInstancedStaticMeshes. If the material asset is not re-saved, it may not render correctly when run outside the editor. Fix
[2016.04.27-17.08.03:627][  0]LogMaterial: 0.00 seconds spent updating 1 materials, 1 interfaces, 0 instances, 0 with static permutations.
[2016.04.27-17.08.03:629][  0]LogMaterial:Warning: Material /Game/Assets/Flowers/Flowers.Flowers needed to have new flag set bUsedWithInstancedStaticMeshes !
[2016.04.27-17.08.03:633][  0]LogMaterial: Missing cached shader map for material Flowers, compiling. 
[2016.04.27-17.08.03:655][  0]MapCheck:Warning: Warning Flowers Material /Game/Assets/Flowers/Flowers.Flowers was missing the usage flag bUsedWithInstancedStaticMeshes. If the material asset is not re-saved, it may not render correctly when run outside the editor. Fix
[2016.04.27-17.08.03:655][  0]LogMaterial: 0.00 seconds spent updating 1 materials, 1 interfaces, 0 instances, 0 with static permutations.
[2016.04.27-17.08.03:656][  0]LogMaterial:Warning: Material /Game/Assets/Pine_Trees/pine_tree.pine_tree needed to have new flag set bUsedWithInstancedStaticMeshes !
[2016.04.27-17.08.03:658][  0]LogMaterial: Missing cached shader map for material pine_tree, compiling. 
[2016.04.27-17.08.03:679][  0]MapCheck:Warning: Warning pine_tree Material /Game/Assets/Pine_Trees/pine_tree.pine_tree was missing the usage flag bUsedWithInstancedStaticMeshes. If the material asset is not re-saved, it may not render correctly when run outside the editor. Fix
[2016.04.27-17.08.03:679][  0]LogMaterial: 0.00 seconds spent updating 1 materials, 1 interfaces, 0 instances, 0 with static permutations.
[2016.04.27-17.08.03:809][  0]LogEditorServer: Finished looking for orphan Actors (0.000 secs)
[2016.04.27-17.08.03:810][  0]Cmd: MAP CHECKDEP NOCLEARLOG
[2016.04.27-17.08.03:911][  0]MapCheck: Info Map check complete: 0 Error(s), 4 Warning(s), took 101.085ms to complete.
[2016.04.27-17.08.03:922][  0]LogFileHelpers: Loading map 'ThirdPersonExampleMap' took 1.649
[2016.04.27-17.08.04:087][  0]LogCollectionManager: Loaded 0 collections in 0.002928 seconds
[2016.04.27-17.08.04:129][  0]LogFileCache: Scanning file cache for directory 'F:/University/Year 2/Experimental Games/Macbeth/Macbeth/Saved/Collections/' took 0.01s
[2016.04.27-17.08.04:129][  0]LogFileCache: Scanning file cache for directory 'F:/University/Year 2/Experimental Games/Macbeth/Macbeth/Content/Developers/MullenIX/Collections/' took 0.01s
[2016.04.27-17.08.04:129][  0]LogFileCache: Scanning file cache for directory 'F:/University/Year 2/Experimental Games/Macbeth/Macbeth/Content/Collections/' took 0.02s
[2016.04.27-17.08.04:129][  0]LogCollectionManager: Rebuilt the GUID cache for 0 collections in 0.000003 seconds
[2016.04.27-17.08.04:148][  0]LogContentBrowser: Native class hierarchy populated in 0.0187 seconds. Added 1994 classes and 349 folders.
[2016.04.27-17.08.04:154][  0]LogStats: UGameplayTagsManager::ConstructGameplayTagTree: Construct from data asset -  0.000 s
[2016.04.27-17.08.04:155][  0]LogStats: UGameplayTagsManager::ConstructGameplayTagTree: GameplayTagTreeChangedEvent.Broadcast -  0.000 s
[2016.04.27-17.08.04:156][  0]LogContentBrowser: Native class hierarchy updated for 'GameplayTags' in 0.0008 seconds. Added 12 classes and 0 folders.
[2016.04.27-17.08.04:163][  0]LogContentBrowser: Native class hierarchy updated for 'WidgetCarousel' in 0.0006 seconds. Added 0 classes and 0 folders.
[2016.04.27-17.08.04:172][  0]LogContentBrowser: Native class hierarchy updated for 'SuperSearch' in 0.0006 seconds. Added 1 classes and 2 folders.
[2016.04.27-17.08.04:240][  0]LogContentBrowser: Native class hierarchy updated for 'AddContentDialog' in 0.0004 seconds. Added 0 classes and 0 folders.
[2016.04.27-17.08.04:245][  0]LogContentBrowser: Native class hierarchy updated for 'SceneOutliner' in 0.0007 seconds. Added 1 classes and 2 folders.
[2016.04.27-17.08.04:288][  0]LogCrashTracker: Crashtracker disabled due to settings.
[2016.04.27-17.08.04:293][  0]LogUObjectGlobals:Warning: Failed to find object 'Class None.'
[2016.04.27-17.08.04:318][  0]LogContentBrowser: Native class hierarchy updated for 'HierarchicalLODOutliner' in 0.0004 seconds. Added 1 classes and 2 folders.
[2016.04.27-17.08.04:319][  0]LogLoad: Full Startup: 7.91 seconds (BP compile: 0.12 seconds)
[2016.04.27-17.08.04:319][  0]LogExternalProfiler:Warning: No registered external profiler was matched with a command-line switch (or the DLL could not be loaded).  External profiling features will not be available.
[2016.04.27-17.08.04:328][  0]LogOcInput: OculusInput pre-init called
[2016.04.27-17.08.04:392][  0]LogContentStreaming: Texture pool size now 1000 MB
[2016.04.27-17.08.04:633][  0]LogRenderer: Reallocating scene render targets to support 1208x576 (Frame:2).
[2016.04.27-17.08.04:729][  1]Cmd: UpdateLandscapeEditorData -warnings
[2016.04.27-17.08.04:852][  2]LogAssetRegistry: Asset discovery search completed in 3.9088 seconds
[2016.04.27-17.08.04:852][  2]LogCollectionManager: Rebuilt the object cache for 0 collections in 0.000001 seconds (found 0 objects)
[2016.04.27-17.08.04:852][  2]LogCollectionManager: Fixed up redirectors for 0 collections in 0.000037 seconds (updated 0 objects)
[2016.04.27-17.08.40:223][595]LogEditorViewport: Clicking on Actor (LMB): StaticMeshActor (Stone_bridge2)
[2016.04.27-17.08.40:406][608]LogEditorViewport: Clicking on Actor (LMB): StaticMeshActor (Stone_bridge2)
[2016.04.27-17.08.47:223][241]Cmd: OBJ SAVEPACKAGE PACKAGE="/Game/Assets/Bridges/Stone_bridge" FILE="F:/University/Year 2/Experimental Games/Macbeth/Macbeth/Content/Assets/Bridges/Stone_bridge.uasset" SILENT=true
[2016.04.27-17.08.47:277][241]LogSavePackage: Save=24.11ms
[2016.04.27-17.08.47:277][241]LogSavePackage: Moving 'F:/University/Year 2/Experimental Games/Macbeth/Macbeth/Saved/Stone_bridge314A269640E95A115AD75BB6AB31CCB4.tmp' to 'F:/University/Year 2/Experimental Games/Macbeth/Macbeth/Content/Assets/Bridges/Stone_bridge.uasset'
[2016.04.27-17.08.47:284][241]LogSavePackage: Total save time: 56.96ms
[2016.04.27-17.08.47:284][241]LogSavePackage:Display: Finished SavePackage F:/University/Year 2/Experimental Games/Macbeth/Macbeth/Content/Assets/Bridges/Stone_bridge.uasset
[2016.04.27-17.09.03:798][111]LogTexture:Display: Building textures: Texture2D_2 (G8)
[2016.04.27-17.09.30:728][ 11]LogEditorViewport: Clicking on Actor (LMB): BP_Sky_Sphere_C (SkySphereBlueprint)
[2016.04.27-17.10.10:805][  0]LogTexture:Display: Building textures: Texture2D_10 (BGRA8)
[2016.04.27-17.10.13:813][  0]LogSavePackage: Save=3190.68ms
[2016.04.27-17.10.13:814][  0]LogSavePackage: Moving 'F:/University/Year 2/Experimental Games/Macbeth/Macbeth/Saved/ThirdPersonExampleMapF0C44A574D9B0BC5E1EFD9B535FCCA68.tmp' to 'F:/University/Year 2/Experimental Games/Macbeth/Macbeth/Content/ThirdPersonBP/Maps/ThirdPersonExampleMap.umap'
[2016.04.27-17.10.13:827][  0]LogSavePackage: Total save time: 5092.58ms
[2016.04.27-17.10.13:827][  0]LogSavePackage:Display: Finished SavePackage F:/University/Year 2/Experimental Games/Macbeth/Macbeth/Content/ThirdPersonBP/Maps/ThirdPersonExampleMap.umap
[2016.04.27-17.10.14:654][ 78]LogActorComponent: UnregisterComponent: (/Engine/Transient.SphereBrushComponent) Not registered. Aborting.
[2016.04.27-17.10.38:871][885]Cmd: TRANSACTION UNDO
[2016.04.27-17.10.38:871][885]LogEditorTransaction: Undo Landscape Editing: Flatten
[2016.04.27-17.10.38:941][885]LogMaterial: 0.00 seconds spent updating 1 materials, 1 interfaces, 1 instances, 0 with static permutations.
[2016.04.27-17.10.38:945][885]LogTexture:Display: Building textures: Texture2D_10 (BGRA8)
[2016.04.27-17.10.38:960][885]LogMaterial: 0.00 seconds spent updating 1 materials, 1 interfaces, 1 instances, 0 with static permutations.
[2016.04.27-17.10.39:064][885]PIE:Warning: Warning AttachTo: '/Game/ThirdPersonBP/Maps/ThirdPersonExampleMap.ThirdPersonExampleMap:PersistentLevel.LandscapeGizmoActiveActor_0.GizmoRendererComponent0' is not static , cannot attach '/Game/ThirdPersonBP/Maps/ThirdPersonExampleMap.ThirdPersonExampleMap:PersistentLevel.LandscapeGizmoActiveActor_0.RootComponent0' which is static to it. Aborting.
[2016.04.27-17.10.39:554][921]Cmd: TRANSACTION UNDO
[2016.04.27-17.10.39:554][921]LogEditorTransaction: Undo Landscape Editing: Flatten
[2016.04.27-17.10.39:619][921]LogMaterial: 0.00 seconds spent updating 1 materials, 1 interfaces, 1 instances, 0 with static permutations.
[2016.04.27-17.10.39:624][921]LogTexture:Display: Building textures: Texture2D_10 (BGRA8)
[2016.04.27-17.10.39:638][921]LogMaterial: 0.00 seconds spent updating 1 materials, 1 interfaces, 1 instances, 0 with static permutations.
[2016.04.27-17.10.39:740][921]PIE:Warning: Warning AttachTo: '/Game/ThirdPersonBP/Maps/ThirdPersonExampleMap.ThirdPersonExampleMap:PersistentLevel.LandscapeGizmoActiveActor_0.GizmoRendererComponent0' is not static , cannot attach '/Game/ThirdPersonBP/Maps/ThirdPersonExampleMap.ThirdPersonExampleMap:PersistentLevel.LandscapeGizmoActiveActor_0.RootComponent0' which is static to it. Aborting.
[2016.04.27-17.10.56:276][810]Cmd: TRANSACTION UNDO
[2016.04.27-17.10.56:276][810]LogEditorTransaction: Undo Landscape Editing: Smooth
[2016.04.27-17.10.56:318][810]LogMaterial: 0.00 seconds spent updating 1 materials, 1 interfaces, 1 instances, 0 with static permutations.
[2016.04.27-17.10.56:322][810]LogMaterial: 0.00 seconds spent updating 1 materials, 1 interfaces, 1 instances, 0 with static permutations.
[2016.04.27-17.10.56:326][810]LogTexture:Display: Building textures: Texture2D_10 (BGRA8)
[2016.04.27-17.10.56:346][810]PIE:Warning: Warning AttachTo: '/Game/ThirdPersonBP/Maps/ThirdPersonExampleMap.ThirdPersonExampleMap:PersistentLevel.LandscapeGizmoActiveActor_0.GizmoRendererComponent0' is not static , cannot attach '/Game/ThirdPersonBP/Maps/ThirdPersonExampleMap.ThirdPersonExampleMap:PersistentLevel.LandscapeGizmoActiveActor_0.RootComponent0' which is static to it. Aborting.
[2016.04.27-17.10.56:749][839]Cmd: TRANSACTION UNDO
[2016.04.27-17.10.56:749][839]LogEditorTransaction: Undo Landscape Editing: Smooth
[2016.04.27-17.10.56:827][839]LogMaterial: 0.00 seconds spent updating 1 materials, 1 interfaces, 1 instances, 0 with static permutations.
[2016.04.27-17.10.56:831][839]LogTexture:Display: Building textures: Texture2D_10 (BGRA8)
[2016.04.27-17.10.56:847][839]LogMaterial: 0.00 seconds spent updating 1 materials, 1 interfaces, 1 instances, 0 with static permutations.
[2016.04.27-17.10.56:950][839]PIE:Warning: Warning AttachTo: '/Game/ThirdPersonBP/Maps/ThirdPersonExampleMap.ThirdPersonExampleMap:PersistentLevel.LandscapeGizmoActiveActor_0.GizmoRendererComponent0' is not static , cannot attach '/Game/ThirdPersonBP/Maps/ThirdPersonExampleMap.ThirdPersonExampleMap:PersistentLevel.LandscapeGizmoActiveActor_0.RootComponent0' which is static to it. Aborting.
[2016.04.27-17.11.00:495][233]LogEditorViewport: Clicking on Actor (double click): Landscape (Landscape)
[2016.04.27-17.11.11:975][435]LogTexture:Display: Building textures: Texture2D_10 (BGRA8)
[2016.04.27-17.11.15:043][435]LogSavePackage: Save=3146.49ms
[2016.04.27-17.11.15:044][435]LogSavePackage: Moving 'F:/University/Year 2/Experimental Games/Macbeth/Macbeth/Saved/ThirdPersonExampleMapECAC2C1D4A9E3EE3D10785976BC5F265.tmp' to 'F:/University/Year 2/Experimental Games/Macbeth/Macbeth/Content/ThirdPersonBP/Maps/ThirdPersonExampleMap.umap'
[2016.04.27-17.11.15:055][435]LogSavePackage: Total save time: 3159.40ms
[2016.04.27-17.11.15:055][435]LogSavePackage:Display: Finished SavePackage F:/University/Year 2/Experimental Games/Macbeth/Macbeth/Content/ThirdPersonBP/Maps/ThirdPersonExampleMap.umap
[2016.04.27-17.11.29:138][903]Cmd: EDCALLBACK SURFPROPS
[2016.04.27-17.11.30:872][ 91]LogWindows:Error: Windows GetLastError: The operation completed successfully. (0)
[2016.04.27-17.11.31:156][ 91]LogCrashTracker: 


[2016.04.27-17.11.31:162][ 91]LogCrashTracker: 


[2016.04.27-17.11.31:162][ 91]LogWindows:Error: === Critical error: ===
Assertion failed: (Index >= 0) & (Index < ArrayNum) [File:D:\BuildFarm\buildmachine_++UE4+Release-4.11\Engine\Source\Runtime\Core\Public\Containers\Array.h] [Line: 785] 
Array index out of bounds: -269 from an array of size 2




[2016.04.27-17.11.31:216][ 91]LogExit: Executing StaticShutdownAfterError
[2016.04.27-17.11.31:241][ 91]LogPhysics:Warning: PHYSX: ..\..\PhysX\src\NpScene.cpp (2946) 8 : PxScene::unlockWrite() called without matching call to PxScene::lockWrite(), behaviour will be undefined.
[2016.04.27-17.11.31:241][ 91]LogPhysics:Warning: PHYSX: ..\..\PhysX\src\NpScene.cpp (2946) 8 : PxScene::unlockWrite() called without matching call to PxScene::lockWrite(), behaviour will be undefined.
[2016.04.27-17.11.31:241][ 91]LogWindows: FPlatformMisc::RequestExit(1)
[2016.04.27-17.11.31:241][ 91]Log file closed, 04/27/16 18:11:31
