Log file open, 04/27/16 16:30:53
LogInit:Display: Running engine for game: Macbeth
LogPlatformFile: Not using cached read wrapper
LogInit:Display: RandInit(1501835570) SRandInit(1501835571).
LogTaskGraph: Started task graph with 4 named threads and 7 total threads.
LogStats: Stats thread started at 0.072432
LogInit: Version: 4.11.1-2934540+++UE4+Release-4.11
LogInit: API Version: 2927265
LogInit: Compiled (64-bit): Apr  6 2016 02:14:16
LogInit: Compiled with Visual C++: 19.00.23026.00
LogInit: Build Configuration: Development
LogInit: Branch Name: ++UE4+Release-4.11
LogInit: Command line:  
LogInit: Base directory: C:/Program Files/Epic Games/4.11/Engine/Binaries/Win64/
LogInit: Installed Engine Build: 1
LogInit: Using libcurl 7.41.0
LogInit:  - built for x86_64-pc-win32
LogInit:  - supports SSL with WinSSL
LogInit:  - other features:
LogInit:      CURL_VERSION_SSL
LogInit:      CURL_VERSION_IPV6
LogInit:      CURL_VERSION_ASYNCHDNS
LogInit:      CURL_VERSION_LARGEFILE
LogInit:      CURL_VERSION_IDN
LogInit:  CurlRequestOptions (configurable via config and command line):
LogInit:  - bVerifyPeer = true  - Libcurl will verify peer certificate
LogInit:  - bUseHttpProxy = false  - Libcurl will NOT use HTTP proxy
LogInit:  - bDontReuseConnections = false  - Libcurl will reuse connections
LogInit:  - CertBundlePath = nullptr  - Libcurl will use whatever was configured at build time.
LogInit: Presizing for max 16777216 objects, including 0 objects not considered by GC, pre-allocating 0 bytes for permanent pool.
LogInit: Object subsystem initialized
[2016.04.27-15.30.53:902][  0]LogInit: Selected Device Profile: [Windows]
[2016.04.27-15.30.53:902][  0]LogInit: Applying CVar settings loaded from the selected device profile: [Windows]
[2016.04.27-15.30.53:918][  0]LogInit: Computer: MULLENIX-PC
[2016.04.27-15.30.53:918][  0]LogInit: User: MullenIX
[2016.04.27-15.30.53:918][  0]LogInit: CPU Page size=65536, Cores=4
[2016.04.27-15.30.53:918][  0]LogInit: High frequency timer resolution =2.610712 MHz
[2016.04.27-15.30.53:918][  0]LogMemory: Memory total: Physical=12.0GB (12GB approx)
[2016.04.27-15.30.53:918][  0]LogMemory: Platform Memory Stats for Windows
[2016.04.27-15.30.53:918][  0]LogMemory: Process Physical Memory: 314.07 MB used, 314.07 MB peak
[2016.04.27-15.30.53:918][  0]LogMemory: Process Virtual Memory: 316.72 MB used, 316.72 MB peak
[2016.04.27-15.30.53:918][  0]LogMemory: Physical Memory: 4960.72 MB used, 12278.99 MB total
[2016.04.27-15.30.53:918][  0]LogMemory: Virtual Memory: 621.01 MB used, 8388608.00 MB total
[2016.04.27-15.30.53:957][  0]LogTextLocalizationManager: No specific translations for ('en-GB') exist, so ('en') translations will be used.
[2016.04.27-15.30.54:472][  0]LogD3D11RHI: D3D11 adapters:
[2016.04.27-15.30.54:499][  0]LogD3D11RHI:    0. 'NVIDIA GeForce GTX 670' (Feature Level 11_0)
[2016.04.27-15.30.54:499][  0]LogD3D11RHI:       1989MB of dedicated video memory, 0MB of dedicated system memory, and 2048MB of shared system memory, 1 output[s]
[2016.04.27-15.30.54:499][  0]LogD3D11RHI: Chosen D3D11 Adapter: 0
[2016.04.27-15.30.54:505][  0]LogD3D11RHI: Creating new Direct3DDevice
[2016.04.27-15.30.54:505][  0]LogD3D11RHI:     Adapter Name: NVIDIA GeForce GTX 670
[2016.04.27-15.30.54:505][  0]LogD3D11RHI:   Driver Version: 10.18.13.6472 (internal 10.18.13.6472)
[2016.04.27-15.30.54:505][  0]LogD3D11RHI:      Driver Date: 3-21-2016
[2016.04.27-15.30.54:505][  0]LogRHI: Texture pool is 1361 MB (70% of 1945 MB)
[2016.04.27-15.30.54:518][  0]LogD3D11RHI: Async texture creation enabled
[2016.04.27-15.30.54:534][  0]LogShaderCompilers: Guid format shader working directory is -7 characters bigger than the processId version (F:/University/Year 2/Experimental Games/Macbeth/Macbeth/Intermediate/Shaders/WorkingDirectory/12592/).
[2016.04.27-15.30.54:534][  0]LogShaderCompilers: Cleaned the shader compiler working directory 'C:/Users/MULLEN~1/AppData/Local/Temp/UnrealShaderWorkingDir/4D9D7F504D30DF8CE37B6D9543265F40/'.
[2016.04.27-15.30.54:534][  0]LogShaderCompilers:Display: Using Local Shader Compiler.
[2016.04.27-15.30.55:861][  0]LogTemp:Display: Loaded TP AllDesktopTargetPlatform
[2016.04.27-15.30.55:865][  0]LogTemp:Display: Loaded TP WindowsClientTargetPlatform
[2016.04.27-15.30.55:870][  0]LogTemp:Display: Loaded TP WindowsNoEditorTargetPlatform
[2016.04.27-15.30.55:874][  0]LogTemp:Display: Loaded TP WindowsServerTargetPlatform
[2016.04.27-15.30.55:879][  0]LogTemp:Display: Loaded TP WindowsTargetPlatform
[2016.04.27-15.30.55:882][  0]LogTemp:Display: Loaded TP AndroidTargetPlatform
[2016.04.27-15.30.55:885][  0]LogTemp:Display: Loaded TP Android_ASTCTargetPlatform
[2016.04.27-15.30.55:888][  0]LogTemp:Display: Loaded TP Android_ATCTargetPlatform
[2016.04.27-15.30.55:891][  0]LogTemp:Display: Loaded TP Android_DXTTargetPlatform
[2016.04.27-15.30.55:895][  0]LogTemp:Display: Loaded TP Android_ETC1TargetPlatform
[2016.04.27-15.30.55:898][  0]LogTemp:Display: Loaded TP Android_ETC2TargetPlatform
[2016.04.27-15.30.55:905][  0]LogTemp:Display: Loaded TP Android_MultiTargetPlatform
[2016.04.27-15.30.55:905][  0]LogTemp:Display: Loaded TP Android_PVRTCTargetPlatform
[2016.04.27-15.30.55:905][  0]LogTemp:Display: Loaded TP HTML5TargetPlatform
[2016.04.27-15.30.55:921][  0]LogTemp:Display: Loaded TP IOSTargetPlatform
[2016.04.27-15.30.55:924][  0]LogTemp:Display: Loaded TP TVOSTargetPlatform
[2016.04.27-15.30.55:927][  0]LogTemp:Display: Loaded TP LinuxNoEditorTargetPlatform
[2016.04.27-15.30.55:930][  0]LogTemp:Display: Loaded TP LinuxServerTargetPlatform
[2016.04.27-15.30.55:933][  0]LogTemp:Display: Loaded TP LinuxTargetPlatform
[2016.04.27-15.30.55:933][  0]LogTargetPlatformManager:Display: Building Assets For Windows
[2016.04.27-15.30.56:006][  0]LogDerivedDataCache:Display: Max Cache Size: 512 MB
[2016.04.27-15.30.56:061][  0]LogDerivedDataCache: Loaded boot cache 0.06s 46MB C:/Users/Mullen IX/AppData/Local/UnrealEngine/4.11/DerivedDataCache/Boot.ddc.
[2016.04.27-15.30.56:062][  0]LogDerivedDataCache:Display: Loaded Boot cache: C:/Users/Mullen IX/AppData/Local/UnrealEngine/4.11/DerivedDataCache/Boot.ddc
[2016.04.27-15.30.56:062][  0]LogDerivedDataCache: FDerivedDataBackendGraph:  Pak pak cache file F:/University/Year 2/Experimental Games/Macbeth/Macbeth/DerivedDataCache/DDC.ddp not found, will not use a pak cache.
[2016.04.27-15.30.56:062][  0]LogDerivedDataCache: Unable to find inner node Pak for hierarchical cache Hierarchy.
[2016.04.27-15.30.56:062][  0]LogDerivedDataCache: FDerivedDataBackendGraph:  CompressedPak pak cache file F:/University/Year 2/Experimental Games/Macbeth/Macbeth/DerivedDataCache/Compressed.ddp not found, will not use a pak cache.
[2016.04.27-15.30.56:062][  0]LogDerivedDataCache: Unable to find inner node CompressedPak for hierarchical cache Hierarchy.
[2016.04.27-15.30.56:083][  0]LogDerivedDataCache:Display: Pak cache opened for reading ../../../Engine/DerivedDataCache/Compressed.ddp.
[2016.04.27-15.30.56:095][  0]LogDerivedDataCache: Using Local data cache path C:/Users/Mullen IX/AppData/Local/UnrealEngine/Common/DerivedDataCache: Writable
[2016.04.27-15.30.56:304][  0]LogInit: Selected Device Profile: [Windows]
[2016.04.27-15.30.56:304][  0]LogContentStreaming: Texture pool size is 0.00 MB
[2016.04.27-15.30.56:335][  0]LogMaterial: Uniform references updated for custom material expression Custom.
[2016.04.27-15.30.56:504][  0]LogMeshUtilities: No automatic mesh reduction module available
[2016.04.27-15.30.56:504][  0]LogMeshUtilities: No automatic mesh merging module available
[2016.04.27-15.30.56:504][  0]LogMeshUtilities: No distributed automatic mesh merging module available
[2016.04.27-15.30.56:768][  0]LogUObjectArray: 27678 objects as part of root set at end of initial load.
[2016.04.27-15.30.56:768][  0]LogUObjectAllocator: 5591384 out of 0 bytes used by permanent object pool.
[2016.04.27-15.30.56:768][  0]LogUObjectArray: CloseDisregardForGC: 0/0 objects in disregard for GC pool
[2016.04.27-15.30.56:774][  0]LogInit: WinSock: version 1.1 (2.2), MaxSocks=32767, MaxUdp=65467
[2016.04.27-15.30.56:868][  0]LogSlate: SlateFontCache - WITH_FREETYPE: 1, WITH_HARFBUZZ: 1
[2016.04.27-15.30.56:868][  0]LogSlate: SlateFontCache - WITH_FREETYPE: 1, WITH_HARFBUZZ: 1
[2016.04.27-15.30.56:990][  0]LogStreaming:Warning: Failed to read file '../../../Engine/Content/Editor/Slate/Common/Selection_16x.png' error.
[2016.04.27-15.30.56:990][  0]LogSlate: Could not find file for Slate resource: ../../../Engine/Content/Editor/Slate/Common/Selection_16x.png
[2016.04.27-15.30.56:990][  0]LogStreaming:Warning: Failed to read file '../../../Engine/Content/Editor/Slate/Common/Selection_16x.png' error.
[2016.04.27-15.30.56:990][  0]LogSlate: Could not find file for Slate resource: ../../../Engine/Content/Editor/Slate/Common/Selection_16x.png
[2016.04.27-15.30.56:990][  0]LogStreaming:Warning: Failed to read file '../../../Engine/Content/Editor/Slate/Common/Selection_16x.png' error.
[2016.04.27-15.30.56:990][  0]LogSlate: Could not find file for Slate resource: ../../../Engine/Content/Editor/Slate/Common/Selection_16x.png
[2016.04.27-15.30.57:650][  0]LogSubstanceCoreModule: Substance CPU Engine Loaded, Max Texture Size 2048
[2016.04.27-15.30.57:658][  0]LogUdpMessaging: Initializing bridge on interface 0.0.0.0:0 to multicast group 230.0.0.1:6666.
[2016.04.27-15.30.57:758][  0]LogAssetRegistry: FAssetRegistry took 0.0205 seconds to start up
[2016.04.27-15.30.58:433][  0]SourceControl: Info Source control is disabled
[2016.04.27-15.30.58:434][  0]SourceControl: Info Source control is disabled
[2016.04.27-15.30.58:442][  0]SourceControl: Info Source control is disabled
[2016.04.27-15.30.58:449][  0]SourceControl: Info Source control is disabled
[2016.04.27-15.30.58:642][  0]LogEngine: Initializing Engine...
[2016.04.27-15.30.58:643][  0]LogHMD: SteamVR failed to initialize.  Err: 110
[2016.04.27-15.30.58:643][  0]LogHMD: SteamVR failed to initialize.  Err: 110
[2016.04.27-15.30.58:816][  0]LogAIModule: Creating AISystem for world NewWorld
[2016.04.27-15.30.58:828][  0]LogInit: XAudio2 using 'Speakers (Realtek High Definition Audio)' : 2 channels at 48 kHz using 32 bits per sample (channel mask 0x3)
[2016.04.27-15.30.58:843][  0]LogInit: FAudioDevice initialized.
[2016.04.27-15.30.58:868][  0]LogDerivedDataCache: Saved boot cache 0.03s 46MB C:/Users/Mullen IX/AppData/Local/UnrealEngine/4.11/DerivedDataCache/Boot.ddc.
[2016.04.27-15.30.58:876][  0]LogInit: Texture streaming: Enabled
[2016.04.27-15.30.59:092][  0]LogInit: Transaction tracking system initialized
[2016.04.27-15.30.59:116][  0]BlueprintLog: New page: Editor Load
[2016.04.27-15.30.59:190][  0]LocalizationService: Info Localization service is disabled
[2016.04.27-15.30.59:251][  0]LogConsoleResponse:Display: 
[2016.04.27-15.30.59:380][  0]LogCook:Display: Max memory allowance for cook 8192mb
[2016.04.27-15.30.59:380][  0]LogCook:Display: Mobile HDR setting 1
[2016.04.27-15.30.59:380][  0]LogCook:Display: Done creating registry. It took  0.00s.
[2016.04.27-15.30.59:426][  0]LogFileCache: Scanning file cache for directory 'F:/University/Year 2/Experimental Games/Macbeth/Macbeth/Content/' took 0.01s
[2016.04.27-15.30.59:426][  0]SourceControl: Info Source control is disabled
[2016.04.27-15.30.59:426][  0]Cmd: MAP LOAD FILE="F:/University/Year 2/Experimental Games/Macbeth/Macbeth/Content/ThirdPersonBP/Maps/ThirdPersonExampleMap.umap" TEMPLATE=0 SHOWPROGRESS=1 FEATURELEVEL=3
[2016.04.27-15.30.59:427][  0]LightingResults: New page: Lighting Build
[2016.04.27-15.30.59:430][  0]MapCheck: New page: Map Check
[2016.04.27-15.30.59:430][  0]LightingResults: New page: Lighting Build
[2016.04.27-15.31.00:517][  0]LogAIModule: Creating AISystem for world ThirdPersonExampleMap
[2016.04.27-15.31.00:722][  0]LogMaterial:Warning: Material /Game/Assets/Flowers/Grass.Grass needed to have new flag set bUsedWithInstancedStaticMeshes !
[2016.04.27-15.31.00:724][  0]LogMaterial: Missing cached shader map for material Grass, compiling. 
[2016.04.27-15.31.00:768][  0]MapCheck:Warning: Warning Grass Material /Game/Assets/Flowers/Grass.Grass was missing the usage flag bUsedWithInstancedStaticMeshes. If the material asset is not re-saved, it may not render correctly when run outside the editor. Fix
[2016.04.27-15.31.00:769][  0]LogMaterial: 0.00 seconds spent updating 1 materials, 1 interfaces, 0 instances, 0 with static permutations.
[2016.04.27-15.31.00:771][  0]LogMaterial:Warning: Material /Game/Assets/Pine_Trees/pine_tree.pine_tree needed to have new flag set bUsedWithInstancedStaticMeshes !
[2016.04.27-15.31.00:773][  0]LogMaterial: Missing cached shader map for material pine_tree, compiling. 
[2016.04.27-15.31.00:801][  0]MapCheck:Warning: Warning pine_tree Material /Game/Assets/Pine_Trees/pine_tree.pine_tree was missing the usage flag bUsedWithInstancedStaticMeshes. If the material asset is not re-saved, it may not render correctly when run outside the editor. Fix
[2016.04.27-15.31.00:801][  0]LogMaterial: 0.00 seconds spent updating 1 materials, 1 interfaces, 0 instances, 0 with static permutations.
[2016.04.27-15.31.00:823][  0]LogEditorServer: Finished looking for orphan Actors (0.000 secs)
[2016.04.27-15.31.00:824][  0]Cmd: MAP CHECKDEP NOCLEARLOG
[2016.04.27-15.31.00:913][  0]MapCheck: Info Map check complete: 0 Error(s), 2 Warning(s), took 89.55ms to complete.
[2016.04.27-15.31.00:924][  0]LogFileHelpers: Loading map 'ThirdPersonExampleMap' took 1.498
[2016.04.27-15.31.01:066][  0]LogCollectionManager: Loaded 0 collections in 0.002605 seconds
[2016.04.27-15.31.01:092][  0]LogFileCache: Scanning file cache for directory 'F:/University/Year 2/Experimental Games/Macbeth/Macbeth/Saved/Collections/' took 0.02s
[2016.04.27-15.31.01:092][  0]LogFileCache: Scanning file cache for directory 'F:/University/Year 2/Experimental Games/Macbeth/Macbeth/Content/Developers/MullenIX/Collections/' took 0.01s
[2016.04.27-15.31.01:092][  0]LogFileCache: Scanning file cache for directory 'F:/University/Year 2/Experimental Games/Macbeth/Macbeth/Content/Collections/' took 0.01s
[2016.04.27-15.31.01:092][  0]LogCollectionManager: Rebuilt the GUID cache for 0 collections in 0.000003 seconds
[2016.04.27-15.31.01:112][  0]LogContentBrowser: Native class hierarchy populated in 0.0192 seconds. Added 1994 classes and 349 folders.
[2016.04.27-15.31.01:118][  0]LogStats: UGameplayTagsManager::ConstructGameplayTagTree: Construct from data asset -  0.000 s
[2016.04.27-15.31.01:118][  0]LogStats: UGameplayTagsManager::ConstructGameplayTagTree: GameplayTagTreeChangedEvent.Broadcast -  0.000 s
[2016.04.27-15.31.01:119][  0]LogContentBrowser: Native class hierarchy updated for 'GameplayTags' in 0.0007 seconds. Added 12 classes and 0 folders.
[2016.04.27-15.31.01:127][  0]LogContentBrowser: Native class hierarchy updated for 'WidgetCarousel' in 0.0006 seconds. Added 0 classes and 0 folders.
[2016.04.27-15.31.01:136][  0]LogContentBrowser: Native class hierarchy updated for 'SuperSearch' in 0.0006 seconds. Added 1 classes and 2 folders.
[2016.04.27-15.31.01:210][  0]LogContentBrowser: Native class hierarchy updated for 'AddContentDialog' in 0.0006 seconds. Added 0 classes and 0 folders.
[2016.04.27-15.31.01:216][  0]LogContentBrowser: Native class hierarchy updated for 'SceneOutliner' in 0.0006 seconds. Added 1 classes and 2 folders.
[2016.04.27-15.31.01:256][  0]LogCrashTracker: Crashtracker disabled due to settings.
[2016.04.27-15.31.01:261][  0]LogUObjectGlobals:Warning: Failed to find object 'Class None.'
[2016.04.27-15.31.01:330][  0]LogContentBrowser: Native class hierarchy updated for 'HierarchicalLODOutliner' in 0.0006 seconds. Added 1 classes and 2 folders.
[2016.04.27-15.31.01:330][  0]LogLoad: Full Startup: 11.40 seconds (BP compile: 0.12 seconds)
[2016.04.27-15.31.01:330][  0]LogExternalProfiler:Warning: No registered external profiler was matched with a command-line switch (or the DLL could not be loaded).  External profiling features will not be available.
[2016.04.27-15.31.01:669][  0]LogOcInput: OculusInput pre-init called
[2016.04.27-15.31.01:728][  0]LogContentStreaming: Texture pool size now 1000 MB
[2016.04.27-15.31.01:973][  0]LogRenderer: Reallocating scene render targets to support 1208x576 (Frame:2).
[2016.04.27-15.31.02:065][  1]Cmd: UpdateLandscapeEditorData -warnings
[2016.04.27-15.31.02:423][  2]LogAssetRegistry: Asset discovery search completed in 4.6856 seconds
[2016.04.27-15.31.02:423][  2]LogCollectionManager: Rebuilt the object cache for 0 collections in 0.000001 seconds (found 0 objects)
[2016.04.27-15.31.02:423][  2]LogCollectionManager: Fixed up redirectors for 0 collections in 0.000033 seconds (updated 0 objects)
[2016.04.27-15.34.44:107][372]LogTexture:Display: Building textures: Texture2D_2 (G8)
[2016.04.27-15.35.25:383][218]LogTexture:Display: Building textures: Rocks_norm (BC5)
[2016.04.27-15.35.25:597][218]LogTexture:Display: Building textures: Rocks_diff (AutoDXT)
[2016.04.27-15.35.26:188][218]LogTexture:Display: Building textures: Rocks_spec (AutoDXT)
[2016.04.27-15.35.26:383][218]LogMaterial: Missing cached shader map for material Rocks_Mat, compiling. 
[2016.04.27-15.35.26:406][218]LogStaticMesh: Building static mesh Rock_1...
[2016.04.27-15.35.26:432][218]LogStaticMesh: Built static mesh [0.03s] /Game/Assets/Rocks/Rock_1.Rock_1
[2016.04.27-15.35.27:600][300]LogStaticMesh: Building static mesh Rock_2...
[2016.04.27-15.35.27:632][300]LogStaticMesh: Built static mesh [0.03s] /Game/Assets/Rocks/Rock_2.Rock_2
[2016.04.27-15.35.27:639][300]LogStaticMesh: Building static mesh Rock_3...
[2016.04.27-15.35.27:676][300]LogStaticMesh: Built static mesh [0.04s] /Game/Assets/Rocks/Rock_3.Rock_3
[2016.04.27-15.35.27:683][300]LogStaticMesh: Building static mesh Rock_4...
[2016.04.27-15.35.27:719][300]LogStaticMesh: Built static mesh [0.04s] /Game/Assets/Rocks/Rock_4.Rock_4
[2016.04.27-15.35.47:808][105]LogStaticMesh: Building static mesh Flowers_1...
[2016.04.27-15.35.47:843][105]LogStaticMesh: Built static mesh [0.04s] /Game/Assets/Flowers/Flowers_1.Flowers_1
[2016.04.27-15.35.48:116][109]LogActorFactory: Actor Factory created Flowers_1
[2016.04.27-15.35.48:699][161]LogActorFactory: Actor Factory created Flowers_1
[2016.04.27-15.35.54:033][791]LogStaticMesh: Building static mesh Flowers_2...
[2016.04.27-15.35.54:070][791]LogStaticMesh: Built static mesh [0.04s] /Game/Assets/Flowers/Flowers_2.Flowers_2
[2016.04.27-15.35.54:135][797]LogActorFactory: Actor Factory created Flowers_2
[2016.04.27-15.35.54:870][872]LogActorFactory: Actor Factory created Flowers_2
[2016.04.27-15.35.56:483][ 53]LogStaticMesh: Building static mesh Leaves...
[2016.04.27-15.35.56:517][ 53]LogStaticMesh: Built static mesh [0.03s] /Game/Assets/Flowers/Leaves.Leaves
[2016.04.27-15.35.56:558][ 56]LogActorFactory: Actor Factory created Leaves
[2016.04.27-15.35.57:315][137]LogActorFactory: Actor Factory created Leaves
[2016.04.27-15.36.01:920][594]LogMaterial: Missing cached shader map for material Flowers, compiling. 
[2016.04.27-15.36.01:932][594]LogStaticMesh: Building static mesh Single_flower...
[2016.04.27-15.36.01:949][594]LogStaticMesh: Built static mesh [0.02s] /Game/Assets/Flowers/Single_flower.Single_flower
[2016.04.27-15.36.02:002][596]LogActorFactory: Actor Factory created Single_flower
[2016.04.27-15.36.02:605][638]LogActorFactory: Actor Factory created Single_flower
[2016.04.27-15.36.04:006][755]LogStaticMesh: Building static mesh Single_leaf...
[2016.04.27-15.36.04:022][755]LogStaticMesh: Built static mesh [0.02s] /Game/Assets/Flowers/Single_leaf.Single_leaf
[2016.04.27-15.36.04:086][759]LogActorFactory: Actor Factory created Single_leaf
[2016.04.27-15.36.04:907][831]LogActorFactory: Actor Factory created Single_leaf
[2016.04.27-15.36.11:140][474]LogMaterial:Warning: Material /Game/Assets/Rocks/Rocks_Mat.Rocks_Mat needed to have new flag set bUsedWithInstancedStaticMeshes !
[2016.04.27-15.36.11:146][474]LogMaterial: Missing cached shader map for material Rocks_Mat, compiling. 
[2016.04.27-15.36.11:167][474]LogMaterial: 0.00 seconds spent updating 1 materials, 1 interfaces, 0 instances, 0 with static permutations.
[2016.04.27-15.36.13:875][690]Cmd: TRANSACTION UNDO
[2016.04.27-15.36.13:875][690]LogEditorTransaction: Undo Foliage Editing
[2016.04.27-15.36.14:776][749]Cmd: TRANSACTION UNDO
[2016.04.27-15.36.14:776][749]LogEditorTransaction: Undo Foliage Editing
[2016.04.27-15.36.20:715][353]LogEditorViewport: Clicking on Actor (LMB): StaticMeshActor (Leaves)
[2016.04.27-15.36.21:575][439]Cmd: DELETE
[2016.04.27-15.36.21:575][439]Cmd: ACTOR DELETE
[2016.04.27-15.36.21:576][439]LogEditorActor: Deleted Actor: StaticMeshActor
[2016.04.27-15.36.21:598][439]LogEditorActor: Deleted 1 Actors (0.022 secs)
[2016.04.27-15.36.22:097][498]LogEditorViewport: Clicking on Actor (LMB): StaticMeshActor (Flowers_1)
[2016.04.27-15.36.22:378][524]Cmd: DELETE
[2016.04.27-15.36.22:378][524]Cmd: ACTOR DELETE
[2016.04.27-15.36.22:379][524]LogEditorActor: Deleted Actor: StaticMeshActor
[2016.04.27-15.36.22:389][524]LogEditorActor: Deleted 1 Actors (0.011 secs)
[2016.04.27-15.36.22:654][555]LogEditorViewport: Clicking on Actor (LMB): StaticMeshActor (Flowers_2)
[2016.04.27-15.36.22:850][572]Cmd: DELETE
[2016.04.27-15.36.22:851][572]Cmd: ACTOR DELETE
[2016.04.27-15.36.22:852][572]LogEditorActor: Deleted Actor: StaticMeshActor
[2016.04.27-15.36.22:861][572]LogEditorActor: Deleted 1 Actors (0.011 secs)
[2016.04.27-15.36.23:430][640]LogEditorViewport: Clicking on Actor (LMB): StaticMeshActor (Single_flower)
[2016.04.27-15.36.23:656][660]Cmd: DELETE
[2016.04.27-15.36.23:656][660]Cmd: ACTOR DELETE
[2016.04.27-15.36.23:657][660]LogEditorActor: Deleted Actor: StaticMeshActor
[2016.04.27-15.36.23:666][660]LogEditorActor: Deleted 1 Actors (0.010 secs)
[2016.04.27-15.36.24:064][707]LogEditorViewport: Clicking on Actor (LMB): StaticMeshActor (Single_leaf)
[2016.04.27-15.36.24:216][720]Cmd: DELETE
[2016.04.27-15.36.24:216][720]Cmd: ACTOR DELETE
[2016.04.27-15.36.24:217][720]LogEditorActor: Deleted Actor: StaticMeshActor
[2016.04.27-15.36.24:226][720]LogEditorActor: Deleted 1 Actors (0.010 secs)
[2016.04.27-15.36.34:886][720]LogActorFactory: Actor Factory created Flowers_1
[2016.04.27-15.36.35:347][771]LogActorFactory: Actor Factory created Flowers_1
[2016.04.27-15.36.36:086][825]LogActorFactory: Actor Factory created Flowers_2
[2016.04.27-15.36.36:600][870]LogActorFactory: Actor Factory created Flowers_2
[2016.04.27-15.36.38:055][973]LogActorFactory: Actor Factory created Leaves
[2016.04.27-15.36.38:593][ 26]LogActorFactory: Actor Factory created Leaves
[2016.04.27-15.36.39:230][ 73]LogActorFactory: Actor Factory created Single_flower
[2016.04.27-15.36.39:871][130]LogActorFactory: Actor Factory created Single_flower
[2016.04.27-15.36.40:468][171]LogActorFactory: Actor Factory created Single_leaf
[2016.04.27-15.36.40:948][215]LogActorFactory: Actor Factory created Single_leaf
[2016.04.27-15.36.52:203][408]LogEditorViewport: Clicking on Actor (context menu): StaticMeshActor (Flowers_1)
[2016.04.27-15.37.05:834][554]LogEditorViewport: Clicking on Actor (LMB): StaticMeshActor (Flowers_2)
[2016.04.27-15.37.08:775][834]LogEditorViewport: Clicking on Actor (LMB): Landscape (Landscape)
[2016.04.27-15.37.09:700][914]LogEditorViewport: Clicking on Actor (LMB): StaticMeshActor (Leaves)
[2016.04.27-15.37.28:150][858]LogEditorViewport: Clicking on Actor (LMB): StaticMeshActor (Single_leaf)
[2016.04.27-15.37.38:065][865]LogTexture:Display: Building textures: SimplygonLogo (AutoDXT)
[2016.04.27-15.38.11:277][544]LogEditorViewport: Clicking on Actor (context menu): StaticMeshActor (Flowers_2)
[2016.04.27-15.38.12:199][616]Cmd: OBJ SAVEPACKAGE PACKAGE="/Game/Assets/Flowers/Flowers_1" FILE="F:/University/Year 2/Experimental Games/Macbeth/Macbeth/Content/Assets/Flowers/Flowers_1.uasset" SILENT=true
[2016.04.27-15.38.12:253][616]LogSavePackage: Save=22.86ms
[2016.04.27-15.38.12:253][616]LogSavePackage: Moving 'F:/University/Year 2/Experimental Games/Macbeth/Macbeth/Saved/Flowers_16D7217084DC267931D4123B96C30650C.tmp' to 'F:/University/Year 2/Experimental Games/Macbeth/Macbeth/Content/Assets/Flowers/Flowers_1.uasset'
[2016.04.27-15.38.12:259][616]LogSavePackage: Total save time: 56.31ms
[2016.04.27-15.38.12:259][616]LogSavePackage:Display: Finished SavePackage F:/University/Year 2/Experimental Games/Macbeth/Macbeth/Content/Assets/Flowers/Flowers_1.uasset
[2016.04.27-15.38.15:409][862]LogEditorViewport: Clicking on Actor (LMB): StaticMeshActor (Flowers_1)
[2016.04.27-15.38.15:496][865]LogEditorViewport: Clicking on Component (LMB): StaticMeshComponent (StaticMeshComponent0)
[2016.04.27-15.38.17:117][  1]LogEditorViewport: Clicking on Actor (LMB): StaticMeshActor (Flowers_2)
[2016.04.27-15.38.17:215][  5]LogEditorViewport: Clicking on Component (LMB): StaticMeshComponent (StaticMeshComponent0)
[2016.04.27-15.38.18:300][ 97]LogEditorViewport: Clicking on Component (LMB): StaticMeshComponent (StaticMeshComponent0)
[2016.04.27-15.38.18:385][103]LogEditorViewport: Clicking on Actor (double click): StaticMeshActor (Flowers_2)
[2016.04.27-15.38.24:984][703]LogEditorViewport: Clicking on Actor (LMB): StaticMeshActor (Leaves)
[2016.04.27-15.38.25:084][707]LogEditorViewport: Clicking on Component (LMB): StaticMeshComponent (StaticMeshComponent0)
[2016.04.27-15.38.25:828][780]LogEditorViewport: Clicking on Component (LMB): StaticMeshComponent (StaticMeshComponent0)
[2016.04.27-15.38.26:053][801]LogEditorViewport: Clicking on Component (LMB): StaticMeshComponent (StaticMeshComponent0)
[2016.04.27-15.38.26:330][830]LogEditorViewport: Clicking on Actor (double click): StaticMeshActor (Leaves)
[2016.04.27-15.38.26:587][855]LogEditorViewport: Clicking on Actor (LMB): StaticMeshActor (Leaves)
[2016.04.27-15.38.26:953][893]LogEditorViewport: Clicking on Component (LMB): StaticMeshComponent (StaticMeshComponent0)
[2016.04.27-15.38.27:187][913]LogEditorViewport: Clicking on Component (LMB): StaticMeshComponent (StaticMeshComponent0)
[2016.04.27-15.38.49:347][664]Cmd: OBJ SAVEPACKAGE PACKAGE="/Game/Assets/Flowers/Flowers_2" FILE="F:/University/Year 2/Experimental Games/Macbeth/Macbeth/Content/Assets/Flowers/Flowers_2.uasset" SILENT=true
[2016.04.27-15.38.49:403][664]LogSavePackage: Save=22.46ms
[2016.04.27-15.38.49:403][664]LogSavePackage: Moving 'F:/University/Year 2/Experimental Games/Macbeth/Macbeth/Saved/Flowers_2C2206145466D1D6F20D5E6A1E461B4F1.tmp' to 'F:/University/Year 2/Experimental Games/Macbeth/Macbeth/Content/Assets/Flowers/Flowers_2.uasset'
[2016.04.27-15.38.49:409][664]LogSavePackage: Total save time: 58.58ms
[2016.04.27-15.38.49:409][664]LogSavePackage:Display: Finished SavePackage F:/University/Year 2/Experimental Games/Macbeth/Macbeth/Content/Assets/Flowers/Flowers_2.uasset
[2016.04.27-15.38.57:579][317]Cmd: OBJ SAVEPACKAGE PACKAGE="/Game/Assets/Flowers/Leaves" FILE="F:/University/Year 2/Experimental Games/Macbeth/Macbeth/Content/Assets/Flowers/Leaves.uasset" SILENT=true
[2016.04.27-15.38.57:632][317]LogSavePackage: Save=20.48ms
[2016.04.27-15.38.57:632][317]LogSavePackage: Moving 'F:/University/Year 2/Experimental Games/Macbeth/Macbeth/Saved/Leaves13C886B54CC342A6DFD12397B957DAC7.tmp' to 'F:/University/Year 2/Experimental Games/Macbeth/Macbeth/Content/Assets/Flowers/Leaves.uasset'
[2016.04.27-15.38.57:637][317]LogSavePackage: Total save time: 55.56ms
[2016.04.27-15.38.57:637][317]LogSavePackage:Display: Finished SavePackage F:/University/Year 2/Experimental Games/Macbeth/Macbeth/Content/Assets/Flowers/Leaves.uasset
[2016.04.27-15.39.09:429][243]Cmd: OBJ SAVEPACKAGE PACKAGE="/Game/Assets/Flowers/Single_leaf" FILE="F:/University/Year 2/Experimental Games/Macbeth/Macbeth/Content/Assets/Flowers/Single_leaf.uasset" SILENT=true
[2016.04.27-15.39.09:477][243]LogSavePackage: Save=19.39ms
[2016.04.27-15.39.09:477][243]LogSavePackage: Moving 'F:/University/Year 2/Experimental Games/Macbeth/Macbeth/Saved/Single_leafF6305091408964CFD47B40B940B47611.tmp' to 'F:/University/Year 2/Experimental Games/Macbeth/Macbeth/Content/Assets/Flowers/Single_leaf.uasset'
[2016.04.27-15.39.09:483][243]LogSavePackage: Total save time: 50.65ms
[2016.04.27-15.39.09:483][243]LogSavePackage:Display: Finished SavePackage F:/University/Year 2/Experimental Games/Macbeth/Macbeth/Content/Assets/Flowers/Single_leaf.uasset
[2016.04.27-15.39.21:991][552]LogEditorViewport: Clicking on Actor (LMB): StaticMeshActor (Single_leaf)
[2016.04.27-15.39.22:551][608]Cmd: DELETE
[2016.04.27-15.39.22:551][608]Cmd: ACTOR DELETE
[2016.04.27-15.39.22:552][608]LogEditorActor: Deleted Actor: StaticMeshActor
[2016.04.27-15.39.22:566][608]LogEditorActor: Deleted 1 Actors (0.015 secs)
[2016.04.27-15.39.23:058][666]LogEditorViewport: Clicking on Actor (LMB): StaticMeshActor (Single_flower)
[2016.04.27-15.39.23:269][683]Cmd: DELETE
[2016.04.27-15.39.23:269][683]Cmd: ACTOR DELETE
[2016.04.27-15.39.23:270][683]LogEditorActor: Deleted Actor: StaticMeshActor
[2016.04.27-15.39.23:282][683]LogEditorActor: Deleted 1 Actors (0.013 secs)
[2016.04.27-15.39.23:667][728]LogEditorViewport: Clicking on Actor (LMB): StaticMeshActor (Leaves)
[2016.04.27-15.39.23:896][747]Cmd: DELETE
[2016.04.27-15.39.23:896][747]Cmd: ACTOR DELETE
[2016.04.27-15.39.23:897][747]LogEditorActor: Deleted Actor: StaticMeshActor
[2016.04.27-15.39.23:909][747]LogEditorActor: Deleted 1 Actors (0.013 secs)
[2016.04.27-15.39.24:462][812]LogEditorViewport: Clicking on Actor (LMB): StaticMeshActor (Flowers_2)
[2016.04.27-15.39.24:659][827]Cmd: DELETE
[2016.04.27-15.39.24:659][827]Cmd: ACTOR DELETE
[2016.04.27-15.39.24:660][827]LogEditorActor: Deleted Actor: StaticMeshActor
[2016.04.27-15.39.24:669][827]LogEditorActor: Deleted 1 Actors (0.010 secs)
[2016.04.27-15.39.25:178][887]LogEditorViewport: Clicking on Actor (LMB): StaticMeshActor (Flowers_1)
[2016.04.27-15.39.25:379][904]Cmd: DELETE
[2016.04.27-15.39.25:380][904]Cmd: ACTOR DELETE
[2016.04.27-15.39.25:381][904]LogEditorActor: Deleted Actor: StaticMeshActor
[2016.04.27-15.39.25:390][904]LogEditorActor: Deleted 1 Actors (0.011 secs)
[2016.04.27-15.39.33:148][685]LogActorFactory: Actor Factory created Flowers_1
[2016.04.27-15.39.34:115][799]LogActorFactory: Actor Factory created Flowers_1
[2016.04.27-15.39.40:325][369]LogActorFactory: Actor Factory created Flowers_1
[2016.04.27-15.39.40:326][369]LogActorFactory: Actor Factory created Flowers_2
[2016.04.27-15.39.40:327][369]LogActorFactory: Actor Factory created Leaves
[2016.04.27-15.39.40:327][369]LogActorFactory: Actor Factory created Single_flower
[2016.04.27-15.39.40:328][369]LogActorFactory: Actor Factory created Single_leaf
[2016.04.27-15.40.18:614][910]LogMaterial:Warning: Material /Game/Assets/Flowers/Flowers.Flowers needed to have new flag set bUsedWithInstancedStaticMeshes !
[2016.04.27-15.40.18:616][910]LogMaterial: Missing cached shader map for material Flowers, compiling. 
[2016.04.27-15.40.18:639][910]LogMaterial: 0.00 seconds spent updating 1 materials, 1 interfaces, 0 instances, 0 with static permutations.
[2016.04.27-15.40.52:786][648]LogEditorViewport: Clicking on Actor (context menu): Landscape (Landscape)
[2016.04.27-15.41.59:536][272]LogSavePackage: Save=2960.68ms
[2016.04.27-15.41.59:537][272]LogSavePackage: Moving 'F:/University/Year 2/Experimental Games/Macbeth/Macbeth/Saved/ThirdPersonExampleMap71194F144C29E054D7842AB31D09028F.tmp' to 'F:/University/Year 2/Experimental Games/Macbeth/Macbeth/Content/ThirdPersonBP/Maps/ThirdPersonExampleMap.umap'
[2016.04.27-15.41.59:549][272]LogSavePackage: Total save time: 4837.99ms
[2016.04.27-15.41.59:549][272]LogSavePackage:Display: Finished SavePackage F:/University/Year 2/Experimental Games/Macbeth/Macbeth/Content/ThirdPersonBP/Maps/ThirdPersonExampleMap.umap
[2016.04.27-15.42.31:281][685]LogEditorViewport: Clicking Background
[2016.04.27-15.47.42:528][351]LogSavePackage: Save=2900.07ms
[2016.04.27-15.47.42:529][351]LogSavePackage: Moving 'F:/University/Year 2/Experimental Games/Macbeth/Macbeth/Saved/ThirdPersonExampleMapEB9964994D0F88D25B6B9DAD329F6E63.tmp' to 'F:/University/Year 2/Experimental Games/Macbeth/Macbeth/Content/ThirdPersonBP/Maps/ThirdPersonExampleMap.umap'
[2016.04.27-15.47.42:540][351]LogSavePackage: Total save time: 4569.65ms
[2016.04.27-15.47.42:540][351]LogSavePackage:Display: Finished SavePackage F:/University/Year 2/Experimental Games/Macbeth/Macbeth/Content/ThirdPersonBP/Maps/ThirdPersonExampleMap.umap
[2016.04.27-15.50.40:742][715]Cmd: TRANSACTION UNDO
[2016.04.27-15.50.40:742][715]LogEditorTransaction: Undo Foliage Editing
[2016.04.27-15.57.01:386][213]LogEditorViewport: Clicking on Actor (context menu): Landscape (Landscape)
[2016.04.27-15.57.17:836][136]LogSavePackage: Save=2728.82ms
[2016.04.27-15.57.17:837][136]LogSavePackage: Moving 'F:/University/Year 2/Experimental Games/Macbeth/Macbeth/Saved/ThirdPersonExampleMap467713FB499E777C6B9B2A9BA406EA4B.tmp' to 'F:/University/Year 2/Experimental Games/Macbeth/Macbeth/Content/ThirdPersonBP/Maps/ThirdPersonExampleMap.umap'
[2016.04.27-15.57.17:848][136]LogSavePackage: Total save time: 4407.37ms
[2016.04.27-15.57.17:849][136]LogSavePackage:Display: Finished SavePackage F:/University/Year 2/Experimental Games/Macbeth/Macbeth/Content/ThirdPersonBP/Maps/ThirdPersonExampleMap.umap
[2016.04.27-15.59.05:714][805]LogEditorViewport: Clicking Background
[2016.04.27-16.01.37:161][564]LogSavePackage: Save=2946.38ms
[2016.04.27-16.01.37:162][564]LogSavePackage: Moving 'F:/University/Year 2/Experimental Games/Macbeth/Macbeth/Saved/ThirdPersonExampleMap2CE973A644921597DB95FE918C3108BC.tmp' to 'F:/University/Year 2/Experimental Games/Macbeth/Macbeth/Content/ThirdPersonBP/Maps/ThirdPersonExampleMap.umap'
[2016.04.27-16.01.37:172][564]LogSavePackage: Total save time: 2958.61ms
[2016.04.27-16.01.37:172][564]LogSavePackage:Display: Finished SavePackage F:/University/Year 2/Experimental Games/Macbeth/Macbeth/Content/ThirdPersonBP/Maps/ThirdPersonExampleMap.umap
[2016.04.27-16.03.22:228][523]Cmd: TRANSACTION UNDO
[2016.04.27-16.03.22:228][523]LogEditorTransaction: Undo Foliage Editing
[2016.04.27-16.04.34:457][ 61]Cmd: TRANSACTION UNDO
[2016.04.27-16.04.34:457][ 61]LogEditorTransaction: Undo Foliage Editing
[2016.04.27-16.05.20:210][ 51]Cmd: TRANSACTION UNDO
[2016.04.27-16.05.20:210][ 51]LogEditorTransaction: Undo Foliage Editing
[2016.04.27-16.05.42:729][487]Cmd: TRANSACTION UNDO
[2016.04.27-16.05.42:729][487]LogEditorTransaction: Undo Foliage Editing
[2016.04.27-16.05.47:398][997]Cmd: TRANSACTION UNDO
[2016.04.27-16.05.47:398][997]LogEditorTransaction: Undo Foliage Editing
[2016.04.27-16.05.52:952][617]Cmd: TRANSACTION UNDO
[2016.04.27-16.05.52:952][617]LogEditorTransaction: Undo Foliage Editing
[2016.04.27-16.06.05:578][971]LogEditorViewport: Clicking on Actor (context menu): InstancedFoliageActor (InstancedFoliageActor1)
[2016.04.27-16.07.10:666][562]Cmd: TRANSACTION UNDO
[2016.04.27-16.07.10:666][562]LogEditorTransaction: Undo Foliage Editing
[2016.04.27-16.07.12:554][742]Cmd: TRANSACTION UNDO
[2016.04.27-16.07.12:554][742]LogEditorTransaction: Undo Foliage Editing
[2016.04.27-16.07.40:256][901]LogSavePackage: Save=2841.31ms
[2016.04.27-16.07.40:257][901]LogSavePackage: Moving 'F:/University/Year 2/Experimental Games/Macbeth/Macbeth/Saved/ThirdPersonExampleMapD103AA214AFA07A0516C2C87513EA000.tmp' to 'F:/University/Year 2/Experimental Games/Macbeth/Macbeth/Content/ThirdPersonBP/Maps/ThirdPersonExampleMap.umap'
[2016.04.27-16.07.40:268][901]LogSavePackage: Total save time: 4526.93ms
[2016.04.27-16.07.40:268][901]LogSavePackage:Display: Finished SavePackage F:/University/Year 2/Experimental Games/Macbeth/Macbeth/Content/ThirdPersonBP/Maps/ThirdPersonExampleMap.umap
[2016.04.27-16.08.48:715][957]Cmd: TRANSACTION UNDO
[2016.04.27-16.08.48:715][957]LogEditorTransaction: Undo Foliage Editing
[2016.04.27-16.10.16:173][ 38]Cmd: TRANSACTION UNDO
[2016.04.27-16.10.16:173][ 38]LogEditorTransaction: Undo Foliage Editing
[2016.04.27-16.11.11:609][770]LogEditorViewport: Clicking Background
[2016.04.27-16.11.15:376][153]LogEditorViewport: Clicking Background
[2016.04.27-16.11.19:497][535]LogEditorViewport: Clicking Background
[2016.04.27-16.11.19:872][576]LogEditorViewport: Clicking Background
[2016.04.27-16.11.35:449][144]Cmd: TRANSACTION UNDO
[2016.04.27-16.11.35:449][144]LogEditorTransaction: Undo Foliage Editing
[2016.04.27-16.11.35:976][175]Cmd: TRANSACTION UNDO
[2016.04.27-16.11.35:976][175]LogEditorTransaction: Undo Foliage Editing
[2016.04.27-16.11.49:971][671]Cmd: TRANSACTION UNDO
[2016.04.27-16.11.49:971][671]LogEditorTransaction: Undo Foliage Editing
[2016.04.27-16.11.50:517][697]Cmd: TRANSACTION UNDO
[2016.04.27-16.11.50:517][697]LogEditorTransaction: Undo Foliage Editing
[2016.04.27-16.12.00:599][722]Cmd: TRANSACTION UNDO
[2016.04.27-16.12.00:599][722]LogEditorTransaction: Undo Foliage Editing
[2016.04.27-16.12.01:625][821]Cmd: TRANSACTION UNDO
[2016.04.27-16.12.01:625][821]LogEditorTransaction: Undo Foliage Editing
[2016.04.27-16.12.29:537][962]LogEditorViewport: Clicking on Actor (double click): InstancedFoliageActor (InstancedFoliageActor1)
[2016.04.27-16.13.00:716][228]LogEditorViewport: Clicking on Actor (context menu): InstancedFoliageActor (InstancedFoliageActor1)
[2016.04.27-16.13.01:449][313]Cmd: TRANSACTION UNDO
[2016.04.27-16.13.01:449][313]LogEditorTransaction: Undo Clicking on Actors (context menu)
[2016.04.27-16.13.01:842][345]Cmd: TRANSACTION UNDO
[2016.04.27-16.13.01:842][345]LogEditorTransaction: Undo Foliage Editing
[2016.04.27-16.13.02:131][357]Cmd: TRANSACTION UNDO
[2016.04.27-16.13.02:131][357]LogEditorTransaction: Undo Foliage Editing
[2016.04.27-16.13.30:679][400]Cmd: TRANSACTION UNDO
[2016.04.27-16.13.30:679][400]LogEditorTransaction: Undo Foliage Editing
[2016.04.27-16.13.30:944][408]Cmd: TRANSACTION UNDO
[2016.04.27-16.13.30:944][408]LogEditorTransaction: Undo Foliage Editing
[2016.04.27-16.14.30:229][770]Cmd: TRANSACTION UNDO
[2016.04.27-16.14.30:229][770]LogEditorTransaction: Undo Foliage Editing
[2016.04.27-16.14.30:825][799]Cmd: TRANSACTION UNDO
[2016.04.27-16.14.30:825][799]LogEditorTransaction: Undo Foliage Editing
[2016.04.27-16.14.33:291][ 70]Cmd: TRANSACTION UNDO
[2016.04.27-16.14.33:291][ 70]LogEditorTransaction: Undo Move Actors
[2016.04.27-16.14.33:641][108]Cmd: TRANSACTION UNDO
[2016.04.27-16.14.33:641][108]LogEditorTransaction: Undo Foliage Editing
[2016.04.27-16.14.35:894][329]LogEditorViewport: Clicking Background
[2016.04.27-16.14.36:347][382]LogEditorViewport: Clicking Background
[2016.04.27-16.14.44:326][305]Cmd: TRANSACTION UNDO
[2016.04.27-16.14.44:326][305]LogEditorTransaction: Undo Foliage Editing
[2016.04.27-16.14.49:686][879]Cmd: TRANSACTION UNDO
[2016.04.27-16.14.49:686][879]LogEditorTransaction: Undo Foliage Editing
[2016.04.27-16.14.57:896][817]LogEditorViewport: Clicking on Actor (double click): Landscape (Landscape)
[2016.04.27-16.15.04:631][551]Cmd: TRANSACTION UNDO
[2016.04.27-16.15.04:631][551]LogEditorTransaction: Undo Foliage Editing
[2016.04.27-16.15.23:557][482]LogEditorViewport: Clicking Background
[2016.04.27-16.15.29:862][129]Cmd: TRANSACTION UNDO
[2016.04.27-16.15.29:862][129]LogEditorTransaction: Undo Foliage Editing
[2016.04.27-16.15.48:745][229]LogEditorViewport: Clicking Background
[2016.04.27-16.15.58:499][287]Cmd: TRANSACTION UNDO
[2016.04.27-16.15.58:499][287]LogEditorTransaction: Undo Foliage Editing
[2016.04.27-16.16.00:073][436]Cmd: TRANSACTION UNDO
[2016.04.27-16.16.00:073][436]LogEditorTransaction: Undo Foliage Editing
[2016.04.27-16.16.12:409][797]Cmd: TRANSACTION UNDO
[2016.04.27-16.16.12:409][797]LogEditorTransaction: Undo Foliage Editing
[2016.04.27-16.16.33:862][541]LogSavePackage: Save=2756.30ms
[2016.04.27-16.16.33:863][541]LogSavePackage: Moving 'F:/University/Year 2/Experimental Games/Macbeth/Macbeth/Saved/ThirdPersonExampleMap402701BD4169DAE770ECBD8F4B9051A0.tmp' to 'F:/University/Year 2/Experimental Games/Macbeth/Macbeth/Content/ThirdPersonBP/Maps/ThirdPersonExampleMap.umap'
[2016.04.27-16.16.33:875][541]LogSavePackage: Total save time: 4633.88ms
[2016.04.27-16.16.33:875][541]LogSavePackage:Display: Finished SavePackage F:/University/Year 2/Experimental Games/Macbeth/Macbeth/Content/ThirdPersonBP/Maps/ThirdPersonExampleMap.umap
[2016.04.27-16.17.04:134][640]Cmd: TRANSACTION UNDO
[2016.04.27-16.17.04:134][640]LogEditorTransaction: Undo Foliage Editing
[2016.04.27-16.17.09:976][186]Cmd: TRANSACTION UNDO
[2016.04.27-16.17.09:976][186]LogEditorTransaction: Undo Foliage Editing
[2016.04.27-16.17.19:991][212]LogEditorViewport: Clicking on Actor (double click): Landscape (Landscape)
[2016.04.27-16.17.42:455][667]Cmd: TRANSACTION UNDO
[2016.04.27-16.17.42:455][667]LogEditorTransaction: Undo Foliage Editing
[2016.04.27-16.18.07:023][427]LogEditorViewport: Clicking on Actor (double click): Landscape (Landscape)
[2016.04.27-16.19.14:377][693]Cmd: TRANSACTION UNDO
[2016.04.27-16.19.14:377][693]LogEditorTransaction: Undo Foliage Editing
[2016.04.27-16.19.16:488][905]Cmd: TRANSACTION UNDO
[2016.04.27-16.19.16:488][905]LogEditorTransaction: Undo Foliage Editing
[2016.04.27-16.19.18:982][170]Cmd: TRANSACTION UNDO
[2016.04.27-16.19.18:982][170]LogEditorTransaction: Undo Foliage Editing
[2016.04.27-16.19.37:174][211]Cmd: TRANSACTION UNDO
[2016.04.27-16.19.37:174][211]LogEditorTransaction: Undo Foliage Editing
[2016.04.27-16.20.07:445][293]Cmd: TRANSACTION UNDO
[2016.04.27-16.20.07:445][293]LogEditorTransaction: Undo Foliage Editing
[2016.04.27-16.20.19:567][579]LogEditorViewport: Clicking Background
[2016.04.27-16.21.11:851][863]LogSavePackage: Save=2747.18ms
[2016.04.27-16.21.11:852][863]LogSavePackage: Moving 'F:/University/Year 2/Experimental Games/Macbeth/Macbeth/Saved/ThirdPersonExampleMapD80FDE114E96E872806970977613C0CE.tmp' to 'F:/University/Year 2/Experimental Games/Macbeth/Macbeth/Content/ThirdPersonBP/Maps/ThirdPersonExampleMap.umap'
[2016.04.27-16.21.11:864][863]LogSavePackage: Total save time: 2760.10ms
[2016.04.27-16.21.11:864][863]LogSavePackage:Display: Finished SavePackage F:/University/Year 2/Experimental Games/Macbeth/Macbeth/Content/ThirdPersonBP/Maps/ThirdPersonExampleMap.umap
[2016.04.27-16.21.44:473][483]Cmd: TRANSACTION UNDO
[2016.04.27-16.21.44:473][483]LogEditorTransaction: Undo Foliage Editing
[2016.04.27-16.22.03:367][659]Cmd: TRANSACTION UNDO
[2016.04.27-16.22.03:367][659]LogEditorTransaction: Undo Foliage Editing
[2016.04.27-16.22.03:930][689]Cmd: TRANSACTION UNDO
[2016.04.27-16.22.03:930][689]LogEditorTransaction: Undo Foliage Editing
[2016.04.27-16.23.41:114][929]Cmd: TRANSACTION UNDO
[2016.04.27-16.23.41:114][929]LogEditorTransaction: Undo Foliage Editing
[2016.04.27-16.24.02:399][330]LogPrimitiveComponent: Zero scaling not supported (/Engine/Transient.SphereBrushComponent)
[2016.04.27-16.24.17:788][480]LogSavePackage: Save=2919.10ms
[2016.04.27-16.24.17:789][480]LogSavePackage: Moving 'F:/University/Year 2/Experimental Games/Macbeth/Macbeth/Saved/ThirdPersonExampleMapD04C0CB84564C95DBEAFFB87149E547F.tmp' to 'F:/University/Year 2/Experimental Games/Macbeth/Macbeth/Content/ThirdPersonBP/Maps/ThirdPersonExampleMap.umap'
[2016.04.27-16.24.17:800][480]LogSavePackage: Total save time: 4813.65ms
[2016.04.27-16.24.17:800][480]LogSavePackage:Display: Finished SavePackage F:/University/Year 2/Experimental Games/Macbeth/Macbeth/Content/ThirdPersonBP/Maps/ThirdPersonExampleMap.umap
[2016.04.27-16.24.18:566][549]LogBlueprintUserMessages: Early PlayInEditor Detection: Level '/Game/ThirdPersonBP/Maps/ThirdPersonExampleMap.ThirdPersonExampleMap:PersistentLevel' has LevelScriptBlueprint '/Game/ThirdPersonBP/Maps/ThirdPersonExampleMap.ThirdPersonExampleMap:PersistentLevel.ThirdPersonExampleMap' with GeneratedClass '/Game/ThirdPersonBP/Maps/ThirdPersonExampleMap.ThirdPersonExampleMap_C' with ClassGeneratedBy '/Game/ThirdPersonBP/Maps/ThirdPersonExampleMap.ThirdPersonExampleMap:PersistentLevel.ThirdPersonExampleMap'
[2016.04.27-16.24.18:566][549]LogPlayLevel: PlayLevel: No blueprints needed recompiling
[2016.04.27-16.24.18:567][549]PIE: New page: PIE session: ThirdPersonExampleMap (27 Apr 2016 17:24:18)
[2016.04.27-16.24.18:567][549]LogPlayLevel: Creating play world package: /Game/ThirdPersonBP/Maps/UEDPIE_0_ThirdPersonExampleMap
[2016.04.27-16.24.18:755][549]LogPlayLevel: PIE: StaticDuplicateObject took: (0.187637s)
[2016.04.27-16.24.18:755][549]LogAIModule: Creating AISystem for world ThirdPersonExampleMap
[2016.04.27-16.24.18:755][549]LogPlayLevel: PIE: World Init took: (0.000913s)
[2016.04.27-16.24.18:756][549]LogPlayLevel: PIE: Created PIE world by copying editor world from /Game/ThirdPersonBP/Maps/ThirdPersonExampleMap.ThirdPersonExampleMap to /Game/ThirdPersonBP/Maps/UEDPIE_0_ThirdPersonExampleMap.ThirdPersonExampleMap (0.188825s)
[2016.04.27-16.24.18:777][549]LogInit: XAudio2 using 'Speakers (Realtek High Definition Audio)' : 2 channels at 48 kHz using 32 bits per sample (channel mask 0x3)
[2016.04.27-16.24.18:791][549]LogInit: FAudioDevice initialized.
[2016.04.27-16.24.18:870][549]LogWorld: Game class is 'ThirdPersonGameMode_C'
[2016.04.27-16.24.18:942][549]LogWorld: Bringing World /Game/ThirdPersonBP/Maps/UEDPIE_0_ThirdPersonExampleMap.ThirdPersonExampleMap up for play (max tick rate 0) at 2016.04.27-17.24.18
[2016.04.27-16.24.18:947][549]LogWorld: Bringing up level for play took: 0.075719
[2016.04.27-16.24.18:951][549]LogContentBrowser: Native class hierarchy updated for 'MovieSceneCapture' in 0.0005 seconds. Added 9 classes and 0 folders.
[2016.04.27-16.24.18:952][549]PIE: Info Play in editor start time for /Game/ThirdPersonBP/Maps/UEDPIE_0_ThirdPersonExampleMap 0.965
[2016.04.27-16.24.18:952][549]LogBlueprintUserMessages: Late PlayInEditor Detection: Level '/Game/ThirdPersonBP/Maps/ThirdPersonExampleMap.ThirdPersonExampleMap:PersistentLevel' has LevelScriptBlueprint '/Game/ThirdPersonBP/Maps/ThirdPersonExampleMap.ThirdPersonExampleMap:PersistentLevel.ThirdPersonExampleMap' with GeneratedClass '/Game/ThirdPersonBP/Maps/ThirdPersonExampleMap.ThirdPersonExampleMap_C' with ClassGeneratedBy '/Game/ThirdPersonBP/Maps/ThirdPersonExampleMap.ThirdPersonExampleMap:PersistentLevel.ThirdPersonExampleMap'
[2016.04.27-16.25.24:297][ 62]Cmd: LevelEditor.ToggleImmersive
[2016.04.27-16.25.24:447][ 63]LogRenderer: Reallocating scene render targets to support 1468x744 (Frame:376529).
[2016.04.27-16.25.24:507][ 64]LogRenderer: Reallocating scene render targets to support 1920x1040 (Frame:376531).
[2016.04.27-16.25.52:016][539]LogBlueprintUserMessages: Early EndPlayMap Detection: Level '/Game/ThirdPersonBP/Maps/ThirdPersonExampleMap.ThirdPersonExampleMap:PersistentLevel' has LevelScriptBlueprint '/Game/ThirdPersonBP/Maps/ThirdPersonExampleMap.ThirdPersonExampleMap:PersistentLevel.ThirdPersonExampleMap' with GeneratedClass '/Game/ThirdPersonBP/Maps/ThirdPersonExampleMap.ThirdPersonExampleMap_C' with ClassGeneratedBy '/Game/ThirdPersonBP/Maps/ThirdPersonExampleMap.ThirdPersonExampleMap:PersistentLevel.ThirdPersonExampleMap'
[2016.04.27-16.25.52:097][539]LogBlueprintUserMessages: Late EndPlayMap Detection: Level '/Game/ThirdPersonBP/Maps/ThirdPersonExampleMap.ThirdPersonExampleMap:PersistentLevel' has LevelScriptBlueprint '/Game/ThirdPersonBP/Maps/ThirdPersonExampleMap.ThirdPersonExampleMap:PersistentLevel.ThirdPersonExampleMap' with GeneratedClass '/Game/ThirdPersonBP/Maps/ThirdPersonExampleMap.ThirdPersonExampleMap_C' with ClassGeneratedBy '/Game/ThirdPersonBP/Maps/ThirdPersonExampleMap.ThirdPersonExampleMap:PersistentLevel.ThirdPersonExampleMap'
[2016.04.27-16.26.12:325][803]Cmd: TRANSACTION UNDO
[2016.04.27-16.26.12:325][803]LogEditorTransaction: Undo Foliage Editing
[2016.04.27-16.26.13:944][956]Cmd: TRANSACTION UNDO
[2016.04.27-16.26.13:944][956]LogEditorTransaction: Undo Foliage Editing
[2016.04.27-16.26.18:856][520]Cmd: TRANSACTION UNDO
[2016.04.27-16.26.18:856][520]LogEditorTransaction: Undo Foliage Editing
[2016.04.27-16.26.19:355][542]Cmd: TRANSACTION UNDO
[2016.04.27-16.26.19:355][542]LogEditorTransaction: Undo Foliage Editing
[2016.04.27-16.26.40:166][747]Cmd: TRANSACTION UNDO
[2016.04.27-16.26.40:166][747]LogEditorTransaction: Undo Foliage Editing
[2016.04.27-16.27.10:214][ 49]Cmd: TRANSACTION UNDO
[2016.04.27-16.27.10:214][ 49]LogEditorTransaction: Undo Foliage Editing
[2016.04.27-16.27.59:169][172]LogEditorViewport: Clicking on Actor (context menu): Landscape (Landscape)
[2016.04.27-16.27.59:717][233]Cmd: TRANSACTION UNDO
[2016.04.27-16.27.59:717][233]LogEditorTransaction: Undo Clicking on Actors (context menu)
[2016.04.27-16.28.00:569][310]Cmd: TRANSACTION UNDO
[2016.04.27-16.28.00:569][310]LogEditorTransaction: Undo Foliage Editing
[2016.04.27-16.28.00:857][324]Cmd: TRANSACTION UNDO
[2016.04.27-16.28.00:857][324]LogEditorTransaction: Undo Foliage Editing
[2016.04.27-16.28.08:681][144]Cmd: TRANSACTION UNDO
[2016.04.27-16.28.08:681][144]LogEditorTransaction: Undo Foliage Editing
[2016.04.27-16.28.32:069][583]Cmd: TRANSACTION UNDO
[2016.04.27-16.28.32:069][583]LogEditorTransaction: Undo Foliage Editing
[2016.04.27-16.28.32:901][660]Cmd: TRANSACTION UNDO
[2016.04.27-16.28.32:901][660]LogEditorTransaction: Undo Foliage Editing
[2016.04.27-16.28.47:115][146]Cmd: TRANSACTION UNDO
[2016.04.27-16.28.47:115][146]LogEditorTransaction: Undo Foliage Editing
[2016.04.27-16.29.19:760][775]LogStaticMesh: Building static mesh Candle_block_model_1...
[2016.04.27-16.29.19:773][775]LogStaticMesh: Built static mesh [0.01s] /Game/Assets/Candle_block_model_1.Candle_block_model_1
[2016.04.27-16.29.30:814][ 39]LogBlueprintUserMessages: Early PlayInEditor Detection: Level '/Game/ThirdPersonBP/Maps/ThirdPersonExampleMap.ThirdPersonExampleMap:PersistentLevel' has LevelScriptBlueprint '/Game/ThirdPersonBP/Maps/ThirdPersonExampleMap.ThirdPersonExampleMap:PersistentLevel.ThirdPersonExampleMap' with GeneratedClass '/Game/ThirdPersonBP/Maps/ThirdPersonExampleMap.ThirdPersonExampleMap_C' with ClassGeneratedBy '/Game/ThirdPersonBP/Maps/ThirdPersonExampleMap.ThirdPersonExampleMap:PersistentLevel.ThirdPersonExampleMap'
[2016.04.27-16.29.30:814][ 39]LogPlayLevel: PlayLevel: No blueprints needed recompiling
[2016.04.27-16.29.30:814][ 39]PIE: New page: PIE session: ThirdPersonExampleMap (27 Apr 2016 17:29:30)
[2016.04.27-16.29.30:814][ 39]LogPlayLevel: Creating play world package: /Game/ThirdPersonBP/Maps/UEDPIE_0_ThirdPersonExampleMap
[2016.04.27-16.29.31:021][ 39]LogPlayLevel: PIE: StaticDuplicateObject took: (0.207261s)
[2016.04.27-16.29.31:022][ 39]LogAIModule: Creating AISystem for world ThirdPersonExampleMap
[2016.04.27-16.29.31:022][ 39]LogPlayLevel: PIE: World Init took: (0.000961s)
[2016.04.27-16.29.31:023][ 39]LogPlayLevel: PIE: Created PIE world by copying editor world from /Game/ThirdPersonBP/Maps/ThirdPersonExampleMap.ThirdPersonExampleMap to /Game/ThirdPersonBP/Maps/UEDPIE_0_ThirdPersonExampleMap.ThirdPersonExampleMap (0.208518s)
[2016.04.27-16.29.31:046][ 39]LogInit: XAudio2 using 'Speakers (Realtek High Definition Audio)' : 2 channels at 48 kHz using 32 bits per sample (channel mask 0x3)
[2016.04.27-16.29.31:059][ 39]LogInit: FAudioDevice initialized.
[2016.04.27-16.29.31:092][ 39]LogWorld: Game class is 'ThirdPersonGameMode_C'
[2016.04.27-16.29.31:167][ 39]LogWorld: Bringing World /Game/ThirdPersonBP/Maps/UEDPIE_0_ThirdPersonExampleMap.ThirdPersonExampleMap up for play (max tick rate 0) at 2016.04.27-17.29.31
[2016.04.27-16.29.31:173][ 39]LogWorld: Bringing up level for play took: 0.079045
[2016.04.27-16.29.31:181][ 39]PIE: Info Play in editor start time for /Game/ThirdPersonBP/Maps/UEDPIE_0_ThirdPersonExampleMap 1.185
[2016.04.27-16.29.31:181][ 39]LogBlueprintUserMessages: Late PlayInEditor Detection: Level '/Game/ThirdPersonBP/Maps/ThirdPersonExampleMap.ThirdPersonExampleMap:PersistentLevel' has LevelScriptBlueprint '/Game/ThirdPersonBP/Maps/ThirdPersonExampleMap.ThirdPersonExampleMap:PersistentLevel.ThirdPersonExampleMap' with GeneratedClass '/Game/ThirdPersonBP/Maps/ThirdPersonExampleMap.ThirdPersonExampleMap_C' with ClassGeneratedBy '/Game/ThirdPersonBP/Maps/ThirdPersonExampleMap.ThirdPersonExampleMap:PersistentLevel.ThirdPersonExampleMap'
[2016.04.27-16.29.36:644][344]LogBlueprintUserMessages: Early EndPlayMap Detection: Level '/Game/ThirdPersonBP/Maps/ThirdPersonExampleMap.ThirdPersonExampleMap:PersistentLevel' has LevelScriptBlueprint '/Game/ThirdPersonBP/Maps/ThirdPersonExampleMap.ThirdPersonExampleMap:PersistentLevel.ThirdPersonExampleMap' with GeneratedClass '/Game/ThirdPersonBP/Maps/ThirdPersonExampleMap.ThirdPersonExampleMap_C' with ClassGeneratedBy '/Game/ThirdPersonBP/Maps/ThirdPersonExampleMap.ThirdPersonExampleMap:PersistentLevel.ThirdPersonExampleMap'
[2016.04.27-16.29.36:694][344]LogBlueprintUserMessages: Late EndPlayMap Detection: Level '/Game/ThirdPersonBP/Maps/ThirdPersonExampleMap.ThirdPersonExampleMap:PersistentLevel' has LevelScriptBlueprint '/Game/ThirdPersonBP/Maps/ThirdPersonExampleMap.ThirdPersonExampleMap:PersistentLevel.ThirdPersonExampleMap' with GeneratedClass '/Game/ThirdPersonBP/Maps/ThirdPersonExampleMap.ThirdPersonExampleMap_C' with ClassGeneratedBy '/Game/ThirdPersonBP/Maps/ThirdPersonExampleMap.ThirdPersonExampleMap:PersistentLevel.ThirdPersonExampleMap'
[2016.04.27-16.29.37:483][431]LogBlueprintUserMessages: Early PlayInEditor Detection: Level '/Game/ThirdPersonBP/Maps/ThirdPersonExampleMap.ThirdPersonExampleMap:PersistentLevel' has LevelScriptBlueprint '/Game/ThirdPersonBP/Maps/ThirdPersonExampleMap.ThirdPersonExampleMap:PersistentLevel.ThirdPersonExampleMap' with GeneratedClass '/Game/ThirdPersonBP/Maps/ThirdPersonExampleMap.ThirdPersonExampleMap_C' with ClassGeneratedBy '/Game/ThirdPersonBP/Maps/ThirdPersonExampleMap.ThirdPersonExampleMap:PersistentLevel.ThirdPersonExampleMap'
[2016.04.27-16.29.37:483][431]LogPlayLevel: PlayLevel: No blueprints needed recompiling
[2016.04.27-16.29.37:483][431]PIE: New page: PIE session: ThirdPersonExampleMap (27 Apr 2016 17:29:37)
[2016.04.27-16.29.37:484][431]LogPlayLevel: Creating play world package: /Game/ThirdPersonBP/Maps/UEDPIE_0_ThirdPersonExampleMap
[2016.04.27-16.29.37:671][431]LogPlayLevel: PIE: StaticDuplicateObject took: (0.187242s)
[2016.04.27-16.29.37:672][431]LogAIModule: Creating AISystem for world ThirdPersonExampleMap
[2016.04.27-16.29.37:672][431]LogPlayLevel: PIE: World Init took: (0.000895s)
[2016.04.27-16.29.37:672][431]LogPlayLevel: PIE: Created PIE world by copying editor world from /Game/ThirdPersonBP/Maps/ThirdPersonExampleMap.ThirdPersonExampleMap to /Game/ThirdPersonBP/Maps/UEDPIE_0_ThirdPersonExampleMap.ThirdPersonExampleMap (0.188384s)
[2016.04.27-16.29.37:691][431]LogInit: XAudio2 using 'Speakers (Realtek High Definition Audio)' : 2 channels at 48 kHz using 32 bits per sample (channel mask 0x3)
[2016.04.27-16.29.37:704][431]LogInit: FAudioDevice initialized.
[2016.04.27-16.29.37:737][431]LogWorld: Game class is 'ThirdPersonGameMode_C'
[2016.04.27-16.29.37:809][431]LogWorld: Bringing World /Game/ThirdPersonBP/Maps/UEDPIE_0_ThirdPersonExampleMap.ThirdPersonExampleMap up for play (max tick rate 0) at 2016.04.27-17.29.37
[2016.04.27-16.29.37:815][431]LogWorld: Bringing up level for play took: 0.076288
[2016.04.27-16.29.37:816][431]PIE: Info Play in editor start time for /Game/ThirdPersonBP/Maps/UEDPIE_0_ThirdPersonExampleMap -0.179
[2016.04.27-16.29.37:816][431]LogBlueprintUserMessages: Late PlayInEditor Detection: Level '/Game/ThirdPersonBP/Maps/ThirdPersonExampleMap.ThirdPersonExampleMap:PersistentLevel' has LevelScriptBlueprint '/Game/ThirdPersonBP/Maps/ThirdPersonExampleMap.ThirdPersonExampleMap:PersistentLevel.ThirdPersonExampleMap' with GeneratedClass '/Game/ThirdPersonBP/Maps/ThirdPersonExampleMap.ThirdPersonExampleMap_C' with ClassGeneratedBy '/Game/ThirdPersonBP/Maps/ThirdPersonExampleMap.ThirdPersonExampleMap:PersistentLevel.ThirdPersonExampleMap'
[2016.04.27-16.29.44:286][741]LogBlueprintUserMessages: Early EndPlayMap Detection: Level '/Game/ThirdPersonBP/Maps/ThirdPersonExampleMap.ThirdPersonExampleMap:PersistentLevel' has LevelScriptBlueprint '/Game/ThirdPersonBP/Maps/ThirdPersonExampleMap.ThirdPersonExampleMap:PersistentLevel.ThirdPersonExampleMap' with GeneratedClass '/Game/ThirdPersonBP/Maps/ThirdPersonExampleMap.ThirdPersonExampleMap_C' with ClassGeneratedBy '/Game/ThirdPersonBP/Maps/ThirdPersonExampleMap.ThirdPersonExampleMap:PersistentLevel.ThirdPersonExampleMap'
[2016.04.27-16.29.44:334][741]LogBlueprintUserMessages: Late EndPlayMap Detection: Level '/Game/ThirdPersonBP/Maps/ThirdPersonExampleMap.ThirdPersonExampleMap:PersistentLevel' has LevelScriptBlueprint '/Game/ThirdPersonBP/Maps/ThirdPersonExampleMap.ThirdPersonExampleMap:PersistentLevel.ThirdPersonExampleMap' with GeneratedClass '/Game/ThirdPersonBP/Maps/ThirdPersonExampleMap.ThirdPersonExampleMap_C' with ClassGeneratedBy '/Game/ThirdPersonBP/Maps/ThirdPersonExampleMap.ThirdPersonExampleMap:PersistentLevel.ThirdPersonExampleMap'
[2016.04.27-16.29.57:345][223]LogEditorViewport: Clicking on Actor (LMB): Candle_Block_ModelBP_1_C (Candle_Block_ModelBP_1)
[2016.04.27-16.30.00:727][599]Cmd: DELETE
[2016.04.27-16.30.00:727][599]Cmd: ACTOR DELETE
[2016.04.27-16.30.00:728][599]LogEditorActor: Deleted Actor: Candle_Block_ModelBP_1_C
[2016.04.27-16.30.00:738][599]LogEditorActor: Deleted 1 Actors (0.011 secs)
[2016.04.27-16.30.15:392][963]LogStaticMesh: Building static mesh Candle_block_model_2...
[2016.04.27-16.30.15:407][963]LogStaticMesh: Built static mesh [0.02s] /Game/Assets/Candle_block_model_2.Candle_block_model_2
[2016.04.27-16.30.43:678][563]LogBlueprintUserMessages: Early PlayInEditor Detection: Level '/Game/ThirdPersonBP/Maps/ThirdPersonExampleMap.ThirdPersonExampleMap:PersistentLevel' has LevelScriptBlueprint '/Game/ThirdPersonBP/Maps/ThirdPersonExampleMap.ThirdPersonExampleMap:PersistentLevel.ThirdPersonExampleMap' with GeneratedClass '/Game/ThirdPersonBP/Maps/ThirdPersonExampleMap.ThirdPersonExampleMap_C' with ClassGeneratedBy '/Game/ThirdPersonBP/Maps/ThirdPersonExampleMap.ThirdPersonExampleMap:PersistentLevel.ThirdPersonExampleMap'
[2016.04.27-16.30.43:678][563]LogPlayLevel: PlayLevel: No blueprints needed recompiling
[2016.04.27-16.30.43:678][563]PIE: New page: PIE session: ThirdPersonExampleMap (27 Apr 2016 17:30:43)
[2016.04.27-16.30.43:679][563]LogPlayLevel: Creating play world package: /Game/ThirdPersonBP/Maps/UEDPIE_0_ThirdPersonExampleMap
[2016.04.27-16.30.43:860][563]LogPlayLevel: PIE: StaticDuplicateObject took: (0.181855s)
[2016.04.27-16.30.43:861][563]LogAIModule: Creating AISystem for world ThirdPersonExampleMap
[2016.04.27-16.30.43:861][563]LogPlayLevel: PIE: World Init took: (0.000878s)
[2016.04.27-16.30.43:862][563]LogPlayLevel: PIE: Created PIE world by copying editor world from /Game/ThirdPersonBP/Maps/ThirdPersonExampleMap.ThirdPersonExampleMap to /Game/ThirdPersonBP/Maps/UEDPIE_0_ThirdPersonExampleMap.ThirdPersonExampleMap (0.182995s)
[2016.04.27-16.30.43:896][563]LogInit: XAudio2 using 'Speakers (Realtek High Definition Audio)' : 2 channels at 48 kHz using 32 bits per sample (channel mask 0x3)
[2016.04.27-16.30.43:909][563]LogInit: FAudioDevice initialized.
[2016.04.27-16.30.43:941][563]LogWorld: Game class is 'ThirdPersonGameMode_C'
[2016.04.27-16.30.44:013][563]LogWorld: Bringing World /Game/ThirdPersonBP/Maps/UEDPIE_0_ThirdPersonExampleMap.ThirdPersonExampleMap up for play (max tick rate 0) at 2016.04.27-17.30.44
[2016.04.27-16.30.44:019][563]LogWorld: Bringing up level for play took: 0.076821
[2016.04.27-16.30.44:020][563]PIE: Info Play in editor start time for /Game/ThirdPersonBP/Maps/UEDPIE_0_ThirdPersonExampleMap 0.023
[2016.04.27-16.30.44:020][563]LogBlueprintUserMessages: Late PlayInEditor Detection: Level '/Game/ThirdPersonBP/Maps/ThirdPersonExampleMap.ThirdPersonExampleMap:PersistentLevel' has LevelScriptBlueprint '/Game/ThirdPersonBP/Maps/ThirdPersonExampleMap.ThirdPersonExampleMap:PersistentLevel.ThirdPersonExampleMap' with GeneratedClass '/Game/ThirdPersonBP/Maps/ThirdPersonExampleMap.ThirdPersonExampleMap_C' with ClassGeneratedBy '/Game/ThirdPersonBP/Maps/ThirdPersonExampleMap.ThirdPersonExampleMap:PersistentLevel.ThirdPersonExampleMap'
[2016.04.27-16.30.53:141][  2]LogBlueprintUserMessages: Early EndPlayMap Detection: Level '/Game/ThirdPersonBP/Maps/ThirdPersonExampleMap.ThirdPersonExampleMap:PersistentLevel' has LevelScriptBlueprint '/Game/ThirdPersonBP/Maps/ThirdPersonExampleMap.ThirdPersonExampleMap:PersistentLevel.ThirdPersonExampleMap' with GeneratedClass '/Game/ThirdPersonBP/Maps/ThirdPersonExampleMap.ThirdPersonExampleMap_C' with ClassGeneratedBy '/Game/ThirdPersonBP/Maps/ThirdPersonExampleMap.ThirdPersonExampleMap:PersistentLevel.ThirdPersonExampleMap'
[2016.04.27-16.30.53:188][  2]LogBlueprintUserMessages: Late EndPlayMap Detection: Level '/Game/ThirdPersonBP/Maps/ThirdPersonExampleMap.ThirdPersonExampleMap:PersistentLevel' has LevelScriptBlueprint '/Game/ThirdPersonBP/Maps/ThirdPersonExampleMap.ThirdPersonExampleMap:PersistentLevel.ThirdPersonExampleMap' with GeneratedClass '/Game/ThirdPersonBP/Maps/ThirdPersonExampleMap.ThirdPersonExampleMap_C' with ClassGeneratedBy '/Game/ThirdPersonBP/Maps/ThirdPersonExampleMap.ThirdPersonExampleMap:PersistentLevel.ThirdPersonExampleMap'
[2016.04.27-16.31.14:631][232]LogBlueprintUserMessages: Early PlayInEditor Detection: Level '/Game/ThirdPersonBP/Maps/ThirdPersonExampleMap.ThirdPersonExampleMap:PersistentLevel' has LevelScriptBlueprint '/Game/ThirdPersonBP/Maps/ThirdPersonExampleMap.ThirdPersonExampleMap:PersistentLevel.ThirdPersonExampleMap' with GeneratedClass '/Game/ThirdPersonBP/Maps/ThirdPersonExampleMap.ThirdPersonExampleMap_C' with ClassGeneratedBy '/Game/ThirdPersonBP/Maps/ThirdPersonExampleMap.ThirdPersonExampleMap:PersistentLevel.ThirdPersonExampleMap'
[2016.04.27-16.31.14:631][232]LogPlayLevel: PlayLevel: No blueprints needed recompiling
[2016.04.27-16.31.14:631][232]PIE: New page: PIE session: ThirdPersonExampleMap (27 Apr 2016 17:31:14)
[2016.04.27-16.31.14:631][232]LogPlayLevel: Creating play world package: /Game/ThirdPersonBP/Maps/UEDPIE_0_ThirdPersonExampleMap
[2016.04.27-16.31.14:818][232]LogPlayLevel: PIE: StaticDuplicateObject took: (0.187129s)
[2016.04.27-16.31.14:819][232]LogAIModule: Creating AISystem for world ThirdPersonExampleMap
[2016.04.27-16.31.14:819][232]LogPlayLevel: PIE: World Init took: (0.000804s)
[2016.04.27-16.31.14:819][232]LogPlayLevel: PIE: Created PIE world by copying editor world from /Game/ThirdPersonBP/Maps/ThirdPersonExampleMap.ThirdPersonExampleMap to /Game/ThirdPersonBP/Maps/UEDPIE_0_ThirdPersonExampleMap.ThirdPersonExampleMap (0.188176s)
[2016.04.27-16.31.14:858][232]LogInit: XAudio2 using 'Speakers (Realtek High Definition Audio)' : 2 channels at 48 kHz using 32 bits per sample (channel mask 0x3)
[2016.04.27-16.31.14:871][232]LogInit: FAudioDevice initialized.
[2016.04.27-16.31.14:901][232]LogWorld: Game class is 'ThirdPersonGameMode_C'
[2016.04.27-16.31.14:973][232]LogWorld: Bringing World /Game/ThirdPersonBP/Maps/UEDPIE_0_ThirdPersonExampleMap.ThirdPersonExampleMap up for play (max tick rate 0) at 2016.04.27-17.31.14
[2016.04.27-16.31.14:978][232]LogWorld: Bringing up level for play took: 0.075526
[2016.04.27-16.31.14:979][232]PIE: Info Play in editor start time for /Game/ThirdPersonBP/Maps/UEDPIE_0_ThirdPersonExampleMap 0.981
[2016.04.27-16.31.14:980][232]LogBlueprintUserMessages: Late PlayInEditor Detection: Level '/Game/ThirdPersonBP/Maps/ThirdPersonExampleMap.ThirdPersonExampleMap:PersistentLevel' has LevelScriptBlueprint '/Game/ThirdPersonBP/Maps/ThirdPersonExampleMap.ThirdPersonExampleMap:PersistentLevel.ThirdPersonExampleMap' with GeneratedClass '/Game/ThirdPersonBP/Maps/ThirdPersonExampleMap.ThirdPersonExampleMap_C' with ClassGeneratedBy '/Game/ThirdPersonBP/Maps/ThirdPersonExampleMap.ThirdPersonExampleMap:PersistentLevel.ThirdPersonExampleMap'
[2016.04.27-16.31.21:343][421]LogBlueprintUserMessages: Early EndPlayMap Detection: Level '/Game/ThirdPersonBP/Maps/ThirdPersonExampleMap.ThirdPersonExampleMap:PersistentLevel' has LevelScriptBlueprint '/Game/ThirdPersonBP/Maps/ThirdPersonExampleMap.ThirdPersonExampleMap:PersistentLevel.ThirdPersonExampleMap' with GeneratedClass '/Game/ThirdPersonBP/Maps/ThirdPersonExampleMap.ThirdPersonExampleMap_C' with ClassGeneratedBy '/Game/ThirdPersonBP/Maps/ThirdPersonExampleMap.ThirdPersonExampleMap:PersistentLevel.ThirdPersonExampleMap'
[2016.04.27-16.31.21:407][421]LogBlueprintUserMessages: Late EndPlayMap Detection: Level '/Game/ThirdPersonBP/Maps/ThirdPersonExampleMap.ThirdPersonExampleMap:PersistentLevel' has LevelScriptBlueprint '/Game/ThirdPersonBP/Maps/ThirdPersonExampleMap.ThirdPersonExampleMap:PersistentLevel.ThirdPersonExampleMap' with GeneratedClass '/Game/ThirdPersonBP/Maps/ThirdPersonExampleMap.ThirdPersonExampleMap_C' with ClassGeneratedBy '/Game/ThirdPersonBP/Maps/ThirdPersonExampleMap.ThirdPersonExampleMap:PersistentLevel.ThirdPersonExampleMap'
[2016.04.27-16.31.27:270][ 55]LogEditorViewport: Clicking on Actor (LMB): Candle_Block_ModelBP_2_C (Candle_Block_ModelBP_2)
[2016.04.27-16.32.27:974][ 20]LogBlueprintUserMessages: Early PlayInEditor Detection: Level '/Game/ThirdPersonBP/Maps/ThirdPersonExampleMap.ThirdPersonExampleMap:PersistentLevel' has LevelScriptBlueprint '/Game/ThirdPersonBP/Maps/ThirdPersonExampleMap.ThirdPersonExampleMap:PersistentLevel.ThirdPersonExampleMap' with GeneratedClass '/Game/ThirdPersonBP/Maps/ThirdPersonExampleMap.ThirdPersonExampleMap_C' with ClassGeneratedBy '/Game/ThirdPersonBP/Maps/ThirdPersonExampleMap.ThirdPersonExampleMap:PersistentLevel.ThirdPersonExampleMap'
[2016.04.27-16.32.27:974][ 20]LogPlayLevel: PlayLevel: No blueprints needed recompiling
[2016.04.27-16.32.27:974][ 20]PIE: New page: PIE session: ThirdPersonExampleMap (27 Apr 2016 17:32:27)
[2016.04.27-16.32.27:974][ 20]LogPlayLevel: Creating play world package: /Game/ThirdPersonBP/Maps/UEDPIE_0_ThirdPersonExampleMap
[2016.04.27-16.32.28:155][ 20]LogPlayLevel: PIE: StaticDuplicateObject took: (0.181053s)
[2016.04.27-16.32.28:156][ 20]LogAIModule: Creating AISystem for world ThirdPersonExampleMap
[2016.04.27-16.32.28:156][ 20]LogPlayLevel: PIE: World Init took: (0.000933s)
[2016.04.27-16.32.28:156][ 20]LogPlayLevel: PIE: Created PIE world by copying editor world from /Game/ThirdPersonBP/Maps/ThirdPersonExampleMap.ThirdPersonExampleMap to /Game/ThirdPersonBP/Maps/UEDPIE_0_ThirdPersonExampleMap.ThirdPersonExampleMap (0.182253s)
[2016.04.27-16.32.28:216][ 20]LogInit: XAudio2 using 'Speakers (Realtek High Definition Audio)' : 2 channels at 48 kHz using 32 bits per sample (channel mask 0x3)
[2016.04.27-16.32.28:229][ 20]LogInit: FAudioDevice initialized.
[2016.04.27-16.32.28:261][ 20]LogWorld: Game class is 'ThirdPersonGameMode_C'
[2016.04.27-16.32.28:334][ 20]LogWorld: Bringing World /Game/ThirdPersonBP/Maps/UEDPIE_0_ThirdPersonExampleMap.ThirdPersonExampleMap up for play (max tick rate 0) at 2016.04.27-17.32.28
[2016.04.27-16.32.28:340][ 20]LogWorld: Bringing up level for play took: 0.077830
[2016.04.27-16.32.28:341][ 20]PIE: Info Play in editor start time for /Game/ThirdPersonBP/Maps/UEDPIE_0_ThirdPersonExampleMap 0.342
[2016.04.27-16.32.28:342][ 20]LogBlueprintUserMessages: Late PlayInEditor Detection: Level '/Game/ThirdPersonBP/Maps/ThirdPersonExampleMap.ThirdPersonExampleMap:PersistentLevel' has LevelScriptBlueprint '/Game/ThirdPersonBP/Maps/ThirdPersonExampleMap.ThirdPersonExampleMap:PersistentLevel.ThirdPersonExampleMap' with GeneratedClass '/Game/ThirdPersonBP/Maps/ThirdPersonExampleMap.ThirdPersonExampleMap_C' with ClassGeneratedBy '/Game/ThirdPersonBP/Maps/ThirdPersonExampleMap.ThirdPersonExampleMap:PersistentLevel.ThirdPersonExampleMap'
[2016.04.27-16.32.29:203][ 33]Cmd: LevelEditor.ToggleImmersive
[2016.04.27-16.32.58:795][776]LogBlueprintUserMessages: Early EndPlayMap Detection: Level '/Game/ThirdPersonBP/Maps/ThirdPersonExampleMap.ThirdPersonExampleMap:PersistentLevel' has LevelScriptBlueprint '/Game/ThirdPersonBP/Maps/ThirdPersonExampleMap.ThirdPersonExampleMap:PersistentLevel.ThirdPersonExampleMap' with GeneratedClass '/Game/ThirdPersonBP/Maps/ThirdPersonExampleMap.ThirdPersonExampleMap_C' with ClassGeneratedBy '/Game/ThirdPersonBP/Maps/ThirdPersonExampleMap.ThirdPersonExampleMap:PersistentLevel.ThirdPersonExampleMap'
[2016.04.27-16.32.58:885][776]LogBlueprintUserMessages: Late EndPlayMap Detection: Level '/Game/ThirdPersonBP/Maps/ThirdPersonExampleMap.ThirdPersonExampleMap:PersistentLevel' has LevelScriptBlueprint '/Game/ThirdPersonBP/Maps/ThirdPersonExampleMap.ThirdPersonExampleMap:PersistentLevel.ThirdPersonExampleMap' with GeneratedClass '/Game/ThirdPersonBP/Maps/ThirdPersonExampleMap.ThirdPersonExampleMap_C' with ClassGeneratedBy '/Game/ThirdPersonBP/Maps/ThirdPersonExampleMap.ThirdPersonExampleMap:PersistentLevel.ThirdPersonExampleMap'
[2016.04.27-16.33.02:453][ 79]LogEditorViewport: Clicking on Actor (LMB): Landscape (Landscape)
[2016.04.27-16.33.02:957][122]LogEditorViewport: Clicking on Actor (LMB): Candle_Block_ModelBP_1_C (Candle_Block_ModelBP_8)
[2016.04.27-16.33.41:838][106]LogEditorViewport: Clicking on Actor (LMB): InstancedFoliageActor (InstancedFoliageActor1)
[2016.04.27-16.33.42:421][154]LogEditorViewport: Clicking on Actor (LMB): Candle_Block_ModelBP_1_C (Candle_Block_ModelBP_11)
[2016.04.27-16.33.43:737][296]Cmd: DELETE
[2016.04.27-16.33.43:737][296]Cmd: ACTOR DELETE
[2016.04.27-16.33.43:738][296]LogEditorActor: Deleted Actor: Candle_Block_ModelBP_1_C
[2016.04.27-16.33.43:757][296]LogEditorActor: Deleted 1 Actors (0.019 secs)
[2016.04.27-16.33.51:783][630]LogSavePackage: Save=2928.27ms
[2016.04.27-16.33.51:784][630]LogSavePackage: Moving 'F:/University/Year 2/Experimental Games/Macbeth/Macbeth/Saved/ThirdPersonExampleMap5B18D40547AA74C5799B1C8CDE6AECE6.tmp' to 'F:/University/Year 2/Experimental Games/Macbeth/Macbeth/Content/ThirdPersonBP/Maps/ThirdPersonExampleMap.umap'
[2016.04.27-16.33.51:796][630]LogSavePackage: Total save time: 4630.34ms
[2016.04.27-16.33.51:796][630]LogSavePackage:Display: Finished SavePackage F:/University/Year 2/Experimental Games/Macbeth/Macbeth/Content/ThirdPersonBP/Maps/ThirdPersonExampleMap.umap
[2016.04.27-16.35.51:014][771]Cmd: TRANSACTION UNDO
[2016.04.27-16.35.51:014][771]LogEditorTransaction: Undo Create Actors
[2016.04.27-16.35.51:467][799]Cmd: TRANSACTION UNDO
[2016.04.27-16.35.51:467][799]LogEditorTransaction: Undo Create Actors
[2016.04.27-16.36.32:691][638]LogEditorViewport: Clicking on Component (context menu): StaticMeshComponent (Candle)
[2016.04.27-16.36.40:689][387]LogBlueprintUserMessages: Early PlayInEditor Detection: Level '/Game/ThirdPersonBP/Maps/ThirdPersonExampleMap.ThirdPersonExampleMap:PersistentLevel' has LevelScriptBlueprint '/Game/ThirdPersonBP/Maps/ThirdPersonExampleMap.ThirdPersonExampleMap:PersistentLevel.ThirdPersonExampleMap' with GeneratedClass '/Game/ThirdPersonBP/Maps/ThirdPersonExampleMap.ThirdPersonExampleMap_C' with ClassGeneratedBy '/Game/ThirdPersonBP/Maps/ThirdPersonExampleMap.ThirdPersonExampleMap:PersistentLevel.ThirdPersonExampleMap'
[2016.04.27-16.36.40:689][387]LogPlayLevel: PlayLevel: No blueprints needed recompiling
[2016.04.27-16.36.40:689][387]PIE: New page: PIE session: ThirdPersonExampleMap (27 Apr 2016 17:36:40)
[2016.04.27-16.36.40:689][387]LogPlayLevel: Creating play world package: /Game/ThirdPersonBP/Maps/UEDPIE_0_ThirdPersonExampleMap
[2016.04.27-16.36.40:892][387]LogPlayLevel: PIE: StaticDuplicateObject took: (0.203495s)
[2016.04.27-16.36.40:893][387]LogAIModule: Creating AISystem for world ThirdPersonExampleMap
[2016.04.27-16.36.40:893][387]LogPlayLevel: PIE: World Init took: (0.000918s)
[2016.04.27-16.36.40:894][387]LogPlayLevel: PIE: Created PIE world by copying editor world from /Game/ThirdPersonBP/Maps/ThirdPersonExampleMap.ThirdPersonExampleMap to /Game/ThirdPersonBP/Maps/UEDPIE_0_ThirdPersonExampleMap.ThirdPersonExampleMap (0.204712s)
[2016.04.27-16.36.41:096][387]LogInit: XAudio2 using 'Speakers (Realtek High Definition Audio)' : 2 channels at 48 kHz using 32 bits per sample (channel mask 0x3)
[2016.04.27-16.36.41:109][387]LogInit: FAudioDevice initialized.
[2016.04.27-16.36.41:138][387]LogWorld: Game class is 'ThirdPersonGameMode_C'
[2016.04.27-16.36.41:219][387]LogWorld: Bringing World /Game/ThirdPersonBP/Maps/UEDPIE_0_ThirdPersonExampleMap.ThirdPersonExampleMap up for play (max tick rate 0) at 2016.04.27-17.36.41
[2016.04.27-16.36.41:225][387]LogWorld: Bringing up level for play took: 0.085580
[2016.04.27-16.36.41:227][387]PIE: Info Play in editor start time for /Game/ThirdPersonBP/Maps/UEDPIE_0_ThirdPersonExampleMap 1.22
[2016.04.27-16.36.41:227][387]LogBlueprintUserMessages: Late PlayInEditor Detection: Level '/Game/ThirdPersonBP/Maps/ThirdPersonExampleMap.ThirdPersonExampleMap:PersistentLevel' has LevelScriptBlueprint '/Game/ThirdPersonBP/Maps/ThirdPersonExampleMap.ThirdPersonExampleMap:PersistentLevel.ThirdPersonExampleMap' with GeneratedClass '/Game/ThirdPersonBP/Maps/ThirdPersonExampleMap.ThirdPersonExampleMap_C' with ClassGeneratedBy '/Game/ThirdPersonBP/Maps/ThirdPersonExampleMap.ThirdPersonExampleMap:PersistentLevel.ThirdPersonExampleMap'
[2016.04.27-16.36.45:165][442]Cmd: LevelEditor.ToggleImmersive
[2016.04.27-16.38.26:672][707]LogBlueprintUserMessages: Early EndPlayMap Detection: Level '/Game/ThirdPersonBP/Maps/ThirdPersonExampleMap.ThirdPersonExampleMap:PersistentLevel' has LevelScriptBlueprint '/Game/ThirdPersonBP/Maps/ThirdPersonExampleMap.ThirdPersonExampleMap:PersistentLevel.ThirdPersonExampleMap' with GeneratedClass '/Game/ThirdPersonBP/Maps/ThirdPersonExampleMap.ThirdPersonExampleMap_C' with ClassGeneratedBy '/Game/ThirdPersonBP/Maps/ThirdPersonExampleMap.ThirdPersonExampleMap:PersistentLevel.ThirdPersonExampleMap'
[2016.04.27-16.38.26:912][707]LogBlueprintUserMessages: Late EndPlayMap Detection: Level '/Game/ThirdPersonBP/Maps/ThirdPersonExampleMap.ThirdPersonExampleMap:PersistentLevel' has LevelScriptBlueprint '/Game/ThirdPersonBP/Maps/ThirdPersonExampleMap.ThirdPersonExampleMap:PersistentLevel.ThirdPersonExampleMap' with GeneratedClass '/Game/ThirdPersonBP/Maps/ThirdPersonExampleMap.ThirdPersonExampleMap_C' with ClassGeneratedBy '/Game/ThirdPersonBP/Maps/ThirdPersonExampleMap.ThirdPersonExampleMap:PersistentLevel.ThirdPersonExampleMap'
[2016.04.27-16.38.56:399][807]LogEditorViewport: Clicking on Actor (LMB): Candle_Block_ModelBP_1_C (Candle_Block_ModelBP_16)
[2016.04.27-16.39.08:026][977]LogEditorViewport: Clicking on Actor (LMB): Candle_Block_ModelBP_1_C (Candle_Block_ModelBP_22)
[2016.04.27-16.39.18:153][997]LogEditorViewport: Clicking on Actor (LMB): Candle_Block_ModelBP_2_C (Candle_Block_ModelBP_23)
[2016.04.27-16.39.27:968][998]LogEditorViewport: Clicking on Actor (LMB): Landscape (Landscape)
[2016.04.27-16.40.15:354][792]LogEditorViewport: Clicking on Actor (LMB): BP_Sky_Sphere_C (SkySphereBlueprint)
[2016.04.27-16.40.21:490][407]LogEditorViewport: Clicking on Actor (LMB): Candle_Block_ModelBP_2_C (Candle_Block_ModelBP_6)
[2016.04.27-16.40.23:753][618]LogEditorViewport: Clicking on Actor (context menu): Landscape (Landscape)
[2016.04.27-16.40.25:849][809]LogEditorViewport: Clicking on Actor (LMB): Landscape (Landscape)
[2016.04.27-16.40.26:296][852]LogEditorViewport: Clicking on Actor (LMB): Candle_Block_ModelBP_2_C (Candle_Block_ModelBP_6)
[2016.04.27-16.40.37:300][907]LogEditorViewport: Clicking on Actor (LMB): Candle_Block_ModelBP_1_C (Candle_Block_ModelBP_7)
[2016.04.27-16.40.48:534][ 73]LogEditorViewport: Clicking on Actor (LMB): BP_Sky_Sphere_C (SkySphereBlueprint)
[2016.04.27-16.40.54:821][184]LogSavePackage: Save=3094.13ms
[2016.04.27-16.40.54:822][184]LogSavePackage: Moving 'F:/University/Year 2/Experimental Games/Macbeth/Macbeth/Saved/ThirdPersonExampleMap73CDB28F417D22037D8D3A9EBBC7FD28.tmp' to 'F:/University/Year 2/Experimental Games/Macbeth/Macbeth/Content/ThirdPersonBP/Maps/ThirdPersonExampleMap.umap'
[2016.04.27-16.40.54:833][184]LogSavePackage: Total save time: 4950.58ms
[2016.04.27-16.40.54:833][184]LogSavePackage:Display: Finished SavePackage F:/University/Year 2/Experimental Games/Macbeth/Macbeth/Content/ThirdPersonBP/Maps/ThirdPersonExampleMap.umap
[2016.04.27-16.41.27:861][ 89]Cmd: TRANSACTION UNDO
[2016.04.27-16.41.27:861][ 89]LogEditorTransaction: Undo Foliage Editing
[2016.04.27-16.41.35:011][797]Cmd: TRANSACTION UNDO
[2016.04.27-16.41.35:011][797]LogEditorTransaction: Undo Foliage Editing
[2016.04.27-16.41.55:899][665]Cmd: TRANSACTION UNDO
[2016.04.27-16.41.55:899][665]LogEditorTransaction: Undo Foliage Editing
[2016.04.27-16.46.18:663][654]Cmd: TRANSACTION UNDO
[2016.04.27-16.46.18:663][654]LogEditorTransaction: Undo Foliage Editing
[2016.04.27-16.46.32:949][110]Cmd: TRANSACTION UNDO
[2016.04.27-16.46.32:949][110]LogEditorTransaction: Undo Foliage Editing
[2016.04.27-16.46.40:681][960]Cmd: TRANSACTION UNDO
[2016.04.27-16.46.40:681][960]LogEditorTransaction: Undo Foliage Editing
[2016.04.27-16.46.51:557][108]Cmd: TRANSACTION UNDO
[2016.04.27-16.46.51:557][108]LogEditorTransaction: Undo Foliage Editing
[2016.04.27-16.47.02:697][301]Cmd: TRANSACTION UNDO
[2016.04.27-16.47.02:697][301]LogEditorTransaction: Undo Foliage Editing
[2016.04.27-16.47.16:751][785]LogEditorViewport: Clicking on Actor (context menu): InstancedFoliageActor (InstancedFoliageActor1)
[2016.04.27-16.47.30:801][339]LogEditorViewport: Clicking Background
[2016.04.27-16.48.07:315][ 79]Cmd: TRANSACTION UNDO
[2016.04.27-16.48.07:315][ 79]LogEditorTransaction: Undo Foliage Editing
[2016.04.27-16.48.08:165][159]Cmd: TRANSACTION UNDO
[2016.04.27-16.48.08:165][159]LogEditorTransaction: Undo Foliage Editing
[2016.04.27-16.51.35:921][294]LogSavePackage: Save=2942.74ms
[2016.04.27-16.51.35:922][294]LogSavePackage: Moving 'F:/University/Year 2/Experimental Games/Macbeth/Macbeth/Saved/ThirdPersonExampleMap80BCBA154212143010DD099E77491716.tmp' to 'F:/University/Year 2/Experimental Games/Macbeth/Macbeth/Content/ThirdPersonBP/Maps/ThirdPersonExampleMap.umap'
[2016.04.27-16.51.35:934][294]LogSavePackage: Total save time: 4660.09ms
[2016.04.27-16.51.35:934][294]LogSavePackage:Display: Finished SavePackage F:/University/Year 2/Experimental Games/Macbeth/Macbeth/Content/ThirdPersonBP/Maps/ThirdPersonExampleMap.umap
[2016.04.27-16.52.00:528][217]LogBlueprintUserMessages: Early PlayInEditor Detection: Level '/Game/ThirdPersonBP/Maps/ThirdPersonExampleMap.ThirdPersonExampleMap:PersistentLevel' has LevelScriptBlueprint '/Game/ThirdPersonBP/Maps/ThirdPersonExampleMap.ThirdPersonExampleMap:PersistentLevel.ThirdPersonExampleMap' with GeneratedClass '/Game/ThirdPersonBP/Maps/ThirdPersonExampleMap.ThirdPersonExampleMap_C' with ClassGeneratedBy '/Game/ThirdPersonBP/Maps/ThirdPersonExampleMap.ThirdPersonExampleMap:PersistentLevel.ThirdPersonExampleMap'
[2016.04.27-16.52.00:528][217]LogPlayLevel: PlayLevel: No blueprints needed recompiling
[2016.04.27-16.52.00:529][217]PIE: New page: PIE session: ThirdPersonExampleMap (27 Apr 2016 17:52:00)
[2016.04.27-16.52.00:529][217]LogPlayLevel: Creating play world package: /Game/ThirdPersonBP/Maps/UEDPIE_0_ThirdPersonExampleMap
[2016.04.27-16.52.00:724][217]LogPlayLevel: PIE: StaticDuplicateObject took: (0.195224s)
[2016.04.27-16.52.00:725][217]LogAIModule: Creating AISystem for world ThirdPersonExampleMap
[2016.04.27-16.52.00:725][217]LogPlayLevel: PIE: World Init took: (0.000955s)
[2016.04.27-16.52.00:725][217]LogPlayLevel: PIE: Created PIE world by copying editor world from /Game/ThirdPersonBP/Maps/ThirdPersonExampleMap.ThirdPersonExampleMap to /Game/ThirdPersonBP/Maps/UEDPIE_0_ThirdPersonExampleMap.ThirdPersonExampleMap (0.196480s)
[2016.04.27-16.52.00:747][217]LogInit: XAudio2 using 'Speakers (Realtek High Definition Audio)' : 2 channels at 48 kHz using 32 bits per sample (channel mask 0x3)
[2016.04.27-16.52.00:761][217]LogInit: FAudioDevice initialized.
[2016.04.27-16.52.00:792][217]LogWorld: Game class is 'ThirdPersonGameMode_C'
[2016.04.27-16.52.00:873][217]LogWorld: Bringing World /Game/ThirdPersonBP/Maps/UEDPIE_0_ThirdPersonExampleMap.ThirdPersonExampleMap up for play (max tick rate 0) at 2016.04.27-17.52.00
[2016.04.27-16.52.00:879][217]LogWorld: Bringing up level for play took: 0.085834
[2016.04.27-16.52.00:881][217]PIE: Info Play in editor start time for /Game/ThirdPersonBP/Maps/UEDPIE_0_ThirdPersonExampleMap 0.851
[2016.04.27-16.52.00:881][217]LogBlueprintUserMessages: Late PlayInEditor Detection: Level '/Game/ThirdPersonBP/Maps/ThirdPersonExampleMap.ThirdPersonExampleMap:PersistentLevel' has LevelScriptBlueprint '/Game/ThirdPersonBP/Maps/ThirdPersonExampleMap.ThirdPersonExampleMap:PersistentLevel.ThirdPersonExampleMap' with GeneratedClass '/Game/ThirdPersonBP/Maps/ThirdPersonExampleMap.ThirdPersonExampleMap_C' with ClassGeneratedBy '/Game/ThirdPersonBP/Maps/ThirdPersonExampleMap.ThirdPersonExampleMap:PersistentLevel.ThirdPersonExampleMap'
[2016.04.27-16.52.54:746][100]LogBlueprintUserMessages: Early EndPlayMap Detection: Level '/Game/ThirdPersonBP/Maps/ThirdPersonExampleMap.ThirdPersonExampleMap:PersistentLevel' has LevelScriptBlueprint '/Game/ThirdPersonBP/Maps/ThirdPersonExampleMap.ThirdPersonExampleMap:PersistentLevel.ThirdPersonExampleMap' with GeneratedClass '/Game/ThirdPersonBP/Maps/ThirdPersonExampleMap.ThirdPersonExampleMap_C' with ClassGeneratedBy '/Game/ThirdPersonBP/Maps/ThirdPersonExampleMap.ThirdPersonExampleMap:PersistentLevel.ThirdPersonExampleMap'
[2016.04.27-16.52.54:793][100]LogBlueprintUserMessages: Late EndPlayMap Detection: Level '/Game/ThirdPersonBP/Maps/ThirdPersonExampleMap.ThirdPersonExampleMap:PersistentLevel' has LevelScriptBlueprint '/Game/ThirdPersonBP/Maps/ThirdPersonExampleMap.ThirdPersonExampleMap:PersistentLevel.ThirdPersonExampleMap' with GeneratedClass '/Game/ThirdPersonBP/Maps/ThirdPersonExampleMap.ThirdPersonExampleMap_C' with ClassGeneratedBy '/Game/ThirdPersonBP/Maps/ThirdPersonExampleMap.ThirdPersonExampleMap:PersistentLevel.ThirdPersonExampleMap'
[2016.04.27-16.54.13:620][161]LogFactory: FactoryCreateBinary: StaticMesh with FbxFactory (0 0 C:\Users\Mullen IX\Downloads\Bridges-2016-04-27\Bridges/Stone_bridge.FBX)
[2016.04.27-16.54.13:703][161]LogFbx: ItemName: GlobalSettings, ItemCount : 1
[2016.04.27-16.54.13:703][161]LogFbx: ItemName: AnimationStack, ItemCount : 1
[2016.04.27-16.54.13:703][161]LogFbx: ItemName: AnimationLayer, ItemCount : 1
[2016.04.27-16.54.13:703][161]LogFbx: ItemName: Model, ItemCount : 1
[2016.04.27-16.54.13:703][161]LogFbx: ItemName: Geometry, ItemCount : 1
[2016.04.27-16.54.13:718][161]LogFbx: Loading FBX Scene from C:\Users\Mullen IX\Downloads\Bridges-2016-04-27\Bridges/Stone_bridge.FBX
[2016.04.27-16.54.13:742][161]LogFbx: FBX Scene Loaded Succesfully
[2016.04.27-16.54.16:071][161]LogFbx: Loading FBX Scene from C:\Users\Mullen IX\Downloads\Bridges-2016-04-27\Bridges/Stone_bridge.FBX
[2016.04.27-16.54.16:082][161]LogFbx: FBX Scene Loaded Succesfully
[2016.04.27-16.54.16:104][161]LogFbx:Warning: Triangulating static mesh Box001
[2016.04.27-16.54.16:158][161]LogStaticMesh: Building static mesh Stone_bridge...
[2016.04.27-16.54.16:169][161]LogStaticMesh: Built static mesh [0.01s] /Game/Assets/Bridges/Stone_bridge.Stone_bridge
[2016.04.27-16.54.16:261][161]LogFactory: FactoryCreateBinary: Texture with ReimportTextureFactory (0 0 C:\Users\Mullen IX\Downloads\Bridges-2016-04-27\Bridges/Stone_bridge_diff.jpg)
[2016.04.27-16.54.16:360][161]LogTexture:Display: Building textures: Stone_bridge_diff (AutoDXT)
[2016.04.27-16.54.17:183][161]LogStats: FPlatformStackWalk::StackWalkAndDump -  0.091 s
[2016.04.27-16.54.17:183][161]LogOutputDevice:Warning: === Handled error: ===

Ensure condition failed: ExpectedWorkThisFrame <= WorkRemaining [File:D:\BuildFarm\buildmachine_++UE4+Release-4.11\Engine\Source\Runtime\Core\Public\Misc\FeedbackContext.h] [Line: 272]
Work overflow in slow task. Please revise call-site to account for entire progress range.
Stack: 
UE4Editor-Core.dll
UE4Editor-Core.dll
UE4Editor-Core.dll
UE4Editor-AssetTools.dll
UE4Editor-ContentBrowser.dll
UE4Editor-Slate.dll
UE4Editor-Slate.dll
UE4Editor-Slate.dll
UE4Editor-Slate.dll
UE4Editor-Slate.dll
UE4Editor-Core.dll
UE4Editor-Core.dll
ole32.dll
RPCRT4.dll
RPCRT4.dll
RPCRT4.dll
ole32.dll
ole32.dll
ole32.dll
ole32.dll
ole32.dll
ole32.dll
ole32.dll
ole32.dll
ole32.dll
ole32.dll
USER32.dll
USER32.dll
UE4Editor-Core.dll
UE4Editor.exe
UE4Editor.exe
UE4Editor.exe
UE4Editor.exe
UE4Editor.exe
kernel32.dll
ntdll.dll
ntdll.dll

[2016.04.27-16.54.17:183][161]LogStats:                SubmitErrorReport -  0.000 s
[2016.04.27-16.54.17:472][161]LogStats:                    SendNewReport -  0.289 s
[2016.04.27-16.54.17:472][161]LogStats:             FDebug::EnsureFailed -  0.381 s
[2016.04.27-16.54.17:473][161]LogFactory: FactoryCreateBinary: Texture with ReimportTextureFactory (0 0 C:\Users\Mullen IX\Downloads\Bridges-2016-04-27\Bridges/Stone_bridge_norm.jpg)
[2016.04.27-16.54.17:565][161]LogTexture:Display: Building textures: Stone_bridge_norm (BC5)
[2016.04.27-16.54.24:263][911]LogActorFactory: Actor Factory created Stone_bridge
[2016.04.27-16.54.25:244][ 19]LogActorFactory: Actor Factory created Stone_bridge
[2016.04.27-16.54.33:992][ 45]LogEditorViewport: Clicking on Actor (LMB): StaticMeshActor (Stone_bridge)
[2016.04.27-16.54.57:768][750]Cmd: TRANSACTION UNDO
[2016.04.27-16.54.57:768][750]LogEditorTransaction: Undo Scale Actors
[2016.04.27-16.54.58:240][785]Cmd: TRANSACTION UNDO
[2016.04.27-16.54.58:240][785]LogEditorTransaction: Undo Scale Actors
[2016.04.27-16.55.01:690][173]Cmd: TRANSACTION UNDO
[2016.04.27-16.55.01:690][173]LogEditorTransaction: Undo Scale Actors
[2016.04.27-16.55.24:663][693]LogEditorViewport: Clicking on Actor (LMB): StaticMeshActor (Stone_bridge)
[2016.04.27-16.55.44:579][980]LogEditorViewport: Clicking on Actor (context menu): Landscape (Landscape)
[2016.04.27-16.55.45:523][ 62]LogEditorViewport: Clicking on Actor (LMB): StaticMeshActor (Stone_bridge)
[2016.04.27-16.56.11:048][600]LogSavePackage: Save=3110.60ms
[2016.04.27-16.56.11:050][600]LogSavePackage: Moving 'F:/University/Year 2/Experimental Games/Macbeth/Macbeth/Saved/ThirdPersonExampleMap58F027544606A53C0782128CA4B846BF.tmp' to 'F:/University/Year 2/Experimental Games/Macbeth/Macbeth/Content/ThirdPersonBP/Maps/ThirdPersonExampleMap.umap'
[2016.04.27-16.56.11:061][600]LogSavePackage: Total save time: 3124.64ms
[2016.04.27-16.56.11:061][600]LogSavePackage:Display: Finished SavePackage F:/University/Year 2/Experimental Games/Macbeth/Macbeth/Content/ThirdPersonBP/Maps/ThirdPersonExampleMap.umap
[2016.04.27-16.56.12:823][782]LogEditorViewport: Clicking on Actor (LMB): StaticMeshActor (Stone_bridge)
[2016.04.27-16.56.12:910][785]LogEditorViewport: Clicking on Component (LMB): StaticMeshComponent (StaticMeshComponent0)
[2016.04.27-16.56.27:122][284]LogMaterial: Missing cached shader map for material NewMaterial, compiling. 
[2016.04.27-16.56.27:180][284]LogMaterial: Missing cached shader map for material NewMaterial, compiling. 
[2016.04.27-16.56.27:188][284]LogMaterial: 0.00 seconds spent updating 1 materials, 1 interfaces, 0 instances, 0 with static permutations.
[2016.04.27-16.56.28:488][337]MaterialEditorStats: Info Base pass shader with only dynamic lighting: 22 instructions
[2016.04.27-16.56.28:488][337]MaterialEditorStats: Info Vertex shader: 29 instructions
[2016.04.27-16.56.28:488][337]MaterialEditorStats: Info Texture samplers: 0/16
[2016.04.27-16.56.29:846][434]LogMaterial: Missing cached shader map for material NewMaterial, compiling. 
[2016.04.27-16.56.29:854][434]LogMaterial: 0.00 seconds spent updating 1 materials, 1 interfaces, 0 instances, 0 with static permutations.
[2016.04.27-16.56.29:855][434]LogMaterial: Missing cached shader map for material FMatExpressionPreview MaterialExpressionTextureSample_0, compiling. 
[2016.04.27-16.56.29:887][434]LogMaterial: Missing cached shader map for material FMatExpressionPreview MaterialExpressionTextureSample_0, compiling. 
[2016.04.27-16.56.30:850][475]MaterialEditorStats: Info Base pass shader with only dynamic lighting: 22 instructions
[2016.04.27-16.56.30:850][475]MaterialEditorStats: Info Vertex shader: 29 instructions
[2016.04.27-16.56.30:850][475]MaterialEditorStats: Info Texture samplers: 0/16
[2016.04.27-16.56.31:164][494]LogMaterial: Missing cached shader map for material NewMaterial, compiling. 
[2016.04.27-16.56.31:172][494]LogMaterial: 0.00 seconds spent updating 1 materials, 1 interfaces, 0 instances, 0 with static permutations.
[2016.04.27-16.56.31:173][494]LogMaterial: Missing cached shader map for material FMatExpressionPreview MaterialExpressionTextureSample_1, compiling. 
[2016.04.27-16.56.31:200][494]LogMaterial: Missing cached shader map for material FMatExpressionPreview MaterialExpressionTextureSample_0, compiling. 
[2016.04.27-16.56.31:205][494]LogMaterial: Missing cached shader map for material FMatExpressionPreview MaterialExpressionTextureSample_1, compiling. 
[2016.04.27-16.56.32:193][540]MaterialEditorStats: Info Base pass shader with only dynamic lighting: 22 instructions
[2016.04.27-16.56.32:193][540]MaterialEditorStats: Info Vertex shader: 29 instructions
[2016.04.27-16.56.32:193][540]MaterialEditorStats: Info Texture samplers: 0/16
[2016.04.27-16.56.35:186][743]LogMaterial: Missing cached shader map for material NewMaterial, compiling. 
[2016.04.27-16.56.35:194][743]LogMaterial: 0.00 seconds spent updating 1 materials, 1 interfaces, 0 instances, 0 with static permutations.
[2016.04.27-16.56.35:195][743]LogMaterial: Missing cached shader map for material FMatExpressionPreview MaterialExpressionTextureSample_2, compiling. 
[2016.04.27-16.56.35:241][743]LogMaterial: Missing cached shader map for material FMatExpressionPreview MaterialExpressionTextureSample_0, compiling. 
[2016.04.27-16.56.35:248][743]LogMaterial: Missing cached shader map for material FMatExpressionPreview MaterialExpressionTextureSample_1, compiling. 
[2016.04.27-16.56.35:254][743]LogMaterial: Missing cached shader map for material FMatExpressionPreview MaterialExpressionTextureSample_2, compiling. 
[2016.04.27-16.56.36:153][781]MaterialEditorStats: Info Base pass shader with only dynamic lighting: 22 instructions
[2016.04.27-16.56.36:153][781]MaterialEditorStats: Info Vertex shader: 29 instructions
[2016.04.27-16.56.36:154][781]MaterialEditorStats: Info Texture samplers: 0/16
[2016.04.27-16.56.38:901][963]LogMaterial: Missing cached shader map for material NewMaterial, compiling. 
[2016.04.27-16.56.38:909][963]LogMaterial: 0.00 seconds spent updating 1 materials, 1 interfaces, 0 instances, 0 with static permutations.
[2016.04.27-16.56.39:893][ 10]MaterialEditorStats: Info Base pass shader with only dynamic lighting: 22 instructions
[2016.04.27-16.56.39:893][ 10]MaterialEditorStats: Info Vertex shader: 29 instructions
[2016.04.27-16.56.39:893][ 10]MaterialEditorStats: Info Texture samplers: 0/16
[2016.04.27-16.56.42:568][202]LogMaterial: Missing cached shader map for material NewMaterial, compiling. 
[2016.04.27-16.56.42:576][202]LogMaterial: 0.00 seconds spent updating 1 materials, 1 interfaces, 0 instances, 0 with static permutations.
[2016.04.27-16.56.42:602][202]LogMaterial: Missing cached shader map for material FMatExpressionPreview MaterialExpressionTextureSample_2, compiling. 
[2016.04.27-16.56.43:640][252]MaterialEditorStats: Info Base pass shader with only dynamic lighting: 23 instructions
[2016.04.27-16.56.43:640][252]MaterialEditorStats: Info Vertex shader: 31 instructions
[2016.04.27-16.56.43:640][252]MaterialEditorStats: Info Texture samplers: 1/16
[2016.04.27-16.56.45:243][363]LogMaterial: Missing cached shader map for material NewMaterial, compiling. 
[2016.04.27-16.56.45:251][363]LogMaterial: 0.00 seconds spent updating 1 materials, 1 interfaces, 0 instances, 0 with static permutations.
[2016.04.27-16.56.45:276][363]LogMaterial: Missing cached shader map for material FMatExpressionPreview MaterialExpressionTextureSample_1, compiling. 
[2016.04.27-16.56.46:330][414]MaterialEditorStats: Info Base pass shader with only dynamic lighting: 38 instructions
[2016.04.27-16.56.46:330][414]MaterialEditorStats: Info Vertex shader: 31 instructions
[2016.04.27-16.56.46:330][414]MaterialEditorStats: Info Texture samplers: 2/16
[2016.04.27-16.56.53:953][971]LogMaterialEditor: Applying material NewMaterial
[2016.04.27-16.56.54:505][971]LogMaterial: Missing cached shader map for material NewMaterial, compiling. 
[2016.04.27-16.56.54:525][971]LogMaterial: 0.00 seconds spent updating 1 materials, 1 interfaces, 0 instances, 0 with static permutations.
[2016.04.27-16.56.54:552][971]LogMaterial: Missing cached shader map for material NewMaterial, compiling. 
[2016.04.27-16.56.54:579][971]LogMaterial: Missing cached shader map for material NewMaterial, compiling. 
[2016.04.27-16.56.54:606][971]LogMaterial: 0.01 seconds spent updating 1 materials, 1 interfaces, 0 instances, 0 with static permutations.
[2016.04.27-16.56.55:755][ 25]LogMaterialEditor: Saving and Compiling material NewMaterial
[2016.04.27-16.56.57:689][ 25]Cmd: OBJ SAVEPACKAGE PACKAGE="/Game/Assets/Bridges/NewMaterial" FILE="F:/University/Year 2/Experimental Games/Macbeth/Macbeth/Content/Assets/Bridges/NewMaterial.uasset" SILENT=true
[2016.04.27-16.56.57:907][ 25]LogSavePackage: Save=214.68ms
[2016.04.27-16.56.57:908][ 25]LogSavePackage: Moving 'F:/University/Year 2/Experimental Games/Macbeth/Macbeth/Saved/NewMaterialCDC202C448A4EC732D1B82874821670B.tmp' to 'F:/University/Year 2/Experimental Games/Macbeth/Macbeth/Content/Assets/Bridges/NewMaterial.uasset'
[2016.04.27-16.56.57:913][ 25]LogSavePackage: Total save time: 220.78ms
[2016.04.27-16.56.57:913][ 25]LogSavePackage:Display: Finished SavePackage F:/University/Year 2/Experimental Games/Macbeth/Macbeth/Content/Assets/Bridges/NewMaterial.uasset
[2016.04.27-16.56.57:917][ 25]MaterialEditorStats: Info Base pass shader with only dynamic lighting: 65 instructions
[2016.04.27-16.56.57:917][ 25]MaterialEditorStats: Info Vertex shader: 31 instructions
[2016.04.27-16.56.57:917][ 25]MaterialEditorStats: Info Texture samplers: 5/16
[2016.04.27-16.57.53:768][ 46]LogSavePackage: Save=3084.61ms
[2016.04.27-16.57.53:769][ 46]LogSavePackage: Moving 'F:/University/Year 2/Experimental Games/Macbeth/Macbeth/Saved/ThirdPersonExampleMap1F4359A9472C0535A0FF6BB45EBCAD5D.tmp' to 'F:/University/Year 2/Experimental Games/Macbeth/Macbeth/Content/ThirdPersonBP/Maps/ThirdPersonExampleMap.umap'
[2016.04.27-16.57.53:780][ 46]LogSavePackage: Total save time: 4992.28ms
[2016.04.27-16.57.53:780][ 46]LogSavePackage:Display: Finished SavePackage F:/University/Year 2/Experimental Games/Macbeth/Macbeth/Content/ThirdPersonBP/Maps/ThirdPersonExampleMap.umap
[2016.04.27-16.58.04:917][317]LogEditorViewport: Clicking on Actor (context menu): BP_Sky_Sphere_C (SkySphereBlueprint)
[2016.04.27-16.58.05:602][380]LogEditorViewport: Clicking on Actor (context menu): BP_Sky_Sphere_C (SkySphereBlueprint)
[2016.04.27-16.58.06:177][437]LogEditorViewport: Clicking on Actor (context menu): BP_Sky_Sphere_C (SkySphereBlueprint)
[2016.04.27-16.58.06:902][509]LogEditorViewport: Clicking on Actor (context menu): BP_Sky_Sphere_C (SkySphereBlueprint)
[2016.04.27-16.58.07:588][577]LogEditorViewport: Clicking on Actor (LMB): BP_Sky_Sphere_C (SkySphereBlueprint)
[2016.04.27-16.58.16:286][500]LogEditorViewport: Clicking on Actor (LMB): Candle_Block_ModelBP_1_C (Candle_Block_ModelBP_19)
[2016.04.27-16.58.29:228][949]LogEditorViewport: Clicking on Actor (LMB): StaticMeshActor (Stone_bridge)
[2016.04.27-16.58.45:920][804]LogEditorViewport: Clicking on Actor (LMB): StaticMeshActor (Stone_bridge)
[2016.04.27-16.58.53:453][654]LogEditorViewport: Clicking on Actor (LMB): StaticMeshActor (Stone_bridge)
[2016.04.27-16.58.55:174][826]LogEditorViewport: Clicking on Actor (LMB): BP_Sky_Sphere_C (SkySphereBlueprint)
[2016.04.27-16.59.19:730][181]LogSavePackage: Save=3207.92ms
[2016.04.27-16.59.19:731][181]LogSavePackage: Moving 'F:/University/Year 2/Experimental Games/Macbeth/Macbeth/Saved/ThirdPersonExampleMapBCF82FBC4C2E2500DB16D391896668D5.tmp' to 'F:/University/Year 2/Experimental Games/Macbeth/Macbeth/Content/ThirdPersonBP/Maps/ThirdPersonExampleMap.umap'
[2016.04.27-16.59.19:742][181]LogSavePackage: Total save time: 3220.94ms
[2016.04.27-16.59.19:742][181]LogSavePackage:Display: Finished SavePackage F:/University/Year 2/Experimental Games/Macbeth/Macbeth/Content/ThirdPersonBP/Maps/ThirdPersonExampleMap.umap
[2016.04.27-16.59.26:374][870]LogWindows:Error: Windows GetLastError: The operation completed successfully. (0)
[2016.04.27-16.59.26:742][870]LogCrashTracker: 


[2016.04.27-16.59.26:804][870]LogCrashTracker: 


[2016.04.27-16.59.26:804][870]LogWindows:Error: === Critical error: ===
Assertion failed: (Index >= 0) & (Index < ArrayNum) [File:D:\BuildFarm\buildmachine_++UE4+Release-4.11\Engine\Source\Runtime\Core\Public\Containers\Array.h] [Line: 785] 
Array index out of bounds: -686 from an array of size 1




[2016.04.27-16.59.26:861][870]LogExit: Executing StaticShutdownAfterError
[2016.04.27-16.59.26:898][870]LogPhysics:Warning: PHYSX: ..\..\PhysX\src\NpScene.cpp (2946) 8 : PxScene::unlockWrite() called without matching call to PxScene::lockWrite(), behaviour will be undefined.
[2016.04.27-16.59.26:899][870]LogPhysics:Warning: PHYSX: ..\..\PhysX\src\NpScene.cpp (2946) 8 : PxScene::unlockWrite() called without matching call to PxScene::lockWrite(), behaviour will be undefined.
[2016.04.27-16.59.26:899][870]LogWindows: FPlatformMisc::RequestExit(1)
[2016.04.27-16.59.26:899][870]Log file closed, 04/27/16 17:59:26
