Log file open, 04/27/16 18:30:53
LogInit:Display: Running engine for game: Macbeth
LogPlatformFile: Not using cached read wrapper
LogInit:Display: RandInit(-1168692632) SRandInit(-1168692631).
LogTaskGraph: Started task graph with 4 named threads and 7 total threads.
LogStats: Stats thread started at 0.070245
LogInit: Version: 4.11.1-2934540+++UE4+Release-4.11
LogInit: API Version: 2927265
LogInit: Compiled (64-bit): Apr  6 2016 02:14:16
LogInit: Compiled with Visual C++: 19.00.23026.00
LogInit: Build Configuration: Development
LogInit: Branch Name: ++UE4+Release-4.11
LogInit: Command line: 
LogInit: Base directory: C:/Program Files/Epic Games/4.11/Engine/Binaries/Win64/
LogInit: Installed Engine Build: 1
LogInit: Using libcurl 7.41.0
LogInit:  - built for x86_64-pc-win32
LogInit:  - supports SSL with WinSSL
LogInit:  - other features:
LogInit:      CURL_VERSION_SSL
LogInit:      CURL_VERSION_IPV6
LogInit:      CURL_VERSION_ASYNCHDNS
LogInit:      CURL_VERSION_LARGEFILE
LogInit:      CURL_VERSION_IDN
LogInit:  CurlRequestOptions (configurable via config and command line):
LogInit:  - bVerifyPeer = true  - Libcurl will verify peer certificate
LogInit:  - bUseHttpProxy = false  - Libcurl will NOT use HTTP proxy
LogInit:  - bDontReuseConnections = false  - Libcurl will reuse connections
LogInit:  - CertBundlePath = nullptr  - Libcurl will use whatever was configured at build time.
LogInit: Presizing for max 16777216 objects, including 0 objects not considered by GC, pre-allocating 0 bytes for permanent pool.
LogInit: Object subsystem initialized
[2016.04.27-17.30.53:638][  0]LogInit: Selected Device Profile: [Windows]
[2016.04.27-17.30.53:638][  0]LogInit: Applying CVar settings loaded from the selected device profile: [Windows]
[2016.04.27-17.30.53:654][  0]LogInit: Computer: MULLENIX-PC
[2016.04.27-17.30.53:654][  0]LogInit: User: MullenIX
[2016.04.27-17.30.53:654][  0]LogInit: CPU Page size=65536, Cores=4
[2016.04.27-17.30.53:654][  0]LogInit: High frequency timer resolution =2.610712 MHz
[2016.04.27-17.30.53:654][  0]LogMemory: Memory total: Physical=12.0GB (12GB approx)
[2016.04.27-17.30.53:654][  0]LogMemory: Platform Memory Stats for Windows
[2016.04.27-17.30.53:654][  0]LogMemory: Process Physical Memory: 314.11 MB used, 314.11 MB peak
[2016.04.27-17.30.53:654][  0]LogMemory: Process Virtual Memory: 316.73 MB used, 316.73 MB peak
[2016.04.27-17.30.53:654][  0]LogMemory: Physical Memory: 4846.78 MB used, 12278.99 MB total
[2016.04.27-17.30.53:654][  0]LogMemory: Virtual Memory: 621.01 MB used, 8388608.00 MB total
[2016.04.27-17.30.53:694][  0]LogTextLocalizationManager: No specific translations for ('en-GB') exist, so ('en') translations will be used.
[2016.04.27-17.30.54:142][  0]LogD3D11RHI: D3D11 adapters:
[2016.04.27-17.30.54:166][  0]LogD3D11RHI:    0. 'NVIDIA GeForce GTX 670' (Feature Level 11_0)
[2016.04.27-17.30.54:166][  0]LogD3D11RHI:       1989MB of dedicated video memory, 0MB of dedicated system memory, and 2048MB of shared system memory, 1 output[s]
[2016.04.27-17.30.54:166][  0]LogD3D11RHI: Chosen D3D11 Adapter: 0
[2016.04.27-17.30.54:171][  0]LogD3D11RHI: Creating new Direct3DDevice
[2016.04.27-17.30.54:171][  0]LogD3D11RHI:     Adapter Name: NVIDIA GeForce GTX 670
[2016.04.27-17.30.54:171][  0]LogD3D11RHI:   Driver Version: 10.18.13.6472 (internal 10.18.13.6472)
[2016.04.27-17.30.54:171][  0]LogD3D11RHI:      Driver Date: 3-21-2016
[2016.04.27-17.30.54:171][  0]LogRHI: Texture pool is 1361 MB (70% of 1945 MB)
[2016.04.27-17.30.54:182][  0]LogD3D11RHI: Async texture creation enabled
[2016.04.27-17.30.54:198][  0]LogShaderCompilers: Guid format shader working directory is -7 characters bigger than the processId version (F:/University/Year 2/Experimental Games/Macbeth/Macbeth/Intermediate/Shaders/WorkingDirectory/10692/).
[2016.04.27-17.30.54:198][  0]LogShaderCompilers: Cleaned the shader compiler working directory 'C:/Users/MULLEN~1/AppData/Local/Temp/UnrealShaderWorkingDir/5320658749B3E2B79DCABA8287410D63/'.
[2016.04.27-17.30.54:198][  0]LogShaderCompilers:Display: Using Local Shader Compiler.
[2016.04.27-17.30.55:436][  0]LogTemp:Display: Loaded TP AllDesktopTargetPlatform
[2016.04.27-17.30.55:441][  0]LogTemp:Display: Loaded TP WindowsClientTargetPlatform
[2016.04.27-17.30.55:446][  0]LogTemp:Display: Loaded TP WindowsNoEditorTargetPlatform
[2016.04.27-17.30.55:450][  0]LogTemp:Display: Loaded TP WindowsServerTargetPlatform
[2016.04.27-17.30.55:455][  0]LogTemp:Display: Loaded TP WindowsTargetPlatform
[2016.04.27-17.30.55:458][  0]LogTemp:Display: Loaded TP AndroidTargetPlatform
[2016.04.27-17.30.55:461][  0]LogTemp:Display: Loaded TP Android_ASTCTargetPlatform
[2016.04.27-17.30.55:464][  0]LogTemp:Display: Loaded TP Android_ATCTargetPlatform
[2016.04.27-17.30.55:468][  0]LogTemp:Display: Loaded TP Android_DXTTargetPlatform
[2016.04.27-17.30.55:471][  0]LogTemp:Display: Loaded TP Android_ETC1TargetPlatform
[2016.04.27-17.30.55:474][  0]LogTemp:Display: Loaded TP Android_ETC2TargetPlatform
[2016.04.27-17.30.55:481][  0]LogTemp:Display: Loaded TP Android_MultiTargetPlatform
[2016.04.27-17.30.55:481][  0]LogTemp:Display: Loaded TP Android_PVRTCTargetPlatform
[2016.04.27-17.30.55:482][  0]LogTemp:Display: Loaded TP HTML5TargetPlatform
[2016.04.27-17.30.55:499][  0]LogTemp:Display: Loaded TP IOSTargetPlatform
[2016.04.27-17.30.55:502][  0]LogTemp:Display: Loaded TP TVOSTargetPlatform
[2016.04.27-17.30.55:505][  0]LogTemp:Display: Loaded TP LinuxNoEditorTargetPlatform
[2016.04.27-17.30.55:508][  0]LogTemp:Display: Loaded TP LinuxServerTargetPlatform
[2016.04.27-17.30.55:512][  0]LogTemp:Display: Loaded TP LinuxTargetPlatform
[2016.04.27-17.30.55:512][  0]LogTargetPlatformManager:Display: Building Assets For Windows
[2016.04.27-17.30.55:583][  0]LogDerivedDataCache:Display: Max Cache Size: 512 MB
[2016.04.27-17.30.55:644][  0]LogDerivedDataCache: Loaded boot cache 0.06s 46MB C:/Users/Mullen IX/AppData/Local/UnrealEngine/4.11/DerivedDataCache/Boot.ddc.
[2016.04.27-17.30.55:644][  0]LogDerivedDataCache:Display: Loaded Boot cache: C:/Users/Mullen IX/AppData/Local/UnrealEngine/4.11/DerivedDataCache/Boot.ddc
[2016.04.27-17.30.55:644][  0]LogDerivedDataCache: FDerivedDataBackendGraph:  Pak pak cache file F:/University/Year 2/Experimental Games/Macbeth/Macbeth/DerivedDataCache/DDC.ddp not found, will not use a pak cache.
[2016.04.27-17.30.55:644][  0]LogDerivedDataCache: Unable to find inner node Pak for hierarchical cache Hierarchy.
[2016.04.27-17.30.55:644][  0]LogDerivedDataCache: FDerivedDataBackendGraph:  CompressedPak pak cache file F:/University/Year 2/Experimental Games/Macbeth/Macbeth/DerivedDataCache/Compressed.ddp not found, will not use a pak cache.
[2016.04.27-17.30.55:644][  0]LogDerivedDataCache: Unable to find inner node CompressedPak for hierarchical cache Hierarchy.
[2016.04.27-17.30.55:666][  0]LogDerivedDataCache:Display: Pak cache opened for reading ../../../Engine/DerivedDataCache/Compressed.ddp.
[2016.04.27-17.30.55:678][  0]LogDerivedDataCache: Using Local data cache path C:/Users/Mullen IX/AppData/Local/UnrealEngine/Common/DerivedDataCache: Writable
[2016.04.27-17.30.55:892][  0]LogInit: Selected Device Profile: [Windows]
[2016.04.27-17.30.55:892][  0]LogContentStreaming: Texture pool size is 0.00 MB
[2016.04.27-17.30.55:924][  0]LogMaterial: Uniform references updated for custom material expression Custom.
[2016.04.27-17.30.56:092][  0]LogMeshUtilities: No automatic mesh reduction module available
[2016.04.27-17.30.56:092][  0]LogMeshUtilities: No automatic mesh merging module available
[2016.04.27-17.30.56:092][  0]LogMeshUtilities: No distributed automatic mesh merging module available
[2016.04.27-17.30.56:356][  0]LogUObjectArray: 27678 objects as part of root set at end of initial load.
[2016.04.27-17.30.56:356][  0]LogUObjectAllocator: 5591392 out of 0 bytes used by permanent object pool.
[2016.04.27-17.30.56:356][  0]LogUObjectArray: CloseDisregardForGC: 0/0 objects in disregard for GC pool
[2016.04.27-17.30.56:362][  0]LogInit: WinSock: version 1.1 (2.2), MaxSocks=32767, MaxUdp=65467
[2016.04.27-17.30.56:449][  0]LogSlate: SlateFontCache - WITH_FREETYPE: 1, WITH_HARFBUZZ: 1
[2016.04.27-17.30.56:449][  0]LogSlate: SlateFontCache - WITH_FREETYPE: 1, WITH_HARFBUZZ: 1
[2016.04.27-17.30.56:566][  0]LogStreaming:Warning: Failed to read file '../../../Engine/Content/Editor/Slate/Common/Selection_16x.png' error.
[2016.04.27-17.30.56:566][  0]LogSlate: Could not find file for Slate resource: ../../../Engine/Content/Editor/Slate/Common/Selection_16x.png
[2016.04.27-17.30.56:566][  0]LogStreaming:Warning: Failed to read file '../../../Engine/Content/Editor/Slate/Common/Selection_16x.png' error.
[2016.04.27-17.30.56:566][  0]LogSlate: Could not find file for Slate resource: ../../../Engine/Content/Editor/Slate/Common/Selection_16x.png
[2016.04.27-17.30.56:566][  0]LogStreaming:Warning: Failed to read file '../../../Engine/Content/Editor/Slate/Common/Selection_16x.png' error.
[2016.04.27-17.30.56:566][  0]LogSlate: Could not find file for Slate resource: ../../../Engine/Content/Editor/Slate/Common/Selection_16x.png
[2016.04.27-17.30.57:212][  0]LogSubstanceCoreModule: Substance CPU Engine Loaded, Max Texture Size 2048
[2016.04.27-17.30.57:219][  0]LogUdpMessaging: Initializing bridge on interface 0.0.0.0:0 to multicast group 230.0.0.1:6666.
[2016.04.27-17.30.57:318][  0]LogAssetRegistry: FAssetRegistry took 0.0198 seconds to start up
[2016.04.27-17.30.57:989][  0]SourceControl: Info Source control is disabled
[2016.04.27-17.30.57:990][  0]SourceControl: Info Source control is disabled
[2016.04.27-17.30.57:997][  0]SourceControl: Info Source control is disabled
[2016.04.27-17.30.58:004][  0]SourceControl: Info Source control is disabled
[2016.04.27-17.30.58:198][  0]LogEngine: Initializing Engine...
[2016.04.27-17.30.58:199][  0]LogHMD: SteamVR failed to initialize.  Err: 110
[2016.04.27-17.30.58:199][  0]LogHMD: SteamVR failed to initialize.  Err: 110
[2016.04.27-17.30.58:368][  0]LogAIModule: Creating AISystem for world NewWorld
[2016.04.27-17.30.58:381][  0]LogInit: XAudio2 using 'Speakers (Realtek High Definition Audio)' : 2 channels at 48 kHz using 32 bits per sample (channel mask 0x3)
[2016.04.27-17.30.58:396][  0]LogInit: FAudioDevice initialized.
[2016.04.27-17.30.58:421][  0]LogDerivedDataCache: Saved boot cache 0.03s 46MB C:/Users/Mullen IX/AppData/Local/UnrealEngine/4.11/DerivedDataCache/Boot.ddc.
[2016.04.27-17.30.58:429][  0]LogInit: Texture streaming: Enabled
[2016.04.27-17.30.58:449][  0]LogInit: Transaction tracking system initialized
[2016.04.27-17.30.58:470][  0]BlueprintLog: New page: Editor Load
[2016.04.27-17.30.58:540][  0]LocalizationService: Info Localization service is disabled
[2016.04.27-17.30.58:599][  0]LogConsoleResponse:Display: 
[2016.04.27-17.30.58:710][  0]LogCook:Display: Max memory allowance for cook 8192mb
[2016.04.27-17.30.58:710][  0]LogCook:Display: Mobile HDR setting 1
[2016.04.27-17.30.58:710][  0]LogCook:Display: Done creating registry. It took  0.00s.
[2016.04.27-17.30.58:755][  0]LogFileCache: Scanning file cache for directory 'F:/University/Year 2/Experimental Games/Macbeth/Macbeth/Content/' took 0.01s
[2016.04.27-17.30.58:755][  0]SourceControl: Info Source control is disabled
[2016.04.27-17.30.58:756][  0]Cmd: MAP LOAD FILE="F:/University/Year 2/Experimental Games/Macbeth/Macbeth/Content/ThirdPersonBP/Maps/ThirdPersonExampleMap.umap" TEMPLATE=0 SHOWPROGRESS=1 FEATURELEVEL=3
[2016.04.27-17.30.58:757][  0]LightingResults: New page: Lighting Build
[2016.04.27-17.30.58:759][  0]MapCheck: New page: Map Check
[2016.04.27-17.30.58:759][  0]LightingResults: New page: Lighting Build
[2016.04.27-17.30.59:884][  0]LogAIModule: Creating AISystem for world ThirdPersonExampleMap
[2016.04.27-17.31.00:060][  0]LogMaterial:Warning: Material /Game/Assets/Rocks/Rocks_Mat.Rocks_Mat needed to have new flag set bUsedWithInstancedStaticMeshes !
[2016.04.27-17.31.00:062][  0]LogMaterial: Missing cached shader map for material Rocks_Mat, compiling. 
[2016.04.27-17.31.00:103][  0]MapCheck:Warning: Warning Rocks_Mat Material /Game/Assets/Rocks/Rocks_Mat.Rocks_Mat was missing the usage flag bUsedWithInstancedStaticMeshes. If the material asset is not re-saved, it may not render correctly when run outside the editor. Fix
[2016.04.27-17.31.00:103][  0]LogMaterial: 0.00 seconds spent updating 1 materials, 1 interfaces, 0 instances, 0 with static permutations.
[2016.04.27-17.31.00:123][  0]LogMaterial:Warning: Material /Game/Assets/Flowers/Grass.Grass needed to have new flag set bUsedWithInstancedStaticMeshes !
[2016.04.27-17.31.00:125][  0]LogMaterial: Missing cached shader map for material Grass, compiling. 
[2016.04.27-17.31.00:155][  0]MapCheck:Warning: Warning Grass Material /Game/Assets/Flowers/Grass.Grass was missing the usage flag bUsedWithInstancedStaticMeshes. If the material asset is not re-saved, it may not render correctly when run outside the editor. Fix
[2016.04.27-17.31.00:155][  0]LogMaterial: 0.00 seconds spent updating 1 materials, 1 interfaces, 0 instances, 0 with static permutations.
[2016.04.27-17.31.00:157][  0]LogMaterial:Warning: Material /Game/Assets/Flowers/Flowers.Flowers needed to have new flag set bUsedWithInstancedStaticMeshes !
[2016.04.27-17.31.00:160][  0]LogMaterial: Missing cached shader map for material Flowers, compiling. 
[2016.04.27-17.31.00:182][  0]MapCheck:Warning: Warning Flowers Material /Game/Assets/Flowers/Flowers.Flowers was missing the usage flag bUsedWithInstancedStaticMeshes. If the material asset is not re-saved, it may not render correctly when run outside the editor. Fix
[2016.04.27-17.31.00:182][  0]LogMaterial: 0.00 seconds spent updating 1 materials, 1 interfaces, 0 instances, 0 with static permutations.
[2016.04.27-17.31.00:182][  0]LogMaterial:Warning: Material /Game/Assets/Pine_Trees/pine_tree.pine_tree needed to have new flag set bUsedWithInstancedStaticMeshes !
[2016.04.27-17.31.00:185][  0]LogMaterial: Missing cached shader map for material pine_tree, compiling. 
[2016.04.27-17.31.00:206][  0]MapCheck:Warning: Warning pine_tree Material /Game/Assets/Pine_Trees/pine_tree.pine_tree was missing the usage flag bUsedWithInstancedStaticMeshes. If the material asset is not re-saved, it may not render correctly when run outside the editor. Fix
[2016.04.27-17.31.00:206][  0]LogMaterial: 0.00 seconds spent updating 1 materials, 1 interfaces, 0 instances, 0 with static permutations.
[2016.04.27-17.31.00:320][  0]LogEditorServer: Finished looking for orphan Actors (0.000 secs)
[2016.04.27-17.31.00:321][  0]Cmd: MAP CHECKDEP NOCLEARLOG
[2016.04.27-17.31.00:415][  0]MapCheck: Info Map check complete: 0 Error(s), 4 Warning(s), took 94.54ms to complete.
[2016.04.27-17.31.00:427][  0]LogFileHelpers: Loading map 'ThirdPersonExampleMap' took 1.671
[2016.04.27-17.31.00:593][  0]LogCollectionManager: Loaded 0 collections in 0.002455 seconds
[2016.04.27-17.31.00:633][  0]LogFileCache: Scanning file cache for directory 'F:/University/Year 2/Experimental Games/Macbeth/Macbeth/Saved/Collections/' took 0.01s
[2016.04.27-17.31.00:633][  0]LogFileCache: Scanning file cache for directory 'F:/University/Year 2/Experimental Games/Macbeth/Macbeth/Content/Developers/MullenIX/Collections/' took 0.01s
[2016.04.27-17.31.00:633][  0]LogFileCache: Scanning file cache for directory 'F:/University/Year 2/Experimental Games/Macbeth/Macbeth/Content/Collections/' took 0.01s
[2016.04.27-17.31.00:633][  0]LogCollectionManager: Rebuilt the GUID cache for 0 collections in 0.000004 seconds
[2016.04.27-17.31.00:652][  0]LogContentBrowser: Native class hierarchy populated in 0.0187 seconds. Added 1994 classes and 349 folders.
[2016.04.27-17.31.00:658][  0]LogStats: UGameplayTagsManager::ConstructGameplayTagTree: Construct from data asset -  0.000 s
[2016.04.27-17.31.00:659][  0]LogStats: UGameplayTagsManager::ConstructGameplayTagTree: GameplayTagTreeChangedEvent.Broadcast -  0.000 s
[2016.04.27-17.31.00:659][  0]LogContentBrowser: Native class hierarchy updated for 'GameplayTags' in 0.0008 seconds. Added 12 classes and 0 folders.
[2016.04.27-17.31.00:667][  0]LogContentBrowser: Native class hierarchy updated for 'WidgetCarousel' in 0.0006 seconds. Added 0 classes and 0 folders.
[2016.04.27-17.31.00:676][  0]LogContentBrowser: Native class hierarchy updated for 'SuperSearch' in 0.0006 seconds. Added 1 classes and 2 folders.
[2016.04.27-17.31.00:736][  0]LogContentBrowser: Native class hierarchy updated for 'AddContentDialog' in 0.0006 seconds. Added 0 classes and 0 folders.
[2016.04.27-17.31.00:742][  0]LogContentBrowser: Native class hierarchy updated for 'SceneOutliner' in 0.0009 seconds. Added 1 classes and 2 folders.
[2016.04.27-17.31.00:784][  0]LogCrashTracker: Crashtracker disabled due to settings.
[2016.04.27-17.31.00:789][  0]LogUObjectGlobals:Warning: Failed to find object 'Class None.'
[2016.04.27-17.31.00:815][  0]LogContentBrowser: Native class hierarchy updated for 'HierarchicalLODOutliner' in 0.0006 seconds. Added 1 classes and 2 folders.
[2016.04.27-17.31.00:815][  0]LogLoad: Full Startup: 7.95 seconds (BP compile: 0.12 seconds)
[2016.04.27-17.31.00:815][  0]LogExternalProfiler:Warning: No registered external profiler was matched with a command-line switch (or the DLL could not be loaded).  External profiling features will not be available.
[2016.04.27-17.31.00:824][  0]LogOcInput: OculusInput pre-init called
[2016.04.27-17.31.00:891][  0]LogContentStreaming: Texture pool size now 1000 MB
[2016.04.27-17.31.01:130][  0]LogRenderer: Reallocating scene render targets to support 1208x576 (Frame:2).
[2016.04.27-17.31.01:248][  1]Cmd: UpdateLandscapeEditorData -warnings
[2016.04.27-17.31.01:378][  2]LogAssetRegistry: Asset discovery search completed in 4.0807 seconds
[2016.04.27-17.31.01:378][  2]LogCollectionManager: Rebuilt the object cache for 0 collections in 0.000001 seconds (found 0 objects)
[2016.04.27-17.31.01:379][  2]LogCollectionManager: Fixed up redirectors for 0 collections in 0.000046 seconds (updated 0 objects)
[2016.04.27-17.31.06:651][409]LogEditorViewport: Clicking on Actor (LMB): Emitter (P_Env_Fire_Grate_3)
[2016.04.27-17.31.08:559][546]LogContentBrowser: Native class hierarchy updated for 'Cascade' in 0.0007 seconds. Added 2 classes and 2 folders.
[2016.04.27-17.31.08:606][546]LogUObjectGlobals:Warning: Failed to find object 'StaticMesh None.SM_FireMesh_Grate'
[2016.04.27-17.31.08:606][546]LogUObjectGlobals:Warning: Failed to find object 'StaticMesh None.SM_FireMesh_Grate'
[2016.04.27-17.31.08:638][546]LogTexture:Display: Building textures: CASC_Normal (BC5)
[2016.04.27-17.31.08:644][546]LogTexture:Display: Building textures: CASC_Point (AutoDXT)
[2016.04.27-17.31.08:651][546]LogTexture:Display: Building textures: CASC_Lights (BC5)
[2016.04.27-17.31.08:657][546]LogTexture:Display: Building textures: CASC_CurveEd (AutoDXT)
[2016.04.27-17.31.08:663][546]LogTexture:Display: Building textures: CASC_ModuleEnable (AutoDXT)
[2016.04.27-17.31.08:670][546]LogTexture:Display: Building textures: CASC_ModuleDisable (AutoDXT)
[2016.04.27-17.31.08:677][546]LogTexture:Display: Building textures: CASC_Solo_On (AutoDXT)
[2016.04.27-17.31.08:684][546]LogTexture:Display: Building textures: CASC_Solo_Off (AutoDXT)
[2016.04.27-17.31.08:701][546]LogTexture:Display: Building textures: CASC_DisabledModule (AutoDXT)
[2016.04.27-17.31.12:511][693]LogCascade: Quitting Cascade. FXSystem=0x00000000709EE8E0
[2016.04.27-17.31.31:372][391]LogUObjectGlobals:Warning: Failed to find object 'StaticMesh None.SM_FireMesh_Grate'
[2016.04.27-17.31.44:301][475]LogCascade: Quitting Cascade. FXSystem=0x000000002A3207C0
[2016.04.27-17.31.48:312][888]LogEditorViewport: Clicking on Actor (LMB): BP_Sky_Sphere_C (SkySphereBlueprint)
[2016.04.27-17.32.20:219][917]LogSavePackage: Save=3197.29ms
[2016.04.27-17.32.20:220][917]LogSavePackage: Moving 'F:/University/Year 2/Experimental Games/Macbeth/Macbeth/Saved/ThirdPersonExampleMapF13D8D484C2554AC74C6EE927E6527F8.tmp' to 'F:/University/Year 2/Experimental Games/Macbeth/Macbeth/Content/ThirdPersonBP/Maps/ThirdPersonExampleMap.umap'
[2016.04.27-17.32.20:229][917]LogSavePackage: Total save time: 4905.19ms
[2016.04.27-17.32.20:229][917]LogSavePackage:Display: Finished SavePackage F:/University/Year 2/Experimental Games/Macbeth/Macbeth/Content/ThirdPersonBP/Maps/ThirdPersonExampleMap.umap
[2016.04.27-17.32.29:321][804]Cmd: QUIT_EDITOR
[2016.04.27-17.32.29:436][804]LogExit: Preparing to exit.
[2016.04.27-17.32.30:398][804]LogExit: Editor shut down
[2016.04.27-17.32.30:399][804]LogExit: Transaction tracking system shut down
[2016.04.27-17.32.30:566][804]LogObj: Freed 0b from 0 cluster array pools.
[2016.04.27-17.32.30:566][804]LogExit: Object subsystem successfully closed.
[2016.04.27-17.32.30:593][804]LogD3D11RHI: Shutdown
[2016.04.27-17.32.30:593][804]LogD3D11RHI: CleanupD3DDevice
[2016.04.27-17.32.30:670][804]LogD3D11RHI: ~FD3D11DynamicRHI
[2016.04.27-17.32.31:173][804]LogDerivedDataCache: Shutdown
[2016.04.27-17.32.31:174][804]LogModuleManager: Shutting down and abandoning module DistCurveEditor (207)
[2016.04.27-17.32.31:174][804]LogModuleManager: Shutting down and abandoning module Cascade (206)
[2016.04.27-17.32.31:174][804]LogModuleManager: Shutting down and abandoning module HierarchicalLODOutliner (205)
[2016.04.27-17.32.31:174][804]LogModuleManager: Shutting down and abandoning module CrashTracker (204)
[2016.04.27-17.32.31:174][804]LogModuleManager: Shutting down and abandoning module SceneOutliner (203)
[2016.04.27-17.32.31:174][804]LogModuleManager: Shutting down and abandoning module SuperSearch (202)
[2016.04.27-17.32.31:174][804]LogModuleManager: Shutting down and abandoning module WidgetCarousel (201)
[2016.04.27-17.32.31:174][804]LogModuleManager: Shutting down and abandoning module AddContentDialog (200)
[2016.04.27-17.32.31:175][804]LogModuleManager: Shutting down and abandoning module GameplayTags (199)
[2016.04.27-17.32.31:175][804]LogModuleManager: Shutting down and abandoning module EditorWidgets (198)
[2016.04.27-17.32.31:175][804]LogModuleManager: Shutting down and abandoning module CollectionManager (197)
[2016.04.27-17.32.31:175][804]LogModuleManager: Shutting down and abandoning module StatsViewer (196)
[2016.04.27-17.32.31:175][804]LogModuleManager: Shutting down and abandoning module FoliageEdit (195)
[2016.04.27-17.32.31:175][804]LogModuleManager: Shutting down and abandoning module LandscapeEditor (194)
[2016.04.27-17.32.31:175][804]LogModuleManager: Shutting down and abandoning module ActorPickerMode (193)
[2016.04.27-17.32.31:175][804]LogModuleManager: Shutting down and abandoning module GeometryMode (192)
[2016.04.27-17.32.31:175][804]LogModuleManager: Shutting down and abandoning module TextureAlignMode (191)
[2016.04.27-17.32.31:175][804]LogModuleManager: Shutting down and abandoning module BspMode (190)
[2016.04.27-17.32.31:175][804]LogModuleManager: Shutting down and abandoning module PlacementMode (189)
[2016.04.27-17.32.31:175][804]LogModuleManager: Shutting down and abandoning module AutomationWorker (188)
[2016.04.27-17.32.31:175][804]LogModuleManager: Shutting down and abandoning module CharacterAI (187)
[2016.04.27-17.32.31:175][804]LogModuleManager: Shutting down and abandoning module SmartSnapping (186)
[2016.04.27-17.32.31:175][804]LogModuleManager: Shutting down and abandoning module ViewportSnapping (185)
[2016.04.27-17.32.31:175][804]LogModuleManager: Shutting down and abandoning module LogVisualizer (184)
[2016.04.27-17.32.31:175][804]LogModuleManager: Shutting down and abandoning module GameProjectGeneration (183)
[2016.04.27-17.32.31:175][804]LogModuleManager: Shutting down and abandoning module IntroTutorials (182)
[2016.04.27-17.32.31:175][804]LogModuleManager: Shutting down and abandoning module EditorLiveStreaming (181)
[2016.04.27-17.32.31:175][804]LogModuleManager: Shutting down and abandoning module IOSPlatformEditor (180)
[2016.04.27-17.32.31:175][804]LogModuleManager: Shutting down and abandoning module HTML5PlatformEditor (179)
[2016.04.27-17.32.31:176][804]LogModuleManager: Shutting down and abandoning module AndroidDeviceDetection (178)
[2016.04.27-17.32.31:573][804]LogModuleManager: Shutting down and abandoning module AndroidPlatformEditor (177)
[2016.04.27-17.32.31:573][804]LogModuleManager: Shutting down and abandoning module IOSRuntimeSettings (176)
[2016.04.27-17.32.31:573][804]LogModuleManager: Shutting down and abandoning module AndroidRuntimeSettings (175)
[2016.04.27-17.32.31:573][804]LogModuleManager: Shutting down and abandoning module MergeActors (174)
[2016.04.27-17.32.31:573][804]LogModuleManager: Shutting down and abandoning module SizeMap (173)
[2016.04.27-17.32.31:573][804]LogModuleManager: Shutting down and abandoning module TreeMap (172)
[2016.04.27-17.32.31:573][804]LogModuleManager: Shutting down and abandoning module ReferenceViewer (171)
[2016.04.27-17.32.31:573][804]LogModuleManager: Shutting down and abandoning module LocalizationService (170)
[2016.04.27-17.32.31:573][804]LogModuleManager: Shutting down and abandoning module LocalizationDashboard (169)
[2016.04.27-17.32.31:573][804]LogModuleManager: Shutting down and abandoning module HardwareTargeting (168)
[2016.04.27-17.32.31:573][804]LogModuleManager: Shutting down and abandoning module DeviceProfileEditor (167)
[2016.04.27-17.32.31:573][804]LogModuleManager: Shutting down and abandoning module UndoHistory (166)
[2016.04.27-17.32.31:573][804]LogModuleManager: Shutting down and abandoning module UserFeedback (165)
[2016.04.27-17.32.31:573][804]LogModuleManager: Shutting down and abandoning module XmlParser (164)
[2016.04.27-17.32.31:573][804]LogModuleManager: Shutting down and abandoning module Blutility (163)
[2016.04.27-17.32.31:573][804]LogModuleManager: Shutting down and abandoning module ProjectTargetPlatformEditor (162)
[2016.04.27-17.32.31:573][804]LogModuleManager: Shutting down and abandoning module ProjectSettingsViewer (161)
[2016.04.27-17.32.31:574][804]LogModuleManager: Shutting down and abandoning module InputBindingEditor (160)
[2016.04.27-17.32.31:574][804]LogModuleManager: Shutting down and abandoning module EditorSettingsViewer (159)
[2016.04.27-17.32.31:574][804]LogModuleManager: Shutting down and abandoning module SettingsEditor (158)
[2016.04.27-17.32.31:574][804]LogModuleManager: Shutting down and abandoning module ProjectLauncher (157)
[2016.04.27-17.32.31:574][804]LogModuleManager: Shutting down and abandoning module SessionFrontend (156)
[2016.04.27-17.32.31:574][804]LogModuleManager: Shutting down and abandoning module ProfilerClient (155)
[2016.04.27-17.32.31:574][804]LogModuleManager: Shutting down and abandoning module TargetDeviceServices (154)
[2016.04.27-17.32.31:574][804]LogModuleManager: Shutting down and abandoning module DeviceManager (153)
[2016.04.27-17.32.31:614][804]LogModuleManager: Shutting down and abandoning module AutomationController (152)
[2016.04.27-17.32.31:614][804]LogModuleManager: Shutting down and abandoning module AutomationWindow (151)
[2016.04.27-17.32.31:614][804]LogModuleManager: Shutting down and abandoning module Layers (150)
[2016.04.27-17.32.31:614][804]LogModuleManager: Shutting down and abandoning module ComponentVisualizers (149)
[2016.04.27-17.32.31:614][804]LogModuleManager: Shutting down and abandoning module DetailCustomizations (148)
[2016.04.27-17.32.31:614][804]LogModuleManager: Shutting down and abandoning module PackagesDialog (147)
[2016.04.27-17.32.31:614][804]LogModuleManager: Shutting down and abandoning module Persona (146)
[2016.04.27-17.32.31:614][804]LogModuleManager: Shutting down and abandoning module Kismet (145)
[2016.04.27-17.32.31:614][804]LogModuleManager: Shutting down and abandoning module GraphEditor (144)
[2016.04.27-17.32.31:614][804]LogModuleManager: Shutting down and abandoning module ClassViewer (143)
[2016.04.27-17.32.31:614][804]LogModuleManager: Shutting down and abandoning module Toolbox (142)
[2016.04.27-17.32.31:614][804]LogModuleManager: Shutting down and abandoning module ModuleUI (141)
[2016.04.27-17.32.31:614][804]LogModuleManager: Shutting down and abandoning module MovieSceneTools (140)
[2016.04.27-17.32.31:614][804]LogModuleManager: Shutting down and abandoning module OutputLog (139)
[2016.04.27-17.32.31:614][804]LogModuleManager: Shutting down and abandoning module GammaUI (138)
[2016.04.27-17.32.31:614][804]LogModuleManager: Shutting down and abandoning module Documentation (137)
[2016.04.27-17.32.31:614][804]LogModuleManager: Shutting down and abandoning module StreamingPauseRendering (136)
[2016.04.27-17.32.31:614][804]LogModuleManager: Shutting down and abandoning module AnalyticsET (135)
[2016.04.27-17.32.31:614][804]LogModuleManager: Shutting down and abandoning module Analytics (134)
[2016.04.27-17.32.31:614][804]LogModuleManager: Shutting down and abandoning module PortalServices (133)
[2016.04.27-17.32.31:614][804]LogModuleManager: Shutting down and abandoning module PortalRpc (132)
[2016.04.27-17.32.31:614][804]LogModuleManager: Shutting down and abandoning module MessagingRpc (131)
[2016.04.27-17.32.31:614][804]LogModuleManager: Shutting down and abandoning module AITestSuite (130)
[2016.04.27-17.32.31:614][804]LogModuleManager: Shutting down and abandoning module GameplayDebugger (129)
[2016.04.27-17.32.31:614][804]LogModuleManager: Shutting down and abandoning module AIModule (128)
[2016.04.27-17.32.31:614][804]LogModuleManager: Shutting down and abandoning module ProfilerService (127)
[2016.04.27-17.32.31:644][804]LogModuleManager: Shutting down and abandoning module TaskGraph (126)
[2016.04.27-17.32.31:644][804]LogModuleManager: Shutting down and abandoning module SubstanceEditor (125)
[2016.04.27-17.32.31:644][804]LogModuleManager: Shutting down and abandoning module SlateRemote (124)
[2016.04.27-17.32.31:644][804]LogModuleManager: Shutting down and abandoning module SteamVRController (123)
[2016.04.27-17.32.31:644][804]LogModuleManager: Shutting down and abandoning module SteamVR (122)
[2016.04.27-17.32.31:644][804]LogModuleManager: Shutting down and abandoning module ProceduralMeshComponent (121)
[2016.04.27-17.32.31:644][804]LogModuleManager: Shutting down and abandoning module OculusLibrary (120)
[2016.04.27-17.32.31:644][804]LogModuleManager: Shutting down and abandoning module OculusInput (119)
[2016.04.27-17.32.31:644][804]LogModuleManager: Shutting down and abandoning module CustomMeshComponent (118)
[2016.04.27-17.32.31:644][804]LogModuleManager: Shutting down and abandoning module CableComponent (117)
[2016.04.27-17.32.31:644][804]LogModuleManager: Shutting down and abandoning module ArchVisCharacter (116)
[2016.04.27-17.32.31:644][804]LogModuleManager: Shutting down and abandoning module MediaPlayerEditor (115)
[2016.04.27-17.32.31:644][804]LogModuleManager: Shutting down and abandoning module HTML5Networking (114)
[2016.04.27-17.32.31:644][804]LogModuleManager: Shutting down and abandoning module SpeedTreeImporter (113)
[2016.04.27-17.32.31:644][804]LogModuleManager: Shutting down and abandoning module PluginBrowser (112)
[2016.04.27-17.32.31:644][804]LogModuleManager: Shutting down and abandoning module EpicSurvey (111)
[2016.04.27-17.32.31:644][804]LogModuleManager: Shutting down and abandoning module DesktopPlatform (110)
[2016.04.27-17.32.31:644][804]LogModuleManager: Shutting down and abandoning module VisualStudioSourceCodeAccess (109)
[2016.04.27-17.32.31:644][804]LogModuleManager: Shutting down and abandoning module UObjectPlugin (108)
[2016.04.27-17.32.31:644][804]LogModuleManager: Shutting down and abandoning module SubversionSourceControl (107)
[2016.04.27-17.32.31:644][804]LogModuleManager: Shutting down and abandoning module PerforceSourceControl (106)
[2016.04.27-17.32.31:644][804]LogModuleManager: Shutting down and abandoning module SourceControl (105)
[2016.04.27-17.32.31:644][804]LogModuleManager: Shutting down and abandoning module GitSourceControl (104)
[2016.04.27-17.32.31:644][804]LogModuleManager: Shutting down and abandoning module LightPropagationVolumeEditor (103)
[2016.04.27-17.32.31:645][804]LogModuleManager: Shutting down and abandoning module PaperTiledImporter (102)
[2016.04.27-17.32.31:645][804]LogModuleManager: Shutting down and abandoning module PaperSpriteSheetImporter (101)
[2016.04.27-17.32.31:645][804]LogModuleManager: Shutting down and abandoning module MeshPaint (100)
[2016.04.27-17.32.31:645][804]LogModuleManager: Shutting down and abandoning module HotReload (99)
[2016.04.27-17.32.31:645][804]LogModuleManager: Shutting down and abandoning module MainFrame (98)
[2016.04.27-17.32.31:645][804]LogModuleManager: Shutting down and abandoning module LevelEditor (97)
[2016.04.27-17.32.31:646][804]LogModuleManager: Shutting down and abandoning module DirectoryWatcher (96)
[2016.04.27-17.32.31:647][804]LogModuleManager: Shutting down and abandoning module AssetRegistry (95)
[2016.04.27-17.32.32:339][804]LogModuleManager: Shutting down and abandoning module ContentBrowser (94)
[2016.04.27-17.32.32:340][804]LogModuleManager: Shutting down and abandoning module Paper2DEditor (93)
[2016.04.27-17.32.32:340][804]LogModuleManager: Shutting down and abandoning module UdpMessaging (92)
[2016.04.27-17.32.32:440][804]LogModuleManager: Shutting down and abandoning module SubstanceCore (91)
[2016.04.27-17.32.32:440][804]LogModuleManager: Shutting down and abandoning module LightPropagationVolumeRuntime (90)
[2016.04.27-17.32.32:440][804]LogModuleManager: Shutting down and abandoning module Paper2D (89)
[2016.04.27-17.32.32:440][804]LogModuleManager: Shutting down and abandoning module WindowsMoviePlayer (88)
[2016.04.27-17.32.32:440][804]LogModuleManager: Shutting down and abandoning module Media (87)
[2016.04.27-17.32.32:440][804]LogModuleManager: Shutting down and abandoning module WmfMedia (86)
[2016.04.27-17.32.32:440][804]LogModuleManager: Shutting down and abandoning module GameLiveStreaming (85)
[2016.04.27-17.32.32:440][804]LogModuleManager: Shutting down and abandoning module GameplayTagsEditor (84)
[2016.04.27-17.32.32:440][804]LogModuleManager: Shutting down and abandoning module OnlineBlueprintSupport (83)
[2016.04.27-17.32.32:440][804]LogModuleManager: Shutting down and abandoning module GameplayTasksEditor (82)
[2016.04.27-17.32.32:440][804]LogModuleManager: Shutting down and abandoning module PropertyEditor (81)
[2016.04.27-17.32.32:440][804]LogModuleManager: Shutting down and abandoning module BehaviorTreeEditor (80)
[2016.04.27-17.32.32:440][804]LogModuleManager: Shutting down and abandoning module FunctionalTesting (79)
[2016.04.27-17.32.32:441][804]LogModuleManager: Shutting down and abandoning module CollisionAnalyzer (78)
[2016.04.27-17.32.32:441][804]LogModuleManager: Shutting down and abandoning module WorkspaceMenuStructure (77)
[2016.04.27-17.32.32:441][804]LogModuleManager: Shutting down and abandoning module MessageLog (76)
[2016.04.27-17.32.32:441][804]LogModuleManager: Shutting down and abandoning module Sequencer (75)
[2016.04.27-17.32.32:441][804]LogModuleManager: Shutting down and abandoning module AssetTools (74)
[2016.04.27-17.32.32:441][804]LogModuleManager: Shutting down and abandoning module UMGEditor (73)
[2016.04.27-17.32.32:441][804]LogModuleManager: Shutting down and abandoning module UMG (72)
[2016.04.27-17.32.32:441][804]LogModuleManager: Shutting down and abandoning module SlateReflector (71)
[2016.04.27-17.32.32:441][804]LogModuleManager: Shutting down and abandoning module Slate (70)
[2016.04.27-17.32.32:441][804]LogModuleManager: Shutting down and abandoning module EditorStyle (69)
[2016.04.27-17.32.32:443][804]LogModuleManager: Shutting down and abandoning module SessionServices (68)
[2016.04.27-17.32.32:443][804]LogModuleManager: Shutting down and abandoning module SourceCodeAccess (67)
[2016.04.27-17.32.32:443][804]LogModuleManager: Shutting down and abandoning module HeadMountedDisplay (66)
[2016.04.27-17.32.32:443][804]LogModuleManager: Shutting down and abandoning module XAudio2 (65)
[2016.04.27-17.32.32:443][804]LogModuleManager: Shutting down and abandoning module Networking (63)
[2016.04.27-17.32.32:443][804]LogModuleManager: Shutting down and abandoning module Core (62)
[2016.04.27-17.32.32:443][804]LogModuleManager: Shutting down and abandoning module KismetCompiler (61)
[2016.04.27-17.32.32:443][804]LogModuleManager: Shutting down and abandoning module PhysXFormats (60)
[2016.04.27-17.32.32:443][804]LogModuleManager: Shutting down and abandoning module MeshUtilities (59)
[2016.04.27-17.32.32:443][804]LogModuleManager: Shutting down and abandoning module CookingStats (58)
[2016.04.27-17.32.32:444][804]LogModuleManager: Shutting down and abandoning module DerivedDataCache (57)
[2016.04.27-17.32.32:444][804]LogDerivedDataCache: Shutdown
[2016.04.27-17.32.32:444][804]LogModuleManager: Shutting down and abandoning module ShaderFormatOpenGL (56)
[2016.04.27-17.32.32:444][804]LogModuleManager: Shutting down and abandoning module ShaderFormatD3D (55)
[2016.04.27-17.32.32:444][804]LogModuleManager: Shutting down and abandoning module MetalShaderFormat (54)
[2016.04.27-17.32.32:444][804]LogModuleManager: Shutting down and abandoning module TextureFormatUncompressed (53)
[2016.04.27-17.32.32:444][804]LogModuleManager: Shutting down and abandoning module TextureFormatPVR (52)
[2016.04.27-17.32.32:444][804]LogModuleManager: Shutting down and abandoning module TextureFormatIntelISPCTexComp (51)
[2016.04.27-17.32.32:444][804]LogModuleManager: Shutting down and abandoning module TextureFormatDXT (50)
[2016.04.27-17.32.32:444][804]LogModuleManager: Shutting down and abandoning module ImageWrapper (49)
[2016.04.27-17.32.32:444][804]LogModuleManager: Shutting down and abandoning module TextureFormatASTC (48)
[2016.04.27-17.32.32:444][804]LogModuleManager: Shutting down and abandoning module TextureFormatAndroid (47)
[2016.04.27-17.32.32:444][804]LogModuleManager: Shutting down and abandoning module AudioFormatOpus (46)
[2016.04.27-17.32.32:444][804]LogModuleManager: Shutting down and abandoning module AudioFormatOgg (45)
[2016.04.27-17.32.32:444][804]LogModuleManager: Shutting down and abandoning module AudioFormatADPCM (44)
[2016.04.27-17.32.32:444][804]LogModuleManager: Shutting down and abandoning module LinuxTargetPlatform (43)
[2016.04.27-17.32.32:444][804]LogModuleManager: Shutting down and abandoning module LinuxServerTargetPlatform (42)
[2016.04.27-17.32.32:444][804]LogModuleManager: Shutting down and abandoning module LinuxNoEditorTargetPlatform (41)
[2016.04.27-17.32.32:444][804]LogModuleManager: Shutting down and abandoning module TVOSTargetPlatform (40)
[2016.04.27-17.32.32:444][804]LogModuleManager: Shutting down and abandoning module Messaging (39)
[2016.04.27-17.32.32:444][804]LogModuleManager: Shutting down and abandoning module IOSTargetPlatform (38)
[2016.04.27-17.32.32:444][804]LogModuleManager: Shutting down and abandoning module HTML5TargetPlatform (37)
[2016.04.27-17.32.32:444][804]LogModuleManager: Shutting down and abandoning module Android_PVRTCTargetPlatform (36)
[2016.04.27-17.32.32:444][804]LogModuleManager: Shutting down and abandoning module Android_MultiTargetPlatform (35)
[2016.04.27-17.32.32:444][804]LogModuleManager: Shutting down and abandoning module Android_ETC2TargetPlatform (34)
[2016.04.27-17.32.32:444][804]LogModuleManager: Shutting down and abandoning module Android_ETC1TargetPlatform (33)
[2016.04.27-17.32.32:444][804]LogModuleManager: Shutting down and abandoning module Android_DXTTargetPlatform (32)
[2016.04.27-17.32.32:444][804]LogModuleManager: Shutting down and abandoning module Android_ATCTargetPlatform (31)
[2016.04.27-17.32.32:444][804]LogModuleManager: Shutting down and abandoning module Android_ASTCTargetPlatform (30)
[2016.04.27-17.32.32:444][804]LogModuleManager: Shutting down and abandoning module AndroidTargetPlatform (29)
[2016.04.27-17.32.32:444][804]LogModuleManager: Shutting down and abandoning module WindowsTargetPlatform (28)
[2016.04.27-17.32.32:444][804]LogModuleManager: Shutting down and abandoning module WindowsServerTargetPlatform (27)
[2016.04.27-17.32.32:444][804]LogModuleManager: Shutting down and abandoning module WindowsNoEditorTargetPlatform (26)
[2016.04.27-17.32.32:444][804]LogModuleManager: Shutting down and abandoning module WindowsClientTargetPlatform (25)
[2016.04.27-17.32.32:444][804]LogModuleManager: Shutting down and abandoning module AllDesktopTargetPlatform (24)
[2016.04.27-17.32.32:444][804]LogModuleManager: Shutting down and abandoning module TargetPlatform (23)
[2016.04.27-17.32.32:444][804]LogModuleManager: Shutting down and abandoning module InputCore (22)
[2016.04.27-17.32.32:444][804]LogModuleManager: Shutting down and abandoning module Settings (21)
[2016.04.27-17.32.32:444][804]LogModuleManager: Shutting down and abandoning module OnlineSubsystem (19)
[2016.04.27-17.32.32:444][804]LogModuleManager: Shutting down and abandoning module HTTP (18)
[2016.04.27-17.32.33:444][804]LogModuleManager: Shutting down and abandoning module XMPP (17)
[2016.04.27-17.32.33:444][804]LogModuleManager: Shutting down and abandoning module OculusRift (16)
[2016.04.27-17.32.33:444][804]LogModuleManager: Shutting down and abandoning module ExampleDeviceProfileSelector (15)
[2016.04.27-17.32.33:444][804]LogModuleManager: Shutting down and abandoning module TextureCompressor (14)
[2016.04.27-17.32.33:444][804]LogModuleManager: Shutting down and abandoning module ShaderCore (13)
[2016.04.27-17.32.33:444][804]LogModuleManager: Shutting down and abandoning module Landscape (12)
[2016.04.27-17.32.33:444][804]LogModuleManager: Shutting down and abandoning module SlateRHIRenderer (11)
[2016.04.27-17.32.33:445][804]LogModuleManager: Shutting down and abandoning module OpenGLDrv (10)
[2016.04.27-17.32.33:445][804]LogModuleManager: Shutting down and abandoning module D3D11RHI (9)
[2016.04.27-17.32.33:445][804]LogModuleManager: Shutting down and abandoning module AnimGraphRuntime (8)
[2016.04.27-17.32.33:445][804]LogModuleManager: Shutting down and abandoning module Renderer (7)
[2016.04.27-17.32.33:445][804]LogModuleManager: Shutting down and abandoning module Engine (6)
[2016.04.27-17.32.33:445][804]LogModuleManager: Shutting down and abandoning module CoreUObject (5)
[2016.04.27-17.32.33:445][804]LogModuleManager: Shutting down and abandoning module NetworkFile (4)
[2016.04.27-17.32.33:445][804]LogModuleManager: Shutting down and abandoning module StreamingFile (3)
[2016.04.27-17.32.33:445][804]LogModuleManager: Shutting down and abandoning module SandboxFile (2)
[2016.04.27-17.32.33:445][804]LogModuleManager: Shutting down and abandoning module PakFile (1)
[2016.04.27-17.32.33:447][804]LogExit: Exiting.
[2016.04.27-17.32.33:466][804]Log file closed, 04/27/16 18:32:33
