Log file open, 04/27/16 18:11:33
LogInit:Display: Running engine for game: Macbeth
LogPlatformFile: Not using cached read wrapper
LogInit:Display: RandInit(98152623) SRandInit(98152624).
LogTaskGraph: Started task graph with 4 named threads and 7 total threads.
LogStats: Stats thread started at 0.070329
LogInit: Version: 4.11.1-2934540+++UE4+Release-4.11
LogInit: API Version: 2927265
LogInit: Compiled (64-bit): Apr  6 2016 02:14:16
LogInit: Compiled with Visual C++: 19.00.23026.00
LogInit: Build Configuration: Development
LogInit: Branch Name: ++UE4+Release-4.11
LogInit: Command line: 
LogInit: Base directory: C:/Program Files/Epic Games/4.11/Engine/Binaries/Win64/
LogInit: Installed Engine Build: 1
LogInit: Using libcurl 7.41.0
LogInit:  - built for x86_64-pc-win32
LogInit:  - supports SSL with WinSSL
LogInit:  - other features:
LogInit:      CURL_VERSION_SSL
LogInit:      CURL_VERSION_IPV6
LogInit:      CURL_VERSION_ASYNCHDNS
LogInit:      CURL_VERSION_LARGEFILE
LogInit:      CURL_VERSION_IDN
LogInit:  CurlRequestOptions (configurable via config and command line):
LogInit:  - bVerifyPeer = true  - Libcurl will verify peer certificate
LogInit:  - bUseHttpProxy = false  - Libcurl will NOT use HTTP proxy
LogInit:  - bDontReuseConnections = false  - Libcurl will reuse connections
LogInit:  - CertBundlePath = nullptr  - Libcurl will use whatever was configured at build time.
LogInit: Presizing for max 16777216 objects, including 0 objects not considered by GC, pre-allocating 0 bytes for permanent pool.
LogInit: Object subsystem initialized
[2016.04.27-17.11.33:729][  0]LogInit: Selected Device Profile: [Windows]
[2016.04.27-17.11.33:729][  0]LogInit: Applying CVar settings loaded from the selected device profile: [Windows]
[2016.04.27-17.11.33:746][  0]LogInit: Computer: MULLENIX-PC
[2016.04.27-17.11.33:746][  0]LogInit: User: MullenIX
[2016.04.27-17.11.33:746][  0]LogInit: CPU Page size=65536, Cores=4
[2016.04.27-17.11.33:746][  0]LogInit: High frequency timer resolution =2.610712 MHz
[2016.04.27-17.11.33:747][  0]LogMemory: Memory total: Physical=12.0GB (12GB approx)
[2016.04.27-17.11.33:747][  0]LogMemory: Platform Memory Stats for Windows
[2016.04.27-17.11.33:747][  0]LogMemory: Process Physical Memory: 314.13 MB used, 314.13 MB peak
[2016.04.27-17.11.33:747][  0]LogMemory: Process Virtual Memory: 316.75 MB used, 316.75 MB peak
[2016.04.27-17.11.33:747][  0]LogMemory: Physical Memory: 4845.50 MB used, 12278.99 MB total
[2016.04.27-17.11.33:747][  0]LogMemory: Virtual Memory: 621.01 MB used, 8388608.00 MB total
[2016.04.27-17.11.33:787][  0]LogTextLocalizationManager: No specific translations for ('en-GB') exist, so ('en') translations will be used.
[2016.04.27-17.11.34:262][  0]LogD3D11RHI: D3D11 adapters:
[2016.04.27-17.11.34:281][  0]LogD3D11RHI:    0. 'NVIDIA GeForce GTX 670' (Feature Level 11_0)
[2016.04.27-17.11.34:281][  0]LogD3D11RHI:       1989MB of dedicated video memory, 0MB of dedicated system memory, and 2048MB of shared system memory, 1 output[s]
[2016.04.27-17.11.34:281][  0]LogD3D11RHI: Chosen D3D11 Adapter: 0
[2016.04.27-17.11.34:286][  0]LogD3D11RHI: Creating new Direct3DDevice
[2016.04.27-17.11.34:286][  0]LogD3D11RHI:     Adapter Name: NVIDIA GeForce GTX 670
[2016.04.27-17.11.34:286][  0]LogD3D11RHI:   Driver Version: 10.18.13.6472 (internal 10.18.13.6472)
[2016.04.27-17.11.34:286][  0]LogD3D11RHI:      Driver Date: 3-21-2016
[2016.04.27-17.11.34:286][  0]LogRHI: Texture pool is 1361 MB (70% of 1945 MB)
[2016.04.27-17.11.34:297][  0]LogD3D11RHI: Async texture creation enabled
[2016.04.27-17.11.34:313][  0]LogShaderCompilers: Guid format shader working directory is -7 characters bigger than the processId version (F:/University/Year 2/Experimental Games/Macbeth/Macbeth/Intermediate/Shaders/WorkingDirectory/14024/).
[2016.04.27-17.11.34:313][  0]LogShaderCompilers: Cleaned the shader compiler working directory 'C:/Users/MULLEN~1/AppData/Local/Temp/UnrealShaderWorkingDir/ACFB09694A601EC86AB3079404BDB508/'.
[2016.04.27-17.11.34:313][  0]LogShaderCompilers:Display: Using Local Shader Compiler.
[2016.04.27-17.11.35:556][  0]LogTemp:Display: Loaded TP AllDesktopTargetPlatform
[2016.04.27-17.11.35:561][  0]LogTemp:Display: Loaded TP WindowsClientTargetPlatform
[2016.04.27-17.11.35:565][  0]LogTemp:Display: Loaded TP WindowsNoEditorTargetPlatform
[2016.04.27-17.11.35:570][  0]LogTemp:Display: Loaded TP WindowsServerTargetPlatform
[2016.04.27-17.11.35:574][  0]LogTemp:Display: Loaded TP WindowsTargetPlatform
[2016.04.27-17.11.35:578][  0]LogTemp:Display: Loaded TP AndroidTargetPlatform
[2016.04.27-17.11.35:581][  0]LogTemp:Display: Loaded TP Android_ASTCTargetPlatform
[2016.04.27-17.11.35:584][  0]LogTemp:Display: Loaded TP Android_ATCTargetPlatform
[2016.04.27-17.11.35:587][  0]LogTemp:Display: Loaded TP Android_DXTTargetPlatform
[2016.04.27-17.11.35:591][  0]LogTemp:Display: Loaded TP Android_ETC1TargetPlatform
[2016.04.27-17.11.35:594][  0]LogTemp:Display: Loaded TP Android_ETC2TargetPlatform
[2016.04.27-17.11.35:600][  0]LogTemp:Display: Loaded TP Android_MultiTargetPlatform
[2016.04.27-17.11.35:600][  0]LogTemp:Display: Loaded TP Android_PVRTCTargetPlatform
[2016.04.27-17.11.35:601][  0]LogTemp:Display: Loaded TP HTML5TargetPlatform
[2016.04.27-17.11.35:617][  0]LogTemp:Display: Loaded TP IOSTargetPlatform
[2016.04.27-17.11.35:620][  0]LogTemp:Display: Loaded TP TVOSTargetPlatform
[2016.04.27-17.11.35:623][  0]LogTemp:Display: Loaded TP LinuxNoEditorTargetPlatform
[2016.04.27-17.11.35:626][  0]LogTemp:Display: Loaded TP LinuxServerTargetPlatform
[2016.04.27-17.11.35:629][  0]LogTemp:Display: Loaded TP LinuxTargetPlatform
[2016.04.27-17.11.35:629][  0]LogTargetPlatformManager:Display: Building Assets For Windows
[2016.04.27-17.11.35:700][  0]LogDerivedDataCache:Display: Max Cache Size: 512 MB
[2016.04.27-17.11.35:755][  0]LogDerivedDataCache: Loaded boot cache 0.06s 46MB C:/Users/Mullen IX/AppData/Local/UnrealEngine/4.11/DerivedDataCache/Boot.ddc.
[2016.04.27-17.11.35:755][  0]LogDerivedDataCache:Display: Loaded Boot cache: C:/Users/Mullen IX/AppData/Local/UnrealEngine/4.11/DerivedDataCache/Boot.ddc
[2016.04.27-17.11.35:755][  0]LogDerivedDataCache: FDerivedDataBackendGraph:  Pak pak cache file F:/University/Year 2/Experimental Games/Macbeth/Macbeth/DerivedDataCache/DDC.ddp not found, will not use a pak cache.
[2016.04.27-17.11.35:755][  0]LogDerivedDataCache: Unable to find inner node Pak for hierarchical cache Hierarchy.
[2016.04.27-17.11.35:755][  0]LogDerivedDataCache: FDerivedDataBackendGraph:  CompressedPak pak cache file F:/University/Year 2/Experimental Games/Macbeth/Macbeth/DerivedDataCache/Compressed.ddp not found, will not use a pak cache.
[2016.04.27-17.11.35:755][  0]LogDerivedDataCache: Unable to find inner node CompressedPak for hierarchical cache Hierarchy.
[2016.04.27-17.11.35:776][  0]LogDerivedDataCache:Display: Pak cache opened for reading ../../../Engine/DerivedDataCache/Compressed.ddp.
[2016.04.27-17.11.35:788][  0]LogDerivedDataCache: Using Local data cache path C:/Users/Mullen IX/AppData/Local/UnrealEngine/Common/DerivedDataCache: Writable
[2016.04.27-17.11.35:991][  0]LogInit: Selected Device Profile: [Windows]
[2016.04.27-17.11.35:991][  0]LogContentStreaming: Texture pool size is 0.00 MB
[2016.04.27-17.11.36:022][  0]LogMaterial: Uniform references updated for custom material expression Custom.
[2016.04.27-17.11.36:189][  0]LogMeshUtilities: No automatic mesh reduction module available
[2016.04.27-17.11.36:189][  0]LogMeshUtilities: No automatic mesh merging module available
[2016.04.27-17.11.36:189][  0]LogMeshUtilities: No distributed automatic mesh merging module available
[2016.04.27-17.11.36:462][  0]LogUObjectArray: 27678 objects as part of root set at end of initial load.
[2016.04.27-17.11.36:462][  0]LogUObjectAllocator: 5591392 out of 0 bytes used by permanent object pool.
[2016.04.27-17.11.36:462][  0]LogUObjectArray: CloseDisregardForGC: 0/0 objects in disregard for GC pool
[2016.04.27-17.11.36:468][  0]LogInit: WinSock: version 1.1 (2.2), MaxSocks=32767, MaxUdp=65467
[2016.04.27-17.11.36:562][  0]LogSlate: SlateFontCache - WITH_FREETYPE: 1, WITH_HARFBUZZ: 1
[2016.04.27-17.11.36:562][  0]LogSlate: SlateFontCache - WITH_FREETYPE: 1, WITH_HARFBUZZ: 1
[2016.04.27-17.11.36:685][  0]LogStreaming:Warning: Failed to read file '../../../Engine/Content/Editor/Slate/Common/Selection_16x.png' error.
[2016.04.27-17.11.36:685][  0]LogSlate: Could not find file for Slate resource: ../../../Engine/Content/Editor/Slate/Common/Selection_16x.png
[2016.04.27-17.11.36:686][  0]LogStreaming:Warning: Failed to read file '../../../Engine/Content/Editor/Slate/Common/Selection_16x.png' error.
[2016.04.27-17.11.36:686][  0]LogSlate: Could not find file for Slate resource: ../../../Engine/Content/Editor/Slate/Common/Selection_16x.png
[2016.04.27-17.11.36:686][  0]LogStreaming:Warning: Failed to read file '../../../Engine/Content/Editor/Slate/Common/Selection_16x.png' error.
[2016.04.27-17.11.36:686][  0]LogSlate: Could not find file for Slate resource: ../../../Engine/Content/Editor/Slate/Common/Selection_16x.png
[2016.04.27-17.11.37:359][  0]LogSubstanceCoreModule: Substance CPU Engine Loaded, Max Texture Size 2048
[2016.04.27-17.11.37:366][  0]LogUdpMessaging: Initializing bridge on interface 0.0.0.0:0 to multicast group 230.0.0.1:6666.
[2016.04.27-17.11.37:465][  0]LogAssetRegistry: FAssetRegistry took 0.0206 seconds to start up
[2016.04.27-17.11.38:140][  0]SourceControl: Info Source control is disabled
[2016.04.27-17.11.38:141][  0]SourceControl: Info Source control is disabled
[2016.04.27-17.11.38:149][  0]SourceControl: Info Source control is disabled
[2016.04.27-17.11.38:156][  0]SourceControl: Info Source control is disabled
[2016.04.27-17.11.38:344][  0]LogEngine: Initializing Engine...
[2016.04.27-17.11.38:345][  0]LogHMD: SteamVR failed to initialize.  Err: 110
[2016.04.27-17.11.38:345][  0]LogHMD: SteamVR failed to initialize.  Err: 110
[2016.04.27-17.11.38:515][  0]LogAIModule: Creating AISystem for world NewWorld
[2016.04.27-17.11.38:528][  0]LogInit: XAudio2 using 'Speakers (Realtek High Definition Audio)' : 2 channels at 48 kHz using 32 bits per sample (channel mask 0x3)
[2016.04.27-17.11.38:543][  0]LogInit: FAudioDevice initialized.
[2016.04.27-17.11.38:568][  0]LogDerivedDataCache: Saved boot cache 0.03s 46MB C:/Users/Mullen IX/AppData/Local/UnrealEngine/4.11/DerivedDataCache/Boot.ddc.
[2016.04.27-17.11.38:577][  0]LogInit: Texture streaming: Enabled
[2016.04.27-17.11.38:597][  0]LogInit: Transaction tracking system initialized
[2016.04.27-17.11.38:618][  0]BlueprintLog: New page: Editor Load
[2016.04.27-17.11.38:685][  0]LocalizationService: Info Localization service is disabled
[2016.04.27-17.11.38:744][  0]LogConsoleResponse:Display: 
[2016.04.27-17.11.38:855][  0]LogCook:Display: Max memory allowance for cook 8192mb
[2016.04.27-17.11.38:855][  0]LogCook:Display: Mobile HDR setting 1
[2016.04.27-17.11.38:855][  0]LogCook:Display: Done creating registry. It took  0.00s.
[2016.04.27-17.11.38:900][  0]LogFileCache: Scanning file cache for directory 'F:/University/Year 2/Experimental Games/Macbeth/Macbeth/Content/' took 0.01s
[2016.04.27-17.11.38:900][  0]SourceControl: Info Source control is disabled
[2016.04.27-17.11.38:900][  0]Cmd: MAP LOAD FILE="F:/University/Year 2/Experimental Games/Macbeth/Macbeth/Content/ThirdPersonBP/Maps/ThirdPersonExampleMap.umap" TEMPLATE=0 SHOWPROGRESS=1 FEATURELEVEL=3
[2016.04.27-17.11.38:901][  0]LightingResults: New page: Lighting Build
[2016.04.27-17.11.38:904][  0]MapCheck: New page: Map Check
[2016.04.27-17.11.38:904][  0]LightingResults: New page: Lighting Build
[2016.04.27-17.11.39:996][  0]LogAIModule: Creating AISystem for world ThirdPersonExampleMap
[2016.04.27-17.11.40:175][  0]LogMaterial:Warning: Material /Game/Assets/Rocks/Rocks_Mat.Rocks_Mat needed to have new flag set bUsedWithInstancedStaticMeshes !
[2016.04.27-17.11.40:177][  0]LogMaterial: Missing cached shader map for material Rocks_Mat, compiling. 
[2016.04.27-17.11.40:218][  0]MapCheck:Warning: Warning Rocks_Mat Material /Game/Assets/Rocks/Rocks_Mat.Rocks_Mat was missing the usage flag bUsedWithInstancedStaticMeshes. If the material asset is not re-saved, it may not render correctly when run outside the editor. Fix
[2016.04.27-17.11.40:219][  0]LogMaterial: 0.00 seconds spent updating 1 materials, 1 interfaces, 0 instances, 0 with static permutations.
[2016.04.27-17.11.40:238][  0]LogMaterial:Warning: Material /Game/Assets/Flowers/Grass.Grass needed to have new flag set bUsedWithInstancedStaticMeshes !
[2016.04.27-17.11.40:241][  0]LogMaterial: Missing cached shader map for material Grass, compiling. 
[2016.04.27-17.11.40:271][  0]MapCheck:Warning: Warning Grass Material /Game/Assets/Flowers/Grass.Grass was missing the usage flag bUsedWithInstancedStaticMeshes. If the material asset is not re-saved, it may not render correctly when run outside the editor. Fix
[2016.04.27-17.11.40:272][  0]LogMaterial: 0.00 seconds spent updating 1 materials, 1 interfaces, 0 instances, 0 with static permutations.
[2016.04.27-17.11.40:274][  0]LogMaterial:Warning: Material /Game/Assets/Flowers/Flowers.Flowers needed to have new flag set bUsedWithInstancedStaticMeshes !
[2016.04.27-17.11.40:276][  0]LogMaterial: Missing cached shader map for material Flowers, compiling. 
[2016.04.27-17.11.40:302][  0]MapCheck:Warning: Warning Flowers Material /Game/Assets/Flowers/Flowers.Flowers was missing the usage flag bUsedWithInstancedStaticMeshes. If the material asset is not re-saved, it may not render correctly when run outside the editor. Fix
[2016.04.27-17.11.40:302][  0]LogMaterial: 0.00 seconds spent updating 1 materials, 1 interfaces, 0 instances, 0 with static permutations.
[2016.04.27-17.11.40:303][  0]LogMaterial:Warning: Material /Game/Assets/Pine_Trees/pine_tree.pine_tree needed to have new flag set bUsedWithInstancedStaticMeshes !
[2016.04.27-17.11.40:305][  0]LogMaterial: Missing cached shader map for material pine_tree, compiling. 
[2016.04.27-17.11.40:326][  0]MapCheck:Warning: Warning pine_tree Material /Game/Assets/Pine_Trees/pine_tree.pine_tree was missing the usage flag bUsedWithInstancedStaticMeshes. If the material asset is not re-saved, it may not render correctly when run outside the editor. Fix
[2016.04.27-17.11.40:326][  0]LogMaterial: 0.00 seconds spent updating 1 materials, 1 interfaces, 0 instances, 0 with static permutations.
[2016.04.27-17.11.40:457][  0]LogEditorServer: Finished looking for orphan Actors (0.000 secs)
[2016.04.27-17.11.40:458][  0]Cmd: MAP CHECKDEP NOCLEARLOG
[2016.04.27-17.11.40:554][  0]MapCheck: Info Map check complete: 0 Error(s), 4 Warning(s), took 96.391ms to complete.
[2016.04.27-17.11.40:565][  0]LogFileHelpers: Loading map 'ThirdPersonExampleMap' took 1.665
[2016.04.27-17.11.40:717][  0]LogCollectionManager: Loaded 0 collections in 0.003129 seconds
[2016.04.27-17.11.40:755][  0]LogFileCache: Scanning file cache for directory 'F:/University/Year 2/Experimental Games/Macbeth/Macbeth/Saved/Collections/' took 0.01s
[2016.04.27-17.11.40:755][  0]LogFileCache: Scanning file cache for directory 'F:/University/Year 2/Experimental Games/Macbeth/Macbeth/Content/Developers/MullenIX/Collections/' took 0.01s
[2016.04.27-17.11.40:755][  0]LogFileCache: Scanning file cache for directory 'F:/University/Year 2/Experimental Games/Macbeth/Macbeth/Content/Collections/' took 0.01s
[2016.04.27-17.11.40:755][  0]LogCollectionManager: Rebuilt the GUID cache for 0 collections in 0.000004 seconds
[2016.04.27-17.11.40:774][  0]LogContentBrowser: Native class hierarchy populated in 0.0183 seconds. Added 1994 classes and 349 folders.
[2016.04.27-17.11.40:780][  0]LogStats: UGameplayTagsManager::ConstructGameplayTagTree: Construct from data asset -  0.000 s
[2016.04.27-17.11.40:780][  0]LogStats: UGameplayTagsManager::ConstructGameplayTagTree: GameplayTagTreeChangedEvent.Broadcast -  0.000 s
[2016.04.27-17.11.40:781][  0]LogContentBrowser: Native class hierarchy updated for 'GameplayTags' in 0.0008 seconds. Added 12 classes and 0 folders.
[2016.04.27-17.11.40:789][  0]LogContentBrowser: Native class hierarchy updated for 'WidgetCarousel' in 0.0006 seconds. Added 0 classes and 0 folders.
[2016.04.27-17.11.40:798][  0]LogContentBrowser: Native class hierarchy updated for 'SuperSearch' in 0.0006 seconds. Added 1 classes and 2 folders.
[2016.04.27-17.11.40:862][  0]LogContentBrowser: Native class hierarchy updated for 'AddContentDialog' in 0.0006 seconds. Added 0 classes and 0 folders.
[2016.04.27-17.11.40:867][  0]LogContentBrowser: Native class hierarchy updated for 'SceneOutliner' in 0.0004 seconds. Added 1 classes and 2 folders.
[2016.04.27-17.11.40:909][  0]LogCrashTracker: Crashtracker disabled due to settings.
[2016.04.27-17.11.40:914][  0]LogUObjectGlobals:Warning: Failed to find object 'Class None.'
[2016.04.27-17.11.40:940][  0]LogContentBrowser: Native class hierarchy updated for 'HierarchicalLODOutliner' in 0.0006 seconds. Added 1 classes and 2 folders.
[2016.04.27-17.11.40:940][  0]LogLoad: Full Startup: 7.99 seconds (BP compile: 0.13 seconds)
[2016.04.27-17.11.40:940][  0]LogExternalProfiler:Warning: No registered external profiler was matched with a command-line switch (or the DLL could not be loaded).  External profiling features will not be available.
[2016.04.27-17.11.40:949][  0]LogOcInput: OculusInput pre-init called
[2016.04.27-17.11.41:019][  0]LogContentStreaming: Texture pool size now 1000 MB
[2016.04.27-17.11.41:259][  0]LogRenderer: Reallocating scene render targets to support 1208x576 (Frame:2).
[2016.04.27-17.11.41:360][  1]Cmd: UpdateLandscapeEditorData -warnings
[2016.04.27-17.11.41:493][  2]LogAssetRegistry: Asset discovery search completed in 4.0494 seconds
[2016.04.27-17.11.41:493][  2]LogCollectionManager: Rebuilt the object cache for 0 collections in 0.000001 seconds (found 0 objects)
[2016.04.27-17.11.41:493][  2]LogCollectionManager: Fixed up redirectors for 0 collections in 0.000038 seconds (updated 0 objects)
[2016.04.27-17.11.49:753][728]LogTexture:Display: Building textures: Texture2D_2 (G8)
[2016.04.27-17.14.32:314][731]LogTexture:Display: Building textures: Texture2D_10 (BGRA8)
[2016.04.27-17.14.35:458][731]LogSavePackage: Save=3327.83ms
[2016.04.27-17.14.35:460][731]LogSavePackage: Moving 'F:/University/Year 2/Experimental Games/Macbeth/Macbeth/Saved/ThirdPersonExampleMap9330AAEA45C235E23F4BFA8FB7512983.tmp' to 'F:/University/Year 2/Experimental Games/Macbeth/Macbeth/Content/ThirdPersonBP/Maps/ThirdPersonExampleMap.umap'
[2016.04.27-17.14.35:472][731]LogSavePackage: Total save time: 3341.80ms
[2016.04.27-17.14.35:472][731]LogSavePackage:Display: Finished SavePackage F:/University/Year 2/Experimental Games/Macbeth/Macbeth/Content/ThirdPersonBP/Maps/ThirdPersonExampleMap.umap
[2016.04.27-17.14.49:515][382]LogWindows:Error: Windows GetLastError: The operation completed successfully. (0)
[2016.04.27-17.14.49:817][382]LogCrashTracker: 


[2016.04.27-17.14.49:824][382]LogCrashTracker: 


[2016.04.27-17.14.49:824][382]LogWindows:Error: === Critical error: ===
Assertion failed: (Index >= 0) & (Index < ArrayNum) [File:D:\BuildFarm\buildmachine_++UE4+Release-4.11\Engine\Source\Runtime\Core\Public\Containers\Array.h] [Line: 785] 
Array index out of bounds: -270 from an array of size 2




[2016.04.27-17.14.49:877][382]LogExit: Executing StaticShutdownAfterError
[2016.04.27-17.14.49:906][382]LogPhysics:Warning: PHYSX: ..\..\PhysX\src\NpScene.cpp (2946) 8 : PxScene::unlockWrite() called without matching call to PxScene::lockWrite(), behaviour will be undefined.
[2016.04.27-17.14.49:906][382]LogPhysics:Warning: PHYSX: ..\..\PhysX\src\NpScene.cpp (2946) 8 : PxScene::unlockWrite() called without matching call to PxScene::lockWrite(), behaviour will be undefined.
[2016.04.27-17.14.49:906][382]LogWindows: FPlatformMisc::RequestExit(1)
[2016.04.27-17.14.49:906][382]Log file closed, 04/27/16 18:14:49
