Log file open, 04/27/16 15:50:14
LogInit:Display: Running engine for game: Macbeth
LogPlatformFile: Not using cached read wrapper
LogInit:Display: RandInit(-563739194) SRandInit(-563739193).
LogTaskGraph: Started task graph with 4 named threads and 7 total threads.
LogStats: Stats thread started at 0.069624
LogInit: Version: 4.11.1-2934540+++UE4+Release-4.11
LogInit: API Version: 2927265
LogInit: Compiled (64-bit): Apr  6 2016 02:14:16
LogInit: Compiled with Visual C++: 19.00.23026.00
LogInit: Build Configuration: Development
LogInit: Branch Name: ++UE4+Release-4.11
LogInit: Command line: 
LogInit: Base directory: C:/Program Files/Epic Games/4.11/Engine/Binaries/Win64/
LogInit: Installed Engine Build: 1
LogInit: Using libcurl 7.41.0
LogInit:  - built for x86_64-pc-win32
LogInit:  - supports SSL with WinSSL
LogInit:  - other features:
LogInit:      CURL_VERSION_SSL
LogInit:      CURL_VERSION_IPV6
LogInit:      CURL_VERSION_ASYNCHDNS
LogInit:      CURL_VERSION_LARGEFILE
LogInit:      CURL_VERSION_IDN
LogInit:  CurlRequestOptions (configurable via config and command line):
LogInit:  - bVerifyPeer = true  - Libcurl will verify peer certificate
LogInit:  - bUseHttpProxy = false  - Libcurl will NOT use HTTP proxy
LogInit:  - bDontReuseConnections = false  - Libcurl will reuse connections
LogInit:  - CertBundlePath = nullptr  - Libcurl will use whatever was configured at build time.
LogInit: Presizing for max 16777216 objects, including 0 objects not considered by GC, pre-allocating 0 bytes for permanent pool.
LogInit: Object subsystem initialized
[2016.04.27-14.50.14:332][  0]LogInit: Selected Device Profile: [Windows]
[2016.04.27-14.50.14:332][  0]LogInit: Applying CVar settings loaded from the selected device profile: [Windows]
[2016.04.27-14.50.14:347][  0]LogInit: Computer: MULLENIX-PC
[2016.04.27-14.50.14:347][  0]LogInit: User: MullenIX
[2016.04.27-14.50.14:347][  0]LogInit: CPU Page size=65536, Cores=4
[2016.04.27-14.50.14:347][  0]LogInit: High frequency timer resolution =2.610712 MHz
[2016.04.27-14.50.14:347][  0]LogMemory: Memory total: Physical=12.0GB (12GB approx)
[2016.04.27-14.50.14:347][  0]LogMemory: Platform Memory Stats for Windows
[2016.04.27-14.50.14:347][  0]LogMemory: Process Physical Memory: 314.10 MB used, 314.10 MB peak
[2016.04.27-14.50.14:347][  0]LogMemory: Process Virtual Memory: 316.75 MB used, 316.75 MB peak
[2016.04.27-14.50.14:347][  0]LogMemory: Physical Memory: 5306.41 MB used, 12278.99 MB total
[2016.04.27-14.50.14:347][  0]LogMemory: Virtual Memory: 621.01 MB used, 8388608.00 MB total
[2016.04.27-14.50.14:386][  0]LogTextLocalizationManager: No specific translations for ('en-GB') exist, so ('en') translations will be used.
[2016.04.27-14.50.14:854][  0]LogD3D11RHI: D3D11 adapters:
[2016.04.27-14.50.14:883][  0]LogD3D11RHI:    0. 'NVIDIA GeForce GTX 670' (Feature Level 11_0)
[2016.04.27-14.50.14:883][  0]LogD3D11RHI:       1989MB of dedicated video memory, 0MB of dedicated system memory, and 2048MB of shared system memory, 1 output[s]
[2016.04.27-14.50.14:883][  0]LogD3D11RHI: Chosen D3D11 Adapter: 0
[2016.04.27-14.50.14:889][  0]LogD3D11RHI: Creating new Direct3DDevice
[2016.04.27-14.50.14:889][  0]LogD3D11RHI:     Adapter Name: NVIDIA GeForce GTX 670
[2016.04.27-14.50.14:889][  0]LogD3D11RHI:   Driver Version: 10.18.13.6472 (internal 10.18.13.6472)
[2016.04.27-14.50.14:889][  0]LogD3D11RHI:      Driver Date: 3-21-2016
[2016.04.27-14.50.14:889][  0]LogRHI: Texture pool is 1361 MB (70% of 1945 MB)
[2016.04.27-14.50.14:904][  0]LogD3D11RHI: Async texture creation enabled
[2016.04.27-14.50.14:920][  0]LogShaderCompilers: Guid format shader working directory is -7 characters bigger than the processId version (F:/University/Year 2/Experimental Games/Macbeth/Macbeth/Intermediate/Shaders/WorkingDirectory/12184/).
[2016.04.27-14.50.14:920][  0]LogShaderCompilers: Cleaned the shader compiler working directory 'C:/Users/MULLEN~1/AppData/Local/Temp/UnrealShaderWorkingDir/EB9618A8479F4588692759ABA1FB37F1/'.
[2016.04.27-14.50.14:920][  0]LogShaderCompilers:Display: Using Local Shader Compiler.
[2016.04.27-14.50.16:236][  0]LogTemp:Display: Loaded TP AllDesktopTargetPlatform
[2016.04.27-14.50.16:240][  0]LogTemp:Display: Loaded TP WindowsClientTargetPlatform
[2016.04.27-14.50.16:245][  0]LogTemp:Display: Loaded TP WindowsNoEditorTargetPlatform
[2016.04.27-14.50.16:249][  0]LogTemp:Display: Loaded TP WindowsServerTargetPlatform
[2016.04.27-14.50.16:254][  0]LogTemp:Display: Loaded TP WindowsTargetPlatform
[2016.04.27-14.50.16:257][  0]LogTemp:Display: Loaded TP AndroidTargetPlatform
[2016.04.27-14.50.16:261][  0]LogTemp:Display: Loaded TP Android_ASTCTargetPlatform
[2016.04.27-14.50.16:264][  0]LogTemp:Display: Loaded TP Android_ATCTargetPlatform
[2016.04.27-14.50.16:268][  0]LogTemp:Display: Loaded TP Android_DXTTargetPlatform
[2016.04.27-14.50.16:271][  0]LogTemp:Display: Loaded TP Android_ETC1TargetPlatform
[2016.04.27-14.50.16:275][  0]LogTemp:Display: Loaded TP Android_ETC2TargetPlatform
[2016.04.27-14.50.16:282][  0]LogTemp:Display: Loaded TP Android_MultiTargetPlatform
[2016.04.27-14.50.16:282][  0]LogTemp:Display: Loaded TP Android_PVRTCTargetPlatform
[2016.04.27-14.50.16:283][  0]LogTemp:Display: Loaded TP HTML5TargetPlatform
[2016.04.27-14.50.16:299][  0]LogTemp:Display: Loaded TP IOSTargetPlatform
[2016.04.27-14.50.16:302][  0]LogTemp:Display: Loaded TP TVOSTargetPlatform
[2016.04.27-14.50.16:306][  0]LogTemp:Display: Loaded TP LinuxNoEditorTargetPlatform
[2016.04.27-14.50.16:309][  0]LogTemp:Display: Loaded TP LinuxServerTargetPlatform
[2016.04.27-14.50.16:313][  0]LogTemp:Display: Loaded TP LinuxTargetPlatform
[2016.04.27-14.50.16:313][  0]LogTargetPlatformManager:Display: Building Assets For Windows
[2016.04.27-14.50.16:385][  0]LogDerivedDataCache:Display: Max Cache Size: 512 MB
[2016.04.27-14.50.16:447][  0]LogDerivedDataCache: Loaded boot cache 0.06s 58MB C:/Users/Mullen IX/AppData/Local/UnrealEngine/4.11/DerivedDataCache/Boot.ddc.
[2016.04.27-14.50.16:448][  0]LogDerivedDataCache:Display: Loaded Boot cache: C:/Users/Mullen IX/AppData/Local/UnrealEngine/4.11/DerivedDataCache/Boot.ddc
[2016.04.27-14.50.16:448][  0]LogDerivedDataCache: FDerivedDataBackendGraph:  Pak pak cache file F:/University/Year 2/Experimental Games/Macbeth/Macbeth/DerivedDataCache/DDC.ddp not found, will not use a pak cache.
[2016.04.27-14.50.16:448][  0]LogDerivedDataCache: Unable to find inner node Pak for hierarchical cache Hierarchy.
[2016.04.27-14.50.16:448][  0]LogDerivedDataCache: FDerivedDataBackendGraph:  CompressedPak pak cache file F:/University/Year 2/Experimental Games/Macbeth/Macbeth/DerivedDataCache/Compressed.ddp not found, will not use a pak cache.
[2016.04.27-14.50.16:448][  0]LogDerivedDataCache: Unable to find inner node CompressedPak for hierarchical cache Hierarchy.
[2016.04.27-14.50.16:470][  0]LogDerivedDataCache:Display: Pak cache opened for reading ../../../Engine/DerivedDataCache/Compressed.ddp.
[2016.04.27-14.50.16:481][  0]LogDerivedDataCache: Using Local data cache path C:/Users/Mullen IX/AppData/Local/UnrealEngine/Common/DerivedDataCache: Writable
[2016.04.27-14.50.16:697][  0]LogInit: Selected Device Profile: [Windows]
[2016.04.27-14.50.16:698][  0]LogContentStreaming: Texture pool size is 0.00 MB
[2016.04.27-14.50.16:730][  0]LogMaterial: Uniform references updated for custom material expression Custom.
[2016.04.27-14.50.16:903][  0]LogMeshUtilities: No automatic mesh reduction module available
[2016.04.27-14.50.16:903][  0]LogMeshUtilities: No automatic mesh merging module available
[2016.04.27-14.50.16:903][  0]LogMeshUtilities: No distributed automatic mesh merging module available
[2016.04.27-14.50.17:157][  0]LogUObjectArray: 27678 objects as part of root set at end of initial load.
[2016.04.27-14.50.17:157][  0]LogUObjectAllocator: 5591392 out of 0 bytes used by permanent object pool.
[2016.04.27-14.50.17:157][  0]LogUObjectArray: CloseDisregardForGC: 0/0 objects in disregard for GC pool
[2016.04.27-14.50.17:163][  0]LogInit: WinSock: version 1.1 (2.2), MaxSocks=32767, MaxUdp=65467
[2016.04.27-14.50.17:252][  0]LogSlate: SlateFontCache - WITH_FREETYPE: 1, WITH_HARFBUZZ: 1
[2016.04.27-14.50.17:252][  0]LogSlate: SlateFontCache - WITH_FREETYPE: 1, WITH_HARFBUZZ: 1
[2016.04.27-14.50.17:370][  0]LogStreaming:Warning: Failed to read file '../../../Engine/Content/Editor/Slate/Common/Selection_16x.png' error.
[2016.04.27-14.50.17:370][  0]LogSlate: Could not find file for Slate resource: ../../../Engine/Content/Editor/Slate/Common/Selection_16x.png
[2016.04.27-14.50.17:370][  0]LogStreaming:Warning: Failed to read file '../../../Engine/Content/Editor/Slate/Common/Selection_16x.png' error.
[2016.04.27-14.50.17:370][  0]LogSlate: Could not find file for Slate resource: ../../../Engine/Content/Editor/Slate/Common/Selection_16x.png
[2016.04.27-14.50.17:370][  0]LogStreaming:Warning: Failed to read file '../../../Engine/Content/Editor/Slate/Common/Selection_16x.png' error.
[2016.04.27-14.50.17:370][  0]LogSlate: Could not find file for Slate resource: ../../../Engine/Content/Editor/Slate/Common/Selection_16x.png
[2016.04.27-14.50.18:015][  0]LogSubstanceCoreModule: Substance CPU Engine Loaded, Max Texture Size 2048
[2016.04.27-14.50.18:022][  0]LogUdpMessaging: Initializing bridge on interface 0.0.0.0:0 to multicast group 230.0.0.1:6666.
[2016.04.27-14.50.18:131][  0]LogAssetRegistry: FAssetRegistry took 0.0292 seconds to start up
[2016.04.27-14.50.18:720][  0]SourceControl: Info Source control is disabled
[2016.04.27-14.50.18:723][  0]SourceControl: Info Source control is disabled
[2016.04.27-14.50.18:730][  0]SourceControl: Info Source control is disabled
[2016.04.27-14.50.18:737][  0]SourceControl: Info Source control is disabled
[2016.04.27-14.50.18:929][  0]LogEngine: Initializing Engine...
[2016.04.27-14.50.18:930][  0]LogHMD: SteamVR failed to initialize.  Err: 110
[2016.04.27-14.50.18:931][  0]LogHMD: SteamVR failed to initialize.  Err: 110
[2016.04.27-14.50.19:099][  0]LogAIModule: Creating AISystem for world NewWorld
[2016.04.27-14.50.19:112][  0]LogInit: XAudio2 using 'Speakers (Realtek High Definition Audio)' : 2 channels at 48 kHz using 32 bits per sample (channel mask 0x3)
[2016.04.27-14.50.19:127][  0]LogInit: FAudioDevice initialized.
[2016.04.27-14.50.19:153][  0]LogDerivedDataCache: Saved boot cache 0.03s 46MB C:/Users/Mullen IX/AppData/Local/UnrealEngine/4.11/DerivedDataCache/Boot.ddc.
[2016.04.27-14.50.19:161][  0]LogInit: Texture streaming: Enabled
[2016.04.27-14.50.19:181][  0]LogInit: Transaction tracking system initialized
[2016.04.27-14.50.19:202][  0]BlueprintLog: New page: Editor Load
[2016.04.27-14.50.19:272][  0]LocalizationService: Info Localization service is disabled
[2016.04.27-14.50.19:332][  0]LogConsoleResponse:Display: 
[2016.04.27-14.50.19:443][  0]LogCook:Display: Max memory allowance for cook 8192mb
[2016.04.27-14.50.19:443][  0]LogCook:Display: Mobile HDR setting 1
[2016.04.27-14.50.19:443][  0]LogCook:Display: Done creating registry. It took  0.00s.
[2016.04.27-14.50.19:488][  0]LogFileCache: Scanning file cache for directory 'F:/University/Year 2/Experimental Games/Macbeth/Macbeth/Content/' took 0.01s
[2016.04.27-14.50.19:488][  0]SourceControl: Info Source control is disabled
[2016.04.27-14.50.19:489][  0]Cmd: MAP LOAD FILE="F:/University/Year 2/Experimental Games/Macbeth/Macbeth/Content/ThirdPersonBP/Maps/ThirdPersonExampleMap.umap" TEMPLATE=0 SHOWPROGRESS=1 FEATURELEVEL=3
[2016.04.27-14.50.19:490][  0]LightingResults: New page: Lighting Build
[2016.04.27-14.50.19:493][  0]MapCheck: New page: Map Check
[2016.04.27-14.50.19:493][  0]LightingResults: New page: Lighting Build
[2016.04.27-14.50.20:435][  0]LogAIModule: Creating AISystem for world ThirdPersonExampleMap
[2016.04.27-14.50.20:616][  0]LogMaterial:Warning: Material /Game/Assets/Flowers/Grass.Grass needed to have new flag set bUsedWithInstancedStaticMeshes !
[2016.04.27-14.50.20:618][  0]LogMaterial: Missing cached shader map for material Grass, compiling. 
[2016.04.27-14.50.20:661][  0]MapCheck:Warning: Warning Grass Material /Game/Assets/Flowers/Grass.Grass was missing the usage flag bUsedWithInstancedStaticMeshes. If the material asset is not re-saved, it may not render correctly when run outside the editor. Fix
[2016.04.27-14.50.20:662][  0]LogMaterial: 0.00 seconds spent updating 1 materials, 1 interfaces, 0 instances, 0 with static permutations.
[2016.04.27-14.50.20:663][  0]LogMaterial:Warning: Material /Game/Assets/Pine_Trees/pine_tree.pine_tree needed to have new flag set bUsedWithInstancedStaticMeshes !
[2016.04.27-14.50.20:666][  0]LogMaterial: Missing cached shader map for material pine_tree, compiling. 
[2016.04.27-14.50.20:693][  0]MapCheck:Warning: Warning pine_tree Material /Game/Assets/Pine_Trees/pine_tree.pine_tree was missing the usage flag bUsedWithInstancedStaticMeshes. If the material asset is not re-saved, it may not render correctly when run outside the editor. Fix
[2016.04.27-14.50.20:693][  0]LogMaterial: 0.00 seconds spent updating 1 materials, 1 interfaces, 0 instances, 0 with static permutations.
[2016.04.27-14.50.20:710][  0]LogEditorServer: Finished looking for orphan Actors (0.000 secs)
[2016.04.27-14.50.20:710][  0]Cmd: MAP CHECKDEP NOCLEARLOG
[2016.04.27-14.50.20:792][  0]MapCheck: Info Map check complete: 0 Error(s), 2 Warning(s), took 81.334ms to complete.
[2016.04.27-14.50.20:802][  0]LogFileHelpers: Loading map 'ThirdPersonExampleMap' took 1.314
[2016.04.27-14.50.20:946][  0]LogCollectionManager: Loaded 0 collections in 0.002929 seconds
[2016.04.27-14.50.20:989][  0]LogFileCache: Scanning file cache for directory 'F:/University/Year 2/Experimental Games/Macbeth/Macbeth/Saved/Collections/' took 0.01s
[2016.04.27-14.50.20:989][  0]LogFileCache: Scanning file cache for directory 'F:/University/Year 2/Experimental Games/Macbeth/Macbeth/Content/Developers/MullenIX/Collections/' took 0.01s
[2016.04.27-14.50.20:989][  0]LogFileCache: Scanning file cache for directory 'F:/University/Year 2/Experimental Games/Macbeth/Macbeth/Content/Collections/' took 0.01s
[2016.04.27-14.50.20:989][  0]LogCollectionManager: Rebuilt the GUID cache for 0 collections in 0.000003 seconds
[2016.04.27-14.50.21:007][  0]LogContentBrowser: Native class hierarchy populated in 0.0185 seconds. Added 1994 classes and 349 folders.
[2016.04.27-14.50.21:013][  0]LogStats: UGameplayTagsManager::ConstructGameplayTagTree: Construct from data asset -  0.000 s
[2016.04.27-14.50.21:013][  0]LogStats: UGameplayTagsManager::ConstructGameplayTagTree: GameplayTagTreeChangedEvent.Broadcast -  0.000 s
[2016.04.27-14.50.21:014][  0]LogContentBrowser: Native class hierarchy updated for 'GameplayTags' in 0.0008 seconds. Added 12 classes and 0 folders.
[2016.04.27-14.50.21:021][  0]LogContentBrowser: Native class hierarchy updated for 'WidgetCarousel' in 0.0006 seconds. Added 0 classes and 0 folders.
[2016.04.27-14.50.21:031][  0]LogContentBrowser: Native class hierarchy updated for 'SuperSearch' in 0.0006 seconds. Added 1 classes and 2 folders.
[2016.04.27-14.50.21:102][  0]LogContentBrowser: Native class hierarchy updated for 'AddContentDialog' in 0.0006 seconds. Added 0 classes and 0 folders.
[2016.04.27-14.50.21:108][  0]LogContentBrowser: Native class hierarchy updated for 'SceneOutliner' in 0.0006 seconds. Added 1 classes and 2 folders.
[2016.04.27-14.50.21:151][  0]LogCrashTracker: Crashtracker disabled due to settings.
[2016.04.27-14.50.21:157][  0]LogUObjectGlobals:Warning: Failed to find object 'Class None.'
[2016.04.27-14.50.21:183][  0]LogContentBrowser: Native class hierarchy updated for 'HierarchicalLODOutliner' in 0.0006 seconds. Added 1 classes and 2 folders.
[2016.04.27-14.50.21:183][  0]LogLoad: Full Startup: 7.63 seconds (BP compile: 0.10 seconds)
[2016.04.27-14.50.21:183][  0]LogExternalProfiler:Warning: No registered external profiler was matched with a command-line switch (or the DLL could not be loaded).  External profiling features will not be available.
[2016.04.27-14.50.21:193][  0]LogOcInput: OculusInput pre-init called
[2016.04.27-14.50.21:260][  0]LogContentStreaming: Texture pool size now 1000 MB
[2016.04.27-14.50.21:510][  0]LogRenderer: Reallocating scene render targets to support 1208x576 (Frame:2).
[2016.04.27-14.50.21:613][  1]Cmd: UpdateLandscapeEditorData -warnings
[2016.04.27-14.50.21:740][  2]LogAssetRegistry: Asset discovery search completed in 3.6388 seconds
[2016.04.27-14.50.21:740][  2]LogCollectionManager: Rebuilt the object cache for 0 collections in 0.000001 seconds (found 0 objects)
[2016.04.27-14.50.21:740][  2]LogCollectionManager: Fixed up redirectors for 0 collections in 0.000033 seconds (updated 0 objects)
[2016.04.27-14.50.40:174][818]LogTexture:Display: Building textures: Texture2D_2 (G8)
[2016.04.27-14.51.14:300][678]Cmd: TRANSACTION UNDO
[2016.04.27-14.51.14:300][678]LogEditorTransaction: Undo Landscape Editing: Sculpt
[2016.04.27-14.51.14:348][678]LogMaterial: 0.00 seconds spent updating 1 materials, 1 interfaces, 1 instances, 0 with static permutations.
[2016.04.27-14.51.14:352][678]LogMaterial: 0.00 seconds spent updating 1 materials, 1 interfaces, 1 instances, 0 with static permutations.
[2016.04.27-14.51.14:355][678]LogTexture:Display: Building textures: Texture2D_15 (BGRA8)
[2016.04.27-14.51.14:378][678]PIE:Warning: Warning AttachTo: '/Game/ThirdPersonBP/Maps/ThirdPersonExampleMap.ThirdPersonExampleMap:PersistentLevel.LandscapeGizmoActiveActor_0.GizmoRendererComponent0' is not static , cannot attach '/Game/ThirdPersonBP/Maps/ThirdPersonExampleMap.ThirdPersonExampleMap:PersistentLevel.LandscapeGizmoActiveActor_0.RootComponent0' which is static to it. Aborting.
[2016.04.27-14.52.23:362][ 25]LogTexture:Display: Building textures: Texture2D_14 (BGRA8)
[2016.04.27-14.52.23:384][ 25]LogTexture:Display: Building textures: Texture2D_15 (BGRA8)
[2016.04.27-14.52.26:294][ 25]LogSavePackage: Save=3109.08ms
[2016.04.27-14.52.26:295][ 25]LogSavePackage: Moving 'F:/University/Year 2/Experimental Games/Macbeth/Macbeth/Saved/ThirdPersonExampleMapE18E1B8445DDBBB84587FD83581DA7CF.tmp' to 'F:/University/Year 2/Experimental Games/Macbeth/Macbeth/Content/ThirdPersonBP/Maps/ThirdPersonExampleMap.umap'
[2016.04.27-14.52.26:307][ 25]LogSavePackage: Total save time: 4922.15ms
[2016.04.27-14.52.26:307][ 25]LogSavePackage:Display: Finished SavePackage F:/University/Year 2/Experimental Games/Macbeth/Macbeth/Content/ThirdPersonBP/Maps/ThirdPersonExampleMap.umap
[2016.04.27-14.53.42:903][382]LogTexture:Display: Building textures: Texture2D_10 (BGRA8)
[2016.04.27-14.53.42:916][382]LogTexture:Display: Building textures: Texture2D_14 (BGRA8)
[2016.04.27-14.53.42:930][382]LogTexture:Display: Building textures: Texture2D_15 (BGRA8)
[2016.04.27-14.53.45:779][382]LogSavePackage: Save=2944.33ms
[2016.04.27-14.53.45:779][382]LogSavePackage: Moving 'F:/University/Year 2/Experimental Games/Macbeth/Macbeth/Saved/ThirdPersonExampleMapA30B93E341F21B3083225581DB728DC0.tmp' to 'F:/University/Year 2/Experimental Games/Macbeth/Macbeth/Content/ThirdPersonBP/Maps/ThirdPersonExampleMap.umap'
[2016.04.27-14.53.45:791][382]LogSavePackage: Total save time: 2957.48ms
[2016.04.27-14.53.45:791][382]LogSavePackage:Display: Finished SavePackage F:/University/Year 2/Experimental Games/Macbeth/Macbeth/Content/ThirdPersonBP/Maps/ThirdPersonExampleMap.umap
[2016.04.27-15.06.31:171][713]Cmd: TRANSACTION UNDO
[2016.04.27-15.06.31:171][713]LogEditorTransaction: Undo Foliage Editing
[2016.04.27-15.06.31:234][713]PIE:Warning: Warning AttachTo: '/Game/ThirdPersonBP/Maps/ThirdPersonExampleMap.ThirdPersonExampleMap:PersistentLevel.LandscapeGizmoActiveActor_0.GizmoRendererComponent0' is not static , cannot attach '/Game/ThirdPersonBP/Maps/ThirdPersonExampleMap.ThirdPersonExampleMap:PersistentLevel.LandscapeGizmoActiveActor_0.RootComponent0' which is static to it. Aborting.
[2016.04.27-15.06.47:901][525]Cmd: TRANSACTION UNDO
[2016.04.27-15.06.47:901][525]LogEditorTransaction: Undo Foliage Editing
[2016.04.27-15.06.47:901][525]PIE:Warning: Warning AttachTo: '/Game/ThirdPersonBP/Maps/ThirdPersonExampleMap.ThirdPersonExampleMap:PersistentLevel.LandscapeGizmoActiveActor_0.GizmoRendererComponent0' is not static , cannot attach '/Game/ThirdPersonBP/Maps/ThirdPersonExampleMap.ThirdPersonExampleMap:PersistentLevel.LandscapeGizmoActiveActor_0.RootComponent0' which is static to it. Aborting.
[2016.04.27-15.06.48:375][558]Cmd: TRANSACTION UNDO
[2016.04.27-15.06.48:375][558]LogEditorTransaction: Undo Foliage Editing
[2016.04.27-15.06.48:376][558]PIE:Warning: Warning AttachTo: '/Game/ThirdPersonBP/Maps/ThirdPersonExampleMap.ThirdPersonExampleMap:PersistentLevel.LandscapeGizmoActiveActor_0.GizmoRendererComponent0' is not static , cannot attach '/Game/ThirdPersonBP/Maps/ThirdPersonExampleMap.ThirdPersonExampleMap:PersistentLevel.LandscapeGizmoActiveActor_0.RootComponent0' which is static to it. Aborting.
[2016.04.27-15.06.48:775][603]Cmd: TRANSACTION UNDO
[2016.04.27-15.06.48:775][603]LogEditorTransaction: Undo Foliage Editing
[2016.04.27-15.06.48:838][603]PIE:Warning: Warning AttachTo: '/Game/ThirdPersonBP/Maps/ThirdPersonExampleMap.ThirdPersonExampleMap:PersistentLevel.LandscapeGizmoActiveActor_0.GizmoRendererComponent0' is not static , cannot attach '/Game/ThirdPersonBP/Maps/ThirdPersonExampleMap.ThirdPersonExampleMap:PersistentLevel.LandscapeGizmoActiveActor_0.RootComponent0' which is static to it. Aborting.
[2016.04.27-15.07.02:981][159]Cmd: TRANSACTION UNDO
[2016.04.27-15.07.02:981][159]LogEditorTransaction: Undo Foliage Editing
[2016.04.27-15.07.03:045][159]PIE:Warning: Warning AttachTo: '/Game/ThirdPersonBP/Maps/ThirdPersonExampleMap.ThirdPersonExampleMap:PersistentLevel.LandscapeGizmoActiveActor_0.GizmoRendererComponent0' is not static , cannot attach '/Game/ThirdPersonBP/Maps/ThirdPersonExampleMap.ThirdPersonExampleMap:PersistentLevel.LandscapeGizmoActiveActor_0.RootComponent0' which is static to it. Aborting.
[2016.04.27-15.07.26:453][727]Cmd: TRANSACTION UNDO
[2016.04.27-15.07.26:453][727]LogEditorTransaction: Undo Foliage Editing
[2016.04.27-15.07.26:519][727]PIE:Warning: Warning AttachTo: '/Game/ThirdPersonBP/Maps/ThirdPersonExampleMap.ThirdPersonExampleMap:PersistentLevel.LandscapeGizmoActiveActor_0.GizmoRendererComponent0' is not static , cannot attach '/Game/ThirdPersonBP/Maps/ThirdPersonExampleMap.ThirdPersonExampleMap:PersistentLevel.LandscapeGizmoActiveActor_0.RootComponent0' which is static to it. Aborting.
[2016.04.27-15.07.26:758][744]Cmd: TRANSACTION UNDO
[2016.04.27-15.07.26:758][744]LogEditorTransaction: Undo Foliage Editing
[2016.04.27-15.07.26:834][744]PIE:Warning: Warning AttachTo: '/Game/ThirdPersonBP/Maps/ThirdPersonExampleMap.ThirdPersonExampleMap:PersistentLevel.LandscapeGizmoActiveActor_0.GizmoRendererComponent0' is not static , cannot attach '/Game/ThirdPersonBP/Maps/ThirdPersonExampleMap.ThirdPersonExampleMap:PersistentLevel.LandscapeGizmoActiveActor_0.RootComponent0' which is static to it. Aborting.
[2016.04.27-15.07.28:010][841]Cmd: TRANSACTION UNDO
[2016.04.27-15.07.28:010][841]LogEditorTransaction: Undo Foliage Editing
[2016.04.27-15.07.28:080][841]PIE:Warning: Warning AttachTo: '/Game/ThirdPersonBP/Maps/ThirdPersonExampleMap.ThirdPersonExampleMap:PersistentLevel.LandscapeGizmoActiveActor_0.GizmoRendererComponent0' is not static , cannot attach '/Game/ThirdPersonBP/Maps/ThirdPersonExampleMap.ThirdPersonExampleMap:PersistentLevel.LandscapeGizmoActiveActor_0.RootComponent0' which is static to it. Aborting.
[2016.04.27-15.07.49:623][223]Cmd: TRANSACTION UNDO
[2016.04.27-15.07.49:623][223]LogEditorTransaction: Undo Foliage Editing
[2016.04.27-15.07.49:686][223]PIE:Warning: Warning AttachTo: '/Game/ThirdPersonBP/Maps/ThirdPersonExampleMap.ThirdPersonExampleMap:PersistentLevel.LandscapeGizmoActiveActor_0.GizmoRendererComponent0' is not static , cannot attach '/Game/ThirdPersonBP/Maps/ThirdPersonExampleMap.ThirdPersonExampleMap:PersistentLevel.LandscapeGizmoActiveActor_0.RootComponent0' which is static to it. Aborting.
[2016.04.27-15.08.08:454][406]Cmd: TRANSACTION UNDO
[2016.04.27-15.08.08:455][406]LogEditorTransaction: Undo Foliage Editing
[2016.04.27-15.08.08:518][406]PIE:Warning: Warning AttachTo: '/Game/ThirdPersonBP/Maps/ThirdPersonExampleMap.ThirdPersonExampleMap:PersistentLevel.LandscapeGizmoActiveActor_0.GizmoRendererComponent0' is not static , cannot attach '/Game/ThirdPersonBP/Maps/ThirdPersonExampleMap.ThirdPersonExampleMap:PersistentLevel.LandscapeGizmoActiveActor_0.RootComponent0' which is static to it. Aborting.
[2016.04.27-15.08.09:063][447]Cmd: TRANSACTION UNDO
[2016.04.27-15.08.09:063][447]LogEditorTransaction: Undo Foliage Editing
[2016.04.27-15.08.09:127][447]PIE:Warning: Warning AttachTo: '/Game/ThirdPersonBP/Maps/ThirdPersonExampleMap.ThirdPersonExampleMap:PersistentLevel.LandscapeGizmoActiveActor_0.GizmoRendererComponent0' is not static , cannot attach '/Game/ThirdPersonBP/Maps/ThirdPersonExampleMap.ThirdPersonExampleMap:PersistentLevel.LandscapeGizmoActiveActor_0.RootComponent0' which is static to it. Aborting.
[2016.04.27-15.08.09:555][493]Cmd: TRANSACTION UNDO
[2016.04.27-15.08.09:555][493]LogEditorTransaction: Undo Foliage Editing
[2016.04.27-15.08.09:555][493]PIE:Warning: Warning AttachTo: '/Game/ThirdPersonBP/Maps/ThirdPersonExampleMap.ThirdPersonExampleMap:PersistentLevel.LandscapeGizmoActiveActor_0.GizmoRendererComponent0' is not static , cannot attach '/Game/ThirdPersonBP/Maps/ThirdPersonExampleMap.ThirdPersonExampleMap:PersistentLevel.LandscapeGizmoActiveActor_0.RootComponent0' which is static to it. Aborting.
[2016.04.27-15.08.49:806][ 91]Cmd: CAMERA ALIGN ACTIVEVIEWPORTONLY
[2016.04.27-15.08.49:806][ 91]Can't find target actor or component.
[2016.04.27-15.09.10:794][158]Cmd: TRANSACTION UNDO
[2016.04.27-15.09.10:794][158]LogEditorTransaction: Undo Foliage Editing
[2016.04.27-15.09.10:858][158]PIE:Warning: Warning AttachTo: '/Game/ThirdPersonBP/Maps/ThirdPersonExampleMap.ThirdPersonExampleMap:PersistentLevel.LandscapeGizmoActiveActor_0.GizmoRendererComponent0' is not static , cannot attach '/Game/ThirdPersonBP/Maps/ThirdPersonExampleMap.ThirdPersonExampleMap:PersistentLevel.LandscapeGizmoActiveActor_0.RootComponent0' which is static to it. Aborting.
[2016.04.27-15.09.18:858][ 48]Cmd: TRANSACTION UNDO
[2016.04.27-15.09.18:858][ 48]LogEditorTransaction: Undo Foliage Editing
[2016.04.27-15.09.18:922][ 48]PIE:Warning: Warning AttachTo: '/Game/ThirdPersonBP/Maps/ThirdPersonExampleMap.ThirdPersonExampleMap:PersistentLevel.LandscapeGizmoActiveActor_0.GizmoRendererComponent0' is not static , cannot attach '/Game/ThirdPersonBP/Maps/ThirdPersonExampleMap.ThirdPersonExampleMap:PersistentLevel.LandscapeGizmoActiveActor_0.RootComponent0' which is static to it. Aborting.
[2016.04.27-15.09.46:386][863]Cmd: TRANSACTION UNDO
[2016.04.27-15.09.46:386][863]LogEditorTransaction: Undo Foliage Editing
[2016.04.27-15.09.46:451][863]PIE:Warning: Warning AttachTo: '/Game/ThirdPersonBP/Maps/ThirdPersonExampleMap.ThirdPersonExampleMap:PersistentLevel.LandscapeGizmoActiveActor_0.GizmoRendererComponent0' is not static , cannot attach '/Game/ThirdPersonBP/Maps/ThirdPersonExampleMap.ThirdPersonExampleMap:PersistentLevel.LandscapeGizmoActiveActor_0.RootComponent0' which is static to it. Aborting.
[2016.04.27-15.10.19:355][383]LogTexture:Display: Building textures: Texture2D_10 (BGRA8)
[2016.04.27-15.10.19:368][383]LogTexture:Display: Building textures: Texture2D_15 (BGRA8)
[2016.04.27-15.10.22:672][383]LogSavePackage: Save=3387.01ms
[2016.04.27-15.10.22:673][383]LogSavePackage: Moving 'F:/University/Year 2/Experimental Games/Macbeth/Macbeth/Saved/ThirdPersonExampleMapFEF4D6994C925EACDA9747A93EDF99B9.tmp' to 'F:/University/Year 2/Experimental Games/Macbeth/Macbeth/Content/ThirdPersonBP/Maps/ThirdPersonExampleMap.umap'
[2016.04.27-15.10.22:686][383]LogSavePackage: Total save time: 5216.92ms
[2016.04.27-15.10.22:686][383]LogSavePackage:Display: Finished SavePackage F:/University/Year 2/Experimental Games/Macbeth/Macbeth/Content/ThirdPersonBP/Maps/ThirdPersonExampleMap.umap
[2016.04.27-15.10.40:441][462]LogWindows:Error: Windows GetLastError: The operation completed successfully. (0)
[2016.04.27-15.10.40:727][462]LogCrashTracker: 


[2016.04.27-15.10.40:757][462]LogCrashTracker: 


[2016.04.27-15.10.40:757][462]LogWindows:Error: === Critical error: ===
Assertion failed: IsValid() [File:D:\BuildFarm\buildmachine_++UE4+Release-4.11\Engine\Source\Runtime\Core\Public\Templates\SharedPointer.h] [Line: 728] 





[2016.04.27-15.10.40:813][462]LogExit: Executing StaticShutdownAfterError
[2016.04.27-15.10.40:829][462]LogPhysics:Warning: PHYSX: ..\..\PhysX\src\NpScene.cpp (2946) 8 : PxScene::unlockWrite() called without matching call to PxScene::lockWrite(), behaviour will be undefined.
[2016.04.27-15.10.40:829][462]LogPhysics:Warning: PHYSX: ..\..\PhysX\src\NpScene.cpp (2946) 8 : PxScene::unlockWrite() called without matching call to PxScene::lockWrite(), behaviour will be undefined.
[2016.04.27-15.10.40:829][462]LogWindows: FPlatformMisc::RequestExit(1)
[2016.04.27-15.10.40:829][462]Log file closed, 04/27/16 16:10:40
