Log file open, 04/27/16 18:14:53
LogInit:Display: Running engine for game: Macbeth
LogPlatformFile: Not using cached read wrapper
LogInit:Display: RandInit(619047277) SRandInit(619047278).
LogTaskGraph: Started task graph with 4 named threads and 7 total threads.
LogStats: Stats thread started at 0.069849
LogInit: Version: 4.11.1-2934540+++UE4+Release-4.11
LogInit: API Version: 2927265
LogInit: Compiled (64-bit): Apr  6 2016 02:14:16
LogInit: Compiled with Visual C++: 19.00.23026.00
LogInit: Build Configuration: Development
LogInit: Branch Name: ++UE4+Release-4.11
LogInit: Command line: 
LogInit: Base directory: C:/Program Files/Epic Games/4.11/Engine/Binaries/Win64/
LogInit: Installed Engine Build: 1
LogInit: Using libcurl 7.41.0
LogInit:  - built for x86_64-pc-win32
LogInit:  - supports SSL with WinSSL
LogInit:  - other features:
LogInit:      CURL_VERSION_SSL
LogInit:      CURL_VERSION_IPV6
LogInit:      CURL_VERSION_ASYNCHDNS
LogInit:      CURL_VERSION_LARGEFILE
LogInit:      CURL_VERSION_IDN
LogInit:  CurlRequestOptions (configurable via config and command line):
LogInit:  - bVerifyPeer = true  - Libcurl will verify peer certificate
LogInit:  - bUseHttpProxy = false  - Libcurl will NOT use HTTP proxy
LogInit:  - bDontReuseConnections = false  - Libcurl will reuse connections
LogInit:  - CertBundlePath = nullptr  - Libcurl will use whatever was configured at build time.
LogInit: Presizing for max 16777216 objects, including 0 objects not considered by GC, pre-allocating 0 bytes for permanent pool.
LogInit: Object subsystem initialized
[2016.04.27-17.14.53:248][  0]LogInit: Selected Device Profile: [Windows]
[2016.04.27-17.14.53:248][  0]LogInit: Applying CVar settings loaded from the selected device profile: [Windows]
[2016.04.27-17.14.53:263][  0]LogInit: Computer: MULLENIX-PC
[2016.04.27-17.14.53:263][  0]LogInit: User: MullenIX
[2016.04.27-17.14.53:263][  0]LogInit: CPU Page size=65536, Cores=4
[2016.04.27-17.14.53:263][  0]LogInit: High frequency timer resolution =2.610712 MHz
[2016.04.27-17.14.53:263][  0]LogMemory: Memory total: Physical=12.0GB (12GB approx)
[2016.04.27-17.14.53:263][  0]LogMemory: Platform Memory Stats for Windows
[2016.04.27-17.14.53:263][  0]LogMemory: Process Physical Memory: 314.14 MB used, 314.14 MB peak
[2016.04.27-17.14.53:263][  0]LogMemory: Process Virtual Memory: 316.72 MB used, 316.72 MB peak
[2016.04.27-17.14.53:263][  0]LogMemory: Physical Memory: 4846.32 MB used, 12278.99 MB total
[2016.04.27-17.14.53:263][  0]LogMemory: Virtual Memory: 621.01 MB used, 8388608.00 MB total
[2016.04.27-17.14.53:302][  0]LogTextLocalizationManager: No specific translations for ('en-GB') exist, so ('en') translations will be used.
[2016.04.27-17.14.53:751][  0]LogD3D11RHI: D3D11 adapters:
[2016.04.27-17.14.53:776][  0]LogD3D11RHI:    0. 'NVIDIA GeForce GTX 670' (Feature Level 11_0)
[2016.04.27-17.14.53:776][  0]LogD3D11RHI:       1989MB of dedicated video memory, 0MB of dedicated system memory, and 2048MB of shared system memory, 1 output[s]
[2016.04.27-17.14.53:776][  0]LogD3D11RHI: Chosen D3D11 Adapter: 0
[2016.04.27-17.14.53:781][  0]LogD3D11RHI: Creating new Direct3DDevice
[2016.04.27-17.14.53:781][  0]LogD3D11RHI:     Adapter Name: NVIDIA GeForce GTX 670
[2016.04.27-17.14.53:781][  0]LogD3D11RHI:   Driver Version: 10.18.13.6472 (internal 10.18.13.6472)
[2016.04.27-17.14.53:781][  0]LogD3D11RHI:      Driver Date: 3-21-2016
[2016.04.27-17.14.53:781][  0]LogRHI: Texture pool is 1361 MB (70% of 1945 MB)
[2016.04.27-17.14.53:792][  0]LogD3D11RHI: Async texture creation enabled
[2016.04.27-17.14.53:808][  0]LogShaderCompilers: Guid format shader working directory is -7 characters bigger than the processId version (F:/University/Year 2/Experimental Games/Macbeth/Macbeth/Intermediate/Shaders/WorkingDirectory/14004/).
[2016.04.27-17.14.53:808][  0]LogShaderCompilers: Cleaned the shader compiler working directory 'C:/Users/MULLEN~1/AppData/Local/Temp/UnrealShaderWorkingDir/3D0A5E544B033EBB9F4A899A4B453D1B/'.
[2016.04.27-17.14.53:808][  0]LogShaderCompilers:Display: Using Local Shader Compiler.
[2016.04.27-17.14.55:049][  0]LogTemp:Display: Loaded TP AllDesktopTargetPlatform
[2016.04.27-17.14.55:053][  0]LogTemp:Display: Loaded TP WindowsClientTargetPlatform
[2016.04.27-17.14.55:058][  0]LogTemp:Display: Loaded TP WindowsNoEditorTargetPlatform
[2016.04.27-17.14.55:062][  0]LogTemp:Display: Loaded TP WindowsServerTargetPlatform
[2016.04.27-17.14.55:067][  0]LogTemp:Display: Loaded TP WindowsTargetPlatform
[2016.04.27-17.14.55:070][  0]LogTemp:Display: Loaded TP AndroidTargetPlatform
[2016.04.27-17.14.55:073][  0]LogTemp:Display: Loaded TP Android_ASTCTargetPlatform
[2016.04.27-17.14.55:077][  0]LogTemp:Display: Loaded TP Android_ATCTargetPlatform
[2016.04.27-17.14.55:080][  0]LogTemp:Display: Loaded TP Android_DXTTargetPlatform
[2016.04.27-17.14.55:083][  0]LogTemp:Display: Loaded TP Android_ETC1TargetPlatform
[2016.04.27-17.14.55:086][  0]LogTemp:Display: Loaded TP Android_ETC2TargetPlatform
[2016.04.27-17.14.55:093][  0]LogTemp:Display: Loaded TP Android_MultiTargetPlatform
[2016.04.27-17.14.55:093][  0]LogTemp:Display: Loaded TP Android_PVRTCTargetPlatform
[2016.04.27-17.14.55:094][  0]LogTemp:Display: Loaded TP HTML5TargetPlatform
[2016.04.27-17.14.55:110][  0]LogTemp:Display: Loaded TP IOSTargetPlatform
[2016.04.27-17.14.55:113][  0]LogTemp:Display: Loaded TP TVOSTargetPlatform
[2016.04.27-17.14.55:116][  0]LogTemp:Display: Loaded TP LinuxNoEditorTargetPlatform
[2016.04.27-17.14.55:119][  0]LogTemp:Display: Loaded TP LinuxServerTargetPlatform
[2016.04.27-17.14.55:123][  0]LogTemp:Display: Loaded TP LinuxTargetPlatform
[2016.04.27-17.14.55:123][  0]LogTargetPlatformManager:Display: Building Assets For Windows
[2016.04.27-17.14.55:194][  0]LogDerivedDataCache:Display: Max Cache Size: 512 MB
[2016.04.27-17.14.55:247][  0]LogDerivedDataCache: Loaded boot cache 0.05s 46MB C:/Users/Mullen IX/AppData/Local/UnrealEngine/4.11/DerivedDataCache/Boot.ddc.
[2016.04.27-17.14.55:247][  0]LogDerivedDataCache:Display: Loaded Boot cache: C:/Users/Mullen IX/AppData/Local/UnrealEngine/4.11/DerivedDataCache/Boot.ddc
[2016.04.27-17.14.55:247][  0]LogDerivedDataCache: FDerivedDataBackendGraph:  Pak pak cache file F:/University/Year 2/Experimental Games/Macbeth/Macbeth/DerivedDataCache/DDC.ddp not found, will not use a pak cache.
[2016.04.27-17.14.55:247][  0]LogDerivedDataCache: Unable to find inner node Pak for hierarchical cache Hierarchy.
[2016.04.27-17.14.55:247][  0]LogDerivedDataCache: FDerivedDataBackendGraph:  CompressedPak pak cache file F:/University/Year 2/Experimental Games/Macbeth/Macbeth/DerivedDataCache/Compressed.ddp not found, will not use a pak cache.
[2016.04.27-17.14.55:247][  0]LogDerivedDataCache: Unable to find inner node CompressedPak for hierarchical cache Hierarchy.
[2016.04.27-17.14.55:268][  0]LogDerivedDataCache:Display: Pak cache opened for reading ../../../Engine/DerivedDataCache/Compressed.ddp.
[2016.04.27-17.14.55:280][  0]LogDerivedDataCache: Using Local data cache path C:/Users/Mullen IX/AppData/Local/UnrealEngine/Common/DerivedDataCache: Writable
[2016.04.27-17.14.55:485][  0]LogInit: Selected Device Profile: [Windows]
[2016.04.27-17.14.55:485][  0]LogContentStreaming: Texture pool size is 0.00 MB
[2016.04.27-17.14.55:516][  0]LogMaterial: Uniform references updated for custom material expression Custom.
[2016.04.27-17.14.55:682][  0]LogMeshUtilities: No automatic mesh reduction module available
[2016.04.27-17.14.55:682][  0]LogMeshUtilities: No automatic mesh merging module available
[2016.04.27-17.14.55:682][  0]LogMeshUtilities: No distributed automatic mesh merging module available
[2016.04.27-17.14.55:947][  0]LogUObjectArray: 27678 objects as part of root set at end of initial load.
[2016.04.27-17.14.55:947][  0]LogUObjectAllocator: 5591392 out of 0 bytes used by permanent object pool.
[2016.04.27-17.14.55:947][  0]LogUObjectArray: CloseDisregardForGC: 0/0 objects in disregard for GC pool
[2016.04.27-17.14.55:953][  0]LogInit: WinSock: version 1.1 (2.2), MaxSocks=32767, MaxUdp=65467
[2016.04.27-17.14.56:044][  0]LogSlate: SlateFontCache - WITH_FREETYPE: 1, WITH_HARFBUZZ: 1
[2016.04.27-17.14.56:044][  0]LogSlate: SlateFontCache - WITH_FREETYPE: 1, WITH_HARFBUZZ: 1
[2016.04.27-17.14.56:163][  0]LogStreaming:Warning: Failed to read file '../../../Engine/Content/Editor/Slate/Common/Selection_16x.png' error.
[2016.04.27-17.14.56:163][  0]LogSlate: Could not find file for Slate resource: ../../../Engine/Content/Editor/Slate/Common/Selection_16x.png
[2016.04.27-17.14.56:163][  0]LogStreaming:Warning: Failed to read file '../../../Engine/Content/Editor/Slate/Common/Selection_16x.png' error.
[2016.04.27-17.14.56:163][  0]LogSlate: Could not find file for Slate resource: ../../../Engine/Content/Editor/Slate/Common/Selection_16x.png
[2016.04.27-17.14.56:163][  0]LogStreaming:Warning: Failed to read file '../../../Engine/Content/Editor/Slate/Common/Selection_16x.png' error.
[2016.04.27-17.14.56:163][  0]LogSlate: Could not find file for Slate resource: ../../../Engine/Content/Editor/Slate/Common/Selection_16x.png
[2016.04.27-17.14.56:817][  0]LogSubstanceCoreModule: Substance CPU Engine Loaded, Max Texture Size 2048
[2016.04.27-17.14.56:824][  0]LogUdpMessaging: Initializing bridge on interface 0.0.0.0:0 to multicast group 230.0.0.1:6666.
[2016.04.27-17.14.56:922][  0]LogAssetRegistry: FAssetRegistry took 0.0199 seconds to start up
[2016.04.27-17.14.57:091][  0]SourceControl: Info Source control is disabled
[2016.04.27-17.14.57:092][  0]SourceControl: Info Source control is disabled
[2016.04.27-17.14.57:100][  0]SourceControl: Info Source control is disabled
[2016.04.27-17.14.57:107][  0]SourceControl: Info Source control is disabled
[2016.04.27-17.14.57:667][  0]LogEngine: Initializing Engine...
[2016.04.27-17.14.57:668][  0]LogHMD: SteamVR failed to initialize.  Err: 110
[2016.04.27-17.14.57:668][  0]LogHMD: SteamVR failed to initialize.  Err: 110
[2016.04.27-17.14.57:846][  0]LogAIModule: Creating AISystem for world NewWorld
[2016.04.27-17.14.57:860][  0]LogInit: XAudio2 using 'Speakers (Realtek High Definition Audio)' : 2 channels at 48 kHz using 32 bits per sample (channel mask 0x3)
[2016.04.27-17.14.57:875][  0]LogInit: FAudioDevice initialized.
[2016.04.27-17.14.57:903][  0]LogDerivedDataCache: Saved boot cache 0.03s 46MB C:/Users/Mullen IX/AppData/Local/UnrealEngine/4.11/DerivedDataCache/Boot.ddc.
[2016.04.27-17.14.57:911][  0]LogInit: Texture streaming: Enabled
[2016.04.27-17.14.57:931][  0]LogInit: Transaction tracking system initialized
[2016.04.27-17.14.57:952][  0]BlueprintLog: New page: Editor Load
[2016.04.27-17.14.58:019][  0]LocalizationService: Info Localization service is disabled
[2016.04.27-17.14.58:079][  0]LogConsoleResponse:Display: 
[2016.04.27-17.14.58:196][  0]LogCook:Display: Max memory allowance for cook 8192mb
[2016.04.27-17.14.58:196][  0]LogCook:Display: Mobile HDR setting 1
[2016.04.27-17.14.58:196][  0]LogCook:Display: Done creating registry. It took  0.00s.
[2016.04.27-17.14.58:242][  0]LogFileCache: Scanning file cache for directory 'F:/University/Year 2/Experimental Games/Macbeth/Macbeth/Content/' took 0.02s
[2016.04.27-17.14.58:242][  0]SourceControl: Info Source control is disabled
[2016.04.27-17.14.58:242][  0]Cmd: MAP LOAD FILE="F:/University/Year 2/Experimental Games/Macbeth/Macbeth/Content/ThirdPersonBP/Maps/ThirdPersonExampleMap.umap" TEMPLATE=0 SHOWPROGRESS=1 FEATURELEVEL=3
[2016.04.27-17.14.58:243][  0]LightingResults: New page: Lighting Build
[2016.04.27-17.14.58:246][  0]MapCheck: New page: Map Check
[2016.04.27-17.14.58:246][  0]LightingResults: New page: Lighting Build
[2016.04.27-17.14.59:347][  0]LogAIModule: Creating AISystem for world ThirdPersonExampleMap
[2016.04.27-17.14.59:523][  0]LogMaterial:Warning: Material /Game/Assets/Rocks/Rocks_Mat.Rocks_Mat needed to have new flag set bUsedWithInstancedStaticMeshes !
[2016.04.27-17.14.59:526][  0]LogMaterial: Missing cached shader map for material Rocks_Mat, compiling. 
[2016.04.27-17.14.59:567][  0]MapCheck:Warning: Warning Rocks_Mat Material /Game/Assets/Rocks/Rocks_Mat.Rocks_Mat was missing the usage flag bUsedWithInstancedStaticMeshes. If the material asset is not re-saved, it may not render correctly when run outside the editor. Fix
[2016.04.27-17.14.59:568][  0]LogMaterial: 0.00 seconds spent updating 1 materials, 1 interfaces, 0 instances, 0 with static permutations.
[2016.04.27-17.14.59:586][  0]LogMaterial:Warning: Material /Game/Assets/Flowers/Grass.Grass needed to have new flag set bUsedWithInstancedStaticMeshes !
[2016.04.27-17.14.59:589][  0]LogMaterial: Missing cached shader map for material Grass, compiling. 
[2016.04.27-17.14.59:618][  0]MapCheck:Warning: Warning Grass Material /Game/Assets/Flowers/Grass.Grass was missing the usage flag bUsedWithInstancedStaticMeshes. If the material asset is not re-saved, it may not render correctly when run outside the editor. Fix
[2016.04.27-17.14.59:619][  0]LogMaterial: 0.00 seconds spent updating 1 materials, 1 interfaces, 0 instances, 0 with static permutations.
[2016.04.27-17.14.59:621][  0]LogMaterial:Warning: Material /Game/Assets/Flowers/Flowers.Flowers needed to have new flag set bUsedWithInstancedStaticMeshes !
[2016.04.27-17.14.59:623][  0]LogMaterial: Missing cached shader map for material Flowers, compiling. 
[2016.04.27-17.14.59:647][  0]MapCheck:Warning: Warning Flowers Material /Game/Assets/Flowers/Flowers.Flowers was missing the usage flag bUsedWithInstancedStaticMeshes. If the material asset is not re-saved, it may not render correctly when run outside the editor. Fix
[2016.04.27-17.14.59:647][  0]LogMaterial: 0.00 seconds spent updating 1 materials, 1 interfaces, 0 instances, 0 with static permutations.
[2016.04.27-17.14.59:648][  0]LogMaterial:Warning: Material /Game/Assets/Pine_Trees/pine_tree.pine_tree needed to have new flag set bUsedWithInstancedStaticMeshes !
[2016.04.27-17.14.59:651][  0]LogMaterial: Missing cached shader map for material pine_tree, compiling. 
[2016.04.27-17.14.59:677][  0]MapCheck:Warning: Warning pine_tree Material /Game/Assets/Pine_Trees/pine_tree.pine_tree was missing the usage flag bUsedWithInstancedStaticMeshes. If the material asset is not re-saved, it may not render correctly when run outside the editor. Fix
[2016.04.27-17.14.59:677][  0]LogMaterial: 0.00 seconds spent updating 1 materials, 1 interfaces, 0 instances, 0 with static permutations.
[2016.04.27-17.14.59:829][  0]LogEditorServer: Finished looking for orphan Actors (0.000 secs)
[2016.04.27-17.14.59:830][  0]Cmd: MAP CHECKDEP NOCLEARLOG
[2016.04.27-17.14.59:930][  0]MapCheck: Info Map check complete: 0 Error(s), 4 Warning(s), took 99.692ms to complete.
[2016.04.27-17.14.59:942][  0]LogFileHelpers: Loading map 'ThirdPersonExampleMap' took 1.700
[2016.04.27-17.15.00:088][  0]LogCollectionManager: Loaded 0 collections in 0.002257 seconds
[2016.04.27-17.15.00:132][  0]LogFileCache: Scanning file cache for directory 'F:/University/Year 2/Experimental Games/Macbeth/Macbeth/Saved/Collections/' took 0.01s
[2016.04.27-17.15.00:132][  0]LogFileCache: Scanning file cache for directory 'F:/University/Year 2/Experimental Games/Macbeth/Macbeth/Content/Developers/MullenIX/Collections/' took 0.01s
[2016.04.27-17.15.00:133][  0]LogFileCache: Scanning file cache for directory 'F:/University/Year 2/Experimental Games/Macbeth/Macbeth/Content/Collections/' took 0.01s
[2016.04.27-17.15.00:133][  0]LogCollectionManager: Rebuilt the GUID cache for 0 collections in 0.000003 seconds
[2016.04.27-17.15.00:149][  0]LogContentBrowser: Native class hierarchy populated in 0.0164 seconds. Added 1994 classes and 349 folders.
[2016.04.27-17.15.00:155][  0]LogStats: UGameplayTagsManager::ConstructGameplayTagTree: Construct from data asset -  0.000 s
[2016.04.27-17.15.00:155][  0]LogStats: UGameplayTagsManager::ConstructGameplayTagTree: GameplayTagTreeChangedEvent.Broadcast -  0.000 s
[2016.04.27-17.15.00:156][  0]LogContentBrowser: Native class hierarchy updated for 'GameplayTags' in 0.0007 seconds. Added 12 classes and 0 folders.
[2016.04.27-17.15.00:163][  0]LogContentBrowser: Native class hierarchy updated for 'WidgetCarousel' in 0.0006 seconds. Added 0 classes and 0 folders.
[2016.04.27-17.15.00:171][  0]LogContentBrowser: Native class hierarchy updated for 'SuperSearch' in 0.0004 seconds. Added 1 classes and 2 folders.
[2016.04.27-17.15.00:235][  0]LogContentBrowser: Native class hierarchy updated for 'AddContentDialog' in 0.0006 seconds. Added 0 classes and 0 folders.
[2016.04.27-17.15.00:241][  0]LogContentBrowser: Native class hierarchy updated for 'SceneOutliner' in 0.0006 seconds. Added 1 classes and 2 folders.
[2016.04.27-17.15.00:283][  0]LogCrashTracker: Crashtracker disabled due to settings.
[2016.04.27-17.15.00:287][  0]LogUObjectGlobals:Warning: Failed to find object 'Class None.'
[2016.04.27-17.15.00:313][  0]LogContentBrowser: Native class hierarchy updated for 'HierarchicalLODOutliner' in 0.0007 seconds. Added 1 classes and 2 folders.
[2016.04.27-17.15.00:313][  0]LogLoad: Full Startup: 7.83 seconds (BP compile: 0.13 seconds)
[2016.04.27-17.15.00:313][  0]LogExternalProfiler:Warning: No registered external profiler was matched with a command-line switch (or the DLL could not be loaded).  External profiling features will not be available.
[2016.04.27-17.15.00:323][  0]LogOcInput: OculusInput pre-init called
[2016.04.27-17.15.00:390][  0]LogContentStreaming: Texture pool size now 1000 MB
[2016.04.27-17.15.00:626][  0]LogRenderer: Reallocating scene render targets to support 1208x576 (Frame:2).
[2016.04.27-17.15.00:723][  1]Cmd: UpdateLandscapeEditorData -warnings
[2016.04.27-17.15.00:855][  2]LogAssetRegistry: Asset discovery search completed in 3.9531 seconds
[2016.04.27-17.15.00:855][  2]LogCollectionManager: Rebuilt the object cache for 0 collections in 0.000001 seconds (found 0 objects)
[2016.04.27-17.15.00:855][  2]LogCollectionManager: Fixed up redirectors for 0 collections in 0.000037 seconds (updated 0 objects)
[2016.04.27-17.15.15:793][419]LogTexture:Display: Building textures: Texture2D_2 (G8)
[2016.04.27-17.15.29:958][910]Cmd: TRANSACTION UNDO
[2016.04.27-17.15.29:958][910]LogEditorTransaction: Undo Landscape Editing: Smooth
[2016.04.27-17.15.30:126][910]LogMaterial: 0.00 seconds spent updating 1 materials, 1 interfaces, 1 instances, 0 with static permutations.
[2016.04.27-17.15.30:139][910]PIE:Warning: Warning AttachTo: '/Game/ThirdPersonBP/Maps/ThirdPersonExampleMap.ThirdPersonExampleMap:PersistentLevel.LandscapeGizmoActiveActor_0.GizmoRendererComponent0' is not static , cannot attach '/Game/ThirdPersonBP/Maps/ThirdPersonExampleMap.ThirdPersonExampleMap:PersistentLevel.LandscapeGizmoActiveActor_0.RootComponent0' which is static to it. Aborting.
[2016.04.27-17.15.30:415][921]Cmd: TRANSACTION UNDO
[2016.04.27-17.15.30:415][921]LogEditorTransaction: Undo Edit Brush Size
[2016.04.27-17.15.30:434][921]PIE:Warning: Warning AttachTo: '/Game/ThirdPersonBP/Maps/ThirdPersonExampleMap.ThirdPersonExampleMap:PersistentLevel.LandscapeGizmoActiveActor_0.GizmoRendererComponent0' is not static , cannot attach '/Game/ThirdPersonBP/Maps/ThirdPersonExampleMap.ThirdPersonExampleMap:PersistentLevel.LandscapeGizmoActiveActor_0.RootComponent0' which is static to it. Aborting.
[2016.04.27-17.15.35:943][540]Cmd: TRANSACTION UNDO
[2016.04.27-17.15.35:943][540]LogEditorTransaction: Undo Landscape Editing: Smooth
[2016.04.27-17.15.36:104][540]LogMaterial: 0.00 seconds spent updating 1 materials, 1 interfaces, 1 instances, 0 with static permutations.
[2016.04.27-17.15.36:118][540]PIE:Warning: Warning AttachTo: '/Game/ThirdPersonBP/Maps/ThirdPersonExampleMap.ThirdPersonExampleMap:PersistentLevel.LandscapeGizmoActiveActor_0.GizmoRendererComponent0' is not static , cannot attach '/Game/ThirdPersonBP/Maps/ThirdPersonExampleMap.ThirdPersonExampleMap:PersistentLevel.LandscapeGizmoActiveActor_0.RootComponent0' which is static to it. Aborting.
[2016.04.27-17.15.48:628][865]LogWindows:Error: Windows GetLastError: The operation completed successfully. (0)
[2016.04.27-17.15.48:918][865]LogCrashTracker: 


[2016.04.27-17.15.48:925][865]LogCrashTracker: 


[2016.04.27-17.15.48:925][865]LogWindows:Error: === Critical error: ===
Assertion failed: (Index >= 0) & (Index < ArrayNum) [File:D:\BuildFarm\buildmachine_++UE4+Release-4.11\Engine\Source\Runtime\Core\Public\Containers\Array.h] [Line: 785] 
Array index out of bounds: -269 from an array of size 1




[2016.04.27-17.15.48:981][865]LogExit: Executing StaticShutdownAfterError
[2016.04.27-17.15.49:005][865]LogPhysics:Warning: PHYSX: ..\..\PhysX\src\NpScene.cpp (2946) 8 : PxScene::unlockWrite() called without matching call to PxScene::lockWrite(), behaviour will be undefined.
[2016.04.27-17.15.49:005][865]LogPhysics:Warning: PHYSX: ..\..\PhysX\src\NpScene.cpp (2946) 8 : PxScene::unlockWrite() called without matching call to PxScene::lockWrite(), behaviour will be undefined.
[2016.04.27-17.15.49:006][865]LogWindows: FPlatformMisc::RequestExit(1)
[2016.04.27-17.15.49:006][865]Log file closed, 04/27/16 18:15:49
