[2016.04.27-09.07.21:103][  0]Log file open, 04/27/16 10:07:21
[2016.04.27-09.07.21:103][  0]LogInit:Display: Running engine for game: Macbeth
[2016.04.27-09.07.21:103][  0]LogPlatformFile: Not using cached read wrapper
[2016.04.27-09.07.21:103][  0]LogInit:Display: RandInit(-874800446) SRandInit(-874800441).
[2016.04.27-09.07.21:103][  0]LogTaskGraph: Started task graph with 4 named threads and 7 total threads.
[2016.04.27-09.07.21:103][  0]LogStats: Stats thread started at 2.561047
[2016.04.27-09.07.21:103][  0]LogInit: Version: 4.10.4-2872498+++depot+UE4-Releases+4.10
[2016.04.27-09.07.21:103][  0]LogInit: API Version: 2758231
[2016.04.27-09.07.21:103][  0]LogInit: Compiled (64-bit): Feb 18 2016 15:47:04
[2016.04.27-09.07.21:103][  0]LogInit: Compiled with Visual C++: 19.00.23026.00
[2016.04.27-09.07.21:103][  0]LogInit: Build Configuration: Development
[2016.04.27-09.07.21:103][  0]LogInit: Branch Name: ++depot+UE4-Releases+4.10
[2016.04.27-09.07.21:103][  0]LogInit: Command line:  
[2016.04.27-09.07.21:103][  0]LogInit: Base directory: C:/Program Files/Epic Games/4.10/Engine/Binaries/Win64/
[2016.04.27-09.07.21:103][  0]LogInit: Rocket: 1
[2016.04.27-09.07.21:203][  0]LogInit: Using libcurl 7.41.0
[2016.04.27-09.07.21:203][  0]LogInit:  - built for x86_64-pc-win32
[2016.04.27-09.07.21:203][  0]LogInit:  - supports SSL with WinSSL
[2016.04.27-09.07.21:203][  0]LogInit:  - other features:
[2016.04.27-09.07.21:203][  0]LogInit:      CURL_VERSION_SSL
[2016.04.27-09.07.21:203][  0]LogInit:      CURL_VERSION_IPV6
[2016.04.27-09.07.21:203][  0]LogInit:      CURL_VERSION_ASYNCHDNS
[2016.04.27-09.07.21:203][  0]LogInit:      CURL_VERSION_LARGEFILE
[2016.04.27-09.07.21:203][  0]LogInit:      CURL_VERSION_IDN
[2016.04.27-09.07.21:203][  0]LogInit:  CurlRequestOptions (configurable via config and command line):
[2016.04.27-09.07.21:203][  0]LogInit:  - bVerifyPeer = true  - Libcurl will verify peer certificate
[2016.04.27-09.07.21:203][  0]LogInit:  - bUseHttpProxy = false  - Libcurl will NOT use HTTP proxy
[2016.04.27-09.07.21:203][  0]LogInit:  - bDontReuseConnections = false  - Libcurl will reuse connections
[2016.04.27-09.07.21:203][  0]LogInit:  - CertBundlePath = nullptr  - Libcurl will use whatever was configured at build time.
[2016.04.27-09.07.21:300][  0]LogInit: Presizing for 0 objects not considered by GC, pre-allocating 0 bytes.
[2016.04.27-09.07.21:340][  0]LogInit: Object subsystem initialized
[2016.04.27-09.07.21:400][  0]LogInit: Selected Device Profile: [Windows]
[2016.04.27-09.07.21:400][  0]LogInit: Applying CVar settings loaded from the selected device profile: [Windows]
[2016.04.27-09.07.21:514][  0]LogInit: Computer: CAA112-23
[2016.04.27-09.07.21:514][  0]LogInit: User: 14024586
[2016.04.27-09.07.21:514][  0]LogInit: CPU Page size=4096, Cores=4
[2016.04.27-09.07.21:514][  0]LogInit: High frequency timer resolution =3.312880 MHz
[2016.04.27-09.07.21:514][  0]LogMemory: Memory total: Physical=16.0GB (16GB approx)
[2016.04.27-09.07.21:514][  0]LogMemory: Platform Memory Stats for Windows
[2016.04.27-09.07.21:514][  0]LogMemory: Process Physical Memory: 56.80 MB used, 56.80 MB peak
[2016.04.27-09.07.21:514][  0]LogMemory: Process Virtual Memory: 60.61 MB used, 60.61 MB peak
[2016.04.27-09.07.21:514][  0]LogMemory: Physical Memory: 3885.84 MB used, 16337.51 MB total
[2016.04.27-09.07.21:514][  0]LogMemory: Virtual Memory: 353.83 MB used, 8388608.00 MB total
[2016.04.27-09.07.22:789][  0]LogTextLocalizationManager: No specific translations for ('en-GB') exist, so ('en') translations will be used.
[2016.04.27-09.07.24:384][  0]LogD3D11RHI: Found D3D11 adapter 0: NVIDIA GeForce GTX 970 (Feature Level 11_0)
[2016.04.27-09.07.24:384][  0]LogD3D11RHI: Adapter has 4007MB of dedicated video memory, 0MB of dedicated system memory, and 7912MB of shared system memory, 1 output[s]
[2016.04.27-09.07.24:384][  0]LogD3D11RHI: Chosen D3D11 Adapter Id = 0
[2016.04.27-09.07.24:430][  0]LogD3D11RHI: !Direct3DDevice
[2016.04.27-09.07.24:432][  0]LogRHI: Texture pool is 1361 MB (70% of 1945 MB)
[2016.04.27-09.07.24:442][  0]LogD3D11RHI: Async texture creation enabled
[2016.04.27-09.07.25:210][  0]LogShaderCompilers: Guid format shader working directory is 31 characters bigger than the processId version (N:/Macbeth/Macbeth/Intermediate/Shaders/WorkingDirectory/8112/).
[2016.04.27-09.07.25:210][  0]LogShaderCompilers: Cleaned the shader compiler working directory 'C:/Users/14024586/AppData/Local/Temp/UnrealShaderWorkingDir/6F70AE3346A7F447E1C6469135634437/'.
[2016.04.27-09.07.25:210][  0]LogShaderCompilers:Display: Using Local Shader Compiler.
[2016.04.27-09.07.31:778][  0]LogTemp:Display: Loaded TP AllDesktopTargetPlatform
[2016.04.27-09.07.31:789][  0]LogTemp:Display: Loaded TP WindowsClientTargetPlatform
[2016.04.27-09.07.31:800][  0]LogTemp:Display: Loaded TP WindowsNoEditorTargetPlatform
[2016.04.27-09.07.31:811][  0]LogTemp:Display: Loaded TP WindowsServerTargetPlatform
[2016.04.27-09.07.31:851][  0]LogTemp:Display: Loaded TP WindowsTargetPlatform
[2016.04.27-09.07.32:018][  0]LogTemp:Display: Loaded TP AndroidTargetPlatform
[2016.04.27-09.07.32:026][  0]LogTemp:Display: Loaded TP Android_ASTCTargetPlatform
[2016.04.27-09.07.32:154][  0]LogTemp:Display: Loaded TP Android_ATCTargetPlatform
[2016.04.27-09.07.32:215][  0]LogTemp:Display: Loaded TP Android_DXTTargetPlatform
[2016.04.27-09.07.32:313][  0]LogTemp:Display: Loaded TP Android_ETC1TargetPlatform
[2016.04.27-09.07.32:439][  0]LogTemp:Display: Loaded TP Android_ETC2TargetPlatform
[2016.04.27-09.07.32:756][  0]LogTemp:Display: Loaded TP Android_MultiTargetPlatform
[2016.04.27-09.07.32:756][  0]LogTemp:Display: Loaded TP Android_PVRTCTargetPlatform
[2016.04.27-09.07.32:757][  0]LogTemp:Display: Loaded TP HTML5TargetPlatform
[2016.04.27-09.07.33:192][  0]LogTemp:Display: Loaded TP IOSTargetPlatform
[2016.04.27-09.07.33:199][  0]LogTemp:Display: Loaded TP LinuxNoEditorTargetPlatform
[2016.04.27-09.07.33:219][  0]LogTemp:Display: Loaded TP LinuxServerTargetPlatform
[2016.04.27-09.07.33:234][  0]LogTemp:Display: Loaded TP LinuxTargetPlatform
[2016.04.27-09.07.33:235][  0]LogTargetPlatformManager:Display: Building Assets For Windows
[2016.04.27-09.07.36:125][  0]LogDerivedDataCache:Display: Max Cache Size: 512 MB
[2016.04.27-09.07.37:040][  0]LogDerivedDataCache: Loaded boot cache 0.92s 41MB C:/Users/14024586/AppData/Local/UnrealEngine/4.10/DerivedDataCache/Boot.ddc.
[2016.04.27-09.07.37:041][  0]LogDerivedDataCache:Display: Loaded Boot cache: C:/Users/14024586/AppData/Local/UnrealEngine/4.10/DerivedDataCache/Boot.ddc
[2016.04.27-09.07.37:042][  0]LogDerivedDataCache: FDerivedDataBackendGraph:  Pak pak cache file N:/Macbeth/Macbeth/DerivedDataCache/DDC.ddp not found, will not use a pak cache.
[2016.04.27-09.07.37:042][  0]LogDerivedDataCache: Unable to find inner node Pak for hierarchical cache Hierarchy.
[2016.04.27-09.07.37:043][  0]LogDerivedDataCache: FDerivedDataBackendGraph:  CompressedPak pak cache file N:/Macbeth/Macbeth/DerivedDataCache/Compressed.ddp not found, will not use a pak cache.
[2016.04.27-09.07.37:043][  0]LogDerivedDataCache: Unable to find inner node CompressedPak for hierarchical cache Hierarchy.
[2016.04.27-09.07.37:221][  0]LogDerivedDataCache:Display: Pak cache opened for reading ../../../Engine/DerivedDataCache/Compressed.ddp.
[2016.04.27-09.07.37:233][  0]LogDerivedDataCache: Using Local data cache path C:/Users/14024586/AppData/Local/UnrealEngine/Common/DerivedDataCache: Writable
[2016.04.27-09.08.00:606][  0]LogInit: Selected Device Profile: [Windows]
[2016.04.27-09.08.00:646][  0]LogContentStreaming: Texture pool size is 0.000000MB
[2016.04.27-09.08.04:257][  0]LogMeshUtilities: No automatic mesh reduction module available
[2016.04.27-09.08.04:257][  0]LogMeshUtilities: No automatic mesh merging module available
[2016.04.27-09.08.09:157][  0]LogInit: WinSock: version 1.1 (2.2), MaxSocks=32767, MaxUdp=65467
[2016.04.27-09.08.32:116][  0]UdpMessaging: Initializing bridge on interface 0.0.0.0:0 to multicast group 230.0.0.1:6666.
[2016.04.27-09.08.32:552][  0]LogAssetRegistry: FAssetRegistry took 0.0137 seconds to start up
[2016.04.27-09.08.34:531][  0]SourceControl: Info Source control is disabled
[2016.04.27-09.08.34:533][  0]SourceControl: Info Source control is disabled
[2016.04.27-09.08.34:658][  0]SourceControl: Info Source control is disabled
[2016.04.27-09.08.34:799][  0]SourceControl: Info Source control is disabled
[2016.04.27-09.08.39:734][  0]LogObj: 28633 objects as part of root set at end of initial load.
[2016.04.27-09.08.39:734][  0]LogUObjectAllocator: 6099752 out of 0 bytes used by permanent object pool.
[2016.04.27-09.08.41:748][  0]LogEngine: Initializing Engine...
[2016.04.27-09.08.41:776][  0]LogHMD: Can't find Oculus library dev build: is proper Runtime installed? Version: 0.8.0.0
[2016.04.27-09.08.41:817][  0]LogHMD: SteamVR failed to initialize.  Err: 110
[2016.04.27-09.08.42:568][  0]LogAIModule: Creating AISystem for world NewWorld
[2016.04.27-09.08.42:624][  0]LogInit: XAudio2 using 'Speakers (Realtek High Definition Audio)' : 2 channels at 48 kHz using 32 bits per sample (channel mask 0x3)
[2016.04.27-09.08.42:656][  0]LogInit: FAudioDevice initialized.
[2016.04.27-09.08.42:678][  0]LogDerivedDataCache: Saved boot cache 0.02s 41MB C:/Users/14024586/AppData/Local/UnrealEngine/4.10/DerivedDataCache/Boot.ddc.
[2016.04.27-09.08.42:687][  0]LogInit: Texture streaming: Enabled
[2016.04.27-09.08.42:735][  0]LogAnalytics: Creating configured Analytics provider AnalyticsET
[2016.04.27-09.08.42:735][  0]LogAnalytics: [UEEditor.Rocket.Release] APIServer = http://et2.epicgames.com/ET2/. AppVersion = 4.10.4-2872498+++depot+UE4-Releases+4.10
[2016.04.27-09.08.42:735][  0]LogAnalytics: [UEEditor.Rocket.Release] SetUserId 2de706504eb9964a45b9249fd3fce68e|c2bfe4e9fb7a40ceb4034fb7d67d2b3c|27a702e4-74b3-4501-badc-e693090f65ac
[2016.04.27-09.08.42:735][  0]LogAnalytics: [UEEditor.Rocket.Release] AnalyticsET::StartSession
[2016.04.27-09.08.42:771][  0]LogInit: Transaction tracking system initialized
[2016.04.27-09.08.43:075][  0]BlueprintLog: New page: Editor Load
[2016.04.27-09.08.44:254][  0]LocalizationService: Info Localization service is disabled
[2016.04.27-09.08.45:176][  0]LogConsoleResponse:Display: 
[2016.04.27-09.08.51:296][  0]LogCook:Display: Done creating registry. It took  0.00s.
[2016.04.27-09.08.51:980][  0]LogFileCache: Scanning file cache for directory 'N:/Macbeth/Macbeth/Content/' took 0.26s
[2016.04.27-09.08.52:792][  0]SourceControl: Info Source control is disabled
[2016.04.27-09.08.52:809][  0]Cmd: MAP LOAD FILE="N:/Macbeth/Macbeth/Content/ThirdPersonBP/Maps/ThirdPersonExampleMap.umap" TEMPLATE=0 SHOWPROGRESS=1 FEATURELEVEL=3
[2016.04.27-09.08.52:863][  0]LightingResults: New page: Lighting Build
[2016.04.27-09.08.52:932][  0]MapCheck: New page: Map Check
[2016.04.27-09.08.52:932][  0]LightingResults: New page: Lighting Build
[2016.04.27-09.08.52:950][  0]LogParticles: Destroying 0 GPU particle simulations for FXSystem 0x0000000023D0EAC0
[2016.04.27-09.09.15:610][  0]LogAIModule: Creating AISystem for world ThirdPersonExampleMap
[2016.04.27-09.09.34:446][  0]LogMaterial:Warning: Material /Game/Assets/Flowers/Grass.Grass needed to have new flag set bUsedWithInstancedStaticMeshes !
[2016.04.27-09.09.34:449][  0]LogMaterial: Missing cached shader map for material Grass, compiling. 
[2016.04.27-09.09.34:475][  0]MapCheck:Warning: Warning Grass Material /Game/Assets/Flowers/Grass.Grass was missing the usage flag bUsedWithInstancedStaticMeshes. If the material asset is not re-saved, it may not render correctly when run outside the editor. Fix
[2016.04.27-09.09.34:476][  0]LogMaterial: 0.000276 seconds spent updating 1 materials, 1 interfaces, 0 instances, 0 with static permutations.
[2016.04.27-09.09.34:477][  0]LogMaterial:Warning: Material /Game/Assets/Pine_Trees/pine_tree.pine_tree needed to have new flag set bUsedWithInstancedStaticMeshes !
[2016.04.27-09.09.34:480][  0]LogMaterial: Missing cached shader map for material pine_tree, compiling. 
[2016.04.27-09.09.34:489][  0]MapCheck:Warning: Warning pine_tree Material /Game/Assets/Pine_Trees/pine_tree.pine_tree was missing the usage flag bUsedWithInstancedStaticMeshes. If the material asset is not re-saved, it may not render correctly when run outside the editor. Fix
[2016.04.27-09.09.34:491][  0]LogMaterial: 0.000181 seconds spent updating 1 materials, 1 interfaces, 0 instances, 0 with static permutations.
[2016.04.27-09.09.34:769][  0]LogEditorServer: Finished looking for orphan Actors (0.009 secs)
[2016.04.27-09.09.34:840][  0]Cmd: MAP CHECKDEP NOCLEARLOG
[2016.04.27-09.09.35:164][  0]MapCheck: Info Map check complete: 0 Error(s), 2 Warning(s), took 324.452ms to complete.
[2016.04.27-09.09.35:179][  0]LogFileHelpers: Loading map 'ThirdPersonExampleMap' took 42.368
[2016.04.27-09.09.36:435][  0]LogCollectionManager: Loaded 0 collections in 0.012201 seconds
[2016.04.27-09.09.36:577][  0]LogFileCache: Scanning file cache for directory 'N:/Macbeth/Macbeth/Saved/Collections/' took 0.01s
[2016.04.27-09.09.36:577][  0]LogFileCache: Scanning file cache for directory 'N:/Macbeth/Macbeth/Content/Developers/14024586/Collections/' took 0.01s
[2016.04.27-09.09.36:577][  0]LogFileCache: Scanning file cache for directory 'N:/Macbeth/Macbeth/Content/Collections/' took 0.01s
[2016.04.27-09.09.36:577][  0]LogCollectionManager: Rebuilt the GUID cache for 0 collections in 0.000007 seconds
[2016.04.27-09.09.36:629][  0]LogContentBrowser: Native class hierarchy populated in 0.0518 seconds. Added 1893 classes and 338 folders.
[2016.04.27-09.09.36:690][  0]LogContentBrowser: Native class hierarchy updated for 'WidgetCarousel' in 0.0005 seconds. Added 0 classes and 0 folders.
[2016.04.27-09.09.38:138][  0]LogContentBrowser: Native class hierarchy updated for 'AddContentDialog' in 0.0006 seconds. Added 0 classes and 0 folders.
[2016.04.27-09.09.38:159][  0]LogContentBrowser: Native class hierarchy updated for 'SceneOutliner' in 0.0004 seconds. Added 1 classes and 2 folders.
[2016.04.27-09.09.38:495][  0]LogCrashTracker: Crashtracker disabled due to settings.
[2016.04.27-09.09.38:555][  0]LogUObjectGlobals:Warning: Failed to find object 'Class None.'
[2016.04.27-09.09.38:619][  0]LogLoad: Full Startup: 143.60 seconds (BP compile: 0.55 seconds)
[2016.04.27-09.09.38:631][  0]LogOcInput: Can't find Oculus library dev build: is proper Runtime installed? Version: 0.8.0.0
[2016.04.27-09.09.38:920][  0]LogContentStreaming: Texture pool size now 1000 MB
[2016.04.27-09.09.39:323][  0]LogRenderer: Reallocating scene render targets to support 840x548 (Frame:2).
[2016.04.27-09.09.39:485][  1]Cmd: UpdateLandscapeEditorData -warnings
[2016.04.27-09.09.42:480][  7]LogAssetRegistry: Asset discovery search completed in 69.9337 seconds
[2016.04.27-09.09.42:505][  7]LogCollectionManager: Rebuilt the object cache for 0 collections in 0.000001 seconds (found 0 objects)
[2016.04.27-09.09.42:505][  7]LogCollectionManager: Fixed up redirectors for 0 collections in 0.025600 seconds (updated 0 objects)
[2016.04.27-09.19.07:492][660]LogBlueprintUserMessages: Early PlayInEditor Detection: Level '/Game/ThirdPersonBP/Maps/ThirdPersonExampleMap.ThirdPersonExampleMap:PersistentLevel' has LevelScriptBlueprint '/Game/ThirdPersonBP/Maps/ThirdPersonExampleMap.ThirdPersonExampleMap:PersistentLevel.ThirdPersonExampleMap' with GeneratedClass '/Game/ThirdPersonBP/Maps/ThirdPersonExampleMap.ThirdPersonExampleMap_C' with ClassGeneratedBy '/Game/ThirdPersonBP/Maps/ThirdPersonExampleMap.ThirdPersonExampleMap:PersistentLevel.ThirdPersonExampleMap'
[2016.04.27-09.19.07:492][660]LogPlayLevel: PlayLevel: No blueprints needed recompiling
[2016.04.27-09.19.07:530][660]PIE: New page: PIE session: ThirdPersonExampleMap (27 Apr 2016 11:19:07)
[2016.04.27-09.19.07:530][660]LogPlayLevel: Creating play world package: /Game/ThirdPersonBP/Maps/UEDPIE_0_ThirdPersonExampleMap
[2016.04.27-09.19.09:901][660]LogPlayLevel: PIE: StaticDuplicateObject took: (2.370630s)
[2016.04.27-09.19.09:902][660]LogAIModule: Creating AISystem for world ThirdPersonExampleMap
[2016.04.27-09.19.09:902][660]LogPlayLevel: PIE: World Init took: (0.001200s)
[2016.04.27-09.19.09:902][660]LogPlayLevel: PIE: Created PIE world by copying editor world from /Game/ThirdPersonBP/Maps/ThirdPersonExampleMap.ThirdPersonExampleMap to /Game/ThirdPersonBP/Maps/UEDPIE_0_ThirdPersonExampleMap.ThirdPersonExampleMap (2.372125s)
[2016.04.27-09.19.09:941][660]LogInit: XAudio2 using 'Speakers (Realtek High Definition Audio)' : 2 channels at 48 kHz using 32 bits per sample (channel mask 0x3)
[2016.04.27-09.19.09:950][660]LogInit: FAudioDevice initialized.
[2016.04.27-09.19.10:094][660]LogWorld: Game class is 'ThirdPersonGameMode_C'
[2016.04.27-09.19.10:175][660]LogWorld: Bringing World /Game/ThirdPersonBP/Maps/UEDPIE_0_ThirdPersonExampleMap.ThirdPersonExampleMap up for play (max tick rate 0) at 2016.04.27-10.19.10
[2016.04.27-09.19.10:175][660]LogActor:Warning: GameSession /Game/ThirdPersonBP/Maps/UEDPIE_0_ThirdPersonExampleMap.ThirdPersonExampleMap:PersistentLevel.GameSession_0 has natively added scene component(s), but none of them were set as the actor's RootComponent - picking one arbitrarily
[2016.04.27-09.19.10:175][660]LogActor:Warning: GameNetworkManager /Game/ThirdPersonBP/Maps/UEDPIE_0_ThirdPersonExampleMap.ThirdPersonExampleMap:PersistentLevel.GameNetworkManager_0 has natively added scene component(s), but none of them were set as the actor's RootComponent - picking one arbitrarily
[2016.04.27-09.19.10:177][660]LogWorld: Bringing up level for play took: 0.078898
[2016.04.27-09.19.10:191][660]PIE: Info Play in editor start time for /Game/ThirdPersonBP/Maps/UEDPIE_0_ThirdPersonExampleMap 1.715
[2016.04.27-09.19.10:191][660]LogBlueprintUserMessages: Late PlayInEditor Detection: Level '/Game/ThirdPersonBP/Maps/ThirdPersonExampleMap.ThirdPersonExampleMap:PersistentLevel' has LevelScriptBlueprint '/Game/ThirdPersonBP/Maps/ThirdPersonExampleMap.ThirdPersonExampleMap:PersistentLevel.ThirdPersonExampleMap' with GeneratedClass '/Game/ThirdPersonBP/Maps/ThirdPersonExampleMap.ThirdPersonExampleMap_C' with ClassGeneratedBy '/Game/ThirdPersonBP/Maps/ThirdPersonExampleMap.ThirdPersonExampleMap:PersistentLevel.ThirdPersonExampleMap'
[2016.04.27-09.19.13:286][963]LogRenderer: Reallocating scene render targets to support 1616x572 (Frame:68000).
[2016.04.27-09.19.21:279][918]LogBlueprintUserMessages: Early EndPlayMap Detection: Level '/Game/ThirdPersonBP/Maps/ThirdPersonExampleMap.ThirdPersonExampleMap:PersistentLevel' has LevelScriptBlueprint '/Game/ThirdPersonBP/Maps/ThirdPersonExampleMap.ThirdPersonExampleMap:PersistentLevel.ThirdPersonExampleMap' with GeneratedClass '/Game/ThirdPersonBP/Maps/ThirdPersonExampleMap.ThirdPersonExampleMap_C' with ClassGeneratedBy '/Game/ThirdPersonBP/Maps/ThirdPersonExampleMap.ThirdPersonExampleMap:PersistentLevel.ThirdPersonExampleMap'
[2016.04.27-09.19.21:457][918]LogBlueprintUserMessages: Late EndPlayMap Detection: Level '/Game/ThirdPersonBP/Maps/ThirdPersonExampleMap.ThirdPersonExampleMap:PersistentLevel' has LevelScriptBlueprint '/Game/ThirdPersonBP/Maps/ThirdPersonExampleMap.ThirdPersonExampleMap:PersistentLevel.ThirdPersonExampleMap' with GeneratedClass '/Game/ThirdPersonBP/Maps/ThirdPersonExampleMap.ThirdPersonExampleMap_C' with ClassGeneratedBy '/Game/ThirdPersonBP/Maps/ThirdPersonExampleMap.ThirdPersonExampleMap:PersistentLevel.ThirdPersonExampleMap'
[2016.04.27-09.19.21:484][918]LogParticles: Destroying 0 GPU particle simulations for FXSystem 0x0000000037851EE0
[2016.04.27-09.21.42:490][516]Cmd: TRANSACTION UNDO
[2016.04.27-09.21.42:490][516]LogEditorTransaction: Undo Foliage Editing
[2016.04.27-09.22.05:021][836]LogTexture:Display: Building textures: Texture2D_2 (G8)
[2016.04.27-09.22.39:657][484]Cmd: TRANSACTION UNDO
[2016.04.27-09.22.39:657][484]LogEditorTransaction: Undo Landscape Editing: Sculpt
[2016.04.27-09.22.39:733][484]LogTexture:Display: Building textures: Texture2D_14 (BGRA8)
[2016.04.27-09.22.39:748][484]LogTexture:Display: Building textures: Texture2D_15 (BGRA8)
[2016.04.27-09.22.39:763][484]LogMaterial: 0.000165 seconds spent updating 1 materials, 1 interfaces, 1 instances, 0 with static permutations.
[2016.04.27-09.22.39:791][484]LogMaterial: 0.000145 seconds spent updating 1 materials, 1 interfaces, 1 instances, 0 with static permutations.
[2016.04.27-09.22.39:794][484]LogMaterial: 0.000116 seconds spent updating 1 materials, 1 interfaces, 1 instances, 0 with static permutations.
[2016.04.27-09.22.39:796][484]LogMaterial: 0.000121 seconds spent updating 1 materials, 1 interfaces, 1 instances, 0 with static permutations.
[2016.04.27-09.22.41:742][484]PIE:Warning: Warning AttachTo: '/Game/ThirdPersonBP/Maps/ThirdPersonExampleMap.ThirdPersonExampleMap:PersistentLevel.LandscapeGizmoActiveActor_0.GizmoRendererComponent0' is not static , cannot attach '/Game/ThirdPersonBP/Maps/ThirdPersonExampleMap.ThirdPersonExampleMap:PersistentLevel.LandscapeGizmoActiveActor_0.RootComponent0' which is static to it. Aborting.
[2016.04.27-09.22.44:481][759]Cmd: TRANSACTION UNDO
[2016.04.27-09.22.44:481][759]LogEditorTransaction: Undo Landscape Editing: Sculpt
[2016.04.27-09.22.44:555][759]LogTexture:Display: Building textures: Texture2D_14 (BGRA8)
[2016.04.27-09.22.44:569][759]LogTexture:Display: Building textures: Texture2D_15 (BGRA8)
[2016.04.27-09.22.44:583][759]LogMaterial: 0.000117 seconds spent updating 1 materials, 1 interfaces, 1 instances, 0 with static permutations.
[2016.04.27-09.22.44:586][759]LogMaterial: 0.000135 seconds spent updating 1 materials, 1 interfaces, 1 instances, 0 with static permutations.
[2016.04.27-09.22.44:589][759]LogMaterial: 0.000141 seconds spent updating 1 materials, 1 interfaces, 1 instances, 0 with static permutations.
[2016.04.27-09.22.44:592][759]LogMaterial: 0.000137 seconds spent updating 1 materials, 1 interfaces, 1 instances, 0 with static permutations.
[2016.04.27-09.22.44:646][759]PIE:Warning: Warning AttachTo: '/Game/ThirdPersonBP/Maps/ThirdPersonExampleMap.ThirdPersonExampleMap:PersistentLevel.LandscapeGizmoActiveActor_0.GizmoRendererComponent0' is not static , cannot attach '/Game/ThirdPersonBP/Maps/ThirdPersonExampleMap.ThirdPersonExampleMap:PersistentLevel.LandscapeGizmoActiveActor_0.RootComponent0' which is static to it. Aborting.
[2016.04.27-09.22.46:039][857]Cmd: TRANSACTION UNDO
[2016.04.27-09.22.46:040][857]LogEditorTransaction: Undo Landscape Editing: Sculpt
[2016.04.27-09.22.46:126][857]LogMaterial: 0.000066 seconds spent updating 1 materials, 1 interfaces, 1 instances, 0 with static permutations.
[2016.04.27-09.22.46:137][857]LogMaterial: 0.000066 seconds spent updating 1 materials, 1 interfaces, 1 instances, 0 with static permutations.
[2016.04.27-09.22.46:141][857]LogMaterial: 0.000065 seconds spent updating 1 materials, 1 interfaces, 1 instances, 0 with static permutations.
[2016.04.27-09.22.46:144][857]LogMaterial: 0.000062 seconds spent updating 1 materials, 1 interfaces, 1 instances, 0 with static permutations.
[2016.04.27-09.22.46:196][857]PIE:Warning: Warning AttachTo: '/Game/ThirdPersonBP/Maps/ThirdPersonExampleMap.ThirdPersonExampleMap:PersistentLevel.LandscapeGizmoActiveActor_0.GizmoRendererComponent0' is not static , cannot attach '/Game/ThirdPersonBP/Maps/ThirdPersonExampleMap.ThirdPersonExampleMap:PersistentLevel.LandscapeGizmoActiveActor_0.RootComponent0' which is static to it. Aborting.
[2016.04.27-09.22.46:991][914]Cmd: TRANSACTION UNDO
[2016.04.27-09.22.46:991][914]LogEditorTransaction: Undo Edit Brush Size
[2016.04.27-09.22.47:009][914]PIE:Warning: Warning AttachTo: '/Game/ThirdPersonBP/Maps/ThirdPersonExampleMap.ThirdPersonExampleMap:PersistentLevel.LandscapeGizmoActiveActor_0.GizmoRendererComponent0' is not static , cannot attach '/Game/ThirdPersonBP/Maps/ThirdPersonExampleMap.ThirdPersonExampleMap:PersistentLevel.LandscapeGizmoActiveActor_0.RootComponent0' which is static to it. Aborting.
[2016.04.27-09.22.47:815][971]Cmd: TRANSACTION UNDO
[2016.04.27-09.22.47:815][971]LogEditorTransaction: Undo Foliage Editing
[2016.04.27-09.22.47:821][971]PIE:Warning: Warning AttachTo: '/Game/ThirdPersonBP/Maps/ThirdPersonExampleMap.ThirdPersonExampleMap:PersistentLevel.LandscapeGizmoActiveActor_0.GizmoRendererComponent0' is not static , cannot attach '/Game/ThirdPersonBP/Maps/ThirdPersonExampleMap.ThirdPersonExampleMap:PersistentLevel.LandscapeGizmoActiveActor_0.RootComponent0' which is static to it. Aborting.
[2016.04.27-09.24.07:123][ 87]Cmd: TRANSACTION UNDO
[2016.04.27-09.24.07:123][ 87]LogEditorTransaction: Undo Landscape Editing: Smooth
[2016.04.27-09.24.07:198][ 87]LogTexture:Display: Building textures: Texture2D_14 (BGRA8)
[2016.04.27-09.24.07:212][ 87]LogTexture:Display: Building textures: Texture2D_15 (BGRA8)
[2016.04.27-09.24.07:227][ 87]LogMaterial: 0.000532 seconds spent updating 1 materials, 1 interfaces, 1 instances, 0 with static permutations.
[2016.04.27-09.24.07:232][ 87]LogMaterial: 0.000072 seconds spent updating 1 materials, 1 interfaces, 1 instances, 0 with static permutations.
[2016.04.27-09.24.07:235][ 87]LogMaterial: 0.000071 seconds spent updating 1 materials, 1 interfaces, 1 instances, 0 with static permutations.
[2016.04.27-09.24.07:237][ 87]LogMaterial: 0.000064 seconds spent updating 1 materials, 1 interfaces, 1 instances, 0 with static permutations.
[2016.04.27-09.24.07:295][ 87]PIE:Warning: Warning AttachTo: '/Game/ThirdPersonBP/Maps/ThirdPersonExampleMap.ThirdPersonExampleMap:PersistentLevel.LandscapeGizmoActiveActor_0.GizmoRendererComponent0' is not static , cannot attach '/Game/ThirdPersonBP/Maps/ThirdPersonExampleMap.ThirdPersonExampleMap:PersistentLevel.LandscapeGizmoActiveActor_0.RootComponent0' which is static to it. Aborting.
[2016.04.27-09.25.04:173][210]Cmd: TRANSACTION UNDO
[2016.04.27-09.25.04:173][210]LogEditorTransaction: Undo Landscape Editing: Flatten
[2016.04.27-09.25.04:233][210]LogMaterial: 0.000140 seconds spent updating 1 materials, 1 interfaces, 1 instances, 0 with static permutations.
[2016.04.27-09.25.04:236][210]LogMaterial: 0.000093 seconds spent updating 1 materials, 1 interfaces, 1 instances, 0 with static permutations.
[2016.04.27-09.25.04:239][210]LogTexture:Display: Building textures: Texture2D_14 (BGRA8)
[2016.04.27-09.25.04:253][210]LogTexture:Display: Building textures: Texture2D_15 (BGRA8)
[2016.04.27-09.25.04:271][210]PIE:Warning: Warning AttachTo: '/Game/ThirdPersonBP/Maps/ThirdPersonExampleMap.ThirdPersonExampleMap:PersistentLevel.LandscapeGizmoActiveActor_0.GizmoRendererComponent0' is not static , cannot attach '/Game/ThirdPersonBP/Maps/ThirdPersonExampleMap.ThirdPersonExampleMap:PersistentLevel.LandscapeGizmoActiveActor_0.RootComponent0' which is static to it. Aborting.
[2016.04.27-09.25.44:027][345]LogEditorViewport: Clicking on Actor (double click): Landscape (Landscape)
[2016.04.27-09.26.47:258][213]LogEditorViewport: Clicking on Actor (LMB): ThirdPersonCharacter_C (ThirdPersonCharacter)
[2016.04.27-09.27.39:900][303]LogBlueprintUserMessages: Early PlayInEditor Detection: Level '/Game/ThirdPersonBP/Maps/ThirdPersonExampleMap.ThirdPersonExampleMap:PersistentLevel' has LevelScriptBlueprint '/Game/ThirdPersonBP/Maps/ThirdPersonExampleMap.ThirdPersonExampleMap:PersistentLevel.ThirdPersonExampleMap' with GeneratedClass '/Game/ThirdPersonBP/Maps/ThirdPersonExampleMap.ThirdPersonExampleMap_C' with ClassGeneratedBy '/Game/ThirdPersonBP/Maps/ThirdPersonExampleMap.ThirdPersonExampleMap:PersistentLevel.ThirdPersonExampleMap'
[2016.04.27-09.27.39:900][303]LogPlayLevel: PlayLevel: No blueprints needed recompiling
[2016.04.27-09.27.39:900][303]PIE: New page: PIE session: ThirdPersonExampleMap (27 Apr 2016 11:27:39)
[2016.04.27-09.27.39:900][303]LogPlayLevel: Creating play world package: /Game/ThirdPersonBP/Maps/UEDPIE_0_ThirdPersonExampleMap
[2016.04.27-09.27.40:051][303]LogPlayLevel: PIE: StaticDuplicateObject took: (0.150694s)
[2016.04.27-09.27.40:052][303]LogAIModule: Creating AISystem for world ThirdPersonExampleMap
[2016.04.27-09.27.40:052][303]LogPlayLevel: PIE: World Init took: (0.000868s)
[2016.04.27-09.27.40:052][303]LogPlayLevel: PIE: Created PIE world by copying editor world from /Game/ThirdPersonBP/Maps/ThirdPersonExampleMap.ThirdPersonExampleMap to /Game/ThirdPersonBP/Maps/UEDPIE_0_ThirdPersonExampleMap.ThirdPersonExampleMap (0.151780s)
[2016.04.27-09.27.40:107][303]LogInit: XAudio2 using 'Speakers (Realtek High Definition Audio)' : 2 channels at 48 kHz using 32 bits per sample (channel mask 0x3)
[2016.04.27-09.27.40:117][303]LogInit: FAudioDevice initialized.
[2016.04.27-09.27.40:152][303]LogWorld: Game class is 'ThirdPersonGameMode_C'
[2016.04.27-09.27.40:220][303]LogWorld: Bringing World /Game/ThirdPersonBP/Maps/UEDPIE_0_ThirdPersonExampleMap.ThirdPersonExampleMap up for play (max tick rate 0) at 2016.04.27-10.27.40
[2016.04.27-09.27.40:220][303]LogActor:Warning: GameSession /Game/ThirdPersonBP/Maps/UEDPIE_0_ThirdPersonExampleMap.ThirdPersonExampleMap:PersistentLevel.GameSession_1 has natively added scene component(s), but none of them were set as the actor's RootComponent - picking one arbitrarily
[2016.04.27-09.27.40:221][303]LogActor:Warning: GameNetworkManager /Game/ThirdPersonBP/Maps/UEDPIE_0_ThirdPersonExampleMap.ThirdPersonExampleMap:PersistentLevel.GameNetworkManager_1 has natively added scene component(s), but none of them were set as the actor's RootComponent - picking one arbitrarily
[2016.04.27-09.27.40:223][303]LogWorld: Bringing up level for play took: 0.068703
[2016.04.27-09.27.40:224][303]PIE: Info Play in editor start time for /Game/ThirdPersonBP/Maps/UEDPIE_0_ThirdPersonExampleMap -0.282
[2016.04.27-09.27.40:224][303]LogBlueprintUserMessages: Late PlayInEditor Detection: Level '/Game/ThirdPersonBP/Maps/ThirdPersonExampleMap.ThirdPersonExampleMap:PersistentLevel' has LevelScriptBlueprint '/Game/ThirdPersonBP/Maps/ThirdPersonExampleMap.ThirdPersonExampleMap:PersistentLevel.ThirdPersonExampleMap' with GeneratedClass '/Game/ThirdPersonBP/Maps/ThirdPersonExampleMap.ThirdPersonExampleMap_C' with ClassGeneratedBy '/Game/ThirdPersonBP/Maps/ThirdPersonExampleMap.ThirdPersonExampleMap:PersistentLevel.ThirdPersonExampleMap'
[2016.04.27-09.27.59:059][554]LogBlueprintUserMessages: Early EndPlayMap Detection: Level '/Game/ThirdPersonBP/Maps/ThirdPersonExampleMap.ThirdPersonExampleMap:PersistentLevel' has LevelScriptBlueprint '/Game/ThirdPersonBP/Maps/ThirdPersonExampleMap.ThirdPersonExampleMap:PersistentLevel.ThirdPersonExampleMap' with GeneratedClass '/Game/ThirdPersonBP/Maps/ThirdPersonExampleMap.ThirdPersonExampleMap_C' with ClassGeneratedBy '/Game/ThirdPersonBP/Maps/ThirdPersonExampleMap.ThirdPersonExampleMap:PersistentLevel.ThirdPersonExampleMap'
[2016.04.27-09.27.59:118][554]LogBlueprintUserMessages: Late EndPlayMap Detection: Level '/Game/ThirdPersonBP/Maps/ThirdPersonExampleMap.ThirdPersonExampleMap:PersistentLevel' has LevelScriptBlueprint '/Game/ThirdPersonBP/Maps/ThirdPersonExampleMap.ThirdPersonExampleMap:PersistentLevel.ThirdPersonExampleMap' with GeneratedClass '/Game/ThirdPersonBP/Maps/ThirdPersonExampleMap.ThirdPersonExampleMap_C' with ClassGeneratedBy '/Game/ThirdPersonBP/Maps/ThirdPersonExampleMap.ThirdPersonExampleMap:PersistentLevel.ThirdPersonExampleMap'
[2016.04.27-09.27.59:133][554]LogParticles: Destroying 0 GPU particle simulations for FXSystem 0x00000000748C82C0
[2016.04.27-09.30.11:597][ 26]LogEditorViewport: Clicking on Actor (context menu): Landscape (Landscape)
[2016.04.27-09.30.44:790][506]LogEditorViewport: Clicking on Actor (LMB): ThirdPersonCharacter_C (ThirdPersonCharacter)
[2016.04.27-09.31.12:885][122]LogBlueprintUserMessages: Early PlayInEditor Detection: Level '/Game/ThirdPersonBP/Maps/ThirdPersonExampleMap.ThirdPersonExampleMap:PersistentLevel' has LevelScriptBlueprint '/Game/ThirdPersonBP/Maps/ThirdPersonExampleMap.ThirdPersonExampleMap:PersistentLevel.ThirdPersonExampleMap' with GeneratedClass '/Game/ThirdPersonBP/Maps/ThirdPersonExampleMap.ThirdPersonExampleMap_C' with ClassGeneratedBy '/Game/ThirdPersonBP/Maps/ThirdPersonExampleMap.ThirdPersonExampleMap:PersistentLevel.ThirdPersonExampleMap'
[2016.04.27-09.31.12:885][122]LogPlayLevel: PlayLevel: No blueprints needed recompiling
[2016.04.27-09.31.12:885][122]PIE: New page: PIE session: ThirdPersonExampleMap (27 Apr 2016 11:31:12)
[2016.04.27-09.31.12:886][122]LogPlayLevel: Creating play world package: /Game/ThirdPersonBP/Maps/UEDPIE_0_ThirdPersonExampleMap
[2016.04.27-09.31.13:039][122]LogPlayLevel: PIE: StaticDuplicateObject took: (0.153331s)
[2016.04.27-09.31.13:041][122]LogAIModule: Creating AISystem for world ThirdPersonExampleMap
[2016.04.27-09.31.13:041][122]LogPlayLevel: PIE: World Init took: (0.001014s)
[2016.04.27-09.31.13:042][122]LogPlayLevel: PIE: Created PIE world by copying editor world from /Game/ThirdPersonBP/Maps/ThirdPersonExampleMap.ThirdPersonExampleMap to /Game/ThirdPersonBP/Maps/UEDPIE_0_ThirdPersonExampleMap.ThirdPersonExampleMap (0.155962s)
[2016.04.27-09.31.13:086][122]LogInit: XAudio2 using 'Speakers (Realtek High Definition Audio)' : 2 channels at 48 kHz using 32 bits per sample (channel mask 0x3)
[2016.04.27-09.31.13:095][122]LogInit: FAudioDevice initialized.
[2016.04.27-09.31.13:125][122]LogWorld: Game class is 'ThirdPersonGameMode_C'
[2016.04.27-09.31.13:193][122]LogWorld: Bringing World /Game/ThirdPersonBP/Maps/UEDPIE_0_ThirdPersonExampleMap.ThirdPersonExampleMap up for play (max tick rate 0) at 2016.04.27-10.31.13
[2016.04.27-09.31.13:193][122]LogActor:Warning: GameSession /Game/ThirdPersonBP/Maps/UEDPIE_0_ThirdPersonExampleMap.ThirdPersonExampleMap:PersistentLevel.GameSession_2 has natively added scene component(s), but none of them were set as the actor's RootComponent - picking one arbitrarily
[2016.04.27-09.31.13:193][122]LogActor:Warning: GameNetworkManager /Game/ThirdPersonBP/Maps/UEDPIE_0_ThirdPersonExampleMap.ThirdPersonExampleMap:PersistentLevel.GameNetworkManager_2 has natively added scene component(s), but none of them were set as the actor's RootComponent - picking one arbitrarily
[2016.04.27-09.31.13:195][122]LogWorld: Bringing up level for play took: 0.068202
[2016.04.27-09.31.13:197][122]PIE: Info Play in editor start time for /Game/ThirdPersonBP/Maps/UEDPIE_0_ThirdPersonExampleMap 0.697
[2016.04.27-09.31.13:197][122]LogBlueprintUserMessages: Late PlayInEditor Detection: Level '/Game/ThirdPersonBP/Maps/ThirdPersonExampleMap.ThirdPersonExampleMap:PersistentLevel' has LevelScriptBlueprint '/Game/ThirdPersonBP/Maps/ThirdPersonExampleMap.ThirdPersonExampleMap:PersistentLevel.ThirdPersonExampleMap' with GeneratedClass '/Game/ThirdPersonBP/Maps/ThirdPersonExampleMap.ThirdPersonExampleMap_C' with ClassGeneratedBy '/Game/ThirdPersonBP/Maps/ThirdPersonExampleMap.ThirdPersonExampleMap:PersistentLevel.ThirdPersonExampleMap'
[2016.04.27-09.31.13:770][185]Cmd: LevelEditor.ToggleImmersive
[2016.04.27-09.31.13:905][186]LogRenderer: Reallocating scene render targets to support 2024x776 (Frame:150917).
[2016.04.27-09.31.13:973][187]LogRenderer: Reallocating scene render targets to support 2560x1040 (Frame:150919).
[2016.04.27-09.31.14:033][189]LogRenderTargetPool:Warning: r.RenderTargetPoolMin exceeded 453/400 MB (ok in editor, bad on fixed memory platform)
[2016.04.27-09.31.49:309][856]LogBlueprintUserMessages: Early EndPlayMap Detection: Level '/Game/ThirdPersonBP/Maps/ThirdPersonExampleMap.ThirdPersonExampleMap:PersistentLevel' has LevelScriptBlueprint '/Game/ThirdPersonBP/Maps/ThirdPersonExampleMap.ThirdPersonExampleMap:PersistentLevel.ThirdPersonExampleMap' with GeneratedClass '/Game/ThirdPersonBP/Maps/ThirdPersonExampleMap.ThirdPersonExampleMap_C' with ClassGeneratedBy '/Game/ThirdPersonBP/Maps/ThirdPersonExampleMap.ThirdPersonExampleMap:PersistentLevel.ThirdPersonExampleMap'
[2016.04.27-09.31.49:396][856]LogBlueprintUserMessages: Late EndPlayMap Detection: Level '/Game/ThirdPersonBP/Maps/ThirdPersonExampleMap.ThirdPersonExampleMap:PersistentLevel' has LevelScriptBlueprint '/Game/ThirdPersonBP/Maps/ThirdPersonExampleMap.ThirdPersonExampleMap:PersistentLevel.ThirdPersonExampleMap' with GeneratedClass '/Game/ThirdPersonBP/Maps/ThirdPersonExampleMap.ThirdPersonExampleMap_C' with ClassGeneratedBy '/Game/ThirdPersonBP/Maps/ThirdPersonExampleMap.ThirdPersonExampleMap:PersistentLevel.ThirdPersonExampleMap'
[2016.04.27-09.31.49:432][856]LogParticles: Destroying 0 GPU particle simulations for FXSystem 0x000000008CEC85E0
[2016.04.27-09.31.49:502][857]LogRenderTargetPool:Warning: r.RenderTargetPoolMin exceeded 484/400 MB (ok in editor, bad on fixed memory platform)
[2016.04.27-09.31.55:626][397]Cmd: SELECT NONE
[2016.04.27-09.31.56:261][465]Cmd: SELECT NONE
[2016.04.27-09.31.59:094][803]Cmd: SELECT NONE
[2016.04.27-09.32.24:009][286]LogEditorViewport: Clicking on Actor (context menu): Landscape (Landscape)
[2016.04.27-09.32.24:547][342]LogEditorViewport: Clicking on Actor (LMB): Landscape (Landscape)
[2016.04.27-09.32.36:680][791]LogEditorViewport: Clicking on Actor (LMB): Landscape (Landscape)
[2016.04.27-09.32.36:865][810]LogEditorViewport: Clicking on Actor (LMB): Landscape (Landscape)
[2016.04.27-09.32.41:166][322]LogEditorViewport: Clicking on Actor (LMB): Landscape (Landscape)
[2016.04.27-09.32.42:715][503]LogEditorViewport: Clicking on Actor (LMB): Landscape (Landscape)
[2016.04.27-09.32.42:922][525]LogEditorViewport: Clicking on Actor (LMB): Landscape (Landscape)
[2016.04.27-09.32.43:111][545]LogEditorViewport: Clicking on Actor (LMB): Landscape (Landscape)
[2016.04.27-09.33.24:605][663]LogTexture:Display: Building textures: Texture2D_14 (BGRA8)
[2016.04.27-09.33.24:625][663]LogTexture:Display: Building textures: Texture2D_15 (BGRA8)
[2016.04.27-09.34.00:363][663]LogSavePackage: Save=35891.269531ms
[2016.04.27-09.34.00:363][663]LogSavePackage: Moving 'N:/Macbeth/Macbeth/Saved/ThirdPersonExampleMap_Auto1505CCF5C4B1755E25E80E498791565F7.tmp' to 'N:/Macbeth/Macbeth/Saved/Autosaves/Game/ThirdPersonBP/Maps/ThirdPersonExampleMap_Auto1.umap'
[2016.04.27-09.34.00:512][663]LogSavePackage: Total save time: 42998.333778ms
[2016.04.27-09.34.00:512][663]LogSavePackage:Display: Finished SavePackage N:/Macbeth/Macbeth/Saved/Autosaves/Game/ThirdPersonBP/Maps/ThirdPersonExampleMap_Auto1.umap
[2016.04.27-09.34.00:532][663]LogFileHelpers: Editor autosave (incl. sublevels) for '/Game/ThirdPersonBP/Maps/ThirdPersonExampleMap' took 43.089
[2016.04.27-09.34.00:532][663]LogFileHelpers: Editor autosave (incl. sublevels) for all levels took 43.089
[2016.04.27-09.40.49:567][368]LogAssetTools:Warning: Failed to import 'C:\Users\14024586\Desktop\InfinityBladeGrassLands/Environments/Plains/Env_Plains_Terrain/Materials/M_Dirt.uasset'. Unknown extension 'uasset'.
[2016.04.27-09.40.49:575][368]LogAssetTools:Warning: Failed to import 'C:\Users\14024586\Desktop\InfinityBladeGrassLands/Environments/Plains/Env_Plains_Terrain/Textures/T_Dirt_D.uasset'. Unknown extension 'uasset'.
[2016.04.27-09.40.49:581][368]LogAssetTools:Warning: Failed to import 'C:\Users\14024586\Desktop\InfinityBladeGrassLands/Environments/Plains/Env_Plains_Terrain/Textures/T_Dirt_N.uasset'. Unknown extension 'uasset'.
[2016.04.27-09.42.02:950][578]Cmd: OBJ SAVEPACKAGE PACKAGE="/Game/ThirdPersonBP/Maps/ThirdPersonExampleMap" FILE="N:/Macbeth/Macbeth/Content/ThirdPersonBP/Maps/ThirdPersonExampleMap.umap" SILENT=true AUTOSAVING=false KEEPDIRTY=false
[2016.04.27-09.42.46:905][578]LogSavePackage: Save=35885.000000ms
[2016.04.27-09.42.46:906][578]LogSavePackage: Moving 'N:/Macbeth/Macbeth/Saved/ThirdPersonExampleMapAD8D2B0A41889A30FA3FAE9874F51552.tmp' to 'N:/Macbeth/Macbeth/Content/ThirdPersonBP/Maps/ThirdPersonExampleMap.umap'
[2016.04.27-09.42.46:990][578]LogSavePackage: Total save time: 43994.512632ms
[2016.04.27-09.42.46:990][578]LogSavePackage:Display: Finished SavePackage N:/Macbeth/Macbeth/Content/ThirdPersonBP/Maps/ThirdPersonExampleMap.umap
[2016.04.27-09.43.01:032][108]Cmd: QUIT_EDITOR
[2016.04.27-09.43.01:250][108]LogExit: Preparing to exit.
[2016.04.27-09.43.02:557][108]LogExit: Editor shut down
[2016.04.27-09.43.02:557][108]LogExit: Transaction tracking system shut down
[2016.04.27-09.43.02:591][108]LogParticles: Destroying 0 GPU particle simulations for FXSystem 0x000000002B3039C0
[2016.04.27-09.43.02:593][108]LogParticles: Destroying 0 GPU particle simulations for FXSystem 0x000000003A3A91C0
[2016.04.27-09.43.02:593][108]LogParticles: Destroying 0 GPU particle simulations for FXSystem 0x000000003ACD6160
[2016.04.27-09.43.02:594][108]LogParticles: Destroying 0 GPU particle simulations for FXSystem 0x000000003ACD6340
[2016.04.27-09.43.02:594][108]LogParticles: Destroying 0 GPU particle simulations for FXSystem 0x0000000081A142C0
[2016.04.27-09.43.02:595][108]LogParticles: Destroying 0 GPU particle simulations for FXSystem 0x000000003A3A8D60
[2016.04.27-09.43.03:165][108]LogExit: Object subsystem successfully closed.
[2016.04.27-09.43.03:254][108]LogD3D11RHI: Shutdown
[2016.04.27-09.43.03:254][108]LogD3D11RHI: CleanupD3DDevice
[2016.04.27-09.43.03:368][108]LogD3D11RHI: ~FD3D11DynamicRHI
[2016.04.27-09.43.03:601][108]LogModuleManager: Shutting down and abandoning module CookingStats (199)
[2016.04.27-09.43.03:601][108]LogModuleManager: Shutting down and abandoning module CrashTracker (198)
[2016.04.27-09.43.03:601][108]LogModuleManager: Shutting down and abandoning module SceneOutliner (197)
[2016.04.27-09.43.03:602][108]LogModuleManager: Shutting down and abandoning module SuperSearch (196)
[2016.04.27-09.43.03:602][108]LogModuleManager: Shutting down and abandoning module WidgetCarousel (195)
[2016.04.27-09.43.03:602][108]LogModuleManager: Shutting down and abandoning module AddContentDialog (194)
[2016.04.27-09.43.03:603][108]LogModuleManager: Shutting down and abandoning module EditorWidgets (193)
[2016.04.27-09.43.03:604][108]LogModuleManager: Shutting down and abandoning module CollectionManager (192)
[2016.04.27-09.43.03:604][108]LogModuleManager: Shutting down and abandoning module StatsViewer (191)
[2016.04.27-09.43.03:771][108]LogModuleManager: Shutting down and abandoning module FoliageEdit (190)
[2016.04.27-09.43.03:772][108]LogModuleManager: Shutting down and abandoning module LandscapeEditor (189)
[2016.04.27-09.43.03:772][108]LogModuleManager: Shutting down and abandoning module ActorPickerMode (188)
[2016.04.27-09.43.03:772][108]LogModuleManager: Shutting down and abandoning module GeometryMode (187)
[2016.04.27-09.43.03:772][108]LogModuleManager: Shutting down and abandoning module TextureAlignMode (186)
[2016.04.27-09.43.03:772][108]LogModuleManager: Shutting down and abandoning module BspMode (185)
[2016.04.27-09.43.03:772][108]LogModuleManager: Shutting down and abandoning module PlacementMode (184)
[2016.04.27-09.43.03:772][108]LogModuleManager: Shutting down and abandoning module AutomationWorker (183)
[2016.04.27-09.43.03:772][108]LogModuleManager: Shutting down and abandoning module CharacterAI (182)
[2016.04.27-09.43.03:772][108]LogModuleManager: Shutting down and abandoning module SmartSnapping (181)
[2016.04.27-09.43.03:772][108]LogModuleManager: Shutting down and abandoning module ViewportSnapping (180)
[2016.04.27-09.43.03:772][108]LogModuleManager: Shutting down and abandoning module LogVisualizer (179)
[2016.04.27-09.43.03:772][108]LogModuleManager: Shutting down and abandoning module GameProjectGeneration (178)
[2016.04.27-09.43.03:804][108]LogModuleManager: Shutting down and abandoning module IntroTutorials (177)
[2016.04.27-09.43.03:807][108]LogModuleManager: Shutting down and abandoning module EditorLiveStreaming (176)
[2016.04.27-09.43.03:807][108]LogModuleManager: Shutting down and abandoning module IOSPlatformEditor (175)
[2016.04.27-09.43.03:807][108]LogModuleManager: Shutting down and abandoning module HTML5PlatformEditor (174)
[2016.04.27-09.43.03:808][108]LogModuleManager: Shutting down and abandoning module AndroidDeviceDetection (173)
[2016.04.27-09.43.04:744][108]LogModuleManager: Shutting down and abandoning module AndroidPlatformEditor (172)
[2016.04.27-09.43.04:744][108]LogModuleManager: Shutting down and abandoning module IOSRuntimeSettings (171)
[2016.04.27-09.43.04:744][108]LogModuleManager: Shutting down and abandoning module AndroidRuntimeSettings (170)
[2016.04.27-09.43.04:744][108]LogModuleManager: Shutting down and abandoning module MergeActors (169)
[2016.04.27-09.43.04:744][108]LogModuleManager: Shutting down and abandoning module SizeMap (168)
[2016.04.27-09.43.04:744][108]LogModuleManager: Shutting down and abandoning module TreeMap (167)
[2016.04.27-09.43.04:744][108]LogModuleManager: Shutting down and abandoning module ReferenceViewer (166)
[2016.04.27-09.43.04:744][108]LogModuleManager: Shutting down and abandoning module LocalizationService (165)
[2016.04.27-09.43.04:746][108]LogModuleManager: Shutting down and abandoning module LocalizationDashboard (164)
[2016.04.27-09.43.04:765][108]LogModuleManager: Shutting down and abandoning module HardwareTargeting (163)
[2016.04.27-09.43.04:765][108]LogModuleManager: Shutting down and abandoning module DeviceProfileEditor (162)
[2016.04.27-09.43.04:765][108]LogModuleManager: Shutting down and abandoning module UndoHistory (161)
[2016.04.27-09.43.04:765][108]LogModuleManager: Shutting down and abandoning module GameplayTagsEditor (160)
[2016.04.27-09.43.04:765][108]LogModuleManager: Shutting down and abandoning module UserFeedback (159)
[2016.04.27-09.43.04:765][108]LogModuleManager: Shutting down and abandoning module XmlParser (158)
[2016.04.27-09.43.04:765][108]LogModuleManager: Shutting down and abandoning module Blutility (157)
[2016.04.27-09.43.04:766][108]LogModuleManager: Shutting down and abandoning module ProjectTargetPlatformEditor (156)
[2016.04.27-09.43.04:766][108]LogModuleManager: Shutting down and abandoning module ProjectSettingsViewer (155)
[2016.04.27-09.43.04:766][108]LogModuleManager: Shutting down and abandoning module InputBindingEditor (154)
[2016.04.27-09.43.04:772][108]LogModuleManager: Shutting down and abandoning module EditorSettingsViewer (153)
[2016.04.27-09.43.04:772][108]LogModuleManager: Shutting down and abandoning module SettingsEditor (152)
[2016.04.27-09.43.04:773][108]LogModuleManager: Shutting down and abandoning module ProjectLauncher (151)
[2016.04.27-09.43.04:795][108]LogModuleManager: Shutting down and abandoning module SessionFrontend (150)
[2016.04.27-09.43.04:795][108]LogModuleManager: Shutting down and abandoning module ProfilerClient (149)
[2016.04.27-09.43.04:801][108]LogModuleManager: Shutting down and abandoning module TargetDeviceServices (148)
[2016.04.27-09.43.04:802][108]LogModuleManager: Shutting down and abandoning module DeviceManager (147)
[2016.04.27-09.43.04:802][108]LogModuleManager: Shutting down and abandoning module AutomationController (146)
[2016.04.27-09.43.04:802][108]LogModuleManager: Shutting down and abandoning module AutomationWindow (145)
[2016.04.27-09.43.04:807][108]LogModuleManager: Shutting down and abandoning module Layers (144)
[2016.04.27-09.43.04:843][108]LogModuleManager: Shutting down and abandoning module ComponentVisualizers (143)
[2016.04.27-09.43.04:843][108]LogModuleManager: Shutting down and abandoning module DetailCustomizations (142)
[2016.04.27-09.43.04:843][108]LogModuleManager: Shutting down and abandoning module PackagesDialog (141)
[2016.04.27-09.43.04:843][108]LogModuleManager: Shutting down and abandoning module Persona (140)
[2016.04.27-09.43.04:862][108]LogModuleManager: Shutting down and abandoning module Kismet (139)
[2016.04.27-09.43.04:862][108]LogModuleManager: Shutting down and abandoning module GraphEditor (138)
[2016.04.27-09.43.04:862][108]LogModuleManager: Shutting down and abandoning module ClassViewer (137)
[2016.04.27-09.43.04:862][108]LogModuleManager: Shutting down and abandoning module Toolbox (136)
[2016.04.27-09.43.04:862][108]LogModuleManager: Shutting down and abandoning module ModuleUI (135)
[2016.04.27-09.43.04:872][108]LogModuleManager: Shutting down and abandoning module MovieSceneTools (134)
[2016.04.27-09.43.04:872][108]LogModuleManager: Shutting down and abandoning module OutputLog (133)
[2016.04.27-09.43.04:872][108]LogModuleManager: Shutting down and abandoning module GammaUI (132)
[2016.04.27-09.43.04:881][108]LogModuleManager: Shutting down and abandoning module Documentation (131)
[2016.04.27-09.43.04:881][108]LogModuleManager: Shutting down and abandoning module GameLiveStreaming (130)
[2016.04.27-09.43.04:881][108]LogModuleManager: Shutting down and abandoning module StreamingPauseRendering (129)
[2016.04.27-09.43.04:881][108]LogModuleManager: Shutting down and abandoning module AnalyticsET (128)
[2016.04.27-09.43.04:881][108]LogModuleManager: Shutting down and abandoning module Analytics (127)
[2016.04.27-09.43.04:881][108]LogModuleManager: Shutting down and abandoning module AITestSuite (126)
[2016.04.27-09.43.04:882][108]LogModuleManager: Shutting down and abandoning module GameplayDebugger (125)
[2016.04.27-09.43.04:882][108]LogModuleManager: Shutting down and abandoning module AIModule (124)
[2016.04.27-09.43.04:882][108]LogModuleManager: Shutting down and abandoning module ProfilerService (123)
[2016.04.27-09.43.05:060][108]LogModuleManager: Shutting down and abandoning module TaskGraph (122)
[2016.04.27-09.43.05:090][108]LogModuleManager: Shutting down and abandoning module SlateRemote (121)
[2016.04.27-09.43.05:090][108]LogModuleManager: Shutting down and abandoning module SteamVRController (120)
[2016.04.27-09.43.05:090][108]LogModuleManager: Shutting down and abandoning module SteamVR (119)
[2016.04.27-09.43.05:090][108]LogModuleManager: Shutting down and abandoning module ProceduralMeshComponent (118)
[2016.04.27-09.43.05:090][108]LogModuleManager: Shutting down and abandoning module OculusLibrary (117)
[2016.04.27-09.43.05:090][108]LogModuleManager: Shutting down and abandoning module OculusInput (116)
[2016.04.27-09.43.05:090][108]LogModuleManager: Shutting down and abandoning module LeapMotionController (115)
[2016.04.27-09.43.05:104][108]LogModuleManager: Shutting down and abandoning module CustomMeshComponent (114)
[2016.04.27-09.43.05:104][108]LogModuleManager: Shutting down and abandoning module CableComponent (113)
[2016.04.27-09.43.05:117][108]LogModuleManager: Shutting down and abandoning module ArchVisCharacter (112)
[2016.04.27-09.43.05:117][108]LogModuleManager: Shutting down and abandoning module MessagingDebugger (111)
[2016.04.27-09.43.05:122][108]LogModuleManager: Shutting down and abandoning module MediaPlayerEditor (110)
[2016.04.27-09.43.05:122][108]LogModuleManager: Shutting down and abandoning module HTML5Networking (109)
[2016.04.27-09.43.05:122][108]LogModuleManager: Shutting down and abandoning module SpeedTreeImporter (108)
[2016.04.27-09.43.05:122][108]LogModuleManager: Shutting down and abandoning module PluginBrowser (107)
[2016.04.27-09.43.05:131][108]LogModuleManager: Shutting down and abandoning module EpicSurvey (106)
[2016.04.27-09.43.05:132][108]LogModuleManager: Shutting down and abandoning module DesktopPlatform (105)
[2016.04.27-09.43.05:146][108]LogModuleManager: Shutting down and abandoning module VisualStudioSourceCodeAccess (104)
[2016.04.27-09.43.05:146][108]LogModuleManager: Shutting down and abandoning module UObjectPlugin (103)
[2016.04.27-09.43.05:146][108]LogModuleManager: Shutting down and abandoning module SubversionSourceControl (102)
[2016.04.27-09.43.05:146][108]LogModuleManager: Shutting down and abandoning module PerforceSourceControl (101)
[2016.04.27-09.43.05:146][108]LogModuleManager: Shutting down and abandoning module SourceControl (100)
[2016.04.27-09.43.05:146][108]LogModuleManager: Shutting down and abandoning module GitSourceControl (99)
[2016.04.27-09.43.05:146][108]LogModuleManager: Shutting down and abandoning module LightPropagationVolumeEditor (98)
[2016.04.27-09.43.05:146][108]LogModuleManager: Shutting down and abandoning module PaperTiledImporter (97)
[2016.04.27-09.43.05:146][108]LogModuleManager: Shutting down and abandoning module PaperSpriteSheetImporter (96)
[2016.04.27-09.43.05:146][108]LogModuleManager: Shutting down and abandoning module MeshPaint (95)
[2016.04.27-09.43.05:146][108]LogModuleManager: Shutting down and abandoning module SlateReflector (94)
[2016.04.27-09.43.05:154][108]LogModuleManager: Shutting down and abandoning module HotReload (93)
[2016.04.27-09.43.05:154][108]LogModuleManager: Shutting down and abandoning module MainFrame (92)
[2016.04.27-09.43.05:154][108]LogModuleManager: Shutting down and abandoning module LevelEditor (91)
[2016.04.27-09.43.05:156][108]LogModuleManager: Shutting down and abandoning module DirectoryWatcher (90)
[2016.04.27-09.43.05:156][108]LogModuleManager: Shutting down and abandoning module AssetRegistry (89)
[2016.04.27-09.43.06:345][108]LogModuleManager: Shutting down and abandoning module ContentBrowser (88)
[2016.04.27-09.43.06:348][108]LogModuleManager: Shutting down and abandoning module Paper2DEditor (87)
[2016.04.27-09.43.06:378][108]LogModuleManager: Shutting down and abandoning module UdpMessaging (86)
[2016.04.27-09.43.06:478][108]LogModuleManager: Shutting down and abandoning module LightPropagationVolumeRuntime (85)
[2016.04.27-09.43.06:478][108]LogModuleManager: Shutting down and abandoning module Paper2D (84)
[2016.04.27-09.43.06:488][108]LogModuleManager: Shutting down and abandoning module WindowsMoviePlayer (83)
[2016.04.27-09.43.06:495][108]LogModuleManager: Shutting down and abandoning module Media (82)
[2016.04.27-09.43.06:495][108]LogModuleManager: Shutting down and abandoning module WmfMedia (81)
[2016.04.27-09.43.06:496][108]LogModuleManager: Shutting down and abandoning module OnlineBlueprintSupport (80)
[2016.04.27-09.43.06:496][108]LogModuleManager: Shutting down and abandoning module GameplayTasksEditor (79)
[2016.04.27-09.43.06:496][108]LogModuleManager: Shutting down and abandoning module PropertyEditor (78)
[2016.04.27-09.43.06:496][108]LogModuleManager: Shutting down and abandoning module BehaviorTreeEditor (77)
[2016.04.27-09.43.06:508][108]LogModuleManager: Shutting down and abandoning module FunctionalTesting (76)
[2016.04.27-09.43.06:508][108]LogModuleManager: Shutting down and abandoning module CollisionAnalyzer (75)
[2016.04.27-09.43.06:508][108]LogModuleManager: Shutting down and abandoning module WorkspaceMenuStructure (74)
[2016.04.27-09.43.06:508][108]LogModuleManager: Shutting down and abandoning module MessageLog (73)
[2016.04.27-09.43.06:508][108]LogModuleManager: Shutting down and abandoning module Sequencer (72)
[2016.04.27-09.43.06:509][108]LogModuleManager: Shutting down and abandoning module AssetTools (71)
[2016.04.27-09.43.06:509][108]LogModuleManager: Shutting down and abandoning module UMGEditor (70)
[2016.04.27-09.43.06:531][108]LogModuleManager: Shutting down and abandoning module UMG (69)
[2016.04.27-09.43.06:540][108]LogModuleManager: Shutting down and abandoning module Slate (68)
[2016.04.27-09.43.06:540][108]LogModuleManager: Shutting down and abandoning module EditorStyle (67)
[2016.04.27-09.43.06:544][108]LogModuleManager: Shutting down and abandoning module SessionServices (66)
[2016.04.27-09.43.06:544][108]LogModuleManager: Shutting down and abandoning module SourceCodeAccess (65)
[2016.04.27-09.43.06:544][108]LogModuleManager: Shutting down and abandoning module HeadMountedDisplay (64)
[2016.04.27-09.43.06:544][108]LogModuleManager: Shutting down and abandoning module XAudio2 (63)
[2016.04.27-09.43.06:544][108]LogModuleManager: Shutting down and abandoning module Networking (61)
[2016.04.27-09.43.06:544][108]LogModuleManager: Shutting down and abandoning module Core (60)
[2016.04.27-09.43.06:544][108]LogModuleManager: Shutting down and abandoning module KismetCompiler (59)
[2016.04.27-09.43.06:544][108]LogModuleManager: Shutting down and abandoning module PhysXFormats (58)
[2016.04.27-09.43.06:544][108]LogModuleManager: Shutting down and abandoning module MeshUtilities (57)
[2016.04.27-09.43.06:544][108]LogModuleManager: Shutting down and abandoning module DerivedDataCache (56)
[2016.04.27-09.43.06:581][108]LogDerivedDataCache: Shutdown
[2016.04.27-09.43.06:581][108]LogModuleManager: Shutting down and abandoning module ShaderFormatOpenGL (55)
[2016.04.27-09.43.06:592][108]LogModuleManager: Shutting down and abandoning module ShaderFormatD3D (54)
[2016.04.27-09.43.06:593][108]LogModuleManager: Shutting down and abandoning module MetalShaderFormat (53)
[2016.04.27-09.43.06:604][108]LogModuleManager: Shutting down and abandoning module TextureFormatUncompressed (52)
[2016.04.27-09.43.06:604][108]LogModuleManager: Shutting down and abandoning module TextureFormatPVR (51)
[2016.04.27-09.43.06:604][108]LogModuleManager: Shutting down and abandoning module TextureFormatIntelISPCTexComp (50)
[2016.04.27-09.43.06:604][108]LogModuleManager: Shutting down and abandoning module TextureFormatDXT (49)
[2016.04.27-09.43.06:611][108]LogModuleManager: Shutting down and abandoning module ImageWrapper (48)
[2016.04.27-09.43.06:611][108]LogModuleManager: Shutting down and abandoning module TextureFormatASTC (47)
[2016.04.27-09.43.06:611][108]LogModuleManager: Shutting down and abandoning module TextureFormatAndroid (46)
[2016.04.27-09.43.06:611][108]LogModuleManager: Shutting down and abandoning module AudioFormatOpus (45)
[2016.04.27-09.43.06:611][108]LogModuleManager: Shutting down and abandoning module AudioFormatOgg (44)
[2016.04.27-09.43.06:611][108]LogModuleManager: Shutting down and abandoning module AudioFormatADPCM (43)
[2016.04.27-09.43.06:611][108]LogModuleManager: Shutting down and abandoning module LinuxTargetPlatform (42)
[2016.04.27-09.43.06:611][108]LogModuleManager: Shutting down and abandoning module LinuxServerTargetPlatform (41)
[2016.04.27-09.43.06:611][108]LogModuleManager: Shutting down and abandoning module LinuxNoEditorTargetPlatform (40)
[2016.04.27-09.43.06:611][108]LogModuleManager: Shutting down and abandoning module Messaging (39)
[2016.04.27-09.43.06:611][108]LogModuleManager: Shutting down and abandoning module IOSTargetPlatform (38)
[2016.04.27-09.43.06:611][108]LogModuleManager: Shutting down and abandoning module HTML5TargetPlatform (37)
[2016.04.27-09.43.06:611][108]LogModuleManager: Shutting down and abandoning module Android_PVRTCTargetPlatform (36)
[2016.04.27-09.43.06:611][108]LogModuleManager: Shutting down and abandoning module Android_MultiTargetPlatform (35)
[2016.04.27-09.43.06:611][108]LogModuleManager: Shutting down and abandoning module Android_ETC2TargetPlatform (34)
[2016.04.27-09.43.06:611][108]LogModuleManager: Shutting down and abandoning module Android_ETC1TargetPlatform (33)
[2016.04.27-09.43.06:611][108]LogModuleManager: Shutting down and abandoning module Android_DXTTargetPlatform (32)
[2016.04.27-09.43.06:611][108]LogModuleManager: Shutting down and abandoning module Android_ATCTargetPlatform (31)
[2016.04.27-09.43.06:611][108]LogModuleManager: Shutting down and abandoning module Android_ASTCTargetPlatform (30)
[2016.04.27-09.43.06:611][108]LogModuleManager: Shutting down and abandoning module AndroidTargetPlatform (29)
[2016.04.27-09.43.06:611][108]LogModuleManager: Shutting down and abandoning module WindowsTargetPlatform (28)
[2016.04.27-09.43.06:611][108]LogModuleManager: Shutting down and abandoning module WindowsServerTargetPlatform (27)
[2016.04.27-09.43.06:611][108]LogModuleManager: Shutting down and abandoning module WindowsNoEditorTargetPlatform (26)
[2016.04.27-09.43.06:611][108]LogModuleManager: Shutting down and abandoning module WindowsClientTargetPlatform (25)
[2016.04.27-09.43.06:612][108]LogModuleManager: Shutting down and abandoning module AllDesktopTargetPlatform (24)
[2016.04.27-09.43.06:612][108]LogModuleManager: Shutting down and abandoning module TargetPlatform (23)
[2016.04.27-09.43.06:612][108]LogModuleManager: Shutting down and abandoning module InputCore (22)
[2016.04.27-09.43.06:612][108]LogModuleManager: Shutting down and abandoning module Settings (21)
[2016.04.27-09.43.06:612][108]LogModuleManager: Shutting down and abandoning module OnlineSubsystem (19)
[2016.04.27-09.43.06:612][108]LogModuleManager: Shutting down and abandoning module HTTP (18)
[2016.04.27-09.43.08:612][108]LogModuleManager: Shutting down and abandoning module XMPP (17)
[2016.04.27-09.43.08:634][108]LogModuleManager: Shutting down and abandoning module OculusRift (16)
[2016.04.27-09.43.08:641][108]LogModuleManager: Shutting down and abandoning module ExampleDeviceProfileSelector (15)
[2016.04.27-09.43.08:641][108]LogModuleManager: Shutting down and abandoning module TextureCompressor (14)
[2016.04.27-09.43.08:641][108]LogModuleManager: Shutting down and abandoning module ShaderCore (13)
[2016.04.27-09.43.08:641][108]LogModuleManager: Shutting down and abandoning module Landscape (12)
[2016.04.27-09.43.08:642][108]LogModuleManager: Shutting down and abandoning module SlateRHIRenderer (11)
[2016.04.27-09.43.08:648][108]LogModuleManager: Shutting down and abandoning module OpenGLDrv (10)
[2016.04.27-09.43.08:655][108]LogModuleManager: Shutting down and abandoning module D3D11RHI (9)
[2016.04.27-09.43.08:655][108]LogModuleManager: Shutting down and abandoning module AnimGraphRuntime (8)
[2016.04.27-09.43.08:667][108]LogModuleManager: Shutting down and abandoning module Renderer (7)
[2016.04.27-09.43.08:667][108]LogModuleManager: Shutting down and abandoning module Engine (6)
[2016.04.27-09.43.08:667][108]LogModuleManager: Shutting down and abandoning module CoreUObject (5)
[2016.04.27-09.43.08:667][108]LogModuleManager: Shutting down and abandoning module NetworkFile (4)
[2016.04.27-09.43.08:672][108]LogModuleManager: Shutting down and abandoning module StreamingFile (3)
[2016.04.27-09.43.08:672][108]LogModuleManager: Shutting down and abandoning module SandboxFile (2)
[2016.04.27-09.43.08:672][108]LogModuleManager: Shutting down and abandoning module PakFile (1)
[2016.04.27-09.43.08:685][108]LogExit: Exiting.
[2016.04.27-09.43.08:686][108]Log file closed, 04/27/16 10:43:08
