Log file open, 04/27/16 15:48:40
LogInit:Display: Running engine for game: Macbeth
LogPlatformFile: Not using cached read wrapper
LogInit:Display: RandInit(-808928512) SRandInit(-808928511).
LogTaskGraph: Started task graph with 4 named threads and 7 total threads.
LogStats: Stats thread started at 0.072505
LogInit: Version: 4.11.1-2934540+++UE4+Release-4.11
LogInit: API Version: 2927265
LogInit: Compiled (64-bit): Apr  6 2016 02:14:16
LogInit: Compiled with Visual C++: 19.00.23026.00
LogInit: Build Configuration: Development
LogInit: Branch Name: ++UE4+Release-4.11
LogInit: Command line: 
LogInit: Base directory: C:/Program Files/Epic Games/4.11/Engine/Binaries/Win64/
LogInit: Installed Engine Build: 1
LogInit: Using libcurl 7.41.0
LogInit:  - built for x86_64-pc-win32
LogInit:  - supports SSL with WinSSL
LogInit:  - other features:
LogInit:      CURL_VERSION_SSL
LogInit:      CURL_VERSION_IPV6
LogInit:      CURL_VERSION_ASYNCHDNS
LogInit:      CURL_VERSION_LARGEFILE
LogInit:      CURL_VERSION_IDN
LogInit:  CurlRequestOptions (configurable via config and command line):
LogInit:  - bVerifyPeer = true  - Libcurl will verify peer certificate
LogInit:  - bUseHttpProxy = false  - Libcurl will NOT use HTTP proxy
LogInit:  - bDontReuseConnections = false  - Libcurl will reuse connections
LogInit:  - CertBundlePath = nullptr  - Libcurl will use whatever was configured at build time.
LogInit: Presizing for max 16777216 objects, including 0 objects not considered by GC, pre-allocating 0 bytes for permanent pool.
LogInit: Object subsystem initialized
[2016.04.27-14.48.40:593][  0]LogInit: Selected Device Profile: [Windows]
[2016.04.27-14.48.40:593][  0]LogInit: Applying CVar settings loaded from the selected device profile: [Windows]
[2016.04.27-14.48.40:616][  0]LogInit: Computer: MULLENIX-PC
[2016.04.27-14.48.40:616][  0]LogInit: User: MullenIX
[2016.04.27-14.48.40:616][  0]LogInit: CPU Page size=65536, Cores=4
[2016.04.27-14.48.40:616][  0]LogInit: High frequency timer resolution =2.610712 MHz
[2016.04.27-14.48.40:616][  0]LogMemory: Memory total: Physical=12.0GB (12GB approx)
[2016.04.27-14.48.40:616][  0]LogMemory: Platform Memory Stats for Windows
[2016.04.27-14.48.40:616][  0]LogMemory: Process Physical Memory: 314.17 MB used, 314.17 MB peak
[2016.04.27-14.48.40:616][  0]LogMemory: Process Virtual Memory: 316.74 MB used, 316.74 MB peak
[2016.04.27-14.48.40:616][  0]LogMemory: Physical Memory: 5246.00 MB used, 12278.99 MB total
[2016.04.27-14.48.40:616][  0]LogMemory: Virtual Memory: 621.01 MB used, 8388608.00 MB total
[2016.04.27-14.48.40:667][  0]LogTextLocalizationManager: No specific translations for ('en-GB') exist, so ('en') translations will be used.
[2016.04.27-14.48.41:144][  0]LogD3D11RHI: D3D11 adapters:
[2016.04.27-14.48.41:168][  0]LogD3D11RHI:    0. 'NVIDIA GeForce GTX 670' (Feature Level 11_0)
[2016.04.27-14.48.41:168][  0]LogD3D11RHI:       1989MB of dedicated video memory, 0MB of dedicated system memory, and 2048MB of shared system memory, 1 output[s]
[2016.04.27-14.48.41:168][  0]LogD3D11RHI: Chosen D3D11 Adapter: 0
[2016.04.27-14.48.41:173][  0]LogD3D11RHI: Creating new Direct3DDevice
[2016.04.27-14.48.41:174][  0]LogD3D11RHI:     Adapter Name: NVIDIA GeForce GTX 670
[2016.04.27-14.48.41:174][  0]LogD3D11RHI:   Driver Version: 10.18.13.6472 (internal 10.18.13.6472)
[2016.04.27-14.48.41:174][  0]LogD3D11RHI:      Driver Date: 3-21-2016
[2016.04.27-14.48.41:174][  0]LogRHI: Texture pool is 1361 MB (70% of 1945 MB)
[2016.04.27-14.48.41:184][  0]LogD3D11RHI: Async texture creation enabled
[2016.04.27-14.48.41:200][  0]LogShaderCompilers: Guid format shader working directory is -7 characters bigger than the processId version (F:/University/Year 2/Experimental Games/Macbeth/Macbeth/Intermediate/Shaders/WorkingDirectory/11640/).
[2016.04.27-14.48.41:200][  0]LogShaderCompilers: Cleaned the shader compiler working directory 'C:/Users/MULLEN~1/AppData/Local/Temp/UnrealShaderWorkingDir/7C79330F4FE85B20C565C1BCF941C05D/'.
[2016.04.27-14.48.41:200][  0]LogShaderCompilers:Display: Using Local Shader Compiler.
[2016.04.27-14.48.43:330][  0]LogTemp:Display: Loaded TP AllDesktopTargetPlatform
[2016.04.27-14.48.43:334][  0]LogTemp:Display: Loaded TP WindowsClientTargetPlatform
[2016.04.27-14.48.43:339][  0]LogTemp:Display: Loaded TP WindowsNoEditorTargetPlatform
[2016.04.27-14.48.43:343][  0]LogTemp:Display: Loaded TP WindowsServerTargetPlatform
[2016.04.27-14.48.43:348][  0]LogTemp:Display: Loaded TP WindowsTargetPlatform
[2016.04.27-14.48.43:354][  0]LogTemp:Display: Loaded TP AndroidTargetPlatform
[2016.04.27-14.48.43:357][  0]LogTemp:Display: Loaded TP Android_ASTCTargetPlatform
[2016.04.27-14.48.43:360][  0]LogTemp:Display: Loaded TP Android_ATCTargetPlatform
[2016.04.27-14.48.43:363][  0]LogTemp:Display: Loaded TP Android_DXTTargetPlatform
[2016.04.27-14.48.43:366][  0]LogTemp:Display: Loaded TP Android_ETC1TargetPlatform
[2016.04.27-14.48.43:370][  0]LogTemp:Display: Loaded TP Android_ETC2TargetPlatform
[2016.04.27-14.48.43:376][  0]LogTemp:Display: Loaded TP Android_MultiTargetPlatform
[2016.04.27-14.48.43:376][  0]LogTemp:Display: Loaded TP Android_PVRTCTargetPlatform
[2016.04.27-14.48.43:377][  0]LogTemp:Display: Loaded TP HTML5TargetPlatform
[2016.04.27-14.48.43:395][  0]LogTemp:Display: Loaded TP IOSTargetPlatform
[2016.04.27-14.48.43:398][  0]LogTemp:Display: Loaded TP TVOSTargetPlatform
[2016.04.27-14.48.43:401][  0]LogTemp:Display: Loaded TP LinuxNoEditorTargetPlatform
[2016.04.27-14.48.43:404][  0]LogTemp:Display: Loaded TP LinuxServerTargetPlatform
[2016.04.27-14.48.43:410][  0]LogTemp:Display: Loaded TP LinuxTargetPlatform
[2016.04.27-14.48.43:410][  0]LogTargetPlatformManager:Display: Building Assets For Windows
[2016.04.27-14.48.43:481][  0]LogDerivedDataCache:Display: Max Cache Size: 512 MB
[2016.04.27-14.48.43:549][  0]LogDerivedDataCache: Loaded boot cache 0.07s 58MB C:/Users/Mullen IX/AppData/Local/UnrealEngine/4.11/DerivedDataCache/Boot.ddc.
[2016.04.27-14.48.43:549][  0]LogDerivedDataCache:Display: Loaded Boot cache: C:/Users/Mullen IX/AppData/Local/UnrealEngine/4.11/DerivedDataCache/Boot.ddc
[2016.04.27-14.48.43:549][  0]LogDerivedDataCache: FDerivedDataBackendGraph:  Pak pak cache file F:/University/Year 2/Experimental Games/Macbeth/Macbeth/DerivedDataCache/DDC.ddp not found, will not use a pak cache.
[2016.04.27-14.48.43:550][  0]LogDerivedDataCache: Unable to find inner node Pak for hierarchical cache Hierarchy.
[2016.04.27-14.48.43:550][  0]LogDerivedDataCache: FDerivedDataBackendGraph:  CompressedPak pak cache file F:/University/Year 2/Experimental Games/Macbeth/Macbeth/DerivedDataCache/Compressed.ddp not found, will not use a pak cache.
[2016.04.27-14.48.43:550][  0]LogDerivedDataCache: Unable to find inner node CompressedPak for hierarchical cache Hierarchy.
[2016.04.27-14.48.43:575][  0]LogDerivedDataCache:Display: Pak cache opened for reading ../../../Engine/DerivedDataCache/Compressed.ddp.
[2016.04.27-14.48.43:586][  0]LogDerivedDataCache: Using Local data cache path C:/Users/Mullen IX/AppData/Local/UnrealEngine/Common/DerivedDataCache: Writable
[2016.04.27-14.48.44:584][  0]LogInit: Selected Device Profile: [Windows]
[2016.04.27-14.48.44:584][  0]LogContentStreaming: Texture pool size is 0.00 MB
[2016.04.27-14.48.44:675][  0]LogMaterial: Uniform references updated for custom material expression Custom.
[2016.04.27-14.48.44:866][  0]LogMeshUtilities: No automatic mesh reduction module available
[2016.04.27-14.48.44:866][  0]LogMeshUtilities: No automatic mesh merging module available
[2016.04.27-14.48.44:866][  0]LogMeshUtilities: No distributed automatic mesh merging module available
[2016.04.27-14.48.45:331][  0]LogUObjectArray: 27678 objects as part of root set at end of initial load.
[2016.04.27-14.48.45:331][  0]LogUObjectAllocator: 5591392 out of 0 bytes used by permanent object pool.
[2016.04.27-14.48.45:331][  0]LogUObjectArray: CloseDisregardForGC: 0/0 objects in disregard for GC pool
[2016.04.27-14.48.45:337][  0]LogInit: WinSock: version 1.1 (2.2), MaxSocks=32767, MaxUdp=65467
[2016.04.27-14.48.45:454][  0]LogSlate: SlateFontCache - WITH_FREETYPE: 1, WITH_HARFBUZZ: 1
[2016.04.27-14.48.45:454][  0]LogSlate: SlateFontCache - WITH_FREETYPE: 1, WITH_HARFBUZZ: 1
[2016.04.27-14.48.45:650][  0]LogStreaming:Warning: Failed to read file '../../../Engine/Content/Editor/Slate/Common/Selection_16x.png' error.
[2016.04.27-14.48.45:650][  0]LogSlate: Could not find file for Slate resource: ../../../Engine/Content/Editor/Slate/Common/Selection_16x.png
[2016.04.27-14.48.45:650][  0]LogStreaming:Warning: Failed to read file '../../../Engine/Content/Editor/Slate/Common/Selection_16x.png' error.
[2016.04.27-14.48.45:650][  0]LogSlate: Could not find file for Slate resource: ../../../Engine/Content/Editor/Slate/Common/Selection_16x.png
[2016.04.27-14.48.45:650][  0]LogStreaming:Warning: Failed to read file '../../../Engine/Content/Editor/Slate/Common/Selection_16x.png' error.
[2016.04.27-14.48.45:650][  0]LogSlate: Could not find file for Slate resource: ../../../Engine/Content/Editor/Slate/Common/Selection_16x.png
[2016.04.27-14.48.46:798][  0]LogSubstanceCoreModule: Substance CPU Engine Loaded, Max Texture Size 2048
[2016.04.27-14.48.46:806][  0]LogUdpMessaging: Initializing bridge on interface 0.0.0.0:0 to multicast group 230.0.0.1:6666.
[2016.04.27-14.48.46:919][  0]LogAssetRegistry: FAssetRegistry took 0.0205 seconds to start up
[2016.04.27-14.48.47:623][  0]SourceControl: Info Source control is disabled
[2016.04.27-14.48.47:624][  0]SourceControl: Info Source control is disabled
[2016.04.27-14.48.47:631][  0]SourceControl: Info Source control is disabled
[2016.04.27-14.48.47:638][  0]SourceControl: Info Source control is disabled
[2016.04.27-14.48.47:860][  0]LogEngine: Initializing Engine...
[2016.04.27-14.48.47:890][  0]LogHMD: SteamVR failed to initialize.  Err: 110
[2016.04.27-14.48.47:891][  0]LogHMD: SteamVR failed to initialize.  Err: 110
[2016.04.27-14.48.48:171][  0]LogAIModule: Creating AISystem for world NewWorld
[2016.04.27-14.48.48:187][  0]LogInit: XAudio2 using 'Speakers (Realtek High Definition Audio)' : 2 channels at 48 kHz using 32 bits per sample (channel mask 0x3)
[2016.04.27-14.48.48:203][  0]LogInit: FAudioDevice initialized.
[2016.04.27-14.48.48:241][  0]LogDerivedDataCache: Saved boot cache 0.04s 58MB C:/Users/Mullen IX/AppData/Local/UnrealEngine/4.11/DerivedDataCache/Boot.ddc.
[2016.04.27-14.48.48:250][  0]LogInit: Texture streaming: Enabled
[2016.04.27-14.48.48:273][  0]LogInit: Transaction tracking system initialized
[2016.04.27-14.48.48:299][  0]BlueprintLog: New page: Editor Load
[2016.04.27-14.48.48:386][  0]LocalizationService: Info Localization service is disabled
[2016.04.27-14.48.48:463][  0]LogConsoleResponse:Display: 
[2016.04.27-14.48.48:831][  0]LogCook:Display: Max memory allowance for cook 8192mb
[2016.04.27-14.48.48:831][  0]LogCook:Display: Mobile HDR setting 1
[2016.04.27-14.48.48:831][  0]LogCook:Display: Done creating registry. It took  0.00s.
[2016.04.27-14.48.48:879][  0]LogFileCache: Scanning file cache for directory 'F:/University/Year 2/Experimental Games/Macbeth/Macbeth/Content/' took 0.02s
[2016.04.27-14.48.48:889][  0]SourceControl: Info Source control is disabled
[2016.04.27-14.48.48:889][  0]Cmd: MAP LOAD FILE="F:/University/Year 2/Experimental Games/Macbeth/Macbeth/Content/ThirdPersonBP/Maps/ThirdPersonExampleMap.umap" TEMPLATE=0 SHOWPROGRESS=1 FEATURELEVEL=3
[2016.04.27-14.48.48:891][  0]LightingResults: New page: Lighting Build
[2016.04.27-14.48.48:893][  0]MapCheck: New page: Map Check
[2016.04.27-14.48.48:893][  0]LightingResults: New page: Lighting Build
[2016.04.27-14.48.51:093][  0]LogAIModule: Creating AISystem for world ThirdPersonExampleMap
[2016.04.27-14.48.53:332][  0]LogMaterial:Warning: Material /Game/Assets/Flowers/Grass.Grass needed to have new flag set bUsedWithInstancedStaticMeshes !
[2016.04.27-14.48.53:334][  0]LogMaterial: Missing cached shader map for material Grass, compiling. 
[2016.04.27-14.48.53:378][  0]MapCheck:Warning: Warning Grass Material /Game/Assets/Flowers/Grass.Grass was missing the usage flag bUsedWithInstancedStaticMeshes. If the material asset is not re-saved, it may not render correctly when run outside the editor. Fix
[2016.04.27-14.48.53:378][  0]LogMaterial: 0.00 seconds spent updating 1 materials, 1 interfaces, 0 instances, 0 with static permutations.
[2016.04.27-14.48.53:380][  0]LogMaterial:Warning: Material /Game/Assets/Pine_Trees/pine_tree.pine_tree needed to have new flag set bUsedWithInstancedStaticMeshes !
[2016.04.27-14.48.53:384][  0]LogMaterial: Missing cached shader map for material pine_tree, compiling. 
[2016.04.27-14.48.53:408][  0]MapCheck:Warning: Warning pine_tree Material /Game/Assets/Pine_Trees/pine_tree.pine_tree was missing the usage flag bUsedWithInstancedStaticMeshes. If the material asset is not re-saved, it may not render correctly when run outside the editor. Fix
[2016.04.27-14.48.53:408][  0]LogMaterial: 0.00 seconds spent updating 1 materials, 1 interfaces, 0 instances, 0 with static permutations.
[2016.04.27-14.48.53:427][  0]LogEditorServer: Finished looking for orphan Actors (0.000 secs)
[2016.04.27-14.48.53:427][  0]Cmd: MAP CHECKDEP NOCLEARLOG
[2016.04.27-14.48.53:496][  0]MapCheck: Info Map check complete: 0 Error(s), 2 Warning(s), took 68.568ms to complete.
[2016.04.27-14.48.53:504][  0]LogFileHelpers: Loading map 'ThirdPersonExampleMap' took 4.614
[2016.04.27-14.48.53:644][  0]LogCollectionManager: Loaded 0 collections in 0.003135 seconds
[2016.04.27-14.48.53:681][  0]LogFileCache: Scanning file cache for directory 'F:/University/Year 2/Experimental Games/Macbeth/Macbeth/Saved/Collections/' took 0.01s
[2016.04.27-14.48.53:681][  0]LogFileCache: Scanning file cache for directory 'F:/University/Year 2/Experimental Games/Macbeth/Macbeth/Content/Developers/MullenIX/Collections/' took 0.01s
[2016.04.27-14.48.53:681][  0]LogFileCache: Scanning file cache for directory 'F:/University/Year 2/Experimental Games/Macbeth/Macbeth/Content/Collections/' took 0.01s
[2016.04.27-14.48.53:681][  0]LogCollectionManager: Rebuilt the GUID cache for 0 collections in 0.000003 seconds
[2016.04.27-14.48.53:691][  0]LogContentBrowser: Native class hierarchy populated in 0.0099 seconds. Added 1994 classes and 349 folders.
[2016.04.27-14.48.53:695][  0]LogStats: UGameplayTagsManager::ConstructGameplayTagTree: Construct from data asset -  0.000 s
[2016.04.27-14.48.53:695][  0]LogStats: UGameplayTagsManager::ConstructGameplayTagTree: GameplayTagTreeChangedEvent.Broadcast -  0.000 s
[2016.04.27-14.48.53:696][  0]LogContentBrowser: Native class hierarchy updated for 'GameplayTags' in 0.0005 seconds. Added 12 classes and 0 folders.
[2016.04.27-14.48.53:700][  0]LogContentBrowser: Native class hierarchy updated for 'WidgetCarousel' in 0.0003 seconds. Added 0 classes and 0 folders.
[2016.04.27-14.48.53:711][  0]LogContentBrowser: Native class hierarchy updated for 'SuperSearch' in 0.0004 seconds. Added 1 classes and 2 folders.
[2016.04.27-14.48.54:007][  0]LogContentBrowser: Native class hierarchy updated for 'AddContentDialog' in 0.0006 seconds. Added 0 classes and 0 folders.
[2016.04.27-14.48.54:013][  0]LogContentBrowser: Native class hierarchy updated for 'SceneOutliner' in 0.0006 seconds. Added 1 classes and 2 folders.
[2016.04.27-14.48.54:076][  0]LogCrashTracker: Crashtracker disabled due to settings.
[2016.04.27-14.48.54:082][  0]LogUObjectGlobals:Warning: Failed to find object 'Class None.'
[2016.04.27-14.48.54:108][  0]LogContentBrowser: Native class hierarchy updated for 'HierarchicalLODOutliner' in 0.0007 seconds. Added 1 classes and 2 folders.
[2016.04.27-14.48.54:108][  0]LogLoad: Full Startup: 14.48 seconds (BP compile: 0.12 seconds)
[2016.04.27-14.48.54:108][  0]LogExternalProfiler:Warning: No registered external profiler was matched with a command-line switch (or the DLL could not be loaded).  External profiling features will not be available.
[2016.04.27-14.48.54:120][  0]LogOcInput: OculusInput pre-init called
[2016.04.27-14.48.54:253][  0]LogContentStreaming: Texture pool size now 1000 MB
[2016.04.27-14.48.54:560][  0]LogRenderer: Reallocating scene render targets to support 1208x576 (Frame:2).
[2016.04.27-14.48.54:672][  1]Cmd: UpdateLandscapeEditorData -warnings
[2016.04.27-14.48.54:814][  2]LogAssetRegistry: Asset discovery search completed in 7.9152 seconds
[2016.04.27-14.48.54:814][  2]LogCollectionManager: Rebuilt the object cache for 0 collections in 0.000001 seconds (found 0 objects)
[2016.04.27-14.48.54:814][  2]LogCollectionManager: Fixed up redirectors for 0 collections in 0.000037 seconds (updated 0 objects)
[2016.04.27-14.49.25:946][327]LogTexture:Display: Building textures: Texture2D_2 (G8)
[2016.04.27-14.50.00:027][106]LogWindows:Error: Windows GetLastError: The operation completed successfully. (0)
[2016.04.27-14.50.00:276][106]LogCrashTracker: 


[2016.04.27-14.50.00:282][106]LogCrashTracker: 


[2016.04.27-14.50.00:282][106]LogWindows:Error: === Critical error: ===
Assertion failed: (Index >= 0) & (Index < ArrayNum) [File:D:\BuildFarm\buildmachine_++UE4+Release-4.11\Engine\Source\Runtime\Core\Public\Containers\Array.h] [Line: 785] 
Array index out of bounds: 1 from an array of size 1




[2016.04.27-14.50.00:339][106]LogExit: Executing StaticShutdownAfterError
[2016.04.27-14.50.00:352][106]LogPhysics:Warning: PHYSX: ..\..\PhysX\src\NpScene.cpp (2946) 8 : PxScene::unlockWrite() called without matching call to PxScene::lockWrite(), behaviour will be undefined.
[2016.04.27-14.50.00:352][106]LogPhysics:Warning: PHYSX: ..\..\PhysX\src\NpScene.cpp (2946) 8 : PxScene::unlockWrite() called without matching call to PxScene::lockWrite(), behaviour will be undefined.
[2016.04.27-14.50.00:352][106]LogWindows: FPlatformMisc::RequestExit(1)
[2016.04.27-14.50.00:352][106]Log file closed, 04/27/16 15:50:00
