Log file open, 04/27/16 18:15:51
LogInit:Display: Running engine for game: Macbeth
LogPlatformFile: Not using cached read wrapper
LogInit:Display: RandInit(772638239) SRandInit(772638240).
LogTaskGraph: Started task graph with 4 named threads and 7 total threads.
LogStats: Stats thread started at 0.069675
LogInit: Version: 4.11.1-2934540+++UE4+Release-4.11
LogInit: API Version: 2927265
LogInit: Compiled (64-bit): Apr  6 2016 02:14:16
LogInit: Compiled with Visual C++: 19.00.23026.00
LogInit: Build Configuration: Development
LogInit: Branch Name: ++UE4+Release-4.11
LogInit: Command line: 
LogInit: Base directory: C:/Program Files/Epic Games/4.11/Engine/Binaries/Win64/
LogInit: Installed Engine Build: 1
LogInit: Using libcurl 7.41.0
LogInit:  - built for x86_64-pc-win32
LogInit:  - supports SSL with WinSSL
LogInit:  - other features:
LogInit:      CURL_VERSION_SSL
LogInit:      CURL_VERSION_IPV6
LogInit:      CURL_VERSION_ASYNCHDNS
LogInit:      CURL_VERSION_LARGEFILE
LogInit:      CURL_VERSION_IDN
LogInit:  CurlRequestOptions (configurable via config and command line):
LogInit:  - bVerifyPeer = true  - Libcurl will verify peer certificate
LogInit:  - bUseHttpProxy = false  - Libcurl will NOT use HTTP proxy
LogInit:  - bDontReuseConnections = false  - Libcurl will reuse connections
LogInit:  - CertBundlePath = nullptr  - Libcurl will use whatever was configured at build time.
LogInit: Presizing for max 16777216 objects, including 0 objects not considered by GC, pre-allocating 0 bytes for permanent pool.
LogInit: Object subsystem initialized
[2016.04.27-17.15.52:089][  0]LogInit: Selected Device Profile: [Windows]
[2016.04.27-17.15.52:089][  0]LogInit: Applying CVar settings loaded from the selected device profile: [Windows]
[2016.04.27-17.15.52:105][  0]LogInit: Computer: MULLENIX-PC
[2016.04.27-17.15.52:105][  0]LogInit: User: MullenIX
[2016.04.27-17.15.52:105][  0]LogInit: CPU Page size=65536, Cores=4
[2016.04.27-17.15.52:105][  0]LogInit: High frequency timer resolution =2.610712 MHz
[2016.04.27-17.15.52:106][  0]LogMemory: Memory total: Physical=12.0GB (12GB approx)
[2016.04.27-17.15.52:106][  0]LogMemory: Platform Memory Stats for Windows
[2016.04.27-17.15.52:106][  0]LogMemory: Process Physical Memory: 314.14 MB used, 314.14 MB peak
[2016.04.27-17.15.52:106][  0]LogMemory: Process Virtual Memory: 316.73 MB used, 316.73 MB peak
[2016.04.27-17.15.52:106][  0]LogMemory: Physical Memory: 4849.57 MB used, 12278.99 MB total
[2016.04.27-17.15.52:106][  0]LogMemory: Virtual Memory: 621.01 MB used, 8388608.00 MB total
[2016.04.27-17.15.52:143][  0]LogTextLocalizationManager: No specific translations for ('en-GB') exist, so ('en') translations will be used.
[2016.04.27-17.15.52:599][  0]LogD3D11RHI: D3D11 adapters:
[2016.04.27-17.15.52:625][  0]LogD3D11RHI:    0. 'NVIDIA GeForce GTX 670' (Feature Level 11_0)
[2016.04.27-17.15.52:625][  0]LogD3D11RHI:       1989MB of dedicated video memory, 0MB of dedicated system memory, and 2048MB of shared system memory, 1 output[s]
[2016.04.27-17.15.52:625][  0]LogD3D11RHI: Chosen D3D11 Adapter: 0
[2016.04.27-17.15.52:630][  0]LogD3D11RHI: Creating new Direct3DDevice
[2016.04.27-17.15.52:630][  0]LogD3D11RHI:     Adapter Name: NVIDIA GeForce GTX 670
[2016.04.27-17.15.52:630][  0]LogD3D11RHI:   Driver Version: 10.18.13.6472 (internal 10.18.13.6472)
[2016.04.27-17.15.52:630][  0]LogD3D11RHI:      Driver Date: 3-21-2016
[2016.04.27-17.15.52:630][  0]LogRHI: Texture pool is 1361 MB (70% of 1945 MB)
[2016.04.27-17.15.52:641][  0]LogD3D11RHI: Async texture creation enabled
[2016.04.27-17.15.52:657][  0]LogShaderCompilers: Guid format shader working directory is -7 characters bigger than the processId version (F:/University/Year 2/Experimental Games/Macbeth/Macbeth/Intermediate/Shaders/WorkingDirectory/11060/).
[2016.04.27-17.15.52:657][  0]LogShaderCompilers: Cleaned the shader compiler working directory 'C:/Users/MULLEN~1/AppData/Local/Temp/UnrealShaderWorkingDir/1902DB564E8DD0A28CEEF8960F2018A3/'.
[2016.04.27-17.15.52:657][  0]LogShaderCompilers:Display: Using Local Shader Compiler.
[2016.04.27-17.15.53:900][  0]LogTemp:Display: Loaded TP AllDesktopTargetPlatform
[2016.04.27-17.15.53:905][  0]LogTemp:Display: Loaded TP WindowsClientTargetPlatform
[2016.04.27-17.15.53:909][  0]LogTemp:Display: Loaded TP WindowsNoEditorTargetPlatform
[2016.04.27-17.15.53:913][  0]LogTemp:Display: Loaded TP WindowsServerTargetPlatform
[2016.04.27-17.15.53:918][  0]LogTemp:Display: Loaded TP WindowsTargetPlatform
[2016.04.27-17.15.53:921][  0]LogTemp:Display: Loaded TP AndroidTargetPlatform
[2016.04.27-17.15.53:924][  0]LogTemp:Display: Loaded TP Android_ASTCTargetPlatform
[2016.04.27-17.15.53:927][  0]LogTemp:Display: Loaded TP Android_ATCTargetPlatform
[2016.04.27-17.15.53:930][  0]LogTemp:Display: Loaded TP Android_DXTTargetPlatform
[2016.04.27-17.15.53:933][  0]LogTemp:Display: Loaded TP Android_ETC1TargetPlatform
[2016.04.27-17.15.53:937][  0]LogTemp:Display: Loaded TP Android_ETC2TargetPlatform
[2016.04.27-17.15.53:943][  0]LogTemp:Display: Loaded TP Android_MultiTargetPlatform
[2016.04.27-17.15.53:943][  0]LogTemp:Display: Loaded TP Android_PVRTCTargetPlatform
[2016.04.27-17.15.53:944][  0]LogTemp:Display: Loaded TP HTML5TargetPlatform
[2016.04.27-17.15.53:960][  0]LogTemp:Display: Loaded TP IOSTargetPlatform
[2016.04.27-17.15.53:962][  0]LogTemp:Display: Loaded TP TVOSTargetPlatform
[2016.04.27-17.15.53:965][  0]LogTemp:Display: Loaded TP LinuxNoEditorTargetPlatform
[2016.04.27-17.15.53:969][  0]LogTemp:Display: Loaded TP LinuxServerTargetPlatform
[2016.04.27-17.15.53:972][  0]LogTemp:Display: Loaded TP LinuxTargetPlatform
[2016.04.27-17.15.53:972][  0]LogTargetPlatformManager:Display: Building Assets For Windows
[2016.04.27-17.15.54:041][  0]LogDerivedDataCache:Display: Max Cache Size: 512 MB
[2016.04.27-17.15.54:096][  0]LogDerivedDataCache: Loaded boot cache 0.05s 46MB C:/Users/Mullen IX/AppData/Local/UnrealEngine/4.11/DerivedDataCache/Boot.ddc.
[2016.04.27-17.15.54:096][  0]LogDerivedDataCache:Display: Loaded Boot cache: C:/Users/Mullen IX/AppData/Local/UnrealEngine/4.11/DerivedDataCache/Boot.ddc
[2016.04.27-17.15.54:096][  0]LogDerivedDataCache: FDerivedDataBackendGraph:  Pak pak cache file F:/University/Year 2/Experimental Games/Macbeth/Macbeth/DerivedDataCache/DDC.ddp not found, will not use a pak cache.
[2016.04.27-17.15.54:096][  0]LogDerivedDataCache: Unable to find inner node Pak for hierarchical cache Hierarchy.
[2016.04.27-17.15.54:096][  0]LogDerivedDataCache: FDerivedDataBackendGraph:  CompressedPak pak cache file F:/University/Year 2/Experimental Games/Macbeth/Macbeth/DerivedDataCache/Compressed.ddp not found, will not use a pak cache.
[2016.04.27-17.15.54:096][  0]LogDerivedDataCache: Unable to find inner node CompressedPak for hierarchical cache Hierarchy.
[2016.04.27-17.15.54:117][  0]LogDerivedDataCache:Display: Pak cache opened for reading ../../../Engine/DerivedDataCache/Compressed.ddp.
[2016.04.27-17.15.54:129][  0]LogDerivedDataCache: Using Local data cache path C:/Users/Mullen IX/AppData/Local/UnrealEngine/Common/DerivedDataCache: Writable
[2016.04.27-17.15.54:333][  0]LogInit: Selected Device Profile: [Windows]
[2016.04.27-17.15.54:334][  0]LogContentStreaming: Texture pool size is 0.00 MB
[2016.04.27-17.15.54:365][  0]LogMaterial: Uniform references updated for custom material expression Custom.
[2016.04.27-17.15.54:529][  0]LogMeshUtilities: No automatic mesh reduction module available
[2016.04.27-17.15.54:529][  0]LogMeshUtilities: No automatic mesh merging module available
[2016.04.27-17.15.54:529][  0]LogMeshUtilities: No distributed automatic mesh merging module available
[2016.04.27-17.15.54:789][  0]LogUObjectArray: 27678 objects as part of root set at end of initial load.
[2016.04.27-17.15.54:789][  0]LogUObjectAllocator: 5591392 out of 0 bytes used by permanent object pool.
[2016.04.27-17.15.54:789][  0]LogUObjectArray: CloseDisregardForGC: 0/0 objects in disregard for GC pool
[2016.04.27-17.15.54:795][  0]LogInit: WinSock: version 1.1 (2.2), MaxSocks=32767, MaxUdp=65467
[2016.04.27-17.15.54:884][  0]LogSlate: SlateFontCache - WITH_FREETYPE: 1, WITH_HARFBUZZ: 1
[2016.04.27-17.15.54:884][  0]LogSlate: SlateFontCache - WITH_FREETYPE: 1, WITH_HARFBUZZ: 1
[2016.04.27-17.15.55:004][  0]LogStreaming:Warning: Failed to read file '../../../Engine/Content/Editor/Slate/Common/Selection_16x.png' error.
[2016.04.27-17.15.55:004][  0]LogSlate: Could not find file for Slate resource: ../../../Engine/Content/Editor/Slate/Common/Selection_16x.png
[2016.04.27-17.15.55:004][  0]LogStreaming:Warning: Failed to read file '../../../Engine/Content/Editor/Slate/Common/Selection_16x.png' error.
[2016.04.27-17.15.55:004][  0]LogSlate: Could not find file for Slate resource: ../../../Engine/Content/Editor/Slate/Common/Selection_16x.png
[2016.04.27-17.15.55:004][  0]LogStreaming:Warning: Failed to read file '../../../Engine/Content/Editor/Slate/Common/Selection_16x.png' error.
[2016.04.27-17.15.55:004][  0]LogSlate: Could not find file for Slate resource: ../../../Engine/Content/Editor/Slate/Common/Selection_16x.png
[2016.04.27-17.15.55:650][  0]LogSubstanceCoreModule: Substance CPU Engine Loaded, Max Texture Size 2048
[2016.04.27-17.15.55:657][  0]LogUdpMessaging: Initializing bridge on interface 0.0.0.0:0 to multicast group 230.0.0.1:6666.
[2016.04.27-17.15.55:756][  0]LogAssetRegistry: FAssetRegistry took 0.0196 seconds to start up
[2016.04.27-17.15.56:034][  0]SourceControl: Info Source control is disabled
[2016.04.27-17.15.56:035][  0]SourceControl: Info Source control is disabled
[2016.04.27-17.15.56:043][  0]SourceControl: Info Source control is disabled
[2016.04.27-17.15.56:050][  0]SourceControl: Info Source control is disabled
[2016.04.27-17.15.56:501][  0]LogEngine: Initializing Engine...
[2016.04.27-17.15.56:501][  0]LogHMD: SteamVR failed to initialize.  Err: 110
[2016.04.27-17.15.56:502][  0]LogHMD: SteamVR failed to initialize.  Err: 110
[2016.04.27-17.15.56:679][  0]LogAIModule: Creating AISystem for world NewWorld
[2016.04.27-17.15.56:692][  0]LogInit: XAudio2 using 'Speakers (Realtek High Definition Audio)' : 2 channels at 48 kHz using 32 bits per sample (channel mask 0x3)
[2016.04.27-17.15.56:708][  0]LogInit: FAudioDevice initialized.
[2016.04.27-17.15.56:736][  0]LogDerivedDataCache: Saved boot cache 0.03s 46MB C:/Users/Mullen IX/AppData/Local/UnrealEngine/4.11/DerivedDataCache/Boot.ddc.
[2016.04.27-17.15.56:744][  0]LogInit: Texture streaming: Enabled
[2016.04.27-17.15.56:764][  0]LogInit: Transaction tracking system initialized
[2016.04.27-17.15.56:785][  0]BlueprintLog: New page: Editor Load
[2016.04.27-17.15.56:851][  0]LocalizationService: Info Localization service is disabled
[2016.04.27-17.15.56:910][  0]LogConsoleResponse:Display: 
[2016.04.27-17.15.57:020][  0]LogCook:Display: Max memory allowance for cook 8192mb
[2016.04.27-17.15.57:020][  0]LogCook:Display: Mobile HDR setting 1
[2016.04.27-17.15.57:020][  0]LogCook:Display: Done creating registry. It took  0.00s.
[2016.04.27-17.15.57:065][  0]LogFileCache: Scanning file cache for directory 'F:/University/Year 2/Experimental Games/Macbeth/Macbeth/Content/' took 0.01s
[2016.04.27-17.15.57:065][  0]SourceControl: Info Source control is disabled
[2016.04.27-17.15.57:065][  0]Cmd: MAP LOAD FILE="F:/University/Year 2/Experimental Games/Macbeth/Macbeth/Content/ThirdPersonBP/Maps/ThirdPersonExampleMap.umap" TEMPLATE=0 SHOWPROGRESS=1 FEATURELEVEL=3
[2016.04.27-17.15.57:067][  0]LightingResults: New page: Lighting Build
[2016.04.27-17.15.57:069][  0]MapCheck: New page: Map Check
[2016.04.27-17.15.57:069][  0]LightingResults: New page: Lighting Build
[2016.04.27-17.15.58:155][  0]LogAIModule: Creating AISystem for world ThirdPersonExampleMap
[2016.04.27-17.15.58:328][  0]LogMaterial:Warning: Material /Game/Assets/Rocks/Rocks_Mat.Rocks_Mat needed to have new flag set bUsedWithInstancedStaticMeshes !
[2016.04.27-17.15.58:330][  0]LogMaterial: Missing cached shader map for material Rocks_Mat, compiling. 
[2016.04.27-17.15.58:370][  0]MapCheck:Warning: Warning Rocks_Mat Material /Game/Assets/Rocks/Rocks_Mat.Rocks_Mat was missing the usage flag bUsedWithInstancedStaticMeshes. If the material asset is not re-saved, it may not render correctly when run outside the editor. Fix
[2016.04.27-17.15.58:371][  0]LogMaterial: 0.00 seconds spent updating 1 materials, 1 interfaces, 0 instances, 0 with static permutations.
[2016.04.27-17.15.58:389][  0]LogMaterial:Warning: Material /Game/Assets/Flowers/Grass.Grass needed to have new flag set bUsedWithInstancedStaticMeshes !
[2016.04.27-17.15.58:392][  0]LogMaterial: Missing cached shader map for material Grass, compiling. 
[2016.04.27-17.15.58:422][  0]MapCheck:Warning: Warning Grass Material /Game/Assets/Flowers/Grass.Grass was missing the usage flag bUsedWithInstancedStaticMeshes. If the material asset is not re-saved, it may not render correctly when run outside the editor. Fix
[2016.04.27-17.15.58:422][  0]LogMaterial: 0.00 seconds spent updating 1 materials, 1 interfaces, 0 instances, 0 with static permutations.
[2016.04.27-17.15.58:424][  0]LogMaterial:Warning: Material /Game/Assets/Flowers/Flowers.Flowers needed to have new flag set bUsedWithInstancedStaticMeshes !
[2016.04.27-17.15.58:426][  0]LogMaterial: Missing cached shader map for material Flowers, compiling. 
[2016.04.27-17.15.58:449][  0]MapCheck:Warning: Warning Flowers Material /Game/Assets/Flowers/Flowers.Flowers was missing the usage flag bUsedWithInstancedStaticMeshes. If the material asset is not re-saved, it may not render correctly when run outside the editor. Fix
[2016.04.27-17.15.58:449][  0]LogMaterial: 0.00 seconds spent updating 1 materials, 1 interfaces, 0 instances, 0 with static permutations.
[2016.04.27-17.15.58:449][  0]LogMaterial:Warning: Material /Game/Assets/Pine_Trees/pine_tree.pine_tree needed to have new flag set bUsedWithInstancedStaticMeshes !
[2016.04.27-17.15.58:452][  0]LogMaterial: Missing cached shader map for material pine_tree, compiling. 
[2016.04.27-17.15.58:473][  0]MapCheck:Warning: Warning pine_tree Material /Game/Assets/Pine_Trees/pine_tree.pine_tree was missing the usage flag bUsedWithInstancedStaticMeshes. If the material asset is not re-saved, it may not render correctly when run outside the editor. Fix
[2016.04.27-17.15.58:473][  0]LogMaterial: 0.00 seconds spent updating 1 materials, 1 interfaces, 0 instances, 0 with static permutations.
[2016.04.27-17.15.58:588][  0]LogEditorServer: Finished looking for orphan Actors (0.000 secs)
[2016.04.27-17.15.58:589][  0]Cmd: MAP CHECKDEP NOCLEARLOG
[2016.04.27-17.15.58:691][  0]MapCheck: Info Map check complete: 0 Error(s), 4 Warning(s), took 102.706ms to complete.
[2016.04.27-17.15.58:703][  0]LogFileHelpers: Loading map 'ThirdPersonExampleMap' took 1.637
[2016.04.27-17.15.58:870][  0]LogCollectionManager: Loaded 0 collections in 0.002622 seconds
[2016.04.27-17.15.58:911][  0]LogFileCache: Scanning file cache for directory 'F:/University/Year 2/Experimental Games/Macbeth/Macbeth/Saved/Collections/' took 0.01s
[2016.04.27-17.15.58:911][  0]LogFileCache: Scanning file cache for directory 'F:/University/Year 2/Experimental Games/Macbeth/Macbeth/Content/Developers/MullenIX/Collections/' took 0.01s
[2016.04.27-17.15.58:911][  0]LogFileCache: Scanning file cache for directory 'F:/University/Year 2/Experimental Games/Macbeth/Macbeth/Content/Collections/' took 0.01s
[2016.04.27-17.15.58:911][  0]LogCollectionManager: Rebuilt the GUID cache for 0 collections in 0.000003 seconds
[2016.04.27-17.15.58:926][  0]LogContentBrowser: Native class hierarchy populated in 0.0147 seconds. Added 1994 classes and 349 folders.
[2016.04.27-17.15.58:932][  0]LogStats: UGameplayTagsManager::ConstructGameplayTagTree: Construct from data asset -  0.000 s
[2016.04.27-17.15.58:932][  0]LogStats: UGameplayTagsManager::ConstructGameplayTagTree: GameplayTagTreeChangedEvent.Broadcast -  0.000 s
[2016.04.27-17.15.58:933][  0]LogContentBrowser: Native class hierarchy updated for 'GameplayTags' in 0.0006 seconds. Added 12 classes and 0 folders.
[2016.04.27-17.15.58:941][  0]LogContentBrowser: Native class hierarchy updated for 'WidgetCarousel' in 0.0007 seconds. Added 0 classes and 0 folders.
[2016.04.27-17.15.58:949][  0]LogContentBrowser: Native class hierarchy updated for 'SuperSearch' in 0.0005 seconds. Added 1 classes and 2 folders.
[2016.04.27-17.15.59:010][  0]LogContentBrowser: Native class hierarchy updated for 'AddContentDialog' in 0.0007 seconds. Added 0 classes and 0 folders.
[2016.04.27-17.15.59:016][  0]LogContentBrowser: Native class hierarchy updated for 'SceneOutliner' in 0.0007 seconds. Added 1 classes and 2 folders.
[2016.04.27-17.15.59:054][  0]LogCrashTracker: Crashtracker disabled due to settings.
[2016.04.27-17.15.59:059][  0]LogUObjectGlobals:Warning: Failed to find object 'Class None.'
[2016.04.27-17.15.59:086][  0]LogContentBrowser: Native class hierarchy updated for 'HierarchicalLODOutliner' in 0.0008 seconds. Added 1 classes and 2 folders.
[2016.04.27-17.15.59:086][  0]LogLoad: Full Startup: 7.77 seconds (BP compile: 0.12 seconds)
[2016.04.27-17.15.59:086][  0]LogExternalProfiler:Warning: No registered external profiler was matched with a command-line switch (or the DLL could not be loaded).  External profiling features will not be available.
[2016.04.27-17.15.59:096][  0]LogOcInput: OculusInput pre-init called
[2016.04.27-17.15.59:163][  0]LogContentStreaming: Texture pool size now 1000 MB
[2016.04.27-17.15.59:401][  0]LogRenderer: Reallocating scene render targets to support 1208x576 (Frame:2).
[2016.04.27-17.15.59:507][  1]Cmd: UpdateLandscapeEditorData -warnings
[2016.04.27-17.15.59:636][  2]LogAssetRegistry: Asset discovery search completed in 3.8987 seconds
[2016.04.27-17.15.59:636][  2]LogCollectionManager: Rebuilt the object cache for 0 collections in 0.000001 seconds (found 0 objects)
[2016.04.27-17.15.59:636][  2]LogCollectionManager: Fixed up redirectors for 0 collections in 0.000034 seconds (updated 0 objects)
[2016.04.27-17.16.03:617][332]LogTexture:Display: Building textures: Texture2D_2 (G8)
[2016.04.27-17.17.24:207][724]LogSavePackage: Save=3194.51ms
[2016.04.27-17.17.24:209][724]LogSavePackage: Moving 'F:/University/Year 2/Experimental Games/Macbeth/Macbeth/Saved/ThirdPersonExampleMap361AD77642AC09DE81D2EA9C570F1CFA.tmp' to 'F:/University/Year 2/Experimental Games/Macbeth/Macbeth/Content/ThirdPersonBP/Maps/ThirdPersonExampleMap.umap'
[2016.04.27-17.17.24:221][724]LogSavePackage: Total save time: 4908.02ms
[2016.04.27-17.17.24:221][724]LogSavePackage:Display: Finished SavePackage F:/University/Year 2/Experimental Games/Macbeth/Macbeth/Content/ThirdPersonBP/Maps/ThirdPersonExampleMap.umap
[2016.04.27-17.17.26:909][ 14]LogActorComponent: UnregisterComponent: (/Engine/Transient.SphereBrushComponent) Not registered. Aborting.
[2016.04.27-17.18.05:979][527]LogEditorViewport: Clicking on Actor (LMB): Candle_Block_ModelBP_1_C (Candle_Block_ModelBP_19)
[2016.04.27-17.18.19:141][ 28]LogEditorViewport: Clicking on Actor (LMB): BP_Sky_Sphere_C (SkySphereBlueprint)
[2016.04.27-17.18.21:736][312]LogTexture:Display: Building textures: Texture2D_10 (BGRA8)
[2016.04.27-17.18.24:795][312]LogSavePackage: Save=3133.67ms
[2016.04.27-17.18.24:796][312]LogSavePackage: Moving 'F:/University/Year 2/Experimental Games/Macbeth/Macbeth/Saved/ThirdPersonExampleMap1BECE6134F37C2201F4528B2F04D3BB9.tmp' to 'F:/University/Year 2/Experimental Games/Macbeth/Macbeth/Content/ThirdPersonBP/Maps/ThirdPersonExampleMap.umap'
[2016.04.27-17.18.24:808][312]LogSavePackage: Total save time: 3147.29ms
[2016.04.27-17.18.24:808][312]LogSavePackage:Display: Finished SavePackage F:/University/Year 2/Experimental Games/Macbeth/Macbeth/Content/ThirdPersonBP/Maps/ThirdPersonExampleMap.umap
[2016.04.27-17.18.33:920][279]LogStaticMesh: Building static mesh Fallen_pine_tree...
[2016.04.27-17.18.33:932][279]LogStaticMesh: Built static mesh [0.01s] /Game/Assets/Pine_Trees/Fallen_pine_tree.Fallen_pine_tree
[2016.04.27-17.18.34:024][286]LogActorFactory: Actor Factory created Fallen_pine_tree
[2016.04.27-17.18.36:236][520]LogActorFactory: Actor Factory created Fallen_pine_tree
[2016.04.27-17.19.03:268][507]LogEditorViewport: Clicking on Actor (LMB): Landscape (Landscape)
[2016.04.27-17.19.10:582][300]LogEditorViewport: Clicking on Actor (LMB): StaticMeshActor (Fallen_pine_tree)
[2016.04.27-17.19.12:676][538]Cmd: EDIT COPY
[2016.04.27-17.19.13:012][574]Cmd: EDIT PASTE
[2016.04.27-17.19.21:651][513]Cmd: EDIT COPY
[2016.04.27-17.19.21:877][537]Cmd: EDIT PASTE
[2016.04.27-17.19.31:075][506]LogEditorViewport: Clicking on Actor (LMB): BP_Sky_Sphere_C (SkySphereBlueprint)
[2016.04.27-17.19.34:039][813]LogEditorViewport: Clicking on Actor (LMB): StaticMeshActor (Fallen_pine_tree3)
[2016.04.27-17.19.36:868][126]LogEditorViewport: Clicking on Actor (LMB): StaticMeshActor (Fallen_pine_tree3)
[2016.04.27-17.19.37:864][236]LogEditorViewport: Clicking on Actor (LMB): BP_Sky_Sphere_C (SkySphereBlueprint)
[2016.04.27-17.19.38:906][348]LogEditorViewport: Clicking on Actor (LMB): StaticMeshActor (Fallen_pine_tree3)
[2016.04.27-17.19.41:590][630]LogEditorViewport: Clicking on Actor (LMB): BP_Sky_Sphere_C (SkySphereBlueprint)
[2016.04.27-17.20.06:137][424]LogEditorViewport: Clicking on Actor (context menu): Landscape (Landscape)
[2016.04.27-17.20.11:815][  9]LogEditorViewport: Clicking on Actor (LMB): StaticMeshActor (Fallen_pine_tree3)
[2016.04.27-17.20.12:952][136]Cmd: DELETE
[2016.04.27-17.20.12:952][136]Cmd: ACTOR DELETE
[2016.04.27-17.20.12:953][136]LogEditorActor: Deleted Actor: StaticMeshActor
[2016.04.27-17.20.12:964][136]LogEditorActor: Deleted 1 Actors (0.012 secs)
[2016.04.27-17.20.13:662][219]LogEditorViewport: Clicking on Actor (LMB): StaticMeshActor (Fallen_pine_tree2)
[2016.04.27-17.20.13:847][235]Cmd: DELETE
[2016.04.27-17.20.13:847][235]Cmd: ACTOR DELETE
[2016.04.27-17.20.13:848][235]LogEditorActor: Deleted Actor: StaticMeshActor
[2016.04.27-17.20.13:857][235]LogEditorActor: Deleted 1 Actors (0.011 secs)
[2016.04.27-17.20.14:286][286]LogEditorViewport: Clicking on Actor (LMB): StaticMeshActor (Fallen_pine_tree)
[2016.04.27-17.20.14:420][297]Cmd: DELETE
[2016.04.27-17.20.14:420][297]Cmd: ACTOR DELETE
[2016.04.27-17.20.14:421][297]LogEditorActor: Deleted Actor: StaticMeshActor
[2016.04.27-17.20.14:431][297]LogEditorActor: Deleted 1 Actors (0.011 secs)
[2016.04.27-17.20.25:655][549]LogActorFactory: Actor Factory created Rock_1
[2016.04.27-17.20.30:393][111]LogActorFactory: Actor Factory created Rock_1
[2016.04.27-17.20.35:714][694]LogActorFactory: Actor Factory created Rock_4
[2016.04.27-17.20.38:765][  1]LogActorFactory: Actor Factory created Rock_4
[2016.04.27-17.20.39:515][ 71]LogActorFactory: Actor Factory created Rock_3
[2016.04.27-17.20.40:390][158]LogActorFactory: Actor Factory created Rock_3
[2016.04.27-17.20.42:065][321]LogActorFactory: Actor Factory created Rock_4
[2016.04.27-17.20.42:740][388]LogActorFactory: Actor Factory created Rock_4
[2016.04.27-17.20.44:158][535]LogActorFactory: Actor Factory created Rock_3
[2016.04.27-17.20.46:896][828]LogActorFactory: Actor Factory created Rock_3
[2016.04.27-17.20.47:612][885]LogActorFactory: Actor Factory created Rock_1
[2016.04.27-17.20.48:070][922]LogActorFactory: Actor Factory created Rock_1
[2016.04.27-17.20.50:345][175]LogEditorViewport: Clicking on Actor (LMB): InstancedFoliageActor (InstancedFoliageActor1)
[2016.04.27-17.20.51:294][271]LogEditorViewport: Clicking on Actor (LMB): BP_Sky_Sphere_C (SkySphereBlueprint)
[2016.04.27-17.20.53:841][532]LogEditorViewport: Clicking on Actor (LMB): StaticMeshActor (Rock_5)
[2016.04.27-17.20.58:174][990]LogEditorViewport: Clicking on Actor (LMB): BP_Sky_Sphere_C (SkySphereBlueprint)
[2016.04.27-17.21.01:674][355]LogEditorViewport: Clicking on Actor (LMB): StaticMeshActor (Rock_2)
[2016.04.27-17.21.04:149][600]LogEditorViewport: Clicking on Actor (LMB): BP_Sky_Sphere_C (SkySphereBlueprint)
[2016.04.27-17.21.19:543][282]LogEditorViewport: Clicking on Actor (LMB): Candle_Block_ModelBP_1_C (Candle_Block_ModelBP_19)
[2016.04.27-17.21.27:622][182]LogEditorViewport: Clicking on Actor (LMB): BP_Sky_Sphere_C (SkySphereBlueprint)
[2016.04.27-17.21.37:174][228]LogEditorViewport: Clicking on Actor (LMB): InstancedFoliageActor (InstancedFoliageActor1)
[2016.04.27-17.21.37:750][287]LogEditorViewport: Clicking on Actor (LMB): InstancedFoliageActor (InstancedFoliageActor1)
[2016.04.27-17.21.38:191][337]LogEditorViewport: Clicking on Actor (LMB): Candle_Block_ModelBP_1_C (Candle_Block_ModelBP_16)
[2016.04.27-17.21.45:165][ 81]LogEditorViewport: Clicking on Actor (LMB): Candle_Block_ModelBP_1_C (Candle_Block_ModelBP_19)
[2016.04.27-17.21.51:381][748]LogEditorViewport: Clicking on Actor (LMB): BP_Sky_Sphere_C (SkySphereBlueprint)
[2016.04.27-17.21.56:895][982]LogSavePackage: Save=3114.91ms
[2016.04.27-17.21.56:896][982]LogSavePackage: Moving 'F:/University/Year 2/Experimental Games/Macbeth/Macbeth/Saved/ThirdPersonExampleMapCBEFC0FF4FDF1F15BCDFBCB30B20D338.tmp' to 'F:/University/Year 2/Experimental Games/Macbeth/Macbeth/Content/ThirdPersonBP/Maps/ThirdPersonExampleMap.umap'
[2016.04.27-17.21.56:907][982]LogSavePackage: Total save time: 3128.28ms
[2016.04.27-17.21.56:907][982]LogSavePackage:Display: Finished SavePackage F:/University/Year 2/Experimental Games/Macbeth/Macbeth/Content/ThirdPersonBP/Maps/ThirdPersonExampleMap.umap
[2016.04.27-17.22.17:131][225]LogEditorViewport: Clicking on Actor (LMB): Landscape (Landscape)
[2016.04.27-17.22.17:663][278]LogEditorViewport: Clicking on Actor (LMB): Candle_Block_ModelBP_1_C (Candle_Block_ModelBP_60)
[2016.04.27-17.22.18:659][391]Cmd: DELETE
[2016.04.27-17.22.18:659][391]Cmd: ACTOR DELETE
[2016.04.27-17.22.18:661][391]LogEditorActor: Deleted Actor: Candle_Block_ModelBP_1_C
[2016.04.27-17.22.18:672][391]LogEditorActor: Deleted 1 Actors (0.013 secs)
[2016.04.27-17.22.26:555][298]LogEditorViewport: Clicking on Actor (LMB): Candle_Block_ModelBP_1_C (Candle_Block_ModelBP_61)
[2016.04.27-17.22.38:251][567]LogEditorViewport: Clicking on Actor (LMB): Candle_Block_ModelBP_2_C (Candle_Block_ModelBP_12)
[2016.04.27-17.22.52:832][162]LogEditorViewport: Clicking on Actor (LMB): Candle_Block_ModelBP_1_C (Candle_Block_ModelBP_13)
[2016.04.27-17.22.58:041][718]LogEditorViewport: Clicking on Actor (LMB): Candle_Block_ModelBP_1_C (Candle_Block_ModelBP_14)
[2016.04.27-17.23.03:130][250]LogEditorViewport: Clicking on Actor (LMB): InstancedFoliageActor (InstancedFoliageActor1)
[2016.04.27-17.23.03:736][302]LogEditorViewport: Clicking on Actor (LMB): Candle_Block_ModelBP_2_C (Candle_Block_ModelBP_15)
[2016.04.27-17.23.10:497][ 47]LogEditorViewport: Clicking on Actor (LMB): Candle_Block_ModelBP_2_C (Candle_Block_ModelBP_18)
[2016.04.27-17.23.17:547][756]LogEditorViewport: Clicking on Actor (LMB): Candle_Block_ModelBP_1_C (Candle_Block_ModelBP_17)
[2016.04.27-17.23.20:901][147]Cmd: DELETE
[2016.04.27-17.23.20:901][147]Cmd: ACTOR DELETE
[2016.04.27-17.23.20:902][147]LogEditorActor: Deleted Actor: Candle_Block_ModelBP_1_C
[2016.04.27-17.23.20:923][147]LogEditorActor: Deleted 1 Actors (0.022 secs)
[2016.04.27-17.23.46:266][569]LogSavePackage: Save=3005.31ms
[2016.04.27-17.23.46:267][569]LogSavePackage: Moving 'F:/University/Year 2/Experimental Games/Macbeth/Macbeth/Saved/ThirdPersonExampleMapF13C0B244BC4ED29C64F4B9F37360324.tmp' to 'F:/University/Year 2/Experimental Games/Macbeth/Macbeth/Content/ThirdPersonBP/Maps/ThirdPersonExampleMap.umap'
[2016.04.27-17.23.46:279][569]LogSavePackage: Total save time: 4906.48ms
[2016.04.27-17.23.46:279][569]LogSavePackage:Display: Finished SavePackage F:/University/Year 2/Experimental Games/Macbeth/Macbeth/Content/ThirdPersonBP/Maps/ThirdPersonExampleMap.umap
[2016.04.27-17.23.50:282][984]LogMaterial: Missing cached shader map for material Material_0, compiling. 
[2016.04.27-17.23.50:366][985]LogMaterial: Missing cached shader map for material Material_1, compiling. 
[2016.04.27-17.24.01:273][ 80]LogMaterial: Missing cached shader map for material M_Add_Sprite_SubUV_Master, compiling. 
[2016.04.27-17.24.01:292][ 80]LogTexture:Display: Building textures: T_Sparks_03_SubUV_1_4 (AutoDXT)
[2016.04.27-17.24.01:364][ 80]LogMaterial: Missing cached shader map for material M_Add_Sprite_Master_DepthFade, compiling. 
[2016.04.27-17.24.01:383][ 80]LogTexture:Display: Building textures: FX_Glow_12alpha (AutoDXT)
[2016.04.27-17.24.01:649][ 80]LogTexture:Display: Building textures: T_Fire_subUV_6X6 (AutoDXT)
[2016.04.27-17.24.02:147][ 80]LogTexture:Display: Building textures: ThumbnailTexture (DXT1)
[2016.04.27-17.24.11:482][925]Cmd: DELETE
[2016.04.27-17.24.11:482][925]Cmd: ACTOR DELETE
[2016.04.27-17.24.11:484][925]LogEditorActor: Deleted Actor: Emitter
[2016.04.27-17.24.11:494][925]LogEditorActor: Deleted 1 Actors (0.012 secs)
[2016.04.27-17.24.27:901][654]LogEditorViewport: Clicking on Actor (LMB): Emitter (P_Env_Fire_Grate_01)
[2016.04.27-17.25.19:476][817]LogEditorViewport: Clicking on Actor (LMB): BP_Sky_Sphere_C (SkySphereBlueprint)
[2016.04.27-17.25.26:225][543]LogEditorViewport: Clicking on Actor (LMB): Emitter (P_Env_Fire_Grate_01)
[2016.04.27-17.25.28:835][844]Cmd: EDIT COPY
[2016.04.27-17.25.29:157][881]Cmd: EDIT PASTE
[2016.04.27-17.25.31:642][170]LogEditorViewport: Clicking on Actor (LMB): Emitter (P_Env_Fire_Grate_01)
[2016.04.27-17.25.38:745][987]LogEditorViewport: Clicking on Actor (LMB): Emitter (P_Env_Fire_Grate_01)
[2016.04.27-17.25.56:590][999]LogEditorViewport: Clicking on Actor (LMB): Emitter (P_Env_Fire_Grate_01)
[2016.04.27-17.25.59:643][341]LogEditorViewport: Clicking on Actor (LMB): Emitter (P_Env_Fire_Grate_01)
[2016.04.27-17.26.04:668][923]LogEditorActor: Deleted Actor: Emitter
[2016.04.27-17.26.04:678][923]LogEditorActor: Deleted 1 Actors (0.011 secs)
[2016.04.27-17.26.10:138][557]Cmd: EDIT COPY
[2016.04.27-17.26.12:011][776]Cmd: EDIT PASTE
[2016.04.27-17.27.01:629][698]LogSavePackage: Save=3108.84ms
[2016.04.27-17.27.01:630][698]LogSavePackage: Moving 'F:/University/Year 2/Experimental Games/Macbeth/Macbeth/Saved/ThirdPersonExampleMap5A3148E649ACC455FA9354BE5EB77BB6.tmp' to 'F:/University/Year 2/Experimental Games/Macbeth/Macbeth/Content/ThirdPersonBP/Maps/ThirdPersonExampleMap.umap'
[2016.04.27-17.27.01:642][698]LogSavePackage: Total save time: 3122.24ms
[2016.04.27-17.27.01:642][698]LogSavePackage:Display: Finished SavePackage F:/University/Year 2/Experimental Games/Macbeth/Macbeth/Content/ThirdPersonBP/Maps/ThirdPersonExampleMap.umap
[2016.04.27-17.28.04:694][479]LogEditorViewport: Clicking on Actor (LMB): BP_Sky_Sphere_C (SkySphereBlueprint)
[2016.04.27-17.28.08:983][916]LogEditorViewport: Clicking on Actor (LMB): Emitter (P_Env_Fire_Grate_3)
[2016.04.27-17.28.13:926][475]LogEditorViewport: Clicking on Actor (context menu): Emitter (P_Env_Fire_Grate_3)
[2016.04.27-17.28.15:920][703]LogEditorViewport: Clicking on Actor (LMB): BP_Sky_Sphere_C (SkySphereBlueprint)
[2016.04.27-17.28.31:281][453]LogSavePackage: Save=3108.29ms
[2016.04.27-17.28.31:281][453]LogSavePackage: Moving 'F:/University/Year 2/Experimental Games/Macbeth/Macbeth/Saved/ThirdPersonExampleMap4136BBA642A36507CD2B5E941F116194.tmp' to 'F:/University/Year 2/Experimental Games/Macbeth/Macbeth/Content/ThirdPersonBP/Maps/ThirdPersonExampleMap.umap'
[2016.04.27-17.28.31:294][453]LogSavePackage: Total save time: 3122.10ms
[2016.04.27-17.28.31:294][453]LogSavePackage:Display: Finished SavePackage F:/University/Year 2/Experimental Games/Macbeth/Macbeth/Content/ThirdPersonBP/Maps/ThirdPersonExampleMap.umap
[2016.04.27-17.28.53:060][868]LogMaterial: Missing cached shader map for material Material_2, compiling. 
[2016.04.27-17.28.53:145][869]LogMaterial: Missing cached shader map for material Material_3, compiling. 
[2016.04.27-17.29.45:245][366]LogTexture:Display: Building textures: T_Plains_Ruins_Cage_D (AutoDXT)
[2016.04.27-17.29.48:745][366]LogTexture:Display: Building textures: T_Plains_Ruins_Cage_N (BC5)
[2016.04.27-17.29.49:224][366]LogMaterial: Missing cached shader map for material M_Plains_Cage, compiling. 
[2016.04.27-17.29.49:251][366]LogStaticMesh: Building static mesh SM_Plains_Ruins_Cage_Broken_02...
[2016.04.27-17.29.49:280][366]LogStaticMesh: Built static mesh [0.03s] /Game/InfinityBladeGrassLands/Environments/Plains/Env_Plains_Ruins/StaticMesh/SM_Plains_Ruins_Cage_Broken_02.SM_Plains_Ruins_Cage_Broken_02
[2016.04.27-17.29.49:325][366]LogActorFactory: Actor Factory created SM_Plains_Ruins_Cage_Broken_02
[2016.04.27-17.29.51:689][517]LogActorFactory: Actor Factory created SM_Plains_Ruins_Cage_Broken_02
[2016.04.27-17.30.11:167][503]LogEditorViewport: Clicking on Actor (LMB): StaticMeshActor (SM_Plains_Ruin_BuildingLOD8)
[2016.04.27-17.30.18:342][319]Cmd: DELETE
[2016.04.27-17.30.18:342][319]Cmd: ACTOR DELETE
[2016.04.27-17.30.18:344][319]LogEditorActor: Deleted Actor: StaticMeshActor
[2016.04.27-17.30.18:344][319]LogActorComponent: UnregisterComponent: (/Engine/Transient.CharMoveComp) Not registered. Aborting.
[2016.04.27-17.30.18:355][319]LogEditorActor: Deleted 1 Actors (0.013 secs)
[2016.04.27-17.30.20:088][526]Cmd: TRANSACTION UNDO
[2016.04.27-17.30.20:088][526]LogEditorTransaction: Undo Delete Actors
[2016.04.27-17.30.20:917][596]LogEditorViewport: Clicking on Actor (LMB): StaticMeshActor (SM_Plains_Ruins_Cage_Broken_02)
[2016.04.27-17.30.22:374][754]Cmd: DELETE
[2016.04.27-17.30.22:374][754]Cmd: ACTOR DELETE
[2016.04.27-17.30.22:375][754]LogEditorActor: Deleted Actor: StaticMeshActor
[2016.04.27-17.30.22:385][754]LogEditorActor: Deleted 1 Actors (0.011 secs)
[2016.04.27-17.30.26:588][237]LogBlueprintUserMessages: Early PlayInEditor Detection: Level '/Game/ThirdPersonBP/Maps/ThirdPersonExampleMap.ThirdPersonExampleMap:PersistentLevel' has LevelScriptBlueprint '/Game/ThirdPersonBP/Maps/ThirdPersonExampleMap.ThirdPersonExampleMap:PersistentLevel.ThirdPersonExampleMap' with GeneratedClass '/Game/ThirdPersonBP/Maps/ThirdPersonExampleMap.ThirdPersonExampleMap_C' with ClassGeneratedBy '/Game/ThirdPersonBP/Maps/ThirdPersonExampleMap.ThirdPersonExampleMap:PersistentLevel.ThirdPersonExampleMap'
[2016.04.27-17.30.26:588][237]LogPlayLevel: PlayLevel: No blueprints needed recompiling
[2016.04.27-17.30.26:588][237]PIE: New page: PIE session: ThirdPersonExampleMap (27 Apr 2016 18:30:26)
[2016.04.27-17.30.26:588][237]LogPlayLevel: Creating play world package: /Game/ThirdPersonBP/Maps/UEDPIE_0_ThirdPersonExampleMap
[2016.04.27-17.30.26:793][237]LogPlayLevel: PIE: StaticDuplicateObject took: (0.204666s)
[2016.04.27-17.30.26:794][237]LogAIModule: Creating AISystem for world ThirdPersonExampleMap
[2016.04.27-17.30.26:794][237]LogPlayLevel: PIE: World Init took: (0.000951s)
[2016.04.27-17.30.26:794][237]LogPlayLevel: PIE: Created PIE world by copying editor world from /Game/ThirdPersonBP/Maps/ThirdPersonExampleMap.ThirdPersonExampleMap to /Game/ThirdPersonBP/Maps/UEDPIE_0_ThirdPersonExampleMap.ThirdPersonExampleMap (0.205931s)
[2016.04.27-17.30.26:814][237]LogInit: XAudio2 using 'Speakers (Realtek High Definition Audio)' : 2 channels at 48 kHz using 32 bits per sample (channel mask 0x3)
[2016.04.27-17.30.26:829][237]LogInit: FAudioDevice initialized.
[2016.04.27-17.30.26:876][237]LogWorld: Game class is 'ThirdPersonGameMode_C'
[2016.04.27-17.30.26:961][237]LogWorld: Bringing World /Game/ThirdPersonBP/Maps/UEDPIE_0_ThirdPersonExampleMap.ThirdPersonExampleMap up for play (max tick rate 0) at 2016.04.27-18.30.26
[2016.04.27-17.30.26:967][237]LogWorld: Bringing up level for play took: 0.089140
[2016.04.27-17.30.26:971][237]LogContentBrowser: Native class hierarchy updated for 'MovieSceneCapture' in 0.0005 seconds. Added 9 classes and 0 folders.
[2016.04.27-17.30.26:972][237]PIE: Info Play in editor start time for /Game/ThirdPersonBP/Maps/UEDPIE_0_ThirdPersonExampleMap 0.882
[2016.04.27-17.30.26:972][237]LogBlueprintUserMessages: Late PlayInEditor Detection: Level '/Game/ThirdPersonBP/Maps/ThirdPersonExampleMap.ThirdPersonExampleMap:PersistentLevel' has LevelScriptBlueprint '/Game/ThirdPersonBP/Maps/ThirdPersonExampleMap.ThirdPersonExampleMap:PersistentLevel.ThirdPersonExampleMap' with GeneratedClass '/Game/ThirdPersonBP/Maps/ThirdPersonExampleMap.ThirdPersonExampleMap_C' with ClassGeneratedBy '/Game/ThirdPersonBP/Maps/ThirdPersonExampleMap.ThirdPersonExampleMap:PersistentLevel.ThirdPersonExampleMap'
[2016.04.27-17.30.32:630][311]LogBlueprintUserMessages: Early EndPlayMap Detection: Level '/Game/ThirdPersonBP/Maps/ThirdPersonExampleMap.ThirdPersonExampleMap:PersistentLevel' has LevelScriptBlueprint '/Game/ThirdPersonBP/Maps/ThirdPersonExampleMap.ThirdPersonExampleMap:PersistentLevel.ThirdPersonExampleMap' with GeneratedClass '/Game/ThirdPersonBP/Maps/ThirdPersonExampleMap.ThirdPersonExampleMap_C' with ClassGeneratedBy '/Game/ThirdPersonBP/Maps/ThirdPersonExampleMap.ThirdPersonExampleMap:PersistentLevel.ThirdPersonExampleMap'
[2016.04.27-17.30.32:736][311]LogBlueprintUserMessages: Late EndPlayMap Detection: Level '/Game/ThirdPersonBP/Maps/ThirdPersonExampleMap.ThirdPersonExampleMap:PersistentLevel' has LevelScriptBlueprint '/Game/ThirdPersonBP/Maps/ThirdPersonExampleMap.ThirdPersonExampleMap:PersistentLevel.ThirdPersonExampleMap' with GeneratedClass '/Game/ThirdPersonBP/Maps/ThirdPersonExampleMap.ThirdPersonExampleMap_C' with ClassGeneratedBy '/Game/ThirdPersonBP/Maps/ThirdPersonExampleMap.ThirdPersonExampleMap:PersistentLevel.ThirdPersonExampleMap'
[2016.04.27-17.30.37:397][830]LogEditorViewport: Clicking on Actor (LMB): Emitter (P_Env_Fire_Grate_3)
[2016.04.27-17.30.49:451][ 67]LogWindows:Error: Windows GetLastError: The operation completed successfully. (0)
[2016.04.27-17.30.49:797][ 67]LogCrashTracker: 


[2016.04.27-17.30.49:805][ 67]LogCrashTracker: 


[2016.04.27-17.30.49:805][ 67]LogWindows:Error: === Critical error: ===
Assertion failed: NewMenu.IsValid() && NewMenu->GetOwnedWindow().IsValid() [File:D:\BuildFarm\buildmachine_++UE4+Release-4.11\Engine\Source\Runtime\Slate\Private\Widgets\Input\SMenuAnchor.cpp] [Line: 370] 





[2016.04.27-17.30.49:858][ 67]LogExit: Executing StaticShutdownAfterError
[2016.04.27-17.30.49:895][ 67]LogPhysics:Warning: PHYSX: ..\..\PhysX\src\NpScene.cpp (2946) 8 : PxScene::unlockWrite() called without matching call to PxScene::lockWrite(), behaviour will be undefined.
[2016.04.27-17.30.49:895][ 67]LogPhysics:Warning: PHYSX: ..\..\PhysX\src\NpScene.cpp (2946) 8 : PxScene::unlockWrite() called without matching call to PxScene::lockWrite(), behaviour will be undefined.
[2016.04.27-17.30.49:895][ 67]LogWindows: FPlatformMisc::RequestExit(1)
[2016.04.27-17.30.49:895][ 67]Log file closed, 04/27/16 18:30:49
