Log file open, 04/27/16 14:22:36
LogInit:Display: Running engine for game: Macbeth
LogPlatformFile: Not using cached read wrapper
LogInit:Display: RandInit(-1418898703) SRandInit(-1418898701).
LogTaskGraph: Started task graph with 4 named threads and 7 total threads.
LogStats: Stats thread started at 2.515520
LogInit: Version: 4.11.1-2934540+++UE4+Release-4.11
LogInit: API Version: 2927265
LogInit: Compiled (64-bit): Apr  6 2016 02:14:16
LogInit: Compiled with Visual C++: 19.00.23026.00
LogInit: Build Configuration: Development
LogInit: Branch Name: ++UE4+Release-4.11
LogInit: Command line:  
LogInit: Base directory: C:/Program Files/Epic Games/4.11/Engine/Binaries/Win64/
LogInit: Installed Engine Build: 1
LogInit: Using libcurl 7.41.0
LogInit:  - built for x86_64-pc-win32
LogInit:  - supports SSL with WinSSL
LogInit:  - other features:
LogInit:      CURL_VERSION_SSL
LogInit:      CURL_VERSION_IPV6
LogInit:      CURL_VERSION_ASYNCHDNS
LogInit:      CURL_VERSION_LARGEFILE
LogInit:      CURL_VERSION_IDN
LogInit:  CurlRequestOptions (configurable via config and command line):
LogInit:  - bVerifyPeer = true  - Libcurl will verify peer certificate
LogInit:  - bUseHttpProxy = false  - Libcurl will NOT use HTTP proxy
LogInit:  - bDontReuseConnections = false  - Libcurl will reuse connections
LogInit:  - CertBundlePath = nullptr  - Libcurl will use whatever was configured at build time.
LogInit: Presizing for max 16777216 objects, including 0 objects not considered by GC, pre-allocating 0 bytes for permanent pool.
LogInit: Object subsystem initialized
[2016.04.27-13.22.36:877][  0]LogInit: Selected Device Profile: [Windows]
[2016.04.27-13.22.36:877][  0]LogInit: Applying CVar settings loaded from the selected device profile: [Windows]
[2016.04.27-13.22.37:001][  0]LogInit: Computer: MULLENIX-PC
[2016.04.27-13.22.37:001][  0]LogInit: User: MullenIX
[2016.04.27-13.22.37:001][  0]LogInit: CPU Page size=65536, Cores=4
[2016.04.27-13.22.37:001][  0]LogInit: High frequency timer resolution =2.610712 MHz
[2016.04.27-13.22.37:003][  0]LogMemory: Memory total: Physical=12.0GB (12GB approx)
[2016.04.27-13.22.37:003][  0]LogMemory: Platform Memory Stats for Windows
[2016.04.27-13.22.37:003][  0]LogMemory: Process Physical Memory: 314.06 MB used, 314.06 MB peak
[2016.04.27-13.22.37:003][  0]LogMemory: Process Virtual Memory: 316.73 MB used, 316.73 MB peak
[2016.04.27-13.22.37:003][  0]LogMemory: Physical Memory: 5009.95 MB used, 12278.99 MB total
[2016.04.27-13.22.37:003][  0]LogMemory: Virtual Memory: 621.01 MB used, 8388608.00 MB total
[2016.04.27-13.22.38:165][  0]LogTextLocalizationManager: No specific translations for ('en-GB') exist, so ('en') translations will be used.
[2016.04.27-13.22.39:322][  0]LogD3D11RHI: D3D11 adapters:
[2016.04.27-13.22.39:450][  0]LogD3D11RHI:    0. 'NVIDIA GeForce GTX 670' (Feature Level 11_0)
[2016.04.27-13.22.39:450][  0]LogD3D11RHI:       1989MB of dedicated video memory, 0MB of dedicated system memory, and 2048MB of shared system memory, 1 output[s]
[2016.04.27-13.22.39:450][  0]LogD3D11RHI: Chosen D3D11 Adapter: 0
[2016.04.27-13.22.39:455][  0]LogD3D11RHI: Creating new Direct3DDevice
[2016.04.27-13.22.39:455][  0]LogD3D11RHI:     Adapter Name: NVIDIA GeForce GTX 670
[2016.04.27-13.22.39:455][  0]LogD3D11RHI:   Driver Version: 10.18.13.6472 (internal 10.18.13.6472)
[2016.04.27-13.22.39:455][  0]LogD3D11RHI:      Driver Date: 3-21-2016
[2016.04.27-13.22.39:456][  0]LogRHI: Texture pool is 1361 MB (70% of 1945 MB)
[2016.04.27-13.22.39:466][  0]LogD3D11RHI: Async texture creation enabled
[2016.04.27-13.22.39:818][  0]LogShaderCompilers: Guid format shader working directory is -6 characters bigger than the processId version (F:/University/Year 2/Experimental Games/Macbeth/Macbeth/Intermediate/Shaders/WorkingDirectory/8836/).
[2016.04.27-13.22.39:818][  0]LogShaderCompilers: Cleaned the shader compiler working directory 'C:/Users/MULLEN~1/AppData/Local/Temp/UnrealShaderWorkingDir/1B3540B44257FA1A1EED998B8BF8743B/'.
[2016.04.27-13.22.39:826][  0]LogShaderCompilers:Display: Using Local Shader Compiler.
[2016.04.27-13.22.45:934][  0]LogTemp:Display: Loaded TP AllDesktopTargetPlatform
[2016.04.27-13.22.45:939][  0]LogTemp:Display: Loaded TP WindowsClientTargetPlatform
[2016.04.27-13.22.45:944][  0]LogTemp:Display: Loaded TP WindowsNoEditorTargetPlatform
[2016.04.27-13.22.45:948][  0]LogTemp:Display: Loaded TP WindowsServerTargetPlatform
[2016.04.27-13.22.45:970][  0]LogTemp:Display: Loaded TP WindowsTargetPlatform
[2016.04.27-13.22.45:986][  0]LogTemp:Display: Loaded TP AndroidTargetPlatform
[2016.04.27-13.22.46:000][  0]LogTemp:Display: Loaded TP Android_ASTCTargetPlatform
[2016.04.27-13.22.46:013][  0]LogTemp:Display: Loaded TP Android_ATCTargetPlatform
[2016.04.27-13.22.46:027][  0]LogTemp:Display: Loaded TP Android_DXTTargetPlatform
[2016.04.27-13.22.46:039][  0]LogTemp:Display: Loaded TP Android_ETC1TargetPlatform
[2016.04.27-13.22.46:063][  0]LogTemp:Display: Loaded TP Android_ETC2TargetPlatform
[2016.04.27-13.22.46:081][  0]LogTemp:Display: Loaded TP Android_MultiTargetPlatform
[2016.04.27-13.22.46:081][  0]LogTemp:Display: Loaded TP Android_PVRTCTargetPlatform
[2016.04.27-13.22.46:082][  0]LogTemp:Display: Loaded TP HTML5TargetPlatform
[2016.04.27-13.22.46:174][  0]LogTemp:Display: Loaded TP IOSTargetPlatform
[2016.04.27-13.22.46:177][  0]LogTemp:Display: Loaded TP TVOSTargetPlatform
[2016.04.27-13.22.46:181][  0]LogTemp:Display: Loaded TP LinuxNoEditorTargetPlatform
[2016.04.27-13.22.46:184][  0]LogTemp:Display: Loaded TP LinuxServerTargetPlatform
[2016.04.27-13.22.46:198][  0]LogTemp:Display: Loaded TP LinuxTargetPlatform
[2016.04.27-13.22.46:198][  0]LogTargetPlatformManager:Display: Building Assets For Windows
[2016.04.27-13.22.47:061][  0]LogDerivedDataCache:Display: Max Cache Size: 512 MB
[2016.04.27-13.22.47:061][  0]LogDerivedDataCache:Display: Starting with empty Boot cache
[2016.04.27-13.22.47:061][  0]LogDerivedDataCache: FDerivedDataBackendGraph:  Pak pak cache file F:/University/Year 2/Experimental Games/Macbeth/Macbeth/DerivedDataCache/DDC.ddp not found, will not use a pak cache.
[2016.04.27-13.22.47:061][  0]LogDerivedDataCache: Unable to find inner node Pak for hierarchical cache Hierarchy.
[2016.04.27-13.22.47:061][  0]LogDerivedDataCache: FDerivedDataBackendGraph:  CompressedPak pak cache file F:/University/Year 2/Experimental Games/Macbeth/Macbeth/DerivedDataCache/Compressed.ddp not found, will not use a pak cache.
[2016.04.27-13.22.47:061][  0]LogDerivedDataCache: Unable to find inner node CompressedPak for hierarchical cache Hierarchy.
[2016.04.27-13.22.47:129][  0]LogDerivedDataCache:Display: Pak cache opened for reading ../../../Engine/DerivedDataCache/Compressed.ddp.
[2016.04.27-13.22.47:165][  0]LogDerivedDataCache: Using Local data cache path C:/Users/Mullen IX/AppData/Local/UnrealEngine/Common/DerivedDataCache: Writable
[2016.04.27-13.22.56:624][  0]LogInit: Selected Device Profile: [Windows]
[2016.04.27-13.22.56:696][  0]LogTexture:Display: Building textures: S_Actor (BGRA8)
[2016.04.27-13.22.56:726][  0]LogContentStreaming: Texture pool size is 0.00 MB
[2016.04.27-13.22.56:844][  0]LogTexture:Display: Building textures: S_LevelSequence (BGRA8)
[2016.04.27-13.22.57:590][  0]LogMaterial: Uniform references updated for custom material expression Custom.
[2016.04.27-13.22.57:600][  0]LogTexture:Display: Building textures: T_Default_Material_Grid_M (AutoDXT)
[2016.04.27-13.22.57:836][  0]LogTexture:Display: Building textures: T_Default_Material_Grid_N (BC5)
[2016.04.27-13.22.58:226][  0]LogTexture:Display: Building textures: DefaultDiffuse (AutoDXT)
[2016.04.27-13.22.59:398][  0]LogTexture:Display: Building textures: WhiteSquareTexture (AutoDXT)
[2016.04.27-13.22.59:415][  0]LogTexture:Display: Building textures: DefaultTexture (DXT1)
[2016.04.27-13.23.00:212][  0]LogTexture:Display: Building textures: S_Emitter (BGRA8)
[2016.04.27-13.23.00:539][  0]LogTexture:Display: Building textures: Bad (BGRA8)
[2016.04.27-13.23.00:808][  0]LogMeshUtilities: No automatic mesh reduction module available
[2016.04.27-13.23.00:808][  0]LogMeshUtilities: No automatic mesh merging module available
[2016.04.27-13.23.00:808][  0]LogMeshUtilities: No distributed automatic mesh merging module available
[2016.04.27-13.23.01:164][  0]LogTexture:Display: Building textures: Default (BGRA8)
[2016.04.27-13.23.01:438][  0]LogTexture:Display: Building textures: Grid (AutoDXT)
[2016.04.27-13.23.01:617][  0]LogTexture:Display: Building textures: DaylightAmbientCubemap (RGBA16F)
[2016.04.27-13.23.14:411][  0]LogTexture:Display: Building textures: PSysThumbnail_NoImage (AutoDXT)
[2016.04.27-13.23.14:450][  0]LogTexture:Display: Building textures: PSysThumbnail_OOD (AutoDXT)
[2016.04.27-13.23.14:530][  0]LogTexture:Display: Building textures: S_DecalActorIcon (AutoDXT)
[2016.04.27-13.23.14:759][  0]LogTexture:Display: Building textures: S_Terrain (BGRA8)
[2016.04.27-13.23.14:922][  0]LogTexture:Display: Building textures: MatineeCam_D (AutoDXT)
[2016.04.27-13.23.15:243][  0]LogTexture:Display: Building textures: T_EditorHelp (AutoDXT)
[2016.04.27-13.23.16:110][  0]LogTexture:Display: Building textures: flipbook (AutoDXT)
[2016.04.27-13.23.16:274][  0]LogTexture:Display: Building textures: S_ExpoHeightFog (BGRA8)
[2016.04.27-13.23.16:350][  0]LogTexture:Display: Building textures: S_NavP (BGRA8)
[2016.04.27-13.23.16:369][  0]LogTexture:Display: Building textures: S_Player (BGRA8)
[2016.04.27-13.23.16:407][  0]LogTexture:Display: Building textures: SkyLight (BGRA8)
[2016.04.27-13.23.16:497][  0]LogTexture:Display: Building textures: S_WindDirectional (AutoDXT)
[2016.04.27-13.23.16:996][  0]LogTexture:Display: Building textures: S_LightDirectional (BGRA8)
[2016.04.27-13.23.17:086][  0]LogTexture:Display: Building textures: S_LightDirectionalMove (BGRA8)
[2016.04.27-13.23.17:174][  0]LogTexture:Display: Building textures: S_LightPoint (BGRA8)
[2016.04.27-13.23.17:217][  0]LogTexture:Display: Building textures: S_LightPointMove (BGRA8)
[2016.04.27-13.23.17:268][  0]LogTexture:Display: Building textures: S_LightSpot (BGRA8)
[2016.04.27-13.23.17:315][  0]LogTexture:Display: Building textures: S_LightSpotMove (BGRA8)
[2016.04.27-13.23.17:388][  0]LogTexture:Display: Building textures: S_PortalActorIcon2 (AutoDXT)
[2016.04.27-13.23.17:452][  0]LogTexture:Display: Building textures: MatInstActSprite (BGRA8)
[2016.04.27-13.23.17:493][  0]LogTexture:Display: Building textures: SceneManager (BGRA8)
[2016.04.27-13.23.17:540][  0]LogTexture:Display: Building textures: S_NavLink (AutoDXT)
[2016.04.27-13.23.17:608][  0]LogTexture:Display: Building textures: S_Note (BGRA8)
[2016.04.27-13.23.17:723][  0]LogTexture:Display: Building textures: S_ReflActorIcon (AutoDXT)
[2016.04.27-13.23.17:800][  0]LogTexture:Display: Building textures: S_Thruster (BGRA8)
[2016.04.27-13.23.17:823][  0]LogTexture:Display: Building textures: S_RadForce (BGRA8)
[2016.04.27-13.23.17:863][  0]LogTexture:Display: Building textures: TargetIcon (BGRA8)
[2016.04.27-13.23.17:961][  0]LogTexture:Display: Building textures: RobotoDistanceField_PageA (G8)
[2016.04.27-13.23.18:036][  0]LogTexture:Display: Building textures: S_TextRenderActorIcon (AutoDXT)
[2016.04.27-13.23.18:189][  0]LogTexture:Display: Building textures: S_Trigger (BGRA8)
[2016.04.27-13.23.18:247][  0]LogTexture:Display: Building textures: S_VectorFieldVol (BGRA8)
[2016.04.27-13.23.18:314][  0]LogTexture:Display: Building textures: GradientTexture0 (BGRA8)
[2016.04.27-13.23.18:354][  0]LogTexture:Display: Building textures: Black (AutoDXT)
[2016.04.27-13.23.18:446][  0]LogTexture:Display: Building textures: MAT_Groups_Float (AutoDXT)
[2016.04.27-13.23.18:463][  0]LogTexture:Display: Building textures: MAT_Groups_Director (AutoDXT)
[2016.04.27-13.23.18:467][  0]LogTexture:Display: Building textures: MAT_Groups_Event (AutoDXT)
[2016.04.27-13.23.18:531][  0]LogTexture:Display: Building textures: MAT_Groups_Anim (AutoDXT)
[2016.04.27-13.23.18:570][  0]LogTexture:Display: Building textures: MAT_Groups_Fade (AutoDXT)
[2016.04.27-13.23.18:606][  0]LogTexture:Display: Building textures: MAT_Groups_Move (AutoDXT)
[2016.04.27-13.23.18:628][  0]LogTexture:Display: Building textures: MAT_Groups_Slomo (AutoDXT)
[2016.04.27-13.23.18:654][  0]LogTexture:Display: Building textures: MAT_ColorTrack (AutoDXT)
[2016.04.27-13.23.18:675][  0]LogTexture:Display: Building textures: MAT_Groups_Toggle (AutoDXT)
[2016.04.27-13.23.18:692][  0]LogTexture:Display: Building textures: MAT_Groups_AudioMaster (AutoDXT)
[2016.04.27-13.23.18:712][  0]LogTexture:Display: Building textures: MAT_Groups_Sound (AutoDXT)
[2016.04.27-13.23.18:748][  0]LogTexture:Display: Building textures: MAT_Groups_Vector (AutoDXT)
[2016.04.27-13.23.18:784][  0]LogTexture:Display: Building textures: MAT_Groups_Visibility (AutoDXT)
[2016.04.27-13.23.18:861][  0]LogTexture:Display: Building textures: DefaultTextureCube (DXT1)
[2016.04.27-13.23.19:931][  0]LogUObjectArray: 27678 objects as part of root set at end of initial load.
[2016.04.27-13.23.19:931][  0]LogUObjectAllocator: 5591384 out of 0 bytes used by permanent object pool.
[2016.04.27-13.23.19:931][  0]LogUObjectArray: CloseDisregardForGC: 0/0 objects in disregard for GC pool
[2016.04.27-13.23.19:938][  0]LogInit: WinSock: version 1.1 (2.2), MaxSocks=32767, MaxUdp=65467
[2016.04.27-13.23.20:799][  0]LogTexture:Display: Building textures: S_FTest (AutoDXT)
[2016.04.27-13.23.21:005][  0]LogSlate: SlateFontCache - WITH_FREETYPE: 1, WITH_HARFBUZZ: 1
[2016.04.27-13.23.21:005][  0]LogSlate: SlateFontCache - WITH_FREETYPE: 1, WITH_HARFBUZZ: 1
[2016.04.27-13.23.24:788][  0]LogStreaming:Warning: Failed to read file '../../../Engine/Content/Editor/Slate/Common/Selection_16x.png' error.
[2016.04.27-13.23.24:788][  0]LogSlate: Could not find file for Slate resource: ../../../Engine/Content/Editor/Slate/Common/Selection_16x.png
[2016.04.27-13.23.24:788][  0]LogStreaming:Warning: Failed to read file '../../../Engine/Content/Editor/Slate/Common/Selection_16x.png' error.
[2016.04.27-13.23.24:788][  0]LogSlate: Could not find file for Slate resource: ../../../Engine/Content/Editor/Slate/Common/Selection_16x.png
[2016.04.27-13.23.24:788][  0]LogStreaming:Warning: Failed to read file '../../../Engine/Content/Editor/Slate/Common/Selection_16x.png' error.
[2016.04.27-13.23.24:788][  0]LogSlate: Could not find file for Slate resource: ../../../Engine/Content/Editor/Slate/Common/Selection_16x.png
[2016.04.27-13.23.40:574][  0]LogTexture:Display: Building textures: DummySpriteTexture (AutoDXT)
[2016.04.27-13.23.40:772][  0]LogSubstanceCoreModule: Substance CPU Engine Loaded, Max Texture Size 2048
[2016.04.27-13.23.40:796][  0]LogUdpMessaging: Initializing bridge on interface 0.0.0.0:0 to multicast group 230.0.0.1:6666.
[2016.04.27-13.23.41:405][  0]LogAssetRegistry: FAssetRegistry took 0.0204 seconds to start up
[2016.04.27-13.23.42:538][  0]LogTexture:Display: Building textures: MiniFont (AutoDXT)
[2016.04.27-13.23.44:599][  0]SourceControl: Info Source control is disabled
[2016.04.27-13.23.44:654][  0]SourceControl: Info Source control is disabled
[2016.04.27-13.23.44:662][  0]SourceControl: Info Source control is disabled
[2016.04.27-13.23.44:789][  0]SourceControl: Info Source control is disabled
[2016.04.27-13.23.46:953][  0]LogEngine: Initializing Engine...
[2016.04.27-13.23.47:125][  0]LogHMD: SteamVR failed to initialize.  Err: 110
[2016.04.27-13.23.47:125][  0]LogHMD: SteamVR failed to initialize.  Err: 110
[2016.04.27-13.23.47:404][  0]LogTexture:Display: Building textures: DefaultWhiteGrid (AutoDXT)
[2016.04.27-13.23.48:087][  0]LogTexture:Display: Building textures: InvalidLightmapSettings (AutoDXT)
[2016.04.27-13.23.48:471][  0]LogTexture:Display: Building textures: HeatmapGradient (BGRA8)
[2016.04.27-13.23.48:558][  0]LogTexture:Display: Building textures: PreviewShadowIndicator (BGRA8)
[2016.04.27-13.23.48:766][  0]LogTexture:Display: Building textures: BSPVertex (AutoDXT)
[2016.04.27-13.23.48:780][  0]LogTexture:Display: Building textures: Good64x64TilingNoiseHighFreq (G8)
[2016.04.27-13.23.48:828][  0]LogTexture:Display: Building textures: DefaultBokeh (BGRA8)
[2016.04.27-13.23.48:860][  0]LogTexture:Display: Building textures: PreintegratedSkinBRDF (BGRA8)
[2016.04.27-13.23.48:887][  0]LogTexture:Display: Building textures: WeightMapPlaceholderTexture (BGRA8)
[2016.04.27-13.23.49:299][  0]LogTexture:Display: Building textures: AICON-Red (AutoDXT)
[2016.04.27-13.23.49:333][  0]LogTexture:Display: Building textures: AICON-Green (AutoDXT)
[2016.04.27-13.23.49:349][  0]LogAIModule: Creating AISystem for world NewWorld
[2016.04.27-13.23.49:460][  0]LogInit: XAudio2 using 'Speakers (Realtek High Definition Audio)' : 2 channels at 48 kHz using 32 bits per sample (channel mask 0x3)
[2016.04.27-13.23.49:475][  0]LogInit: FAudioDevice initialized.
[2016.04.27-13.23.49:503][  0]LogDerivedDataCache: Saved boot cache 0.03s 58MB C:/Users/Mullen IX/AppData/Local/UnrealEngine/4.11/DerivedDataCache/Boot.ddc.
[2016.04.27-13.23.49:514][  0]LogInit: Texture streaming: Enabled
[2016.04.27-13.23.50:073][  0]LogInit: Transaction tracking system initialized
[2016.04.27-13.23.50:823][  0]BlueprintLog: New page: Editor Load
[2016.04.27-13.23.52:649][  0]LocalizationService: Info Localization service is disabled
[2016.04.27-13.23.54:637][  0]LogConsoleResponse:Display: 
[2016.04.27-13.23.55:066][  0]LogTexture:Display: Building textures: Cross (AutoDXT)
[2016.04.27-13.23.55:292][  0]LogTexture:Display: Building textures: Tick (AutoDXT)
[2016.04.27-13.23.55:410][  0]LogTexture:Display: Building textures: WidgetGridVertexColorMaterial (AutoDXT)
[2016.04.27-13.23.55:794][  0]LogTexture:Display: Building textures: CASC_Cross (AutoDXT)
[2016.04.27-13.23.55:795][  0]LogTexture:Display: Building textures: CASC_None (AutoDXT)
[2016.04.27-13.23.55:817][  0]LogTexture:Display: Building textures: Texture2D_28 (AutoDXT)
[2016.04.27-13.23.55:870][  0]LogTexture:Display: Building textures: S_KBSJoint (BGRA8)
[2016.04.27-13.23.56:042][  0]LogTexture:Display: Building textures: S_KHinge (BGRA8)
[2016.04.27-13.23.56:074][  0]LogTexture:Display: Building textures: S_KPrismatic (BGRA8)
[2016.04.27-13.23.56:135][  0]LogTexture:Display: Building textures: S_LightError (BGRA8)
[2016.04.27-13.23.56:219][  0]LogTexture:Display: Building textures: T_Loft_Spline (AutoDXT)
[2016.04.27-13.23.56:690][  0]LogTexture:Display: Building textures: DefaultNormal (BC5)
[2016.04.27-13.23.56:879][  0]LogTexture:Display: Building textures: Grid_N (BC5)
[2016.04.27-13.23.57:126][  0]LogTexture:Display: Building textures: PaperDiffuse (AutoDXT)
[2016.04.27-13.23.57:651][  0]LogTexture:Display: Building textures: PaperNormal (BC5)
[2016.04.27-13.23.57:767][  0]LogTexture:Display: Building textures: Texture2D_28 (AutoDXT)
[2016.04.27-13.23.57:839][  0]LogTexture:Display: Building textures: Texture2D_29 (AutoDXT)
[2016.04.27-13.23.57:891][  0]LogTexture:Display: Building textures: StreamingPauseIcon (AutoDXT)
[2016.04.27-13.23.58:438][  0]LogFileCache: Scanning file cache for directory 'F:/University/Year 2/Experimental Games/Macbeth/Macbeth/Content/' took 0.02s
[2016.04.27-13.23.58:438][  0]LogCook:Display: Max memory allowance for cook 8192mb
[2016.04.27-13.23.58:438][  0]LogCook:Display: Mobile HDR setting 1
[2016.04.27-13.23.58:562][  0]LogCook:Display: Done creating registry. It took  0.00s.
[2016.04.27-13.23.59:411][  0]LogTexture:Display: Building textures: DefaultAlphaTexture (BGRA8)
[2016.04.27-13.23.59:477][  0]SourceControl: Info Source control is disabled
[2016.04.27-13.23.59:780][  0]Cmd: MAP LOAD FILE="F:/University/Year 2/Experimental Games/Macbeth/Macbeth/Content/ThirdPersonBP/Maps/ThirdPersonExampleMap.umap" TEMPLATE=0 SHOWPROGRESS=1 FEATURELEVEL=3
[2016.04.27-13.23.59:878][  0]LightingResults: New page: Lighting Build
[2016.04.27-13.24.00:096][  0]MapCheck: New page: Map Check
[2016.04.27-13.24.00:096][  0]LightingResults: New page: Lighting Build
[2016.04.27-13.24.07:075][  0]LogTexture:Display: Building textures: T_Sky_Stars (AutoDXT)
[2016.04.27-13.24.07:411][  0]LogTexture:Display: Building textures: T_Sky_Clouds_M (BGRA8)
[2016.04.27-13.24.10:651][  0]LogTexture:Display: Building textures: T_Sky_Blue (AutoDXT)
[2016.04.27-13.24.12:239][  0]LogStaticMesh: Building static mesh Witch_with_hair...
[2016.04.27-13.24.12:614][  0]LogMeshUtilities:Warning: Invalid vertex normals found for mesh. Forcing recomputation of vertex normals for MikkTSpace. Fix mesh or disable "Use MikkTSpace Tangent Space" to avoid forced recomputation of normals.
[2016.04.27-13.26.08:473][  0]LogStaticMesh: Built static mesh [116.23s] /Game/Assets/Witch/Witch_with_hair.Witch_with_hair
[2016.04.27-13.26.08:550][  0]LogStaticMesh: Building static mesh Witch_no_hair...
[2016.04.27-13.26.08:833][  0]LogMeshUtilities:Warning: Invalid vertex normals found for mesh. Forcing recomputation of vertex normals for MikkTSpace. Fix mesh or disable "Use MikkTSpace Tangent Space" to avoid forced recomputation of normals.
[2016.04.27-13.27.57:807][  0]LogStaticMesh: Built static mesh [109.26s] /Game/Assets/Witch/Witch_no_hair.Witch_no_hair
[2016.04.27-13.27.57:872][  0]LogTexture:Display: Building textures: Small_tree_diff (AutoDXT)
[2016.04.27-13.27.57:995][  0]LogTexture:Display: Building textures: Small_tree_alpha (AutoDXT)
[2016.04.27-13.27.58:075][  0]LogMaterial: Missing cached shader map for material Small_tree, compiling. 
[2016.04.27-13.27.58:144][  0]LogStaticMesh: Building static mesh Small_tree1...
[2016.04.27-13.27.58:190][  0]LogStaticMesh: Built static mesh [0.06s] /Game/Assets/Trees/Small_tree1.Small_tree1
[2016.04.27-13.27.58:261][  0]LogStaticMesh: Building static mesh pine_tree_2...
[2016.04.27-13.27.58:321][  0]LogStaticMesh: Built static mesh [0.06s] /Game/Assets/Pine_Trees/pine_tree_2.pine_tree_2
[2016.04.27-13.27.58:662][  0]LogTexture:Display: Building textures: Pine_tree_norm (BC5)
[2016.04.27-13.27.59:696][  0]LogTexture:Display: Building textures: Pine_tree_diff (AutoDXT)
[2016.04.27-13.28.01:679][  0]LogTexture:Display: Building textures: Pine_tree_alpha (AutoDXT)
[2016.04.27-13.28.02:835][  0]LogMaterial: Missing cached shader map for material pine_tree, compiling. 
[2016.04.27-13.28.02:855][  0]LogStaticMesh: Building static mesh pine_tree_1...
[2016.04.27-13.28.02:957][  0]LogStaticMesh: Built static mesh [0.10s] /Game/Assets/Pine_Trees/pine_tree_1.pine_tree_1
[2016.04.27-13.28.02:997][  0]LogTexture:Display: Building textures: NightLookup (BGRA8)
[2016.04.27-13.28.03:074][  0]LogTexture:Display: Building textures: Moon (AutoDXT)
[2016.04.27-13.28.03:591][  0]LogMaterial: Missing cached shader map for material 01_-_Default, compiling. 
[2016.04.27-13.28.03:603][  0]LogStaticMesh: Building static mesh Moon_Mesh...
[2016.04.27-13.28.03:645][  0]LogStaticMesh: Built static mesh [0.05s] /Game/Assets/Moon/Moon_Mesh.Moon_Mesh
[2016.04.27-13.28.03:686][  0]LogStaticMesh: Building static mesh grass_2...
[2016.04.27-13.28.03:696][  0]LogStaticMesh: Built static mesh [0.03s] /Game/Assets/Flowers/grass_2.grass_2
[2016.04.27-13.28.03:765][  0]LogTexture:Display: Building textures: Flower_Alpha (AutoDXT)
[2016.04.27-13.28.03:879][  0]LogTexture:Display: Building textures: Flower_Diff (AutoDXT)
[2016.04.27-13.28.04:063][  0]LogTexture:Display: Building textures: Flower_Norm (BC5)
[2016.04.27-13.28.04:123][  0]LogMaterial: Missing cached shader map for material Grass, compiling. 
[2016.04.27-13.28.04:142][  0]LogStaticMesh: Building static mesh grass_1...
[2016.04.27-13.28.04:149][  0]LogStaticMesh: Built static mesh [0.01s] /Game/Assets/Flowers/grass_1.grass_1
[2016.04.27-13.28.04:177][  0]LogStaticMesh: Building static mesh Fern_4...
[2016.04.27-13.28.04:183][  0]LogStaticMesh: Built static mesh [0.03s] /Game/Assets/Ferns/Fern_4.Fern_4
[2016.04.27-13.28.04:202][  0]LogStaticMesh: Building static mesh Fern_3...
[2016.04.27-13.28.04:212][  0]LogStaticMesh: Built static mesh [0.01s] /Game/Assets/Ferns/Fern_3.Fern_3
[2016.04.27-13.28.04:233][  0]LogStaticMesh: Building static mesh Fern_2...
[2016.04.27-13.28.04:294][  0]LogStaticMesh: Built static mesh [0.06s] /Game/Assets/Ferns/Fern_2.Fern_2
[2016.04.27-13.28.04:328][  0]LogTexture:Display: Building textures: fern_norm (BC5)
[2016.04.27-13.28.04:402][  0]LogTexture:Display: Building textures: fern_diff (AutoDXT)
[2016.04.27-13.28.04:541][  0]LogTexture:Display: Building textures: fern_alpha (AutoDXT)
[2016.04.27-13.28.04:665][  0]LogMaterial: Missing cached shader map for material Fern, compiling. 
[2016.04.27-13.28.04:713][  0]LogStaticMesh: Building static mesh Fern_1...
[2016.04.27-13.28.04:731][  0]LogStaticMesh: Built static mesh [0.02s] /Game/Assets/Ferns/Fern_1.Fern_1
[2016.04.27-13.28.05:435][  0]LogTexture:Display: Building textures: T_Rock_Basalt_N (BC5)
[2016.04.27-13.28.07:353][  0]LogTexture:Display: Building textures: T_Rock_Basalt_D (AutoDXT)
[2016.04.27-13.28.11:717][  0]LogTexture:Display: Building textures: T_Ground_Grass_N (BC5)
[2016.04.27-13.28.13:099][  0]LogTexture:Display: Building textures: T_Ground_Grass_D (AutoDXT)
[2016.04.27-13.28.17:316][  0]LogMaterial: Missing cached shader map for material TerrainMaterial, compiling. 
[2016.04.27-13.28.17:997][  0]LogTexture:Display: Building textures: T_Snow_Ice_Generic_NRM (BC5)
[2016.04.27-13.28.19:116][  0]LogTexture:Display: Building textures: T_Snow_Ice_Generic (AutoDXT)
[2016.04.27-13.28.23:346][  0]LogTexture:Display: Building textures: T_Ice_Ground_Rock01_N (AutoDXT)
[2016.04.27-13.28.27:519][  0]LogTexture:Display: Building textures: T_Env_Snow_D (AutoDXT)
[2016.04.27-13.28.32:405][  0]LogTexture:Display: Building textures: T_Env_Ice_Ground_Rock_4_N (BC5)
[2016.04.27-13.28.33:187][  0]LogMaterial: Missing cached shader map for material M_Plains_Ocean, compiling. 
[2016.04.27-13.28.33:433][  0]LogTexture:Display: Building textures: Witch_red_diff (AutoDXT)
[2016.04.27-13.28.34:576][  0]LogTexture:Display: Building textures: Witch_spec (AutoDXT)
[2016.04.27-13.28.36:320][  0]LogTexture:Display: Building textures: Witch_norm (BC5)
[2016.04.27-13.28.37:027][  0]LogMaterial: Missing cached shader map for material Witch_red_Mat, compiling. 
[2016.04.27-13.28.37:328][  0]LogTexture:Display: Building textures: Witch_green_diff (AutoDXT)
[2016.04.27-13.28.38:410][  0]LogMaterial: Missing cached shader map for material Witch_green_Mat, compiling. 
[2016.04.27-13.28.38:620][  0]LogTexture:Display: Building textures: Witch_blue_diff (AutoDXT)
[2016.04.27-13.28.39:926][  0]LogTexture:Display: Building textures: T_Decos_Door_N (BC5)
[2016.04.27-13.28.40:141][  0]LogTexture:Display: Building textures: T_Decos_Door_M (AutoDXT)
[2016.04.27-13.28.40:538][  0]LogTexture:Display: Building textures: T_Decos_Door_D (AutoDXT)
[2016.04.27-13.28.42:312][  0]LogTexture:Display: Building textures: T_Plains_Ruins_Pillars_02_D (AutoDXT)
[2016.04.27-13.28.47:723][  0]LogTexture:Display: Building textures: T_Plains_Ruins_Pillars_02_N (BC5)
[2016.04.27-13.28.48:421][  0]LogMaterial: Missing cached shader map for material M_Plains_Pillars02, compiling. 
[2016.04.27-13.28.48:466][  0]LogStaticMesh: Building static mesh SM_Plains_CastleArch_03...
[2016.04.27-13.28.48:517][  0]LogStaticMesh: Built static mesh [0.07s] /Game/InfinityBladeGrassLands/Environments/Plains/Env_Plains_Ruins/StaticMesh/SM_Plains_CastleArch_03.SM_Plains_CastleArch_03
[2016.04.27-13.28.48:667][  0]LogTexture:Display: Building textures: T_Plains_FloorsTrim_N (BC5)
[2016.04.27-13.28.48:854][  0]LogMaterial: Missing cached shader map for material M_Decos_Door, compiling. 
[2016.04.27-13.28.48:880][  0]LogStaticMesh: Building static mesh SM_Exo_Decos_Door02...
[2016.04.27-13.28.48:917][  0]LogStaticMesh: Built static mesh [0.04s] /Game/InfinityBladeGrassLands/Environments/Misc/Exo_Deco02/StaticMesh/SM_Exo_Decos_Door02.SM_Exo_Decos_Door02
[2016.04.27-13.28.49:581][  0]LogTexture:Display: Building textures: T_Plains_FloorsTrim_D (AutoDXT)
[2016.04.27-13.28.53:652][  0]LogMaterial: Missing cached shader map for material M_Plains_FloorTrims, compiling. 
[2016.04.27-13.28.53:683][  0]LogStaticMesh: Building static mesh SM_Plains_Floors_Block02...
[2016.04.27-13.28.53:732][  0]LogStaticMesh: Built static mesh [0.05s] /Game/InfinityBladeGrassLands/Environments/Plains/Env_Plains_Floors/StaticMesh/SM_Plains_Floors_Block02.SM_Plains_Floors_Block02
[2016.04.27-13.28.53:772][  0]LogTexture:Display: Building textures: Atmosphere (AutoDXT)
[2016.04.27-13.28.54:026][  0]LogMaterial: Missing cached shader map for material Witch_blue_Mat, compiling. 
[2016.04.27-13.28.54:054][  0]LogMaterial: Missing cached shader map for material Atmosphere_Mat, compiling. 
[2016.04.27-13.28.54:088][  0]LogTexture:Display: Building textures: UE4Man_Logo_N (BC5)
[2016.04.27-13.28.54:185][  0]LogTexture:Display: Building textures: T_ML_Rubber_Blue_01_D (AutoDXT)
[2016.04.27-13.28.54:457][  0]LogTexture:Display: Building textures: T_ML_Rubber_Blue_01_N (BC5)
[2016.04.27-13.28.54:531][  0]LogTexture:Display: Building textures: T_ML_Aluminum01 (AutoDXT)
[2016.04.27-13.28.54:755][  0]LogTexture:Display: Building textures: T_ML_Aluminum01_N (BC5)
[2016.04.27-13.28.54:818][  0]LogTexture:Display: Building textures: UE4_Mannequin_MAT_MASKA (AutoDXT)
[2016.04.27-13.28.55:449][  0]LogTexture:Display: Building textures: UE4_Mannequin__normals (BC5)
[2016.04.27-13.28.56:075][  0]LogTexture:Display: Building textures: UE4_LOGO_CARD (AutoDXT)
[2016.04.27-13.28.56:962][  0]LogTexture:Display: Building textures: Texture2D_3 (BGRA8)
[2016.04.27-13.28.57:035][  0]LogTexture:Display: Building textures: Texture2D_5 (BGRA8)
[2016.04.27-13.28.57:118][  0]LogTexture:Display: Building textures: Texture2D_11 (BGRA8)
[2016.04.27-13.28.57:145][  0]LogTexture:Display: Building textures: Texture2D_12 (BGRA8)
[2016.04.27-13.28.57:203][  0]LogTexture:Display: Building textures: Texture2D_8 (BGRA8)
[2016.04.27-13.28.57:254][  0]LogTexture:Display: Building textures: Texture2D_9 (BGRA8)
[2016.04.27-13.28.57:336][  0]LogTexture:Display: Building textures: Texture2D_10 (BGRA8)
[2016.04.27-13.28.57:401][  0]LogTexture:Display: Building textures: Texture2D_6 (BGRA8)
[2016.04.27-13.28.57:477][  0]LogTexture:Display: Building textures: Texture2D_13 (BGRA8)
[2016.04.27-13.28.57:552][  0]LogTexture:Display: Building textures: Texture2D_14 (BGRA8)
[2016.04.27-13.28.57:569][  0]LogTexture:Display: Building textures: Texture2D_28 (BGRA8)
[2016.04.27-13.28.57:635][  0]LogTexture:Display: Building textures: Texture2D_15 (BGRA8)
[2016.04.27-13.28.57:714][  0]LogTexture:Display: Building textures: Texture2D_16 (BGRA8)
[2016.04.27-13.28.57:738][  0]LogTexture:Display: Building textures: Texture2D_17 (BGRA8)
[2016.04.27-13.28.57:750][  0]LogTexture:Display: Building textures: Texture2D_7 (BGRA8)
[2016.04.27-13.28.57:828][  0]LogTexture:Display: Building textures: Texture2D_18 (BGRA8)
[2016.04.27-13.28.57:929][  0]LogTexture:Display: Building textures: Texture2D_19 (BGRA8)
[2016.04.27-13.28.58:002][  0]LogTexture:Display: Building textures: Texture2D_20 (BGRA8)
[2016.04.27-13.28.58:072][  0]LogTexture:Display: Building textures: Texture2D_21 (BGRA8)
[2016.04.27-13.28.58:158][  0]LogTexture:Display: Building textures: Texture2D_4 (BGRA8)
[2016.04.27-13.28.58:185][  0]LogTexture:Display: Building textures: Texture2D_22 (BGRA8)
[2016.04.27-13.28.58:200][  0]LogTexture:Display: Building textures: Texture2D_23 (BGRA8)
[2016.04.27-13.28.58:214][  0]LogTexture:Display: Building textures: Texture2D_24 (BGRA8)
[2016.04.27-13.28.58:226][  0]LogTexture:Display: Building textures: Texture2D_25 (BGRA8)
[2016.04.27-13.28.58:238][  0]LogTexture:Display: Building textures: Texture2D_26 (BGRA8)
[2016.04.27-13.28.58:243][  0]LogTexture:Display: Building textures: Texture2D_27 (BGRA8)
[2016.04.27-13.28.58:285][  0]LogStaticMesh: Building static mesh SM_Plains_Ruin_BuildingLOD01...
[2016.04.27-13.28.58:295][  0]LogStaticMesh: Built static mesh [0.01s] /Game/InfinityBladeGrassLands/Environments/Plains/Env_Plains_Ruins/StaticMesh/SM_Plains_Ruin_BuildingLOD01.SM_Plains_Ruin_BuildingLOD01
[2016.04.27-13.28.58:313][  0]LogStaticMesh: Building static mesh SM_Plains_Ruin_BuildingLOD02...
[2016.04.27-13.28.58:318][  0]LogStaticMesh: Built static mesh [0.02s] /Game/InfinityBladeGrassLands/Environments/Plains/Env_Plains_Ruins/StaticMesh/SM_Plains_Ruin_BuildingLOD02.SM_Plains_Ruin_BuildingLOD02
[2016.04.27-13.28.58:319][  0]LogStaticMesh: Building static mesh SM_Plains_Ruin_BuildingLOD03...
[2016.04.27-13.28.58:323][  0]LogStaticMesh: Built static mesh [0.01s] /Game/InfinityBladeGrassLands/Environments/Plains/Env_Plains_Ruins/StaticMesh/SM_Plains_Ruin_BuildingLOD03.SM_Plains_Ruin_BuildingLOD03
[2016.04.27-13.28.58:324][  0]LogStaticMesh: Building static mesh SM_Plains_Wall_Straight_01...
[2016.04.27-13.28.58:417][  0]LogStaticMesh: Built static mesh [0.09s] /Game/InfinityBladeGrassLands/Environments/Plains/Env_Plains_Ruins/StaticMesh/SM_Plains_Wall_Straight_01.SM_Plains_Wall_Straight_01
[2016.04.27-13.28.59:105][  0]LogTexture:Display: Building textures: T_Plains_Ruins_Pillars_03_N (BC5)
[2016.04.27-13.29.00:122][  0]LogTexture:Display: Building textures: T_Plains_Ruins_Pillars_03_D (AutoDXT)
[2016.04.27-13.29.04:671][  0]LogMaterial: Missing cached shader map for material M_Plains_Pillars03, compiling. 
[2016.04.27-13.29.05:398][  0]LogTexture:Display: Building textures: T_Plains_ExtCastle_StoneWall_01_N (BC5)
[2016.04.27-13.29.06:991][  0]LogTexture:Display: Building textures: T_Plains_ExtCastle_StoneWall_01_D (AutoDXT)
[2016.04.27-13.29.11:811][  0]LogMaterial: Missing cached shader map for material M_Plains_StoneWall, compiling. 
[2016.04.27-13.29.12:627][  0]LogTexture:Display: Building textures: T_Plains_Ruins_Pillars_D (AutoDXT)
[2016.04.27-13.29.18:234][  0]LogTexture:Display: Building textures: T_Plains_Ruins_Pillars_N (BC5)
[2016.04.27-13.29.19:024][  0]LogTexture:Display: Building textures: T_Plains_Ruins_Pillars_M (AutoDXT)
[2016.04.27-13.29.19:579][  0]LogMaterial: Missing cached shader map for material M_Plains_Pillars, compiling. 
[2016.04.27-13.29.19:606][  0]LogAIModule: Creating AISystem for world ThirdPersonExampleMap
[2016.04.27-13.29.19:747][  0]LogTexture:Display: Building textures: EmptyActor (BGRA8)
[2016.04.27-13.29.24:463][  0]LogMaterial:Warning: Material /Game/Assets/Flowers/Grass.Grass needed to have new flag set bUsedWithInstancedStaticMeshes !
[2016.04.27-13.29.24:466][  0]LogMaterial: Missing cached shader map for material Grass, compiling. 
[2016.04.27-13.29.24:485][  0]MapCheck:Warning: Warning Grass Material /Game/Assets/Flowers/Grass.Grass was missing the usage flag bUsedWithInstancedStaticMeshes. If the material asset is not re-saved, it may not render correctly when run outside the editor. Fix
[2016.04.27-13.29.24:486][  0]LogMaterial: 0.00 seconds spent updating 1 materials, 1 interfaces, 0 instances, 0 with static permutations.
[2016.04.27-13.29.24:488][  0]LogMaterial:Warning: Material /Game/Assets/Pine_Trees/pine_tree.pine_tree needed to have new flag set bUsedWithInstancedStaticMeshes !
[2016.04.27-13.29.24:491][  0]LogMaterial: Missing cached shader map for material pine_tree, compiling. 
[2016.04.27-13.29.24:513][  0]MapCheck:Warning: Warning pine_tree Material /Game/Assets/Pine_Trees/pine_tree.pine_tree was missing the usage flag bUsedWithInstancedStaticMeshes. If the material asset is not re-saved, it may not render correctly when run outside the editor. Fix
[2016.04.27-13.29.24:513][  0]LogMaterial: 0.00 seconds spent updating 1 materials, 1 interfaces, 0 instances, 0 with static permutations.
[2016.04.27-13.29.24:757][  0]LogEditorServer: Finished looking for orphan Actors (0.000 secs)
[2016.04.27-13.29.24:758][  0]Cmd: MAP CHECKDEP NOCLEARLOG
[2016.04.27-13.29.24:898][  0]MapCheck: Info Map check complete: 0 Error(s), 2 Warning(s), took 140.046ms to complete.
[2016.04.27-13.29.24:919][  0]LogFileHelpers: Loading map 'ThirdPersonExampleMap' took 325.413
[2016.04.27-13.29.25:353][  0]LogCollectionManager: Loaded 0 collections in 0.003337 seconds
[2016.04.27-13.29.25:392][  0]LogFileCache: Scanning file cache for directory 'F:/University/Year 2/Experimental Games/Macbeth/Macbeth/Saved/Collections/' took 0.03s
[2016.04.27-13.29.25:392][  0]LogFileCache: Scanning file cache for directory 'F:/University/Year 2/Experimental Games/Macbeth/Macbeth/Content/Developers/MullenIX/Collections/' took 0.02s
[2016.04.27-13.29.25:392][  0]LogFileCache: Scanning file cache for directory 'F:/University/Year 2/Experimental Games/Macbeth/Macbeth/Content/Collections/' took 0.02s
[2016.04.27-13.29.25:392][  0]LogCollectionManager: Rebuilt the GUID cache for 0 collections in 0.000010 seconds
[2016.04.27-13.29.25:412][  0]LogContentBrowser: Native class hierarchy populated in 0.0193 seconds. Added 1994 classes and 349 folders.
[2016.04.27-13.29.25:421][  0]LogStats: UGameplayTagsManager::ConstructGameplayTagTree: Construct from data asset -  0.000 s
[2016.04.27-13.29.25:421][  0]LogStats: UGameplayTagsManager::ConstructGameplayTagTree: GameplayTagTreeChangedEvent.Broadcast -  0.000 s
[2016.04.27-13.29.25:422][  0]LogContentBrowser: Native class hierarchy updated for 'GameplayTags' in 0.0008 seconds. Added 12 classes and 0 folders.
[2016.04.27-13.29.25:435][  0]LogContentBrowser: Native class hierarchy updated for 'WidgetCarousel' in 0.0015 seconds. Added 0 classes and 0 folders.
[2016.04.27-13.29.25:660][  0]LogContentBrowser: Native class hierarchy updated for 'SuperSearch' in 0.0007 seconds. Added 1 classes and 2 folders.
[2016.04.27-13.29.28:885][  0]LogContentBrowser: Native class hierarchy updated for 'AddContentDialog' in 0.0007 seconds. Added 0 classes and 0 folders.
[2016.04.27-13.29.28:892][  0]LogContentBrowser: Native class hierarchy updated for 'SceneOutliner' in 0.0006 seconds. Added 1 classes and 2 folders.
[2016.04.27-13.29.29:048][  0]LogCrashTracker: Crashtracker disabled due to settings.
[2016.04.27-13.29.29:075][  0]LogTexture:Display: Building textures: Blueprint_64x (BGRA8)
[2016.04.27-13.29.29:077][  0]LogTexture:Display: Building textures: icon_Editor_Preferences_General_40x (BGRA8)
[2016.04.27-13.29.29:079][  0]LogTexture:Display: Building textures: Paper2DSprite_TutorialIcon (BGRA8)
[2016.04.27-13.29.29:083][  0]LogTexture:Display: Building textures: icon_ShowSkeletalMeshes_40x (BGRA8)
[2016.04.27-13.29.29:084][  0]LogTexture:Display: Building textures: Landscape (BGRA8)
[2016.04.27-13.29.29:086][  0]LogTexture:Display: Building textures: Foliage (BGRA8)
[2016.04.27-13.29.29:194][  0]LogContentBrowser: Native class hierarchy updated for 'HierarchicalLODOutliner' in 0.0006 seconds. Added 1 classes and 2 folders.
[2016.04.27-13.29.29:194][  0]LogLoad: Full Startup: 421.07 seconds (BP compile: 0.71 seconds)
[2016.04.27-13.29.29:194][  0]LogExternalProfiler:Warning: No registered external profiler was matched with a command-line switch (or the DLL could not be loaded).  External profiling features will not be available.
[2016.04.27-13.29.29:534][  0]LogOcInput: OculusInput pre-init called
[2016.04.27-13.29.29:716][  0]LogContentStreaming: Texture pool size now 1000 MB
[2016.04.27-13.29.29:828][  0]LogTexture:Display: Building textures: icon_tab_Levels_40x (BGRA8)
[2016.04.27-13.29.29:915][  0]LogTexture:Display: Building textures: LevelGrid1DStripes (BGRA8)
[2016.04.27-13.29.30:221][  0]LogRenderer: Reallocating scene render targets to support 888x564 (Frame:2).
[2016.04.27-13.29.30:667][  1]Cmd: UpdateLandscapeEditorData -warnings
[2016.04.27-13.29.31:384][  2]LogAssetRegistry: Asset discovery search completed in 349.9905 seconds
[2016.04.27-13.29.31:384][  2]LogCollectionManager: Rebuilt the object cache for 0 collections in 0.000001 seconds (found 0 objects)
[2016.04.27-13.29.31:384][  2]LogCollectionManager: Fixed up redirectors for 0 collections in 0.000049 seconds (updated 0 objects)
[2016.04.27-13.33.42:169][143]LogRenderer: Reallocating scene render targets to support 1208x576 (Frame:427).
[2016.04.27-13.34.00:822][333]LogEditorViewport: Clicking on Actor (LMB): Landscape (Landscape)
[2016.04.27-13.34.02:184][449]LogMaterial: Missing cached shader map for material TerrainMaterial, compiling. 
[2016.04.27-13.34.02:479][449]LogMaterial: Missing cached shader map for material TerrainMaterial, compiling. 
[2016.04.27-13.34.02:488][449]LogMaterial: 0.00 seconds spent updating 1 materials, 1 interfaces, 0 instances, 0 with static permutations.
[2016.04.27-13.34.02:514][449]LogMaterial: Missing cached shader map for material FMatExpressionPreview MaterialExpressionTextureSample_0, compiling. 
[2016.04.27-13.34.02:518][449]LogMaterial: Missing cached shader map for material FMatExpressionPreview MaterialExpressionTextureSample_1, compiling. 
[2016.04.27-13.34.02:522][449]LogMaterial: Missing cached shader map for material FMatExpressionPreview MaterialExpressionTextureSample_2, compiling. 
[2016.04.27-13.34.02:526][449]LogMaterial: Missing cached shader map for material FMatExpressionPreview MaterialExpressionTextureSample_3, compiling. 
[2016.04.27-13.34.04:283][508]MaterialEditorStats: Info Base pass shader with static lighting: 80 instructions
[2016.04.27-13.34.04:283][508]MaterialEditorStats: Info Base pass shader with only dynamic lighting: 51 instructions
[2016.04.27-13.34.04:283][508]MaterialEditorStats: Info Vertex shader: 31 instructions
[2016.04.27-13.34.04:283][508]MaterialEditorStats: Info Texture samplers: 6/16
[2016.04.27-13.35.36:263][ 53]Cmd: OBJ SAVEPACKAGE PACKAGE="/Game/LandscapeMaterial" FILE="F:/University/Year 2/Experimental Games/Macbeth/Macbeth/Content/LandscapeMaterial.uasset" SILENT=true
[2016.04.27-13.35.36:289][ 53]LogSavePackage: Save=23.05ms
[2016.04.27-13.35.36:289][ 53]LogSavePackage: Moving 'F:/University/Year 2/Experimental Games/Macbeth/Macbeth/Saved/LandscapeMaterial3324136642F1132AB53DC3BFB5710B80.tmp' to 'F:/University/Year 2/Experimental Games/Macbeth/Macbeth/Content/LandscapeMaterial.uasset'
[2016.04.27-13.35.36:295][ 53]LogSavePackage: Total save time: 29.78ms
[2016.04.27-13.35.36:295][ 53]LogSavePackage:Display: Finished SavePackage F:/University/Year 2/Experimental Games/Macbeth/Macbeth/Content/LandscapeMaterial.uasset
[2016.04.27-13.35.44:172][826]LogMaterial: Missing cached shader map for material LandscapeMaterial, compiling. 
[2016.04.27-13.35.44:266][826]LogMaterial: Missing cached shader map for material LandscapeMaterial, compiling. 
[2016.04.27-13.35.44:273][826]LogMaterial: 0.00 seconds spent updating 1 materials, 1 interfaces, 0 instances, 0 with static permutations.
[2016.04.27-13.35.45:612][886]MaterialEditorStats: Info Base pass shader with only dynamic lighting: 22 instructions
[2016.04.27-13.35.45:612][886]MaterialEditorStats: Info Vertex shader: 29 instructions
[2016.04.27-13.35.45:612][886]MaterialEditorStats: Info Texture samplers: 0/16
[2016.04.27-13.35.58:839][822]LogMaterial: Missing cached shader map for material LandscapeMaterial, compiling. 
[2016.04.27-13.35.58:847][822]LogMaterial: 0.00 seconds spent updating 1 materials, 1 interfaces, 0 instances, 0 with static permutations.
[2016.04.27-13.35.58:848][822]LogMaterial: Missing cached shader map for material FMatExpressionPreview MaterialExpressionTextureSample_0, compiling. 
[2016.04.27-13.35.58:897][822]LogMaterial: Missing cached shader map for material FMatExpressionPreview MaterialExpressionTextureSample_0, compiling. 
[2016.04.27-13.35.58:924][822]LogMaterial: Missing cached shader map for material LandscapeMaterial, compiling. 
[2016.04.27-13.35.58:939][822]LogMaterial: 0.00 seconds spent updating 1 materials, 1 interfaces, 0 instances, 0 with static permutations.
[2016.04.27-13.35.58:941][822]LogMaterial: Missing cached shader map for material FMatExpressionPreview MaterialExpressionTextureSample_1, compiling. 
[2016.04.27-13.35.58:974][822]LogMaterial: Missing cached shader map for material FMatExpressionPreview MaterialExpressionTextureSample_0, compiling. 
[2016.04.27-13.35.58:980][822]LogMaterial: Missing cached shader map for material FMatExpressionPreview MaterialExpressionTextureSample_1, compiling. 
[2016.04.27-13.35.59:000][822]LogMaterial: Missing cached shader map for material LandscapeMaterial, compiling. 
[2016.04.27-13.35.59:015][822]LogMaterial: 0.00 seconds spent updating 1 materials, 1 interfaces, 0 instances, 0 with static permutations.
[2016.04.27-13.35.59:017][822]LogMaterial: Missing cached shader map for material FMatExpressionPreview MaterialExpressionTextureSample_2, compiling. 
[2016.04.27-13.35.59:050][822]LogMaterial: Missing cached shader map for material FMatExpressionPreview MaterialExpressionTextureSample_0, compiling. 
[2016.04.27-13.35.59:056][822]LogMaterial: Missing cached shader map for material FMatExpressionPreview MaterialExpressionTextureSample_1, compiling. 
[2016.04.27-13.35.59:063][822]LogMaterial: Missing cached shader map for material FMatExpressionPreview MaterialExpressionTextureSample_2, compiling. 
[2016.04.27-13.35.59:083][822]LogMaterial: Missing cached shader map for material LandscapeMaterial, compiling. 
[2016.04.27-13.35.59:097][822]LogMaterial: 0.00 seconds spent updating 1 materials, 1 interfaces, 0 instances, 0 with static permutations.
[2016.04.27-13.35.59:099][822]LogMaterial: Missing cached shader map for material FMatExpressionPreview MaterialExpressionTextureSample_3, compiling. 
[2016.04.27-13.35.59:127][822]LogMaterial: Missing cached shader map for material FMatExpressionPreview MaterialExpressionTextureSample_0, compiling. 
[2016.04.27-13.35.59:153][822]LogMaterial: Missing cached shader map for material FMatExpressionPreview MaterialExpressionTextureSample_1, compiling. 
[2016.04.27-13.35.59:158][822]LogMaterial: Missing cached shader map for material FMatExpressionPreview MaterialExpressionTextureSample_2, compiling. 
[2016.04.27-13.35.59:165][822]LogMaterial: Missing cached shader map for material FMatExpressionPreview MaterialExpressionTextureSample_3, compiling. 
[2016.04.27-13.36.00:294][873]MaterialEditorStats: Info Base pass shader with only dynamic lighting: 22 instructions
[2016.04.27-13.36.00:294][873]MaterialEditorStats: Info Vertex shader: 29 instructions
[2016.04.27-13.36.00:294][873]MaterialEditorStats: Info Texture samplers: 0/16
[2016.04.27-13.36.47:351][222]LogTexture:Display: Building textures: T_Dirt_D (AutoDXT)
[2016.04.27-13.36.49:324][290]LogMaterial: Missing cached shader map for material LandscapeMaterial, compiling. 
[2016.04.27-13.36.49:332][290]LogMaterial: 0.00 seconds spent updating 1 materials, 1 interfaces, 0 instances, 0 with static permutations.
[2016.04.27-13.36.49:333][290]LogMaterial: Missing cached shader map for material FMatExpressionPreview MaterialExpressionTextureSample_4, compiling. 
[2016.04.27-13.36.49:363][290]LogMaterial: Missing cached shader map for material FMatExpressionPreview MaterialExpressionTextureSample_0, compiling. 
[2016.04.27-13.36.49:367][290]LogMaterial: Missing cached shader map for material FMatExpressionPreview MaterialExpressionTextureSample_1, compiling. 
[2016.04.27-13.36.49:386][290]LogMaterial: Missing cached shader map for material FMatExpressionPreview MaterialExpressionTextureSample_2, compiling. 
[2016.04.27-13.36.49:391][290]LogMaterial: Missing cached shader map for material FMatExpressionPreview MaterialExpressionTextureSample_3, compiling. 
[2016.04.27-13.36.49:402][290]LogMaterial: Missing cached shader map for material FMatExpressionPreview MaterialExpressionTextureSample_4, compiling. 
[2016.04.27-13.36.50:754][348]MaterialEditorStats: Info Base pass shader with only dynamic lighting: 22 instructions
[2016.04.27-13.36.50:754][348]MaterialEditorStats: Info Vertex shader: 29 instructions
[2016.04.27-13.36.50:754][348]MaterialEditorStats: Info Texture samplers: 0/16
[2016.04.27-13.37.00:337][991]LogTexture:Display: Building textures: T_Dirt_N (BC5)
[2016.04.27-13.37.00:949][ 25]LogMaterial: Missing cached shader map for material LandscapeMaterial, compiling. 
[2016.04.27-13.37.00:957][ 25]LogMaterial: 0.00 seconds spent updating 1 materials, 1 interfaces, 0 instances, 0 with static permutations.
[2016.04.27-13.37.00:958][ 25]LogMaterial: Missing cached shader map for material FMatExpressionPreview MaterialExpressionTextureSample_5, compiling. 
[2016.04.27-13.37.00:988][ 25]LogMaterial: Missing cached shader map for material FMatExpressionPreview MaterialExpressionTextureSample_0, compiling. 
[2016.04.27-13.37.00:995][ 25]LogMaterial: Missing cached shader map for material FMatExpressionPreview MaterialExpressionTextureSample_1, compiling. 
[2016.04.27-13.37.01:002][ 25]LogMaterial: Missing cached shader map for material FMatExpressionPreview MaterialExpressionTextureSample_2, compiling. 
[2016.04.27-13.37.01:008][ 25]LogMaterial: Missing cached shader map for material FMatExpressionPreview MaterialExpressionTextureSample_3, compiling. 
[2016.04.27-13.37.01:015][ 25]LogMaterial: Missing cached shader map for material FMatExpressionPreview MaterialExpressionTextureSample_4, compiling. 
[2016.04.27-13.37.01:021][ 25]LogMaterial: Missing cached shader map for material FMatExpressionPreview MaterialExpressionTextureSample_5, compiling. 
[2016.04.27-13.37.02:062][ 66]MaterialEditorStats: Info Base pass shader with only dynamic lighting: 22 instructions
[2016.04.27-13.37.02:062][ 66]MaterialEditorStats: Info Vertex shader: 29 instructions
[2016.04.27-13.37.02:062][ 66]MaterialEditorStats: Info Texture samplers: 0/16
[2016.04.27-13.37.22:627][470]LogMaterial: Missing cached shader map for material LandscapeMaterial, compiling. 
[2016.04.27-13.37.22:635][470]LogMaterial: 0.00 seconds spent updating 1 materials, 1 interfaces, 0 instances, 0 with static permutations.
[2016.04.27-13.37.23:770][518]MaterialEditorStats: Info Base pass shader with only dynamic lighting: 22 instructions
[2016.04.27-13.37.23:770][518]MaterialEditorStats: Info Vertex shader: 29 instructions
[2016.04.27-13.37.23:770][518]MaterialEditorStats: Info Texture samplers: 0/16
[2016.04.27-13.38.34:213][143]LogMaterial: Missing cached shader map for material LandscapeMaterial, compiling. 
[2016.04.27-13.38.34:221][143]LogMaterial: 0.00 seconds spent updating 1 materials, 1 interfaces, 0 instances, 0 with static permutations.
[2016.04.27-13.38.35:615][203]MaterialEditorStats: Info Base pass shader with only dynamic lighting: 22 instructions
[2016.04.27-13.38.35:615][203]MaterialEditorStats: Info Vertex shader: 29 instructions
[2016.04.27-13.38.35:615][203]MaterialEditorStats: Info Texture samplers: 0/16
[2016.04.27-13.38.56:051][801]LogMaterial: Missing cached shader map for material LandscapeMaterial, compiling. 
[2016.04.27-13.38.56:059][801]LogMaterial: 0.00 seconds spent updating 1 materials, 1 interfaces, 0 instances, 0 with static permutations.
[2016.04.27-13.38.57:384][860]MaterialEditorStats: Info Base pass shader with only dynamic lighting: 22 instructions
[2016.04.27-13.38.57:384][860]MaterialEditorStats: Info Vertex shader: 29 instructions
[2016.04.27-13.38.57:384][860]MaterialEditorStats: Info Texture samplers: 0/16
[2016.04.27-13.38.58:162][917]LogMaterial: Missing cached shader map for material LandscapeMaterial, compiling. 
[2016.04.27-13.38.58:170][917]LogMaterial: 0.00 seconds spent updating 1 materials, 1 interfaces, 0 instances, 0 with static permutations.
[2016.04.27-13.38.59:277][964]MaterialEditorStats: Info Base pass shader with only dynamic lighting: 22 instructions
[2016.04.27-13.38.59:277][964]MaterialEditorStats: Info Vertex shader: 29 instructions
[2016.04.27-13.38.59:277][964]MaterialEditorStats: Info Texture samplers: 0/16
[2016.04.27-13.39.00:753][ 61]LogMaterial: Missing cached shader map for material LandscapeMaterial, compiling. 
[2016.04.27-13.39.00:761][ 61]LogMaterial: 0.00 seconds spent updating 1 materials, 1 interfaces, 0 instances, 0 with static permutations.
[2016.04.27-13.39.01:879][106]MaterialEditorStats: Info Base pass shader with only dynamic lighting: 22 instructions
[2016.04.27-13.39.01:879][106]MaterialEditorStats: Info Vertex shader: 29 instructions
[2016.04.27-13.39.01:879][106]MaterialEditorStats: Info Texture samplers: 0/16
[2016.04.27-13.39.15:054][717]LogMaterial: Missing cached shader map for material LandscapeMaterial, compiling. 
[2016.04.27-13.39.15:062][717]LogMaterial: 0.00 seconds spent updating 1 materials, 1 interfaces, 0 instances, 0 with static permutations.
[2016.04.27-13.39.16:456][722]MaterialEditorStats: Info Base pass shader with only dynamic lighting: 22 instructions
[2016.04.27-13.39.16:456][722]MaterialEditorStats: Info Vertex shader: 29 instructions
[2016.04.27-13.39.16:456][722]MaterialEditorStats: Info Texture samplers: 0/16
[2016.04.27-13.39.54:192][468]LogMaterial: Missing cached shader map for material LandscapeMaterial, compiling. 
[2016.04.27-13.39.54:200][468]LogMaterial: 0.00 seconds spent updating 1 materials, 1 interfaces, 0 instances, 0 with static permutations.
[2016.04.27-13.39.55:541][525]MaterialEditorStats: Info Base pass shader with only dynamic lighting: 22 instructions
[2016.04.27-13.39.55:541][525]MaterialEditorStats: Info Vertex shader: 29 instructions
[2016.04.27-13.39.55:541][525]MaterialEditorStats: Info Texture samplers: 0/16
[2016.04.27-13.40.10:814][  1]LogMaterial: Missing cached shader map for material LandscapeMaterial, compiling. 
[2016.04.27-13.40.10:822][  1]LogMaterial: 0.00 seconds spent updating 1 materials, 1 interfaces, 0 instances, 0 with static permutations.
[2016.04.27-13.40.10:855][  1]LogMaterial: Missing cached shader map for material LandscapeMaterial, compiling. 
[2016.04.27-13.40.10:869][  1]LogMaterial: 0.00 seconds spent updating 1 materials, 1 interfaces, 0 instances, 0 with static permutations.
[2016.04.27-13.40.12:198][ 54]MaterialEditorStats: Info Base pass shader with only dynamic lighting: 22 instructions
[2016.04.27-13.40.12:198][ 54]MaterialEditorStats: Info Vertex shader: 29 instructions
[2016.04.27-13.40.12:198][ 54]MaterialEditorStats: Info Texture samplers: 0/16
[2016.04.27-13.40.25:067][890]LogMaterial: Missing cached shader map for material LandscapeMaterial, compiling. 
[2016.04.27-13.40.25:075][890]LogMaterial: 0.00 seconds spent updating 1 materials, 1 interfaces, 0 instances, 0 with static permutations.
[2016.04.27-13.40.25:791][919]LogMaterial: Missing cached shader map for material LandscapeMaterial, compiling. 
[2016.04.27-13.40.25:804][919]LogMaterial: 0.00 seconds spent updating 1 materials, 1 interfaces, 0 instances, 0 with static permutations.
[2016.04.27-13.40.27:603][951]MaterialEditorStats: Info Base pass shader with only dynamic lighting: 22 instructions
[2016.04.27-13.40.27:603][951]MaterialEditorStats: Info Vertex shader: 29 instructions
[2016.04.27-13.40.27:603][951]MaterialEditorStats: Info Texture samplers: 0/16
[2016.04.27-13.40.31:724][210]LogMaterial: Missing cached shader map for material LandscapeMaterial, compiling. 
[2016.04.27-13.40.31:732][210]LogMaterial: 0.00 seconds spent updating 1 materials, 1 interfaces, 0 instances, 0 with static permutations.
[2016.04.27-13.40.32:854][257]MaterialEditorStats: Info Base pass shader with only dynamic lighting: 22 instructions
[2016.04.27-13.40.32:854][257]MaterialEditorStats: Info Vertex shader: 29 instructions
[2016.04.27-13.40.32:854][257]MaterialEditorStats: Info Texture samplers: 0/16
[2016.04.27-13.40.54:165][633]LogMaterial: Missing cached shader map for material LandscapeMaterial, compiling. 
[2016.04.27-13.40.54:174][633]LogMaterial: 0.00 seconds spent updating 1 materials, 1 interfaces, 0 instances, 0 with static permutations.
[2016.04.27-13.40.54:181][633]LogMaterial: Missing cached shader map for material FMatExpressionPreview MaterialExpressionLandscapeLayerCoords_0, compiling. 
[2016.04.27-13.40.55:669][699]MaterialEditorStats: Info Base pass shader with only dynamic lighting: 22 instructions
[2016.04.27-13.40.55:669][699]MaterialEditorStats: Info Vertex shader: 29 instructions
[2016.04.27-13.40.55:669][699]MaterialEditorStats: Info Texture samplers: 0/16
[2016.04.27-13.41.35:889][210]LogMaterial: Missing cached shader map for material LandscapeMaterial, compiling. 
[2016.04.27-13.41.35:897][210]LogMaterial: 0.00 seconds spent updating 1 materials, 1 interfaces, 0 instances, 0 with static permutations.
[2016.04.27-13.41.35:943][210]LogMaterial: Missing cached shader map for material FMatExpressionPreview MaterialExpressionTextureSample_0, compiling. 
[2016.04.27-13.41.35:958][210]LogMaterial: Missing cached shader map for material FMatExpressionPreview MaterialExpressionLandscapeLayerCoords_0, compiling. 
[2016.04.27-13.41.37:908][286]MaterialEditorStats: Info Base pass shader with only dynamic lighting: 22 instructions
[2016.04.27-13.41.37:908][286]MaterialEditorStats: Info Vertex shader: 29 instructions
[2016.04.27-13.41.37:908][286]MaterialEditorStats: Info Texture samplers: 0/16
[2016.04.27-13.41.46:219][605]LogMaterial: Missing cached shader map for material LandscapeMaterial, compiling. 
[2016.04.27-13.41.46:227][605]LogMaterial: 0.00 seconds spent updating 1 materials, 1 interfaces, 0 instances, 0 with static permutations.
[2016.04.27-13.41.46:284][605]LogMaterial: Missing cached shader map for material FMatExpressionPreview MaterialExpressionTextureSample_4, compiling. 
[2016.04.27-13.41.46:288][605]LogMaterial: Missing cached shader map for material FMatExpressionPreview MaterialExpressionLandscapeLayerCoords_0, compiling. 
[2016.04.27-13.41.47:371][650]MaterialEditorStats: Info Base pass shader with only dynamic lighting: 22 instructions
[2016.04.27-13.41.47:371][650]MaterialEditorStats: Info Vertex shader: 29 instructions
[2016.04.27-13.41.47:371][650]MaterialEditorStats: Info Texture samplers: 0/16
[2016.04.27-13.41.48:282][708]LogMaterial: Missing cached shader map for material LandscapeMaterial, compiling. 
[2016.04.27-13.41.48:290][708]LogMaterial: 0.00 seconds spent updating 1 materials, 1 interfaces, 0 instances, 0 with static permutations.
[2016.04.27-13.41.48:340][708]LogMaterial: Missing cached shader map for material FMatExpressionPreview MaterialExpressionTextureSample_2, compiling. 
[2016.04.27-13.41.48:346][708]LogMaterial: Missing cached shader map for material FMatExpressionPreview MaterialExpressionLandscapeLayerCoords_0, compiling. 
[2016.04.27-13.41.49:362][754]MaterialEditorStats: Info Base pass shader with only dynamic lighting: 22 instructions
[2016.04.27-13.41.49:362][754]MaterialEditorStats: Info Vertex shader: 29 instructions
[2016.04.27-13.41.49:362][754]MaterialEditorStats: Info Texture samplers: 0/16
[2016.04.27-13.41.55:363][164]LogMaterial: Missing cached shader map for material LandscapeMaterial, compiling. 
[2016.04.27-13.41.55:371][164]LogMaterial: 0.00 seconds spent updating 1 materials, 1 interfaces, 0 instances, 0 with static permutations.
[2016.04.27-13.41.55:395][164]LogMaterial: Missing cached shader map for material FMatExpressionPreview MaterialExpressionTextureSample_0, compiling. 
[2016.04.27-13.41.56:447][206]MaterialEditorStats: Info Base pass shader with only dynamic lighting: 22 instructions
[2016.04.27-13.41.56:447][206]MaterialEditorStats: Info Vertex shader: 29 instructions
[2016.04.27-13.41.56:447][206]MaterialEditorStats: Info Texture samplers: 0/16
[2016.04.27-13.41.57:263][262]LogMaterial: Missing cached shader map for material LandscapeMaterial, compiling. 
[2016.04.27-13.41.57:270][262]LogMaterial: 0.00 seconds spent updating 1 materials, 1 interfaces, 0 instances, 0 with static permutations.
[2016.04.27-13.41.57:298][262]LogMaterial: Missing cached shader map for material FMatExpressionPreview MaterialExpressionTextureSample_0, compiling. 
[2016.04.27-13.41.58:448][311]MaterialEditorStats: Info Base pass shader with only dynamic lighting: 22 instructions
[2016.04.27-13.41.58:448][311]MaterialEditorStats: Info Vertex shader: 29 instructions
[2016.04.27-13.41.58:448][311]MaterialEditorStats: Info Texture samplers: 0/16
[2016.04.27-13.42.22:949][ 30]LogMaterial: Missing cached shader map for material LandscapeMaterial, compiling. 
[2016.04.27-13.42.22:957][ 30]LogMaterial: 0.00 seconds spent updating 1 materials, 1 interfaces, 0 instances, 0 with static permutations.
[2016.04.27-13.42.24:290][ 88]MaterialEditorStats: Info Base pass shader with only dynamic lighting: 22 instructions
[2016.04.27-13.42.24:290][ 88]MaterialEditorStats: Info Vertex shader: 29 instructions
[2016.04.27-13.42.24:290][ 88]MaterialEditorStats: Info Texture samplers: 0/16
[2016.04.27-13.42.24:353][ 92]LogMaterial: Missing cached shader map for material LandscapeMaterial, compiling. 
[2016.04.27-13.42.24:361][ 92]LogMaterial: 0.00 seconds spent updating 1 materials, 1 interfaces, 0 instances, 0 with static permutations.
[2016.04.27-13.42.25:388][132]MaterialEditorStats: Info Base pass shader with only dynamic lighting: 22 instructions
[2016.04.27-13.42.25:388][132]MaterialEditorStats: Info Vertex shader: 29 instructions
[2016.04.27-13.42.25:389][132]MaterialEditorStats: Info Texture samplers: 0/16
[2016.04.27-13.42.27:160][251]LogMaterial: Missing cached shader map for material LandscapeMaterial, compiling. 
[2016.04.27-13.42.27:168][251]LogMaterial: 0.00 seconds spent updating 1 materials, 1 interfaces, 0 instances, 0 with static permutations.
[2016.04.27-13.42.27:195][251]LogMaterial: Missing cached shader map for material FMatExpressionPreview MaterialExpressionTextureSample_2, compiling. 
[2016.04.27-13.42.28:232][291]MaterialEditorStats: Info Base pass shader with only dynamic lighting: 22 instructions
[2016.04.27-13.42.28:232][291]MaterialEditorStats: Info Vertex shader: 29 instructions
[2016.04.27-13.42.28:233][291]MaterialEditorStats: Info Texture samplers: 0/16
[2016.04.27-13.42.29:148][351]LogMaterial: Missing cached shader map for material LandscapeMaterial, compiling. 
[2016.04.27-13.42.29:155][351]LogMaterial: 0.00 seconds spent updating 1 materials, 1 interfaces, 0 instances, 0 with static permutations.
[2016.04.27-13.42.29:181][351]LogMaterial: Missing cached shader map for material FMatExpressionPreview MaterialExpressionTextureSample_2, compiling. 
[2016.04.27-13.42.30:248][394]MaterialEditorStats: Info Base pass shader with only dynamic lighting: 22 instructions
[2016.04.27-13.42.30:248][394]MaterialEditorStats: Info Vertex shader: 29 instructions
[2016.04.27-13.42.30:248][394]MaterialEditorStats: Info Texture samplers: 0/16
[2016.04.27-13.42.31:302][463]LogMaterial: Missing cached shader map for material LandscapeMaterial, compiling. 
[2016.04.27-13.42.31:310][463]LogMaterial: 0.00 seconds spent updating 1 materials, 1 interfaces, 0 instances, 0 with static permutations.
[2016.04.27-13.42.31:334][463]LogMaterial: Missing cached shader map for material FMatExpressionPreview MaterialExpressionTextureSample_4, compiling. 
[2016.04.27-13.42.32:382][508]MaterialEditorStats: Info Base pass shader with only dynamic lighting: 22 instructions
[2016.04.27-13.42.32:382][508]MaterialEditorStats: Info Vertex shader: 29 instructions
[2016.04.27-13.42.32:382][508]MaterialEditorStats: Info Texture samplers: 0/16
[2016.04.27-13.42.32:793][533]LogMaterial: Missing cached shader map for material LandscapeMaterial, compiling. 
[2016.04.27-13.42.32:800][533]LogMaterial: 0.00 seconds spent updating 1 materials, 1 interfaces, 0 instances, 0 with static permutations.
[2016.04.27-13.42.32:825][533]LogMaterial: Missing cached shader map for material FMatExpressionPreview MaterialExpressionTextureSample_4, compiling. 
[2016.04.27-13.42.33:864][574]MaterialEditorStats: Info Base pass shader with only dynamic lighting: 22 instructions
[2016.04.27-13.42.33:864][574]MaterialEditorStats: Info Vertex shader: 29 instructions
[2016.04.27-13.42.33:864][574]MaterialEditorStats: Info Texture samplers: 0/16
[2016.04.27-13.42.43:646][775]LogMaterial: Missing cached shader map for material LandscapeMaterial, compiling. 
[2016.04.27-13.42.43:654][775]LogMaterial: 0.00 seconds spent updating 1 materials, 1 interfaces, 0 instances, 0 with static permutations.
[2016.04.27-13.42.43:680][775]LogMaterial: Missing cached shader map for material FMatExpressionPreview MaterialExpressionTextureSample_0, compiling. 
[2016.04.27-13.42.44:723][817]MaterialEditorStats: Info Base pass shader with only dynamic lighting: 22 instructions
[2016.04.27-13.42.44:723][817]MaterialEditorStats: Info Vertex shader: 29 instructions
[2016.04.27-13.42.44:723][817]MaterialEditorStats: Info Texture samplers: 0/16
[2016.04.27-13.42.45:248][851]LogMaterial: Missing cached shader map for material LandscapeMaterial, compiling. 
[2016.04.27-13.42.45:256][851]LogMaterial: 0.00 seconds spent updating 1 materials, 1 interfaces, 0 instances, 0 with static permutations.
[2016.04.27-13.42.45:284][851]LogMaterial: Missing cached shader map for material FMatExpressionPreview MaterialExpressionTextureSample_0, compiling. 
[2016.04.27-13.42.46:421][870]MaterialEditorStats: Info Base pass shader with only dynamic lighting: 22 instructions
[2016.04.27-13.42.46:422][870]MaterialEditorStats: Info Vertex shader: 29 instructions
[2016.04.27-13.42.46:422][870]MaterialEditorStats: Info Texture samplers: 0/16
[2016.04.27-13.43.02:216][827]LogMaterial: Missing cached shader map for material LandscapeMaterial, compiling. 
[2016.04.27-13.43.02:226][827]LogMaterial: 0.00 seconds spent updating 1 materials, 1 interfaces, 0 instances, 0 with static permutations.
[2016.04.27-13.43.03:470][878]MaterialEditorStats: Info Base pass shader with only dynamic lighting: 35 instructions
[2016.04.27-13.43.03:470][878]MaterialEditorStats: Info Vertex shader: 31 instructions
[2016.04.27-13.43.03:470][878]MaterialEditorStats: Info Texture samplers: 2/16
[2016.04.27-13.43.19:277][836]LogMaterial: Missing cached shader map for material LandscapeMaterial, compiling. 
[2016.04.27-13.43.19:286][836]LogMaterial: 0.00 seconds spent updating 1 materials, 1 interfaces, 0 instances, 0 with static permutations.
[2016.04.27-13.43.19:309][836]LogMaterial: Missing cached shader map for material FMatExpressionPreview MaterialExpressionLandscapeLayerCoords_2, compiling. 
[2016.04.27-13.43.19:314][836]LogMaterial: Missing cached shader map for material FMatExpressionPreview MaterialExpressionLandscapeLayerCoords_3, compiling. 
[2016.04.27-13.43.20:507][882]MaterialEditorStats: Info Base pass shader with only dynamic lighting: 35 instructions
[2016.04.27-13.43.20:507][882]MaterialEditorStats: Info Vertex shader: 31 instructions
[2016.04.27-13.43.20:507][882]MaterialEditorStats: Info Texture samplers: 2/16
[2016.04.27-13.43.29:202][420]LogMaterial: Missing cached shader map for material LandscapeMaterial, compiling. 
[2016.04.27-13.43.29:210][420]LogMaterial: 0.00 seconds spent updating 1 materials, 1 interfaces, 0 instances, 0 with static permutations.
[2016.04.27-13.43.29:258][420]LogMaterial: Missing cached shader map for material FMatExpressionPreview MaterialExpressionTextureSample_3, compiling. 
[2016.04.27-13.43.29:265][420]LogMaterial: Missing cached shader map for material FMatExpressionPreview MaterialExpressionLandscapeLayerCoords_3, compiling. 
[2016.04.27-13.43.30:573][471]MaterialEditorStats: Info Base pass shader with only dynamic lighting: 35 instructions
[2016.04.27-13.43.30:573][471]MaterialEditorStats: Info Vertex shader: 31 instructions
[2016.04.27-13.43.30:573][471]MaterialEditorStats: Info Texture samplers: 2/16
[2016.04.27-13.43.30:977][489]LogMaterial: Missing cached shader map for material LandscapeMaterial, compiling. 
[2016.04.27-13.43.30:986][489]LogMaterial: 0.00 seconds spent updating 1 materials, 1 interfaces, 0 instances, 0 with static permutations.
[2016.04.27-13.43.31:052][489]LogMaterial: Missing cached shader map for material FMatExpressionPreview MaterialExpressionTextureSample_5, compiling. 
[2016.04.27-13.43.31:059][489]LogMaterial: Missing cached shader map for material FMatExpressionPreview MaterialExpressionLandscapeLayerCoords_3, compiling. 
[2016.04.27-13.43.32:293][538]MaterialEditorStats: Info Base pass shader with only dynamic lighting: 35 instructions
[2016.04.27-13.43.32:293][538]MaterialEditorStats: Info Vertex shader: 31 instructions
[2016.04.27-13.43.32:293][538]MaterialEditorStats: Info Texture samplers: 2/16
[2016.04.27-13.43.32:806][564]LogMaterial: Missing cached shader map for material LandscapeMaterial, compiling. 
[2016.04.27-13.43.32:815][564]LogMaterial: 0.00 seconds spent updating 1 materials, 1 interfaces, 0 instances, 0 with static permutations.
[2016.04.27-13.43.32:870][564]LogMaterial: Missing cached shader map for material FMatExpressionPreview MaterialExpressionTextureSample_1, compiling. 
[2016.04.27-13.43.32:875][564]LogMaterial: Missing cached shader map for material FMatExpressionPreview MaterialExpressionLandscapeLayerCoords_3, compiling. 
[2016.04.27-13.43.34:272][617]MaterialEditorStats: Info Base pass shader with only dynamic lighting: 35 instructions
[2016.04.27-13.43.34:273][617]MaterialEditorStats: Info Vertex shader: 31 instructions
[2016.04.27-13.43.34:273][617]MaterialEditorStats: Info Texture samplers: 2/16
[2016.04.27-13.43.35:648][699]LogMaterial: Missing cached shader map for material LandscapeMaterial, compiling. 
[2016.04.27-13.43.35:657][699]LogMaterial: 0.00 seconds spent updating 1 materials, 1 interfaces, 0 instances, 0 with static permutations.
[2016.04.27-13.43.35:684][699]LogMaterial: Missing cached shader map for material FMatExpressionPreview MaterialExpressionTextureSample_3, compiling. 
[2016.04.27-13.43.36:959][750]MaterialEditorStats: Info Base pass shader with only dynamic lighting: 35 instructions
[2016.04.27-13.43.36:959][750]MaterialEditorStats: Info Vertex shader: 31 instructions
[2016.04.27-13.43.36:959][750]MaterialEditorStats: Info Texture samplers: 2/16
[2016.04.27-13.43.37:465][783]LogMaterial: Missing cached shader map for material LandscapeMaterial, compiling. 
[2016.04.27-13.43.37:474][783]LogMaterial: 0.00 seconds spent updating 1 materials, 1 interfaces, 0 instances, 0 with static permutations.
[2016.04.27-13.43.37:502][783]LogMaterial: Missing cached shader map for material FMatExpressionPreview MaterialExpressionTextureSample_3, compiling. 
[2016.04.27-13.43.38:821][836]MaterialEditorStats: Info Base pass shader with only dynamic lighting: 35 instructions
[2016.04.27-13.43.38:821][836]MaterialEditorStats: Info Vertex shader: 31 instructions
[2016.04.27-13.43.38:821][836]MaterialEditorStats: Info Texture samplers: 2/16
[2016.04.27-13.43.39:224][858]LogMaterial: Missing cached shader map for material LandscapeMaterial, compiling. 
[2016.04.27-13.43.39:232][858]LogMaterial: 0.00 seconds spent updating 1 materials, 1 interfaces, 0 instances, 0 with static permutations.
[2016.04.27-13.43.39:261][858]LogMaterial: Missing cached shader map for material FMatExpressionPreview MaterialExpressionTextureSample_5, compiling. 
[2016.04.27-13.43.40:686][913]LogMaterial: Missing cached shader map for material LandscapeMaterial, compiling. 
[2016.04.27-13.43.40:702][913]LogMaterial: 0.00 seconds spent updating 1 materials, 1 interfaces, 0 instances, 0 with static permutations.
[2016.04.27-13.43.40:744][913]LogMaterial: Missing cached shader map for material FMatExpressionPreview MaterialExpressionTextureSample_5, compiling. 
[2016.04.27-13.43.42:029][965]MaterialEditorStats: Info Base pass shader with only dynamic lighting: 35 instructions
[2016.04.27-13.43.42:029][965]MaterialEditorStats: Info Vertex shader: 31 instructions
[2016.04.27-13.43.42:029][965]MaterialEditorStats: Info Texture samplers: 2/16
[2016.04.27-13.43.42:293][978]LogMaterial: Missing cached shader map for material LandscapeMaterial, compiling. 
[2016.04.27-13.43.42:303][978]LogMaterial: 0.00 seconds spent updating 1 materials, 1 interfaces, 0 instances, 0 with static permutations.
[2016.04.27-13.43.42:336][978]LogMaterial: Missing cached shader map for material FMatExpressionPreview MaterialExpressionTextureSample_1, compiling. 
[2016.04.27-13.43.43:713][ 33]MaterialEditorStats: Info Base pass shader with only dynamic lighting: 35 instructions
[2016.04.27-13.43.43:713][ 33]MaterialEditorStats: Info Vertex shader: 31 instructions
[2016.04.27-13.43.43:713][ 33]MaterialEditorStats: Info Texture samplers: 2/16
[2016.04.27-13.43.43:744][ 34]LogMaterial: Missing cached shader map for material LandscapeMaterial, compiling. 
[2016.04.27-13.43.43:757][ 34]LogMaterial: 0.00 seconds spent updating 1 materials, 1 interfaces, 0 instances, 0 with static permutations.
[2016.04.27-13.43.43:791][ 34]LogMaterial: Missing cached shader map for material FMatExpressionPreview MaterialExpressionTextureSample_1, compiling. 
[2016.04.27-13.43.45:268][ 91]MaterialEditorStats: Info Base pass shader with only dynamic lighting: 35 instructions
[2016.04.27-13.43.45:268][ 91]MaterialEditorStats: Info Vertex shader: 31 instructions
[2016.04.27-13.43.45:268][ 91]MaterialEditorStats: Info Texture samplers: 2/16
[2016.04.27-13.44.13:430][679]LogFileHelpers: Editor autosave (incl. sublevels) for '/Game/ThirdPersonBP/Maps/ThirdPersonExampleMap' took 0.010
[2016.04.27-13.44.13:433][679]Cmd: OBJ SAVEPACKAGE PACKAGE="/Game/LandsacpeMaterial" FILE="F:/University/Year 2/Experimental Games/Macbeth/Macbeth/Saved/Autosaves/Game/LandsacpeMaterial_Auto1.uasset" SILENT=false AUTOSAVING=true
[2016.04.27-13.44.13:462][679]LogSavePackage: Save=4.78ms
[2016.04.27-13.44.13:462][679]LogSavePackage: Moving 'F:/University/Year 2/Experimental Games/Macbeth/Macbeth/Saved/LandsacpeMaterial_Auto1915D12C34E30F97B81DBD79DA5473FA5.tmp' to 'F:/University/Year 2/Experimental Games/Macbeth/Macbeth/Saved/Autosaves/Game/LandsacpeMaterial_Auto1.uasset'
[2016.04.27-13.44.13:464][679]LogSavePackage: Total save time: 6.94ms
[2016.04.27-13.44.13:464][679]LogSavePackage:Display: Finished SavePackage F:/University/Year 2/Experimental Games/Macbeth/Macbeth/Saved/Autosaves/Game/LandsacpeMaterial_Auto1.uasset
[2016.04.27-13.44.13:464][679]LogFileHelpers: Auto-saving content packages took 0.033
[2016.04.27-13.44.20:090][ 63]LogMaterial: Missing cached shader map for material LandscapeMaterial, compiling. 
[2016.04.27-13.44.20:099][ 63]LogMaterial: 0.00 seconds spent updating 1 materials, 1 interfaces, 0 instances, 0 with static permutations.
[2016.04.27-13.44.21:781][130]MaterialEditorStats: Info Base pass shader with only dynamic lighting: 58 instructions
[2016.04.27-13.44.21:781][130]MaterialEditorStats: Info Vertex shader: 31 instructions
[2016.04.27-13.44.21:781][130]MaterialEditorStats: Info Texture samplers: 4/16
[2016.04.27-13.45.08:170][782]LogMaterial: Missing cached shader map for material LandscapeMaterial, compiling. 
[2016.04.27-13.45.08:178][782]LogMaterial: 0.00 seconds spent updating 1 materials, 1 interfaces, 0 instances, 0 with static permutations.
[2016.04.27-13.45.08:180][782]LogMaterial: Missing cached shader map for material FMatExpressionPreview MaterialExpressionTextureSample_6, compiling. 
[2016.04.27-13.45.08:206][782]LogMaterial: Missing cached shader map for material FMatExpressionPreview MaterialExpressionTextureSample_0, compiling. 
[2016.04.27-13.45.08:224][782]LogMaterial: Missing cached shader map for material FMatExpressionPreview MaterialExpressionTextureSample_1, compiling. 
[2016.04.27-13.45.08:229][782]LogMaterial: Missing cached shader map for material FMatExpressionPreview MaterialExpressionTextureSample_2, compiling. 
[2016.04.27-13.45.08:233][782]LogMaterial: Missing cached shader map for material FMatExpressionPreview MaterialExpressionTextureSample_3, compiling. 
[2016.04.27-13.45.08:237][782]LogMaterial: Missing cached shader map for material FMatExpressionPreview MaterialExpressionTextureSample_4, compiling. 
[2016.04.27-13.45.08:242][782]LogMaterial: Missing cached shader map for material FMatExpressionPreview MaterialExpressionTextureSample_5, compiling. 
[2016.04.27-13.45.08:250][782]LogMaterial: Missing cached shader map for material FMatExpressionPreview MaterialExpressionLandscapeLayerCoords_2, compiling. 
[2016.04.27-13.45.08:262][782]LogMaterial: Missing cached shader map for material FMatExpressionPreview MaterialExpressionLandscapeLayerCoords_3, compiling. 
[2016.04.27-13.45.08:308][782]LogMaterial: Missing cached shader map for material FMatExpressionPreview MaterialExpressionTextureSample_6, compiling. 
[2016.04.27-13.45.09:742][832]MaterialEditorStats: Info Base pass shader with only dynamic lighting: 58 instructions
[2016.04.27-13.45.09:742][832]MaterialEditorStats: Info Vertex shader: 31 instructions
[2016.04.27-13.45.09:742][832]MaterialEditorStats: Info Texture samplers: 4/16
[2016.04.27-13.45.22:827][601]LogMaterial: Missing cached shader map for material LandscapeMaterial, compiling. 
[2016.04.27-13.45.22:835][601]LogMaterial: 0.00 seconds spent updating 1 materials, 1 interfaces, 0 instances, 0 with static permutations.
[2016.04.27-13.45.24:065][647]MaterialEditorStats: Info Base pass shader with only dynamic lighting: 58 instructions
[2016.04.27-13.45.24:065][647]MaterialEditorStats: Info Vertex shader: 31 instructions
[2016.04.27-13.45.24:065][647]MaterialEditorStats: Info Texture samplers: 4/16
[2016.04.27-13.46.38:162][482]LogMaterial: Missing cached shader map for material LandscapeMaterial, compiling. 
[2016.04.27-13.46.38:171][482]LogMaterial: 0.00 seconds spent updating 1 materials, 1 interfaces, 0 instances, 0 with static permutations.
[2016.04.27-13.46.39:699][550]MaterialEditorStats: Info Base pass shader with only dynamic lighting: 58 instructions
[2016.04.27-13.46.39:699][550]MaterialEditorStats: Info Vertex shader: 31 instructions
[2016.04.27-13.46.39:699][550]MaterialEditorStats: Info Texture samplers: 4/16
[2016.04.27-13.46.59:550][958]LogMaterial: Missing cached shader map for material LandscapeMaterial, compiling. 
[2016.04.27-13.46.59:558][958]LogMaterial: 0.00 seconds spent updating 1 materials, 1 interfaces, 0 instances, 0 with static permutations.
[2016.04.27-13.47.00:767][ 12]MaterialEditorStats: Info Base pass shader with only dynamic lighting: 58 instructions
[2016.04.27-13.47.00:767][ 12]MaterialEditorStats: Info Vertex shader: 31 instructions
[2016.04.27-13.47.00:767][ 12]MaterialEditorStats: Info Texture samplers: 4/16
[2016.04.27-13.47.04:709][293]LogMaterial: Missing cached shader map for material LandscapeMaterial, compiling. 
[2016.04.27-13.47.04:717][293]LogMaterial: 0.00 seconds spent updating 1 materials, 1 interfaces, 0 instances, 0 with static permutations.
[2016.04.27-13.47.05:970][346]MaterialEditorStats: Info Base pass shader with only dynamic lighting: 58 instructions
[2016.04.27-13.47.05:970][346]MaterialEditorStats: Info Vertex shader: 31 instructions
[2016.04.27-13.47.05:970][346]MaterialEditorStats: Info Texture samplers: 4/16
[2016.04.27-13.47.06:600][394]LogMaterial: Missing cached shader map for material LandscapeMaterial, compiling. 
[2016.04.27-13.47.06:608][394]LogMaterial: 0.00 seconds spent updating 1 materials, 1 interfaces, 0 instances, 0 with static permutations.
[2016.04.27-13.47.07:890][450]MaterialEditorStats: Info Base pass shader with only dynamic lighting: 58 instructions
[2016.04.27-13.47.07:890][450]MaterialEditorStats: Info Vertex shader: 31 instructions
[2016.04.27-13.47.07:890][450]MaterialEditorStats: Info Texture samplers: 4/16
[2016.04.27-13.47.42:353][735]LogMaterial: Missing cached shader map for material LandscapeMaterial, compiling. 
[2016.04.27-13.47.42:361][735]LogMaterial: 0.00 seconds spent updating 1 materials, 1 interfaces, 0 instances, 0 with static permutations.
[2016.04.27-13.47.44:023][803]MaterialEditorStats: Info Base pass shader with only dynamic lighting: 58 instructions
[2016.04.27-13.47.44:023][803]MaterialEditorStats: Info Vertex shader: 31 instructions
[2016.04.27-13.47.44:023][803]MaterialEditorStats: Info Texture samplers: 4/16
[2016.04.27-13.48.11:501][ 75]LogMaterial: Missing cached shader map for material LandscapeMaterial, compiling. 
[2016.04.27-13.48.11:510][ 75]LogMaterial: 0.00 seconds spent updating 1 materials, 1 interfaces, 0 instances, 0 with static permutations.
[2016.04.27-13.48.11:569][ 75]LogMaterial: Missing cached shader map for material FMatExpressionPreview MaterialExpressionLandscapeLayerCoords_2, compiling. 
[2016.04.27-13.48.11:575][ 75]LogMaterial: Missing cached shader map for material FMatExpressionPreview MaterialExpressionLandscapeLayerCoords_3, compiling. 
[2016.04.27-13.48.13:436][147]MaterialEditorStats: Info Base pass shader with only dynamic lighting: 59 instructions
[2016.04.27-13.48.13:436][147]MaterialEditorStats: Info Vertex shader: 31 instructions
[2016.04.27-13.48.13:436][147]MaterialEditorStats: Info Texture samplers: 4/16
[2016.04.27-13.48.14:532][201]LogMaterial: Missing cached shader map for material LandscapeMaterial, compiling. 
[2016.04.27-13.48.14:540][201]LogMaterial: 0.00 seconds spent updating 1 materials, 1 interfaces, 0 instances, 0 with static permutations.
[2016.04.27-13.48.14:591][201]LogMaterial: Missing cached shader map for material FMatExpressionPreview MaterialExpressionLandscapeLayerCoords_2, compiling. 
[2016.04.27-13.48.14:598][201]LogMaterial: Missing cached shader map for material FMatExpressionPreview MaterialExpressionLandscapeLayerCoords_3, compiling. 
[2016.04.27-13.48.15:952]