Log file open, 04/27/16 17:59:30
LogInit:Display: Running engine for game: Macbeth
LogPlatformFile: Not using cached read wrapper
LogInit:Display: RandInit(-1789433866) SRandInit(-1789433865).
LogTaskGraph: Started task graph with 4 named threads and 7 total threads.
LogStats: Stats thread started at 0.070812
LogInit: Version: 4.11.1-2934540+++UE4+Release-4.11
LogInit: API Version: 2927265
LogInit: Compiled (64-bit): Apr  6 2016 02:14:16
LogInit: Compiled with Visual C++: 19.00.23026.00
LogInit: Build Configuration: Development
LogInit: Branch Name: ++UE4+Release-4.11
LogInit: Command line: 
LogInit: Base directory: C:/Program Files/Epic Games/4.11/Engine/Binaries/Win64/
LogInit: Installed Engine Build: 1
LogInit: Using libcurl 7.41.0
LogInit:  - built for x86_64-pc-win32
LogInit:  - supports SSL with WinSSL
LogInit:  - other features:
LogInit:      CURL_VERSION_SSL
LogInit:      CURL_VERSION_IPV6
LogInit:      CURL_VERSION_ASYNCHDNS
LogInit:      CURL_VERSION_LARGEFILE
LogInit:      CURL_VERSION_IDN
LogInit:  CurlRequestOptions (configurable via config and command line):
LogInit:  - bVerifyPeer = true  - Libcurl will verify peer certificate
LogInit:  - bUseHttpProxy = false  - Libcurl will NOT use HTTP proxy
LogInit:  - bDontReuseConnections = false  - Libcurl will reuse connections
LogInit:  - CertBundlePath = nullptr  - Libcurl will use whatever was configured at build time.
LogInit: Presizing for max 16777216 objects, including 0 objects not considered by GC, pre-allocating 0 bytes for permanent pool.
LogInit: Object subsystem initialized
[2016.04.27-16.59.30:722][  0]LogInit: Selected Device Profile: [Windows]
[2016.04.27-16.59.30:722][  0]LogInit: Applying CVar settings loaded from the selected device profile: [Windows]
[2016.04.27-16.59.30:737][  0]LogInit: Computer: MULLENIX-PC
[2016.04.27-16.59.30:737][  0]LogInit: User: MullenIX
[2016.04.27-16.59.30:737][  0]LogInit: CPU Page size=65536, Cores=4
[2016.04.27-16.59.30:737][  0]LogInit: High frequency timer resolution =2.610712 MHz
[2016.04.27-16.59.30:737][  0]LogMemory: Memory total: Physical=12.0GB (12GB approx)
[2016.04.27-16.59.30:737][  0]LogMemory: Platform Memory Stats for Windows
[2016.04.27-16.59.30:737][  0]LogMemory: Process Physical Memory: 314.12 MB used, 314.12 MB peak
[2016.04.27-16.59.30:737][  0]LogMemory: Process Virtual Memory: 316.73 MB used, 316.73 MB peak
[2016.04.27-16.59.30:737][  0]LogMemory: Physical Memory: 4831.36 MB used, 12278.99 MB total
[2016.04.27-16.59.30:737][  0]LogMemory: Virtual Memory: 621.01 MB used, 8388608.00 MB total
[2016.04.27-16.59.30:776][  0]LogTextLocalizationManager: No specific translations for ('en-GB') exist, so ('en') translations will be used.
[2016.04.27-16.59.31:234][  0]LogD3D11RHI: D3D11 adapters:
[2016.04.27-16.59.31:262][  0]LogD3D11RHI:    0. 'NVIDIA GeForce GTX 670' (Feature Level 11_0)
[2016.04.27-16.59.31:262][  0]LogD3D11RHI:       1989MB of dedicated video memory, 0MB of dedicated system memory, and 2048MB of shared system memory, 1 output[s]
[2016.04.27-16.59.31:262][  0]LogD3D11RHI: Chosen D3D11 Adapter: 0
[2016.04.27-16.59.31:267][  0]LogD3D11RHI: Creating new Direct3DDevice
[2016.04.27-16.59.31:267][  0]LogD3D11RHI:     Adapter Name: NVIDIA GeForce GTX 670
[2016.04.27-16.59.31:267][  0]LogD3D11RHI:   Driver Version: 10.18.13.6472 (internal 10.18.13.6472)
[2016.04.27-16.59.31:267][  0]LogD3D11RHI:      Driver Date: 3-21-2016
[2016.04.27-16.59.31:267][  0]LogRHI: Texture pool is 1361 MB (70% of 1945 MB)
[2016.04.27-16.59.31:280][  0]LogD3D11RHI: Async texture creation enabled
[2016.04.27-16.59.31:296][  0]LogShaderCompilers: Guid format shader working directory is -7 characters bigger than the processId version (F:/University/Year 2/Experimental Games/Macbeth/Macbeth/Intermediate/Shaders/WorkingDirectory/13764/).
[2016.04.27-16.59.31:296][  0]LogShaderCompilers: Cleaned the shader compiler working directory 'C:/Users/MULLEN~1/AppData/Local/Temp/UnrealShaderWorkingDir/B019B37446497BFD9A46F5AF62FBC9AE/'.
[2016.04.27-16.59.31:296][  0]LogShaderCompilers:Display: Using Local Shader Compiler.
[2016.04.27-16.59.32:534][  0]LogTemp:Display: Loaded TP AllDesktopTargetPlatform
[2016.04.27-16.59.32:539][  0]LogTemp:Display: Loaded TP WindowsClientTargetPlatform
[2016.04.27-16.59.32:543][  0]LogTemp:Display: Loaded TP WindowsNoEditorTargetPlatform
[2016.04.27-16.59.32:548][  0]LogTemp:Display: Loaded TP WindowsServerTargetPlatform
[2016.04.27-16.59.32:552][  0]LogTemp:Display: Loaded TP WindowsTargetPlatform
[2016.04.27-16.59.32:556][  0]LogTemp:Display: Loaded TP AndroidTargetPlatform
[2016.04.27-16.59.32:559][  0]LogTemp:Display: Loaded TP Android_ASTCTargetPlatform
[2016.04.27-16.59.32:562][  0]LogTemp:Display: Loaded TP Android_ATCTargetPlatform
[2016.04.27-16.59.32:565][  0]LogTemp:Display: Loaded TP Android_DXTTargetPlatform
[2016.04.27-16.59.32:568][  0]LogTemp:Display: Loaded TP Android_ETC1TargetPlatform
[2016.04.27-16.59.32:572][  0]LogTemp:Display: Loaded TP Android_ETC2TargetPlatform
[2016.04.27-16.59.32:578][  0]LogTemp:Display: Loaded TP Android_MultiTargetPlatform
[2016.04.27-16.59.32:578][  0]LogTemp:Display: Loaded TP Android_PVRTCTargetPlatform
[2016.04.27-16.59.32:579][  0]LogTemp:Display: Loaded TP HTML5TargetPlatform
[2016.04.27-16.59.32:595][  0]LogTemp:Display: Loaded TP IOSTargetPlatform
[2016.04.27-16.59.32:598][  0]LogTemp:Display: Loaded TP TVOSTargetPlatform
[2016.04.27-16.59.32:601][  0]LogTemp:Display: Loaded TP LinuxNoEditorTargetPlatform
[2016.04.27-16.59.32:604][  0]LogTemp:Display: Loaded TP LinuxServerTargetPlatform
[2016.04.27-16.59.32:607][  0]LogTemp:Display: Loaded TP LinuxTargetPlatform
[2016.04.27-16.59.32:607][  0]LogTargetPlatformManager:Display: Building Assets For Windows
[2016.04.27-16.59.32:678][  0]LogDerivedDataCache:Display: Max Cache Size: 512 MB
[2016.04.27-16.59.32:732][  0]LogDerivedDataCache: Loaded boot cache 0.05s 46MB C:/Users/Mullen IX/AppData/Local/UnrealEngine/4.11/DerivedDataCache/Boot.ddc.
[2016.04.27-16.59.32:732][  0]LogDerivedDataCache:Display: Loaded Boot cache: C:/Users/Mullen IX/AppData/Local/UnrealEngine/4.11/DerivedDataCache/Boot.ddc
[2016.04.27-16.59.32:732][  0]LogDerivedDataCache: FDerivedDataBackendGraph:  Pak pak cache file F:/University/Year 2/Experimental Games/Macbeth/Macbeth/DerivedDataCache/DDC.ddp not found, will not use a pak cache.
[2016.04.27-16.59.32:732][  0]LogDerivedDataCache: Unable to find inner node Pak for hierarchical cache Hierarchy.
[2016.04.27-16.59.32:732][  0]LogDerivedDataCache: FDerivedDataBackendGraph:  CompressedPak pak cache file F:/University/Year 2/Experimental Games/Macbeth/Macbeth/DerivedDataCache/Compressed.ddp not found, will not use a pak cache.
[2016.04.27-16.59.32:732][  0]LogDerivedDataCache: Unable to find inner node CompressedPak for hierarchical cache Hierarchy.
[2016.04.27-16.59.32:753][  0]LogDerivedDataCache:Display: Pak cache opened for reading ../../../Engine/DerivedDataCache/Compressed.ddp.
[2016.04.27-16.59.32:764][  0]LogDerivedDataCache: Using Local data cache path C:/Users/Mullen IX/AppData/Local/UnrealEngine/Common/DerivedDataCache: Writable
[2016.04.27-16.59.32:967][  0]LogInit: Selected Device Profile: [Windows]
[2016.04.27-16.59.32:967][  0]LogContentStreaming: Texture pool size is 0.00 MB
[2016.04.27-16.59.32:998][  0]LogMaterial: Uniform references updated for custom material expression Custom.
[2016.04.27-16.59.33:164][  0]LogMeshUtilities: No automatic mesh reduction module available
[2016.04.27-16.59.33:164][  0]LogMeshUtilities: No automatic mesh merging module available
[2016.04.27-16.59.33:164][  0]LogMeshUtilities: No distributed automatic mesh merging module available
[2016.04.27-16.59.33:418][  0]LogUObjectArray: 27678 objects as part of root set at end of initial load.
[2016.04.27-16.59.33:418][  0]LogUObjectAllocator: 5591392 out of 0 bytes used by permanent object pool.
[2016.04.27-16.59.33:418][  0]LogUObjectArray: CloseDisregardForGC: 0/0 objects in disregard for GC pool
[2016.04.27-16.59.33:424][  0]LogInit: WinSock: version 1.1 (2.2), MaxSocks=32767, MaxUdp=65467
[2016.04.27-16.59.33:512][  0]LogSlate: SlateFontCache - WITH_FREETYPE: 1, WITH_HARFBUZZ: 1
[2016.04.27-16.59.33:512][  0]LogSlate: SlateFontCache - WITH_FREETYPE: 1, WITH_HARFBUZZ: 1
[2016.04.27-16.59.33:630][  0]LogStreaming:Warning: Failed to read file '../../../Engine/Content/Editor/Slate/Common/Selection_16x.png' error.
[2016.04.27-16.59.33:630][  0]LogSlate: Could not find file for Slate resource: ../../../Engine/Content/Editor/Slate/Common/Selection_16x.png
[2016.04.27-16.59.33:630][  0]LogStreaming:Warning: Failed to read file '../../../Engine/Content/Editor/Slate/Common/Selection_16x.png' error.
[2016.04.27-16.59.33:630][  0]LogSlate: Could not find file for Slate resource: ../../../Engine/Content/Editor/Slate/Common/Selection_16x.png
[2016.04.27-16.59.33:630][  0]LogStreaming:Warning: Failed to read file '../../../Engine/Content/Editor/Slate/Common/Selection_16x.png' error.
[2016.04.27-16.59.33:630][  0]LogSlate: Could not find file for Slate resource: ../../../Engine/Content/Editor/Slate/Common/Selection_16x.png
[2016.04.27-16.59.34:274][  0]LogSubstanceCoreModule: Substance CPU Engine Loaded, Max Texture Size 2048
[2016.04.27-16.59.34:281][  0]LogUdpMessaging: Initializing bridge on interface 0.0.0.0:0 to multicast group 230.0.0.1:6666.
[2016.04.27-16.59.34:379][  0]LogAssetRegistry: FAssetRegistry took 0.0198 seconds to start up
[2016.04.27-16.59.34:536][  0]SourceControl: Info Source control is disabled
[2016.04.27-16.59.34:537][  0]SourceControl: Info Source control is disabled
[2016.04.27-16.59.34:545][  0]SourceControl: Info Source control is disabled
[2016.04.27-16.59.34:553][  0]SourceControl: Info Source control is disabled
[2016.04.27-16.59.35:120][  0]LogEngine: Initializing Engine...
[2016.04.27-16.59.35:121][  0]LogHMD: SteamVR failed to initialize.  Err: 110
[2016.04.27-16.59.35:121][  0]LogHMD: SteamVR failed to initialize.  Err: 110
[2016.04.27-16.59.35:289][  0]LogAIModule: Creating AISystem for world NewWorld
[2016.04.27-16.59.35:302][  0]LogInit: XAudio2 using 'Speakers (Realtek High Definition Audio)' : 2 channels at 48 kHz using 32 bits per sample (channel mask 0x3)
[2016.04.27-16.59.35:318][  0]LogInit: FAudioDevice initialized.
[2016.04.27-16.59.35:343][  0]LogDerivedDataCache: Saved boot cache 0.03s 46MB C:/Users/Mullen IX/AppData/Local/UnrealEngine/4.11/DerivedDataCache/Boot.ddc.
[2016.04.27-16.59.35:351][  0]LogInit: Texture streaming: Enabled
[2016.04.27-16.59.35:371][  0]LogInit: Transaction tracking system initialized
[2016.04.27-16.59.35:392][  0]BlueprintLog: New page: Editor Load
[2016.04.27-16.59.35:467][  0]LocalizationService: Info Localization service is disabled
[2016.04.27-16.59.35:527][  0]LogConsoleResponse:Display: 
[2016.04.27-16.59.35:638][  0]LogCook:Display: Max memory allowance for cook 8192mb
[2016.04.27-16.59.35:638][  0]LogCook:Display: Mobile HDR setting 1
[2016.04.27-16.59.35:638][  0]LogCook:Display: Done creating registry. It took  0.00s.
[2016.04.27-16.59.35:684][  0]LogFileCache: Scanning file cache for directory 'F:/University/Year 2/Experimental Games/Macbeth/Macbeth/Content/' took 0.01s
[2016.04.27-16.59.35:684][  0]SourceControl: Info Source control is disabled
[2016.04.27-16.59.35:684][  0]Cmd: MAP LOAD FILE="F:/University/Year 2/Experimental Games/Macbeth/Macbeth/Content/ThirdPersonBP/Maps/ThirdPersonExampleMap.umap" TEMPLATE=0 SHOWPROGRESS=1 FEATURELEVEL=3
[2016.04.27-16.59.35:685][  0]LightingResults: New page: Lighting Build
[2016.04.27-16.59.35:688][  0]MapCheck: New page: Map Check
[2016.04.27-16.59.35:688][  0]LightingResults: New page: Lighting Build
[2016.04.27-16.59.36:098][  0]LogLinker:Warning: Can't find file '/Game/Assets/Bridges/Stone_bridge'
[2016.04.27-16.59.36:099][  0]LogLinker:Warning: Can't find file for asset '/Game/Assets/Bridges/Stone_bridge' while loading F:/University/Year 2/Experimental Games/Macbeth/Macbeth/Content/ThirdPersonBP/Maps/ThirdPersonExampleMap.umap.
[2016.04.27-16.59.36:120][  0]LoadErrors:Error: Error /Game/ThirdPersonBP/Maps/ThirdPersonExampleMap : Can't find file for asset. /Game/Assets/Bridges/Stone_bridge
[2016.04.27-16.59.36:120][  0]LogLinker:Warning: Can't find file '/Game/Assets/Bridges/Stone_bridge_diff'
[2016.04.27-16.59.36:120][  0]LogLinker:Warning: Can't find file for asset '/Game/Assets/Bridges/Stone_bridge_diff' while loading F:/University/Year 2/Experimental Games/Macbeth/Macbeth/Content/ThirdPersonBP/Maps/ThirdPersonExampleMap.umap.
[2016.04.27-16.59.36:120][  0]LoadErrors:Error: Error /Game/ThirdPersonBP/Maps/ThirdPersonExampleMap : Can't find file for asset. /Game/Assets/Bridges/Stone_bridge_diff
[2016.04.27-16.59.36:120][  0]LogLinker:Warning: Can't find file '/Game/Assets/Bridges/Stone_bridge_norm'
[2016.04.27-16.59.36:121][  0]LogLinker:Warning: Can't find file for asset '/Game/Assets/Bridges/Stone_bridge_norm' while loading F:/University/Year 2/Experimental Games/Macbeth/Macbeth/Content/ThirdPersonBP/Maps/ThirdPersonExampleMap.umap.
[2016.04.27-16.59.36:121][  0]LoadErrors:Error: Error /Game/ThirdPersonBP/Maps/ThirdPersonExampleMap : Can't find file for asset. /Game/Assets/Bridges/Stone_bridge_norm
[2016.04.27-16.59.36:186][  0]LogLinker:Warning: Can't find file '/Game/Assets/Bridges/Stone_bridge'
[2016.04.27-16.59.36:186][  0]LogLinker:Warning: Can't find file for asset '/Game/Assets/Bridges/Stone_bridge' while loading F:/University/Year 2/Experimental Games/Macbeth/Macbeth/Content/ThirdPersonBP/Maps/ThirdPersonExampleMap.umap.
[2016.04.27-16.59.36:187][  0]LoadErrors:Error: Error /Game/ThirdPersonBP/Maps/ThirdPersonExampleMap : Can't find file for asset. /Game/Assets/Bridges/Stone_bridge
[2016.04.27-16.59.36:189][  0]LogLinker:Warning: Can't find file '/Game/Assets/Bridges/Stone_bridge_diff'
[2016.04.27-16.59.36:190][  0]LogLinker:Warning: Can't find file for asset '/Game/Assets/Bridges/Stone_bridge_diff' while loading F:/University/Year 2/Experimental Games/Macbeth/Macbeth/Content/ThirdPersonBP/Maps/ThirdPersonExampleMap.umap.
[2016.04.27-16.59.36:190][  0]LoadErrors:Error: Error /Game/ThirdPersonBP/Maps/ThirdPersonExampleMap : Can't find file for asset. /Game/Assets/Bridges/Stone_bridge_diff
[2016.04.27-16.59.36:190][  0]LogLinker:Warning: Can't find file '/Game/Assets/Bridges/Stone_bridge_norm'
[2016.04.27-16.59.36:190][  0]LogLinker:Warning: Can't find file for asset '/Game/Assets/Bridges/Stone_bridge_norm' while loading F:/University/Year 2/Experimental Games/Macbeth/Macbeth/Content/ThirdPersonBP/Maps/ThirdPersonExampleMap.umap.
[2016.04.27-16.59.36:190][  0]LoadErrors:Error: Error /Game/ThirdPersonBP/Maps/ThirdPersonExampleMap : Can't find file for asset. /Game/Assets/Bridges/Stone_bridge_norm
[2016.04.27-16.59.36:194][  0]LogLinker:Warning: Can't find file '/Game/Assets/Bridges/Stone_bridge'
[2016.04.27-16.59.36:194][  0]LogLinker:Warning: Can't find file for asset '/Game/Assets/Bridges/Stone_bridge' while loading NULL.
[2016.04.27-16.59.36:194][  0]LogLinker:Warning: Can't find file '/Game/Assets/Bridges/Stone_bridge_diff'
[2016.04.27-16.59.36:194][  0]LogLinker:Warning: Can't find file for asset '/Game/Assets/Bridges/Stone_bridge_diff' while loading NULL.
[2016.04.27-16.59.36:194][  0]LogLinker:Warning: Can't find file '/Game/Assets/Bridges/Stone_bridge_norm'
[2016.04.27-16.59.36:194][  0]LogLinker:Warning: Can't find file for asset '/Game/Assets/Bridges/Stone_bridge_norm' while loading NULL.
[2016.04.27-16.59.36:194][  0]LogLinker:Warning: Can't find file '/Game/Assets/Bridges/Stone_bridge'
[2016.04.27-16.59.36:194][  0]LogLinker:Warning: Can't find file for asset '/Game/Assets/Bridges/Stone_bridge' while loading NULL.
[2016.04.27-16.59.36:194][  0]LogLinker:Warning: Can't find file '/Game/Assets/Bridges/Stone_bridge_diff'
[2016.04.27-16.59.36:195][  0]LogLinker:Warning: Can't find file for asset '/Game/Assets/Bridges/Stone_bridge_diff' while loading NULL.
[2016.04.27-16.59.36:195][  0]LogLinker:Warning: Can't find file '/Game/Assets/Bridges/Stone_bridge_norm'
[2016.04.27-16.59.36:195][  0]LogLinker:Warning: Can't find file for asset '/Game/Assets/Bridges/Stone_bridge_norm' while loading NULL.
[2016.04.27-16.59.36:373][  0]LogLinker:Warning: Can't find file '/Game/Assets/Bridges/Stone_bridge_norm'
[2016.04.27-16.59.36:373][  0]LoadErrors: Info Failed to load /Game/Assets/Bridges/Stone_bridge_norm.Stone_bridge_norm Referenced by PersistentLevel
[2016.04.27-16.59.36:373][  0]LogLinker:Warning: Can't find file for asset '/Game/Assets/Bridges/Stone_bridge_norm' while loading NULL.
[2016.04.27-16.59.36:373][  0]LoadErrors: Info Failed to load /Game/Assets/Bridges/Stone_bridge_norm.Stone_bridge_norm Referenced by PersistentLevel
[2016.04.27-16.59.36:374][  0]LogLinker:Warning: Can't find file '/Game/Assets/Bridges/Stone_bridge_diff'
[2016.04.27-16.59.36:374][  0]LoadErrors: Info Failed to load /Game/Assets/Bridges/Stone_bridge_diff.Stone_bridge_diff Referenced by PersistentLevel
[2016.04.27-16.59.36:374][  0]LogLinker:Warning: Can't find file for asset '/Game/Assets/Bridges/Stone_bridge_diff' while loading NULL.
[2016.04.27-16.59.36:374][  0]LoadErrors: Info Failed to load /Game/Assets/Bridges/Stone_bridge_diff.Stone_bridge_diff Referenced by PersistentLevel
[2016.04.27-16.59.36:400][  0]LogLinker:Warning: Can't find file '/Game/Assets/Bridges/Stone_bridge'
[2016.04.27-16.59.36:400][  0]LoadErrors: Info Failed to load /Game/Assets/Bridges/Stone_bridge.Stone_bridge Referenced by StaticMeshComponent0
[2016.04.27-16.59.36:400][  0]LogLinker:Warning: Can't find file for asset '/Game/Assets/Bridges/Stone_bridge' while loading NULL.
[2016.04.27-16.59.36:400][  0]LoadErrors: Info Failed to load /Game/Assets/Bridges/Stone_bridge.Stone_bridge Referenced by StaticMeshComponent0
[2016.04.27-16.59.36:793][  0]LogAIModule: Creating AISystem for world ThirdPersonExampleMap
[2016.04.27-16.59.36:966][  0]LogMaterial:Warning: Material /Game/Assets/Rocks/Rocks_Mat.Rocks_Mat needed to have new flag set bUsedWithInstancedStaticMeshes !
[2016.04.27-16.59.36:968][  0]LogMaterial: Missing cached shader map for material Rocks_Mat, compiling. 
[2016.04.27-16.59.37:009][  0]MapCheck:Warning: Warning Rocks_Mat Material /Game/Assets/Rocks/Rocks_Mat.Rocks_Mat was missing the usage flag bUsedWithInstancedStaticMeshes. If the material asset is not re-saved, it may not render correctly when run outside the editor. Fix
[2016.04.27-16.59.37:009][  0]LogMaterial: 0.00 seconds spent updating 1 materials, 1 interfaces, 0 instances, 0 with static permutations.
[2016.04.27-16.59.37:028][  0]LogMaterial:Warning: Material /Game/Assets/Flowers/Grass.Grass needed to have new flag set bUsedWithInstancedStaticMeshes !
[2016.04.27-16.59.37:030][  0]LogMaterial: Missing cached shader map for material Grass, compiling. 
[2016.04.27-16.59.37:060][  0]MapCheck:Warning: Warning Grass Material /Game/Assets/Flowers/Grass.Grass was missing the usage flag bUsedWithInstancedStaticMeshes. If the material asset is not re-saved, it may not render correctly when run outside the editor. Fix
[2016.04.27-16.59.37:060][  0]LogMaterial: 0.00 seconds spent updating 1 materials, 1 interfaces, 0 instances, 0 with static permutations.
[2016.04.27-16.59.37:062][  0]LogMaterial:Warning: Material /Game/Assets/Flowers/Flowers.Flowers needed to have new flag set bUsedWithInstancedStaticMeshes !
[2016.04.27-16.59.37:066][  0]LogMaterial: Missing cached shader map for material Flowers, compiling. 
[2016.04.27-16.59.37:088][  0]MapCheck:Warning: Warning Flowers Material /Game/Assets/Flowers/Flowers.Flowers was missing the usage flag bUsedWithInstancedStaticMeshes. If the material asset is not re-saved, it may not render correctly when run outside the editor. Fix
[2016.04.27-16.59.37:088][  0]LogMaterial: 0.00 seconds spent updating 1 materials, 1 interfaces, 0 instances, 0 with static permutations.
[2016.04.27-16.59.37:089][  0]LogMaterial:Warning: Material /Game/Assets/Pine_Trees/pine_tree.pine_tree needed to have new flag set bUsedWithInstancedStaticMeshes !
[2016.04.27-16.59.37:091][  0]LogMaterial: Missing cached shader map for material pine_tree, compiling. 
[2016.04.27-16.59.37:112][  0]MapCheck:Warning: Warning pine_tree Material /Game/Assets/Pine_Trees/pine_tree.pine_tree was missing the usage flag bUsedWithInstancedStaticMeshes. If the material asset is not re-saved, it may not render correctly when run outside the editor. Fix
[2016.04.27-16.59.37:112][  0]LogMaterial: 0.00 seconds spent updating 1 materials, 1 interfaces, 0 instances, 0 with static permutations.
[2016.04.27-16.59.37:239][  0]LogEditorServer: Finished looking for orphan Actors (0.000 secs)
[2016.04.27-16.59.37:240][  0]Cmd: MAP CHECKDEP NOCLEARLOG
[2016.04.27-16.59.37:340][  0]MapCheck: Info Map check complete: 0 Error(s), 4 Warning(s), took 100.299ms to complete.
[2016.04.27-16.59.37:351][  0]LogFileHelpers: Loading map 'ThirdPersonExampleMap' took 1.667
[2016.04.27-16.59.37:517][  0]LogCollectionManager: Loaded 0 collections in 0.002652 seconds
[2016.04.27-16.59.37:558][  0]LogFileCache: Scanning file cache for directory 'F:/University/Year 2/Experimental Games/Macbeth/Macbeth/Saved/Collections/' took 0.01s
[2016.04.27-16.59.37:558][  0]LogFileCache: Scanning file cache for directory 'F:/University/Year 2/Experimental Games/Macbeth/Macbeth/Content/Developers/MullenIX/Collections/' took 0.01s
[2016.04.27-16.59.37:558][  0]LogFileCache: Scanning file cache for directory 'F:/University/Year 2/Experimental Games/Macbeth/Macbeth/Content/Collections/' took 0.01s
[2016.04.27-16.59.37:558][  0]LogCollectionManager: Rebuilt the GUID cache for 0 collections in 0.000003 seconds
[2016.04.27-16.59.37:576][  0]LogContentBrowser: Native class hierarchy populated in 0.0174 seconds. Added 1994 classes and 349 folders.
[2016.04.27-16.59.37:582][  0]LogStats: UGameplayTagsManager::ConstructGameplayTagTree: Construct from data asset -  0.000 s
[2016.04.27-16.59.37:582][  0]LogStats: UGameplayTagsManager::ConstructGameplayTagTree: GameplayTagTreeChangedEvent.Broadcast -  0.000 s
[2016.04.27-16.59.37:582][  0]LogContentBrowser: Native class hierarchy updated for 'GameplayTags' in 0.0007 seconds. Added 12 classes and 0 folders.
[2016.04.27-16.59.37:589][  0]LogContentBrowser: Native class hierarchy updated for 'WidgetCarousel' in 0.0006 seconds. Added 0 classes and 0 folders.
[2016.04.27-16.59.37:598][  0]LogContentBrowser: Native class hierarchy updated for 'SuperSearch' in 0.0006 seconds. Added 1 classes and 2 folders.
[2016.04.27-16.59.37:662][  0]LogContentBrowser: Native class hierarchy updated for 'AddContentDialog' in 0.0006 seconds. Added 0 classes and 0 folders.
[2016.04.27-16.59.37:667][  0]LogContentBrowser: Native class hierarchy updated for 'SceneOutliner' in 0.0006 seconds. Added 1 classes and 2 folders.
[2016.04.27-16.59.37:704][  0]LogCrashTracker: Crashtracker disabled due to settings.
[2016.04.27-16.59.37:710][  0]LogUObjectGlobals:Warning: Failed to find object 'Class None.'
[2016.04.27-16.59.37:735][  0]LogContentBrowser: Native class hierarchy updated for 'HierarchicalLODOutliner' in 0.0005 seconds. Added 1 classes and 2 folders.
[2016.04.27-16.59.37:735][  0]LogLoad: Full Startup: 7.82 seconds (BP compile: 0.12 seconds)
[2016.04.27-16.59.37:735][  0]LogExternalProfiler:Warning: No registered external profiler was matched with a command-line switch (or the DLL could not be loaded).  External profiling features will not be available.
[2016.04.27-16.59.37:744][  0]LogOcInput: OculusInput pre-init called
[2016.04.27-16.59.37:812][  0]LogContentStreaming: Texture pool size now 1000 MB
[2016.04.27-16.59.38:117][  0]LogRenderer: Reallocating scene render targets to support 1208x576 (Frame:2).
[2016.04.27-16.59.38:228][  1]Cmd: UpdateLandscapeEditorData -warnings
[2016.04.27-16.59.38:316][  2]LogAssetRegistry: Asset discovery search completed in 3.9568 seconds
[2016.04.27-16.59.38:316][  2]LogCollectionManager: Rebuilt the object cache for 0 collections in 0.000001 seconds (found 0 objects)
[2016.04.27-16.59.38:316][  2]LogCollectionManager: Fixed up redirectors for 0 collections in 0.000034 seconds (updated 0 objects)
[2016.04.27-17.00.03:836][462]LogSavePackage: Save=21.09ms
[2016.04.27-17.00.03:836][462]LogSavePackage: Moving 'F:/University/Year 2/Experimental Games/Macbeth/Macbeth/Saved/Stone_bridge_block_modelC6F470534C5E8D2E7280CC8CE24DD155.tmp' to 'F:/University/Year 2/Experimental Games/Macbeth/Macbeth/Content/Assets/Bridges/Stone_bridge_block_model.uasset'
[2016.04.27-17.00.03:841][462]LogSavePackage: Total save time: 26.41ms
[2016.04.27-17.00.03:841][462]LogSavePackage:Display: Finished SavePackage F:/University/Year 2/Experimental Games/Macbeth/Macbeth/Content/Assets/Bridges/Stone_bridge_block_model.uasset
[2016.04.27-17.00.07:273][781]LogActorFactory: Actor Factory created Stone_bridge_block_model
[2016.04.27-17.00.08:842][953]LogActorFactory: Actor Factory created Stone_bridge_block_model
[2016.04.27-17.00.14:342][571]Cmd: DELETE
[2016.04.27-17.00.14:342][571]Cmd: ACTOR DELETE
[2016.04.27-17.00.14:344][571]LogEditorActor: Deleted Actor: StaticMeshActor
[2016.04.27-17.00.14:353][571]LogEditorActor: Deleted 1 Actors (0.011 secs)
[2016.04.27-17.00.54:530][563]LogLinker:Warning: Can't find file '/Game/Assets/Bridges/Stone_bridge_diff'
[2016.04.27-17.00.54:530][563]LogLinker:Warning: Can't find file for asset '/Game/Assets/Bridges/Stone_bridge_diff' while loading F:/University/Year 2/Experimental Games/Macbeth/Macbeth/Content/Assets/Bridges/NewMaterial.uasset.
[2016.04.27-17.00.54:530][563]LoadErrors:Error: Error /Game/Assets/Bridges/NewMaterial : Can't find file for asset. /Game/Assets/Bridges/Stone_bridge_diff
[2016.04.27-17.00.54:530][563]LogLinker:Warning: Can't find file '/Game/Assets/Bridges/Stone_bridge_norm'
[2016.04.27-17.00.54:531][563]LogLinker:Warning: Can't find file for asset '/Game/Assets/Bridges/Stone_bridge_norm' while loading F:/University/Year 2/Experimental Games/Macbeth/Macbeth/Content/Assets/Bridges/NewMaterial.uasset.
[2016.04.27-17.00.54:531][563]LoadErrors:Error: Error /Game/Assets/Bridges/NewMaterial : Can't find file for asset. /Game/Assets/Bridges/Stone_bridge_norm
[2016.04.27-17.00.54:531][563]LogLinker:Warning: Can't find file '/Game/Assets/Bridges/Stone_bridge_diff'
[2016.04.27-17.00.54:531][563]LogLinker:Warning: Can't find file for asset '/Game/Assets/Bridges/Stone_bridge_diff' while loading F:/University/Year 2/Experimental Games/Macbeth/Macbeth/Content/Assets/Bridges/NewMaterial.uasset.
[2016.04.27-17.00.54:531][563]LogLinker:Warning: Can't find file '/Game/Assets/Bridges/Stone_bridge_norm'
[2016.04.27-17.00.54:531][563]LogLinker:Warning: Can't find file for asset '/Game/Assets/Bridges/Stone_bridge_norm' while loading F:/University/Year 2/Experimental Games/Macbeth/Macbeth/Content/Assets/Bridges/NewMaterial.uasset.
[2016.04.27-17.00.54:532][563]LogLinker:Warning: Can't find file '/Game/Assets/Bridges/Stone_bridge_norm'
[2016.04.27-17.00.54:532][563]LoadErrors: Info Failed to load /Game/Assets/Bridges/Stone_bridge_norm.Stone_bridge_norm Referenced by MaterialExpressionTextureSample_1
[2016.04.27-17.00.54:532][563]LogLinker:Warning: Can't find file for asset '/Game/Assets/Bridges/Stone_bridge_norm' while loading NULL.
[2016.04.27-17.00.54:532][563]LogLinker:Warning: Can't find file '/Game/Assets/Bridges/Stone_bridge_diff'
[2016.04.27-17.00.54:532][563]LoadErrors: Info Failed to load /Game/Assets/Bridges/Stone_bridge_diff.Stone_bridge_diff Referenced by MaterialExpressionTextureSample_2
[2016.04.27-17.00.54:532][563]LogLinker:Warning: Can't find file for asset '/Game/Assets/Bridges/Stone_bridge_diff' while loading NULL.
[2016.04.27-17.00.54:535][563]LogMaterial: Missing cached shader map for material NewMaterial, compiling. 
[2016.04.27-17.00.54:535][563]LogMaterial:Warning: Failed to compile Material /Game/Assets/Bridges/NewMaterial.NewMaterial for platform PCD3D_SM5, Default Material will be used in game.
[2016.04.27-17.00.54:535][563]LogMaterial:Warning: 	(Node TextureSample) TextureSample> Missing input texture
[2016.04.27-17.01.46:191][707]LogFactory: FactoryCreateBinary: StaticMesh with FbxFactory (0 0 C:\Users\Mullen IX\Downloads\Bridges-2016-04-27\Bridges/Stone_bridge.FBX)
[2016.04.27-17.01.46:206][707]LogFbx: ItemName: GlobalSettings, ItemCount : 1
[2016.04.27-17.01.46:206][707]LogFbx: ItemName: AnimationStack, ItemCount : 1
[2016.04.27-17.01.46:206][707]LogFbx: ItemName: AnimationLayer, ItemCount : 1
[2016.04.27-17.01.46:206][707]LogFbx: ItemName: Model, ItemCount : 1
[2016.04.27-17.01.46:206][707]LogFbx: ItemName: Geometry, ItemCount : 1
[2016.04.27-17.01.46:216][707]LogFbx: Loading FBX Scene from C:\Users\Mullen IX\Downloads\Bridges-2016-04-27\Bridges/Stone_bridge.FBX
[2016.04.27-17.01.46:227][707]LogFbx: FBX Scene Loaded Succesfully
[2016.04.27-17.02.31:900][707]LogFbx: Loading FBX Scene from C:\Users\Mullen IX\Downloads\Bridges-2016-04-27\Bridges/Stone_bridge.FBX
[2016.04.27-17.02.31:911][707]LogFbx: FBX Scene Loaded Succesfully
[2016.04.27-17.02.31:915][707]LogFbx:Warning: Triangulating static mesh Box001
[2016.04.27-17.02.31:964][707]LogStaticMesh: Building static mesh Stone_bridge...
[2016.04.27-17.02.31:974][707]LogStaticMesh: Built static mesh [0.01s] /Game/Assets/Bridges/Stone_bridge.Stone_bridge
[2016.04.27-17.02.32:101][707]LogFactory: FactoryCreateBinary: Texture with ReimportTextureFactory (0 0 C:\Users\Mullen IX\Downloads\Bridges-2016-04-27\Bridges/Stone_bridge_diff.jpg)
[2016.04.27-17.02.32:174][707]LogTexture:Display: Building textures: Stone_bridge_diff (AutoDXT)
[2016.04.27-17.02.32:906][707]LogStats: FPlatformStackWalk::StackWalkAndDump -  0.020 s
[2016.04.27-17.02.32:906][707]LogOutputDevice:Warning: === Handled error: ===

Ensure condition failed: ExpectedWorkThisFrame <= WorkRemaining [File:D:\BuildFarm\buildmachine_++UE4+Release-4.11\Engine\Source\Runtime\Core\Public\Misc\FeedbackContext.h] [Line: 272]
Work overflow in slow task. Please revise call-site to account for entire progress range.
Stack: 
UE4Editor-Core.dll
UE4Editor-Core.dll
UE4Editor-Core.dll
UE4Editor-AssetTools.dll
UE4Editor-ContentBrowser.dll
UE4Editor-Slate.dll
UE4Editor-Slate.dll
UE4Editor-Slate.dll
UE4Editor-Slate.dll
UE4Editor-Slate.dll
UE4Editor-Core.dll
UE4Editor-Core.dll
ole32.dll
RPCRT4.dll
RPCRT4.dll
RPCRT4.dll
ole32.dll
ole32.dll
ole32.dll
ole32.dll
ole32.dll
ole32.dll
ole32.dll
ole32.dll
ole32.dll
ole32.dll
USER32.dll
USER32.dll
UE4Editor-Core.dll
UE4Editor.exe
UE4Editor.exe
UE4Editor.exe
UE4Editor.exe
UE4Editor.exe
kernel32.dll
ntdll.dll
ntdll.dll

[2016.04.27-17.02.32:906][707]LogStats:                SubmitErrorReport -  0.000 s
[2016.04.27-17.02.33:158][707]LogStats:                    SendNewReport -  0.252 s
[2016.04.27-17.02.33:158][707]LogStats:             FDebug::EnsureFailed -  0.272 s
[2016.04.27-17.02.33:159][707]LogFactory: FactoryCreateBinary: Texture with ReimportTextureFactory (0 0 C:\Users\Mullen IX\Downloads\Bridges-2016-04-27\Bridges/Stone_bridge_norm.jpg)
[2016.04.27-17.02.33:239][707]LogTexture:Display: Building textures: Stone_bridge_norm (BC5)
[2016.04.27-17.03.17:293][862]Cmd: OBJ SAVEPACKAGE PACKAGE="/Game/Assets/Bridges/bridge_Material" FILE="F:/University/Year 2/Experimental Games/Macbeth/Macbeth/Content/Assets/Bridges/bridge_Material.uasset" SILENT=true
[2016.04.27-17.03.17:321][862]LogSavePackage: Save=23.68ms
[2016.04.27-17.03.17:321][862]LogSavePackage: Moving 'F:/University/Year 2/Experimental Games/Macbeth/Macbeth/Saved/bridge_MaterialF45357724D0270C235F07BB536C5A234.tmp' to 'F:/University/Year 2/Experimental Games/Macbeth/Macbeth/Content/Assets/Bridges/bridge_Material.uasset'
[2016.04.27-17.03.17:326][862]LogSavePackage: Total save time: 29.23ms
[2016.04.27-17.03.17:326][862]LogSavePackage:Display: Finished SavePackage F:/University/Year 2/Experimental Games/Macbeth/Macbeth/Content/Assets/Bridges/bridge_Material.uasset
[2016.04.27-17.03.19:280][ 79]LogMaterial: Missing cached shader map for material bridge_Material, compiling. 
[2016.04.27-17.03.19:376][ 79]LogMaterial: Missing cached shader map for material bridge_Material, compiling. 
[2016.04.27-17.03.19:384][ 79]LogMaterial: 0.00 seconds spent updating 1 materials, 1 interfaces, 0 instances, 0 with static permutations.
[2016.04.27-17.03.20:634][143]MaterialEditorStats: Info Base pass shader with only dynamic lighting: 22 instructions
[2016.04.27-17.03.20:634][143]MaterialEditorStats: Info Vertex shader: 29 instructions
[2016.04.27-17.03.20:634][143]MaterialEditorStats: Info Texture samplers: 0/16
[2016.04.27-17.03.22:096][285]LogMaterial: Missing cached shader map for material bridge_Material, compiling. 
[2016.04.27-17.03.22:104][285]LogMaterial: 0.00 seconds spent updating 1 materials, 1 interfaces, 0 instances, 0 with static permutations.
[2016.04.27-17.03.22:105][285]LogMaterial: Missing cached shader map for material FMatExpressionPreview MaterialExpressionTextureSample_0, compiling. 
[2016.04.27-17.03.22:135][285]LogMaterial: Missing cached shader map for material FMatExpressionPreview MaterialExpressionTextureSample_0, compiling. 
[2016.04.27-17.03.23:081][335]MaterialEditorStats: Info Base pass shader with only dynamic lighting: 22 instructions
[2016.04.27-17.03.23:081][335]MaterialEditorStats: Info Vertex shader: 29 instructions
[2016.04.27-17.03.23:081][335]MaterialEditorStats: Info Texture samplers: 0/16
[2016.04.27-17.03.28:918][856]LogMaterial: Missing cached shader map for material bridge_Material, compiling. 
[2016.04.27-17.03.28:926][856]LogMaterial: 0.00 seconds spent updating 1 materials, 1 interfaces, 0 instances, 0 with static permutations.
[2016.04.27-17.03.28:952][856]LogMaterial: Missing cached shader map for material FMatExpressionPreview MaterialExpressionTextureSample_0, compiling. 
[2016.04.27-17.03.29:989][916]MaterialEditorStats: Info Base pass shader with only dynamic lighting: 23 instructions
[2016.04.27-17.03.29:989][916]MaterialEditorStats: Info Vertex shader: 31 instructions
[2016.04.27-17.03.29:989][916]MaterialEditorStats: Info Texture samplers: 1/16
[2016.04.27-17.03.30:546][966]LogMaterial: Missing cached shader map for material bridge_Material, compiling. 
[2016.04.27-17.03.30:553][966]LogMaterial: 0.00 seconds spent updating 1 materials, 1 interfaces, 0 instances, 0 with static permutations.
[2016.04.27-17.03.30:554][966]LogMaterial: Missing cached shader map for material FMatExpressionPreview MaterialExpressionTextureSample_1, compiling. 
[2016.04.27-17.03.30:584][966]LogMaterial: Missing cached shader map for material FMatExpressionPreview MaterialExpressionTextureSample_0, compiling. 
[2016.04.27-17.03.30:588][966]LogMaterial: Missing cached shader map for material FMatExpressionPreview MaterialExpressionTextureSample_1, compiling. 
[2016.04.27-17.03.31:546][ 21]MaterialEditorStats: Info Base pass shader with only dynamic lighting: 23 instructions
[2016.04.27-17.03.31:546][ 21]MaterialEditorStats: Info Vertex shader: 31 instructions
[2016.04.27-17.03.31:546][ 21]MaterialEditorStats: Info Texture samplers: 1/16
[2016.04.27-17.03.34:812][329]LogMaterial: Missing cached shader map for material bridge_Material, compiling. 
[2016.04.27-17.03.34:820][329]LogMaterial: 0.00 seconds spent updating 1 materials, 1 interfaces, 0 instances, 0 with static permutations.
[2016.04.27-17.03.34:845][329]LogMaterial: Missing cached shader map for material FMatExpressionPreview MaterialExpressionTextureSample_1, compiling. 
[2016.04.27-17.03.35:912][397]MaterialEditorStats: Info Base pass shader with only dynamic lighting: 38 instructions
[2016.04.27-17.03.35:912][397]MaterialEditorStats: Info Vertex shader: 31 instructions
[2016.04.27-17.03.35:912][397]MaterialEditorStats: Info Texture samplers: 2/16
[2016.04.27-17.03.44:807][212]LogMaterialEditor: Applying material bridge_Material
[2016.04.27-17.03.45:368][212]LogMaterial: Missing cached shader map for material bridge_Material, compiling. 
[2016.04.27-17.03.45:389][212]LogMaterial: 0.00 seconds spent updating 1 materials, 1 interfaces, 0 instances, 0 with static permutations.
[2016.04.27-17.03.45:420][212]LogMaterial: Missing cached shader map for material bridge_Material, compiling. 
[2016.04.27-17.03.45:442][212]LogMaterial: Missing cached shader map for material bridge_Material, compiling. 
[2016.04.27-17.03.45:483][212]LogMaterial: 0.03 seconds spent updating 1 materials, 1 interfaces, 0 instances, 0 with static permutations.
[2016.04.27-17.03.46:288][258]LogMaterialEditor: Saving and Compiling material bridge_Material
[2016.04.27-17.03.48:499][258]Cmd: OBJ SAVEPACKAGE PACKAGE="/Game/Assets/Bridges/bridge_Material" FILE="F:/University/Year 2/Experimental Games/Macbeth/Macbeth/Content/Assets/Bridges/bridge_Material.uasset" SILENT=true
[2016.04.27-17.03.48:577][258]LogSavePackage: Save=46.52ms
[2016.04.27-17.03.48:577][258]LogSavePackage: Moving 'F:/University/Year 2/Experimental Games/Macbeth/Macbeth/Saved/bridge_Material21960E3845B78B85FFC3459D575F85A6.tmp' to 'F:/University/Year 2/Experimental Games/Macbeth/Macbeth/Content/Assets/Bridges/bridge_Material.uasset'
[2016.04.27-17.03.48:583][258]LogSavePackage: Total save time: 77.90ms
[2016.04.27-17.03.48:583][258]LogSavePackage:Display: Finished SavePackage F:/University/Year 2/Experimental Games/Macbeth/Macbeth/Content/Assets/Bridges/bridge_Material.uasset
[2016.04.27-17.03.48:588][258]MaterialEditorStats: Info Base pass shader with only dynamic lighting: 65 instructions
[2016.04.27-17.03.48:588][258]MaterialEditorStats: Info Vertex shader: 31 instructions
[2016.04.27-17.03.48:588][258]MaterialEditorStats: Info Texture samplers: 5/16
[2016.04.27-17.03.53:335][548]Cmd: OBJ SAVEPACKAGE PACKAGE="/Game/Assets/Bridges/NewMaterial" FILE="F:/University/Year 2/Experimental Games/Macbeth/Macbeth/Content/Assets/Bridges/NewMaterial.uasset" SILENT=true
[2016.04.27-17.03.53:362][548]LogSavePackage: Save=22.70ms
[2016.04.27-17.03.53:362][548]LogSavePackage: Moving 'F:/University/Year 2/Experimental Games/Macbeth/Macbeth/Saved/NewMaterialE44D4C8340F6600484E46CA415CBC3E8.tmp' to 'F:/University/Year 2/Experimental Games/Macbeth/Macbeth/Content/Assets/Bridges/NewMaterial.uasset'
[2016.04.27-17.03.53:368][548]LogSavePackage: Total save time: 28.69ms
[2016.04.27-17.03.53:368][548]LogSavePackage:Display: Finished SavePackage F:/University/Year 2/Experimental Games/Macbeth/Macbeth/Content/Assets/Bridges/NewMaterial.uasset
[2016.04.27-17.03.53:393][548]Cmd: OBJ SAVEPACKAGE PACKAGE="/Game/Assets/Bridges/Stone_bridge" FILE="F:/University/Year 2/Experimental Games/Macbeth/Macbeth/Content/Assets/Bridges/Stone_bridge.uasset" SILENT=true
[2016.04.27-17.03.53:421][548]LogSavePackage: Save=22.99ms
[2016.04.27-17.03.53:421][548]LogSavePackage: Moving 'F:/University/Year 2/Experimental Games/Macbeth/Macbeth/Saved/Stone_bridgeBC0067994E3E2BB26F25C383504E78F6.tmp' to 'F:/University/Year 2/Experimental Games/Macbeth/Macbeth/Content/Assets/Bridges/Stone_bridge.uasset'
[2016.04.27-17.03.53:427][548]LogSavePackage: Total save time: 29.18ms
[2016.04.27-17.03.53:427][548]LogSavePackage:Display: Finished SavePackage F:/University/Year 2/Experimental Games/Macbeth/Macbeth/Content/Assets/Bridges/Stone_bridge.uasset
[2016.04.27-17.03.53:448][548]Cmd: OBJ SAVEPACKAGE PACKAGE="/Game/Assets/Bridges/Stone_bridge_diff" FILE="F:/University/Year 2/Experimental Games/Macbeth/Macbeth/Content/Assets/Bridges/Stone_bridge_diff.uasset" SILENT=true
[2016.04.27-17.03.53:757][548]LogSavePackage: Save=304.05ms
[2016.04.27-17.03.53:757][548]LogSavePackage: Moving 'F:/University/Year 2/Experimental Games/Macbeth/Macbeth/Saved/Stone_bridge_diffB9285AF84446DE2ED5F17F9BA1214DBF.tmp' to 'F:/University/Year 2/Experimental Games/Macbeth/Macbeth/Content/Assets/Bridges/Stone_bridge_diff.uasset'
[2016.04.27-17.03.53:762][548]LogSavePackage: Total save time: 309.80ms
[2016.04.27-17.03.53:762][548]LogSavePackage:Display: Finished SavePackage F:/University/Year 2/Experimental Games/Macbeth/Macbeth/Content/Assets/Bridges/Stone_bridge_diff.uasset
[2016.04.27-17.03.53:785][548]Cmd: OBJ SAVEPACKAGE PACKAGE="/Game/Assets/Bridges/Stone_bridge_norm" FILE="F:/University/Year 2/Experimental Games/Macbeth/Macbeth/Content/Assets/Bridges/Stone_bridge_norm.uasset" SILENT=true
[2016.04.27-17.03.54:104][548]LogSavePackage: Save=315.10ms
[2016.04.27-17.03.54:104][548]LogSavePackage: Moving 'F:/University/Year 2/Experimental Games/Macbeth/Macbeth/Saved/Stone_bridge_norm0AA82DC445D9D24145D100840C06350D.tmp' to 'F:/University/Year 2/Experimental Games/Macbeth/Macbeth/Content/Assets/Bridges/Stone_bridge_norm.uasset'
[2016.04.27-17.03.54:112][548]LogSavePackage: Total save time: 322.51ms
[2016.04.27-17.03.54:112][548]LogSavePackage:Display: Finished SavePackage F:/University/Year 2/Experimental Games/Macbeth/Macbeth/Content/Assets/Bridges/Stone_bridge_norm.uasset
[2016.04.27-17.03.59:059][548]LogSavePackage: Save=3121.64ms
[2016.04.27-17.03.59:060][548]LogSavePackage: Moving 'F:/University/Year 2/Experimental Games/Macbeth/Macbeth/Saved/ThirdPersonExampleMap9910A56B4CD7DEE42C33BDAA7B76AD42.tmp' to 'F:/University/Year 2/Experimental Games/Macbeth/Macbeth/Content/ThirdPersonBP/Maps/ThirdPersonExampleMap.umap'
[2016.04.27-17.03.59:072][548]LogSavePackage: Total save time: 4831.51ms
[2016.04.27-17.03.59:072][548]LogSavePackage:Display: Finished SavePackage F:/University/Year 2/Experimental Games/Macbeth/Macbeth/Content/ThirdPersonBP/Maps/ThirdPersonExampleMap.umap
[2016.04.27-17.03.59:110][548]LogFileHelpers: Saving map 'ThirdPersonExampleMap' took 4.991
[2016.04.27-17.04.06:853][453]LogActorFactory: Actor Factory created Stone_bridge
[2016.04.27-17.04.07:489][526]LogActorFactory: Actor Factory created Stone_bridge
[2016.04.27-17.04.36:480][662]LogEditorViewport: Clicking on Actor (LMB): InstancedFoliageActor (InstancedFoliageActor1)
[2016.04.27-17.04.37:205][732]LogEditorViewport: Clicking on Actor (LMB): InstancedFoliageActor (InstancedFoliageActor1)
[2016.04.27-17.04.44:581][550]LogEditorViewport: Clicking on Actor (LMB): BP_Sky_Sphere_C (SkySphereBlueprint)
[2016.04.27-17.04.49:239][ 46]LogEditorViewport: Clicking on Actor (LMB): StaticMeshActor (Stone_bridge2)
[2016.04.27-17.05.05:056][490]LogSavePackage: Save=3120.33ms
[2016.04.27-17.05.05:058][490]LogSavePackage: Moving 'F:/University/Year 2/Experimental Games/Macbeth/Macbeth/Saved/ThirdPersonExampleMap45986AAB434D21FB6D24B8A014365022.tmp' to 'F:/University/Year 2/Experimental Games/Macbeth/Macbeth/Content/ThirdPersonBP/Maps/ThirdPersonExampleMap.umap'
[2016.04.27-17.05.05:069][490]LogSavePackage: Total save time: 3134.13ms
[2016.04.27-17.05.05:069][490]LogSavePackage:Display: Finished SavePackage F:/University/Year 2/Experimental Games/Macbeth/Macbeth/Content/ThirdPersonBP/Maps/ThirdPersonExampleMap.umap
[2016.04.27-17.05.05:666][524]LogTexture:Display: Building textures: Texture2D_2 (G8)
[2016.04.27-17.05.12:389][265]LogEditorViewport: Clicking on Actor (double click): StaticMeshActor (Stone_bridge2)
[2016.04.27-17.05.18:854][986]Cmd: TRANSACTION UNDO
[2016.04.27-17.05.18:854][986]LogEditorTransaction: Undo Landscape Editing: Sculpt
[2016.04.27-17.05.18:899][986]LogMaterial: 0.00 seconds spent updating 1 materials, 1 interfaces, 1 instances, 0 with static permutations.
[2016.04.27-17.05.18:903][986]LogMaterial: 0.00 seconds spent updating 1 materials, 1 interfaces, 1 instances, 0 with static permutations.
[2016.04.27-17.05.18:907][986]LogTexture:Display: Building textures: Texture2D_10 (BGRA8)
[2016.04.27-17.05.23:759][475]LogEditorViewport: Clicking on Component (LMB): StaticMeshComponent (StaticMeshComponent0)
[2016.04.27-17.05.37:493][970]Cmd: TRANSACTION UNDO
[2016.04.27-17.05.37:493][970]LogEditorTransaction: Undo Clicking on Components
[2016.04.27-17.05.37:968][  5]Cmd: TRANSACTION UNDO
[2016.04.27-17.05.37:968][  5]LogEditorTransaction: Undo Landscape Editing: Sculpt
[2016.04.27-17.05.38:022][  5]LogMaterial: 0.00 seconds spent updating 1 materials, 1 interfaces, 1 instances, 0 with static permutations.
[2016.04.27-17.05.38:027][  5]LogTexture:Display: Building textures: Texture2D_10 (BGRA8)
[2016.04.27-17.05.38:327][ 35]Cmd: TRANSACTION UNDO
[2016.04.27-17.05.38:327][ 35]LogEditorTransaction: Undo Landscape Editing: Sculpt
[2016.04.27-17.05.38:369][ 35]LogMaterial: 0.00 seconds spent updating 1 materials, 1 interfaces, 1 instances, 0 with static permutations.
[2016.04.27-17.05.38:374][ 35]LogTexture:Display: Building textures: Texture2D_10 (BGRA8)
[2016.04.27-17.05.38:547][ 51]Cmd: TRANSACTION UNDO
[2016.04.27-17.05.38:547][ 51]LogEditorTransaction: Undo Landscape Editing: Sculpt
[2016.04.27-17.05.38:589][ 51]LogMaterial: 0.00 seconds spent updating 1 materials, 1 interfaces, 1 instances, 0 with static permutations.
[2016.04.27-17.05.38:593][ 51]LogTexture:Display: Building textures: Texture2D_10 (BGRA8)
[2016.04.27-17.05.38:867][ 79]Cmd: TRANSACTION UNDO
[2016.04.27-17.05.38:867][ 79]LogEditorTransaction: Undo Landscape Editing: Sculpt
[2016.04.27-17.05.38:910][ 79]LogMaterial: 0.00 seconds spent updating 1 materials, 1 interfaces, 1 instances, 0 with static permutations.
[2016.04.27-17.05.38:914][ 79]LogMaterial: 0.00 seconds spent updating 1 materials, 1 interfaces, 1 instances, 0 with static permutations.
[2016.04.27-17.05.38:918][ 79]LogTexture:Display: Building textures: Texture2D_10 (BGRA8)
[2016.04.27-17.05.39:191][107]Cmd: TRANSACTION UNDO
[2016.04.27-17.05.39:191][107]LogEditorTransaction: Undo Landscape Editing: Sculpt
[2016.04.27-17.05.39:234][107]LogMaterial: 0.00 seconds spent updating 1 materials, 1 interfaces, 1 instances, 0 with static permutations.
[2016.04.27-17.05.39:238][107]LogTexture:Display: Building textures: Texture2D_10 (BGRA8)
[2016.04.27-17.05.39:620][148]Cmd: TRANSACTION UNDO
[2016.04.27-17.05.39:620][148]LogEditorTransaction: Undo Landscape Editing: Sculpt
[2016.04.27-17.05.39:663][148]LogMaterial: 0.00 seconds spent updating 1 materials, 1 interfaces, 1 instances, 0 with static permutations.
[2016.04.27-17.05.39:667][148]LogTexture:Display: Building textures: Texture2D_10 (BGRA8)
[2016.04.27-17.05.40:086][193]Cmd: TRANSACTION UNDO
[2016.04.27-17.05.40:086][193]LogEditorTransaction: Undo Landscape Editing: Sculpt
[2016.04.27-17.05.40:129][193]LogMaterial: 0.00 seconds spent updating 1 materials, 1 interfaces, 1 instances, 0 with static permutations.
[2016.04.27-17.05.40:132][193]LogMaterial: 0.00 seconds spent updating 1 materials, 1 interfaces, 1 instances, 0 with static permutations.
[2016.04.27-17.05.40:136][193]LogTexture:Display: Building textures: Texture2D_10 (BGRA8)
[2016.04.27-17.05.51:305][465]Cmd: DELETE
[2016.04.27-17.05.51:305][465]Cmd: ACTOR DELETE
[2016.04.27-17.05.51:326][465]LogEditorActor: Deleted Actor: StaticMeshActor
[2016.04.27-17.05.51:336][465]LogEditorActor: Deleted 1 Actors (0.012 secs)
[2016.04.27-17.05.52:728][631]Cmd: TRANSACTION UNDO
[2016.04.27-17.05.52:728][631]LogEditorTransaction: Undo Delete Actors
[2016.04.27-17.05.53:152][663]Cmd: TRANSACTION UNDO
[2016.04.27-17.05.53:152][663]LogEditorTransaction: Undo Move Actors
[2016.04.27-17.05.53:573][705]Cmd: TRANSACTION UNDO
[2016.04.27-17.05.53:573][705]LogEditorTransaction: Undo Move Actors
[2016.04.27-17.05.53:989][751]Cmd: TRANSACTION UNDO
[2016.04.27-17.05.53:989][751]LogEditorTransaction: Undo Landscape Editing: Sculpt
[2016.04.27-17.05.54:032][751]LogMaterial: 0.00 seconds spent updating 1 materials, 1 interfaces, 1 instances, 0 with static permutations.
[2016.04.27-17.06.39:140][739]Cmd: DELETE
[2016.04.27-17.06.39:140][739]Cmd: ACTOR DELETE
[2016.04.27-17.06.39:141][739]LogEditorActor: Deleted Actor: StaticMeshActor
[2016.04.27-17.06.39:151][739]LogEditorActor: Deleted 1 Actors (0.011 secs)
[2016.04.27-17.06.40:581][910]Cmd: TRANSACTION UNDO
[2016.04.27-17.06.40:581][910]LogEditorTransaction: Undo Delete Actors
[2016.04.27-17.07.02:676][266]Cmd: DELETE
[2016.04.27-17.07.02:676][266]Cmd: ACTOR DELETE
[2016.04.27-17.07.02:677][266]LogEditorActor: Deleted Actor: StaticMeshActor
[2016.04.27-17.07.02:687][266]LogEditorActor: Deleted 1 Actors (0.011 secs)
[2016.04.27-17.07.04:199][446]Cmd: TRANSACTION UNDO
[2016.04.27-17.07.04:199][446]LogEditorTransaction: Undo Delete Actors
[2016.04.27-17.07.30:426][456]LogEditorViewport: Clicking on Actor (double click): Landscape (Landscape)
[2016.04.27-17.07.53:954][122]LogWindows:Error: Windows GetLastError: The operation completed successfully. (0)
[2016.04.27-17.07.54:385][122]LogCrashTracker: 


[2016.04.27-17.07.54:425][122]LogCrashTracker: 


[2016.04.27-17.07.54:425][122]LogWindows:Error: === Critical error: ===
Assertion failed: (Index >= 0) & (Index < ArrayNum) [File:D:\BuildFarm\buildmachine_++UE4+Release-4.11\Engine\Source\Runtime\Core\Public\Containers\Array.h] [Line: 785] 
Array index out of bounds: -268 from an array of size 1




[2016.04.27-17.07.54:478][122]LogExit: Executing StaticShutdownAfterError
[2016.04.27-17.07.54:506][122]LogPhysics:Warning: PHYSX: ..\..\PhysX\src\NpScene.cpp (2946) 8 : PxScene::unlockWrite() called without matching call to PxScene::lockWrite(), behaviour will be undefined.
[2016.04.27-17.07.54:507][122]LogPhysics:Warning: PHYSX: ..\..\PhysX\src\NpScene.cpp (2946) 8 : PxScene::unlockWrite() called without matching call to PxScene::lockWrite(), behaviour will be undefined.
[2016.04.27-17.07.54:507][122]LogWindows: FPlatformMisc::RequestExit(1)
[2016.04.27-17.07.54:507][122]Log file closed, 04/27/16 18:07:54
